WARNING: An illegal reflective access operation has occurred
WARNING: Illegal reflective access by com.google.inject.internal.cglib.core.$ReflectUtils$1 (file:/usr/share/maven/lib/guice.jar) to method java.lang.ClassLoader.defineClass(java.lang.String,byte[],int,int,java.security.ProtectionDomain)
WARNING: Please consider reporting this to the maintainers of com.google.inject.internal.cglib.core.$ReflectUtils$1
WARNING: Use --illegal-access=warn to enable warnings of further illegal reflective access operations
WARNING: All illegal access operations will be denied in a future release
[[1;34mINFO[m] Scanning for projects...
[[1;34mINFO[m] 
[[1;34mINFO[m] [1m-------------------< [0;36morg.webgme.guest:FlatCase_exec[0;1m >-------------------[m
[[1;34mINFO[m] [1mBuilding FlatCase_exec 0.1.0-SNAPSHOT[m
[[1;34mINFO[m] [1m--------------------------------[ jar ]---------------------------------[m
[[1;34mINFO[m] 
[[1;34mINFO[m] [1m--- [0;32mexec-maven-plugin:1.5.0:java[m [1m(default-cli)[m @ [36mFlatCase_exec[0;1m ---[m

-------------------------------------------------------------------
GMS: address=vagrant-55052, cluster=FlatCase, physical address=192.168.0.21:54378
-------------------------------------------------------------------
18:41:53.568 [org.webgme.guest.aircraftcoordinator.AircraftCoordinator.main()] INFO  org.webgme.guest.aircraftcoordinator.AircraftCoordinator - waiting on readyToPopulate...
18:42:43.895 [org.webgme.guest.aircraftcoordinator.AircraftCoordinator.main()] INFO  org.webgme.guest.aircraftcoordinator.AircraftCoordinator - ...synchronized on readyToPopulate
18:42:43.895 [org.webgme.guest.aircraftcoordinator.AircraftCoordinator.main()] INFO  org.webgme.guest.aircraftcoordinator.AircraftCoordinator - waiting on readyToRun...
18:42:44.151 [org.webgme.guest.aircraftcoordinator.AircraftCoordinator.main()] INFO  org.webgme.guest.aircraftcoordinator.AircraftCoordinator - ...synchronized on readyToRun
18:42:44.157 [org.webgme.guest.aircraftcoordinator.AircraftCoordinator.main()] INFO  org.webgme.guest.aircraftcoordinator.AircraftCoordinator - started logical time progression
The flight number is: ini
The departure time is: 
The flight model number is: 
The fuel level is: 0.0
The total passenger number: 0
The departure request is: 1
The detination is: 
The flight number is: ini
The departure time is: 
The flight model number is: 
The fuel level is: 0.0
The total passenger number: 0
The departure request is: 1
The detination is: 
The flight number is: UA1234
The departure time is: 08-22-2022 8:01am
The flight model number is: A320-200
The fuel level is: 23430.0
The total passenger number: 100
The departure request is: 1
The detination is: New York, NY
The flight number is: UA1234
The departure time is: 08-22-2022 8:01am
The flight model number is: A320-200
The fuel level is: 23430.0
The total passenger number: 100
The departure request is: 1
The detination is: New York, NY
The flight number is: UA1234
The departure time is: 08-22-2022 8:01am
The flight model number is: A320-200
The fuel level is: 23430.0
The total passenger number: 100
The departure request is: 1
The detination is: New York, NY
The flight number is: UA1234
The departure time is: 08-22-2022 8:01am
The flight model number is: A320-200
The fuel level is: 23430.0
The total passenger number: 100
The departure request is: 1
The detination is: New York, NY
The flight number is: UA1234
The departure time is: 08-22-2022 8:01am
The flight model number is: A320-200
The fuel level is: 23430.0
The total passenger number: 100
The departure request is: 1
The detination is: New York, NY
The flight number is: UA1234
The departure time is: 08-22-2022 8:01am
The flight model number is: A320-200
The fuel level is: 23430.0
The total passenger number: 100
The departure request is: 1
The detination is: New York, NY
The flight number is: UA1234
The departure time is: 08-22-2022 8:01am
The flight model number is: A320-200
The fuel level is: 23430.0
The total passenger number: 100
The departure request is: 1
The detination is: New York, NY
The flight number is: UA1234
The departure time is: 08-22-2022 8:01am
The flight model number is: A320-200
The fuel level is: 23430.0
The total passenger number: 100
The departure request is: 1
The detination is: New York, NY
The flight number is: UA1234
The departure time is: 08-22-2022 8:01am
The flight model number is: A320-200
The fuel level is: 23430.0
The total passenger number: 100
The departure request is: 1
The detination is: New York, NY
The flight number is: UA1234
The departure time is: 08-22-2022 8:01am
The flight model number is: A320-200
The fuel level is: 23430.0
The total passenger number: 100
The departure request is: 1
The detination is: New York, NY
The flight number is: UA1234
The departure time is: 08-22-2022 8:01am
The flight model number is: A320-200
The fuel level is: 23430.0
The total passenger number: 100
The departure request is: 1
The detination is: New York, NY
The flight number is: UA1234
The departure time is: 08-22-2022 8:01am
The flight model number is: A320-200
The fuel level is: 23430.0
The total passenger number: 100
The departure request is: 1
The detination is: New York, NY
The flight number is: UA1234
The departure time is: 08-22-2022 8:01am
The flight model number is: A320-200
The fuel level is: 23430.0
The total passenger number: 100
The departure request is: 1
The detination is: New York, NY
The flight number is: UA1234
The departure time is: 08-22-2022 8:01am
The flight model number is: A320-200
The fuel level is: 23430.0
The total passenger number: 100
The departure request is: 1
The detination is: New York, NY
The flight number is: UA1234
The departure time is: 08-22-2022 8:01am
The flight model number is: A320-200
The fuel level is: 23430.0
The total passenger number: 100
The departure request is: 1
The detination is: New York, NY
The flight number is: UA1234
The departure time is: 08-22-2022 8:01am
The flight model number is: A320-200
The fuel level is: 23430.0
The total passenger number: 100
The departure request is: 1
The detination is: New York, NY
The flight number is: UA1234
The departure time is: 08-22-2022 8:01am
The flight model number is: A320-200
The fuel level is: 23430.0
The total passenger number: 100
The departure request is: 1
The detination is: New York, NY
The flight number is: UA1234
The departure time is: 08-22-2022 8:01am
The flight model number is: A320-200
The fuel level is: 23430.0
The total passenger number: 100
The departure request is: 1
The detination is: New York, NY
The flight number is: UA1234
The departure time is: 08-22-2022 8:01am
The flight model number is: A320-200
The fuel level is: 23430.0
The total passenger number: 100
The departure request is: 1
The detination is: New York, NY
The flight number is: UA1234
The departure time is: 08-22-2022 8:01am
The flight model number is: A320-200
The fuel level is: 23430.0
The total passenger number: 100
The departure request is: 1
The detination is: New York, NY
The flight number is: UA1234
The departure time is: 08-22-2022 8:01am
The flight model number is: A320-200
The fuel level is: 23430.0
The total passenger number: 100
The departure request is: 1
The detination is: New York, NY
The flight number is: UA1234
The departure time is: 08-22-2022 8:01am
The flight model number is: A320-200
The fuel level is: 23430.0
The total passenger number: 100
The departure request is: 1
The detination is: New York, NY
The flight number is: UA1234
The departure time is: 08-22-2022 8:01am
The flight model number is: A320-200
The fuel level is: 23430.0
The total passenger number: 100
The departure request is: 1
The detination is: New York, NY
