WARNING: An illegal reflective access operation has occurred
WARNING: Illegal reflective access by com.google.inject.internal.cglib.core.$ReflectUtils$1 (file:/usr/share/maven/lib/guice.jar) to method java.lang.ClassLoader.defineClass(java.lang.String,byte[],int,int,java.security.ProtectionDomain)
WARNING: Please consider reporting this to the maintainers of com.google.inject.internal.cglib.core.$ReflectUtils$1
WARNING: Use --illegal-access=warn to enable warnings of further illegal reflective access operations
WARNING: All illegal access operations will be denied in a future release
[[1;34mINFO[m] Scanning for projects...
[[1;34mINFO[m] 
[[1;34mINFO[m] [1m-------------------< [0;36morg.webgme.guest:FlatCase_exec[0;1m >-------------------[m
[[1;34mINFO[m] [1mBuilding FlatCase_exec 0.1.0-SNAPSHOT[m
[[1;34mINFO[m] [1m--------------------------------[ jar ]---------------------------------[m
[[1;34mINFO[m] 
[[1;34mINFO[m] [1m--- [0;32mexec-maven-plugin:1.5.0:java[m [1m(default-cli)[m @ [36mFlatCase_exec[0;1m ---[m

-------------------------------------------------------------------
GMS: address=vagrant-47064, cluster=FlatCase, physical address=192.168.0.21:44322
-------------------------------------------------------------------
18:12:49.080 [org.webgme.guest.aircraftcoordinator.AircraftCoordinator.main()] INFO  org.webgme.guest.aircraftcoordinator.AircraftCoordinator - waiting on readyToPopulate...
18:13:50.657 [org.webgme.guest.aircraftcoordinator.AircraftCoordinator.main()] INFO  org.webgme.guest.aircraftcoordinator.AircraftCoordinator - ...synchronized on readyToPopulate
18:13:50.657 [org.webgme.guest.aircraftcoordinator.AircraftCoordinator.main()] INFO  org.webgme.guest.aircraftcoordinator.AircraftCoordinator - waiting on readyToRun...
18:13:50.914 [org.webgme.guest.aircraftcoordinator.AircraftCoordinator.main()] INFO  org.webgme.guest.aircraftcoordinator.AircraftCoordinator - ...synchronized on readyToRun
18:13:50.938 [org.webgme.guest.aircraftcoordinator.AircraftCoordinator.main()] INFO  org.webgme.guest.aircraftcoordinator.AircraftCoordinator - started logical time progression
Current time step :0.0
Simulation Day: 0 Hour: 0 Min: 0
Current Runway List:[[0:05, Available], [0:10, Available], [0:15, Available]]
Current time step :1.0
Simulation Day: 0 Hour: 0 Min: 5
Received Arrive Day Ahead Schedule of BBB1
Current flight Index : 1
Received Departure Day Ahead Schedule of AAA905
Current flight Index : 2
Received Departure Day Ahead Schedule of AAA904
Current flight Index : 3
Received Departure Day Ahead Schedule of AAA903
Current flight Index : 4
Received Departure Day Ahead Schedule of AAA902
Current flight Index : 5
Received Departure Day Ahead Schedule of AAA901
Current flight Index : 6
Received Arrive Day Ahead Schedule of AAA5
Current flight Index : 7
Received Arrive Day Ahead Schedule of AAA4
Current flight Index : 8
Received Arrive Day Ahead Schedule of AAA3
Current flight Index : 9
Received Arrive Day Ahead Schedule of AAA2
Current flight Index : 10
Received Arrive Day Ahead Schedule of AAA1
Current flight Index : 11
Received Departure Day Ahead Schedule of BBB905
Current flight Index : 12
Received Departure Day Ahead Schedule of BBB904
Current flight Index : 13
Received Departure Day Ahead Schedule of BBB903
Current flight Index : 14
Received Departure Day Ahead Schedule of BBB902
Current flight Index : 15
Received Departure Day Ahead Schedule of BBB901
Current flight Index : 16
Received Arrive Day Ahead Schedule of BBB5
Current flight Index : 17
Received Arrive Day Ahead Schedule of BBB4
Current flight Index : 18
Received Arrive Day Ahead Schedule of BBB3
Current flight Index : 19
Received Arrive Day Ahead Schedule of BBB2
Current flight Index : 20
Current Runway List:[[0:10, Available], [0:15, Available], [0:20, Available]]
FlightBoard after sort:
[10, AAA1, 2:00, 1]
[15, BBB901, 3:20, 0]
[5, AAA901, 3:40, 0]
[0, BBB1, 5:00, 1]
[9, AAA2, 5:00, 1]
[14, BBB902, 5:20, 0]
[4, AAA902, 5:40, 0]
[19, BBB2, 7:00, 1]
[8, AAA3, 11:00, 1]
[13, BBB903, 11:20, 0]
[3, AAA903, 11:40, 0]
[18, BBB3, 13:00, 1]
[7, AAA4, 14:00, 1]
[12, BBB904, 14:20, 0]
[2, AAA904, 14:40, 0]
[17, BBB4, 16:00, 1]
[6, AAA5, 20:00, 1]
[11, BBB905, 20:20, 0]
[1, AAA905, 20:40, 0]
[16, BBB5, 22:00, 1]
Current time step :2.0
Simulation Day: 0 Hour: 0 Min: 10
Current Runway List:[[0:15, Available], [0:20, Available], [0:25, Available]]
Current time step :3.0
Simulation Day: 0 Hour: 0 Min: 15
Current Runway List:[[0:20, Available], [0:25, Available], [0:30, Available]]
Current time step :4.0
Simulation Day: 0 Hour: 0 Min: 20
Current Runway List:[[0:25, Available], [0:30, Available], [0:35, Available]]
Current time step :5.0
Simulation Day: 0 Hour: 0 Min: 25
Current Runway List:[[0:30, Available], [0:35, Available], [0:40, Available]]
Current time step :6.0
Simulation Day: 0 Hour: 0 Min: 30
Current Runway List:[[0:35, Available], [0:40, Available], [0:45, Available]]
Current time step :7.0
Simulation Day: 0 Hour: 0 Min: 35
Current Runway List:[[0:40, Available], [0:45, Available], [0:50, Available]]
Current time step :8.0
Simulation Day: 0 Hour: 0 Min: 40
Current Runway List:[[0:45, Available], [0:50, Available], [0:55, Available]]
Current time step :9.0
Simulation Day: 0 Hour: 0 Min: 45
Current Runway List:[[0:50, Available], [0:55, Available], [1:00, Available]]
Current time step :10.0
Simulation Day: 0 Hour: 0 Min: 50
Current Runway List:[[0:55, Available], [1:00, Available], [1:05, Available]]
Current time step :11.0
Simulation Day: 0 Hour: 0 Min: 55
Current Runway List:[[1:00, Available], [1:05, Available], [1:10, Available]]
Current time step :12.0
Simulation Day: 0 Hour: 1 Min: 0
Current Runway List:[[1:05, Available], [1:10, Available], [1:15, Available]]
Current time step :13.0
Simulation Day: 0 Hour: 1 Min: 5
Current 1st Request List:[[AAA1, 1:00]]
Current Runway List:[[1:10, Available], [1:15, Available], [1:20, Available]]
FlightBoard after sort:
[10, AAA1, 2:00, 1]
[15, BBB901, 3:20, 0]
[5, AAA901, 3:40, 0]
[0, BBB1, 5:00, 1]
[9, AAA2, 5:00, 1]
[14, BBB902, 5:20, 0]
[4, AAA902, 5:40, 0]
[19, BBB2, 7:00, 1]
[8, AAA3, 11:00, 1]
[13, BBB903, 11:20, 0]
[3, AAA903, 11:40, 0]
[18, BBB3, 13:00, 1]
[7, AAA4, 14:00, 1]
[12, BBB904, 14:20, 0]
[2, AAA904, 14:40, 0]
[17, BBB4, 16:00, 1]
[6, AAA5, 20:00, 1]
[11, BBB905, 20:20, 0]
[1, AAA905, 20:40, 0]
[16, BBB5, 22:00, 1]
Current time step :14.0
Simulation Day: 0 Hour: 1 Min: 10
Current Runway List:[[1:15, Available], [1:20, Available], [1:25, Available]]
Current time step :15.0
Simulation Day: 0 Hour: 1 Min: 15
Current Runway List:[[1:20, Available], [1:25, Available], [1:30, Available]]
Current time step :16.0
Simulation Day: 0 Hour: 1 Min: 20
Current Runway List:[[1:25, Available], [1:30, Available], [1:35, Available]]
Current time step :17.0
Simulation Day: 0 Hour: 1 Min: 25
Current Runway List:[[1:30, Available], [1:35, Available], [1:40, Available]]
Current time step :18.0
Simulation Day: 0 Hour: 1 Min: 30
Current Runway List:[[1:35, Available], [1:40, Available], [1:45, Available]]
Current time step :19.0
Simulation Day: 0 Hour: 1 Min: 35
Current Runway List:[[1:40, Available], [1:45, Available], [1:50, Available]]
Current time step :20.0
Simulation Day: 0 Hour: 1 Min: 40
Current Runway List:[[1:45, Available], [1:50, Available], [1:55, Available]]
Current time step :21.0
Simulation Day: 0 Hour: 1 Min: 45
Current Runway List:[[1:50, Available], [1:55, Available], [2:00, Available]]
Current time step :22.0
Simulation Day: 0 Hour: 1 Min: 50
Current 2nd Request List:[[AAA1, 1:45]]
Current Runway List:[[1:55, Available], [2:00, Available], [2:05, AAA1]]
FlightBoard after sort:
[10, AAA1, 2:05, 1]
[15, BBB901, 3:20, 0]
[5, AAA901, 3:40, 0]
[0, BBB1, 5:00, 1]
[9, AAA2, 5:00, 1]
[14, BBB902, 5:20, 0]
[4, AAA902, 5:40, 0]
[19, BBB2, 7:00, 1]
[8, AAA3, 11:00, 1]
[13, BBB903, 11:20, 0]
[3, AAA903, 11:40, 0]
[18, BBB3, 13:00, 1]
[7, AAA4, 14:00, 1]
[12, BBB904, 14:20, 0]
[2, AAA904, 14:40, 0]
[17, BBB4, 16:00, 1]
[6, AAA5, 20:00, 1]
[11, BBB905, 20:20, 0]
[1, AAA905, 20:40, 0]
[16, BBB5, 22:00, 1]
Current time step :23.0
Simulation Day: 0 Hour: 1 Min: 55
Current Runway List:[[2:00, Available], [2:05, AAA1], [2:10, Available]]
Current time step :24.0
Simulation Day: 0 Hour: 2 Min: 0
Current Runway List:[[2:05, AAA1], [2:10, Available], [2:15, Available]]
Current time step :25.0
Simulation Day: 0 Hour: 2 Min: 5
Current Runway List:[[2:10, Available], [2:15, Available], [2:20, Available]]
FlightBoard after sort:
[15, BBB901, 3:20, 0]
[5, AAA901, 3:40, 0]
[0, BBB1, 5:00, 1]
[9, AAA2, 5:00, 1]
[14, BBB902, 5:20, 0]
[4, AAA902, 5:40, 0]
[19, BBB2, 7:00, 1]
[8, AAA3, 11:00, 1]
[13, BBB903, 11:20, 0]
[3, AAA903, 11:40, 0]
[18, BBB3, 13:00, 1]
[7, AAA4, 14:00, 1]
[12, BBB904, 14:20, 0]
[2, AAA904, 14:40, 0]
[17, BBB4, 16:00, 1]
[6, AAA5, 20:00, 1]
[11, BBB905, 20:20, 0]
[1, AAA905, 20:40, 0]
[16, BBB5, 22:00, 1]
Current time step :26.0
Simulation Day: 0 Hour: 2 Min: 10
Current Runway List:[[2:15, Available], [2:20, Available], [2:25, Available]]
Current time step :27.0
Simulation Day: 0 Hour: 2 Min: 15
Current Runway List:[[2:20, Available], [2:25, Available], [2:30, Available]]
Current time step :28.0
Simulation Day: 0 Hour: 2 Min: 20
Current Runway List:[[2:25, Available], [2:30, Available], [2:35, Available]]
Current time step :29.0
Simulation Day: 0 Hour: 2 Min: 25
Current Runway List:[[2:30, Available], [2:35, Available], [2:40, Available]]
Current time step :30.0
Simulation Day: 0 Hour: 2 Min: 30
Current Runway List:[[2:35, Available], [2:40, Available], [2:45, Available]]
Current time step :31.0
Simulation Day: 0 Hour: 2 Min: 35
Current Runway List:[[2:40, Available], [2:45, Available], [2:50, Available]]
Current time step :32.0
Simulation Day: 0 Hour: 2 Min: 40
Current Runway List:[[2:45, Available], [2:50, Available], [2:55, Available]]
Current time step :33.0
Simulation Day: 0 Hour: 2 Min: 45
Current Runway List:[[2:50, Available], [2:55, Available], [3:00, Available]]
Current time step :34.0
Simulation Day: 0 Hour: 2 Min: 50
Current Runway List:[[2:55, Available], [3:00, Available], [3:05, Available]]
Current time step :35.0
Simulation Day: 0 Hour: 2 Min: 55
Current Runway List:[[3:00, Available], [3:05, Available], [3:10, Available]]
Current time step :36.0
Simulation Day: 0 Hour: 3 Min: 0
Current Runway List:[[3:05, Available], [3:10, Available], [3:15, Available]]
Current time step :37.0
Simulation Day: 0 Hour: 3 Min: 5
Current Runway List:[[3:10, Available], [3:15, Available], [3:20, Available]]
Current time step :38.0
Simulation Day: 0 Hour: 3 Min: 10
Current Runway List:[[3:15, Available], [3:20, Available], [3:25, Available]]
Current time step :39.0
Simulation Day: 0 Hour: 3 Min: 15
Current Runway List:[[3:20, Available], [3:25, Available], [3:30, Available]]
Current time step :40.0
Simulation Day: 0 Hour: 3 Min: 20
Current Runway List:[[3:25, Available], [3:30, Available], [3:35, Available]]
FlightBoard after sort:
[5, AAA901, 3:40, 0]
[0, BBB1, 5:00, 1]
[9, AAA2, 5:00, 1]
[14, BBB902, 5:20, 0]
[4, AAA902, 5:40, 0]
[19, BBB2, 7:00, 1]
[8, AAA3, 11:00, 1]
[13, BBB903, 11:20, 0]
[3, AAA903, 11:40, 0]
[18, BBB3, 13:00, 1]
[7, AAA4, 14:00, 1]
[12, BBB904, 14:20, 0]
[2, AAA904, 14:40, 0]
[17, BBB4, 16:00, 1]
[6, AAA5, 20:00, 1]
[11, BBB905, 20:20, 0]
[1, AAA905, 20:40, 0]
[16, BBB5, 22:00, 1]
Current time step :41.0
Simulation Day: 0 Hour: 3 Min: 25
Current Runway List:[[3:30, Available], [3:35, Available], [3:40, Available]]
Current time step :42.0
Simulation Day: 0 Hour: 3 Min: 30
Current Runway List:[[3:35, Available], [3:40, Available], [3:45, Available]]
Current time step :43.0
Simulation Day: 0 Hour: 3 Min: 35
Current Runway List:[[3:40, Available], [3:45, Available], [3:50, Available]]
Current time step :44.0
Simulation Day: 0 Hour: 3 Min: 40
Current Runway List:[[3:45, Available], [3:50, Available], [3:55, Available]]
FlightBoard after sort:
[0, BBB1, 5:00, 1]
[9, AAA2, 5:00, 1]
[14, BBB902, 5:20, 0]
[4, AAA902, 5:40, 0]
[19, BBB2, 7:00, 1]
[8, AAA3, 11:00, 1]
[13, BBB903, 11:20, 0]
[3, AAA903, 11:40, 0]
[18, BBB3, 13:00, 1]
[7, AAA4, 14:00, 1]
[12, BBB904, 14:20, 0]
[2, AAA904, 14:40, 0]
[17, BBB4, 16:00, 1]
[6, AAA5, 20:00, 1]
[11, BBB905, 20:20, 0]
[1, AAA905, 20:40, 0]
[16, BBB5, 22:00, 1]
Current time step :45.0
Simulation Day: 0 Hour: 3 Min: 45
Current Runway List:[[3:50, Available], [3:55, Available], [4:00, Available]]
Current time step :46.0
Simulation Day: 0 Hour: 3 Min: 50
Current Runway List:[[3:55, Available], [4:00, Available], [4:05, Available]]
Current time step :47.0
Simulation Day: 0 Hour: 3 Min: 55
Current Runway List:[[4:00, Available], [4:05, Available], [4:10, Available]]
Current time step :48.0
Simulation Day: 0 Hour: 4 Min: 0
Current Runway List:[[4:05, Available], [4:10, Available], [4:15, Available]]
Current time step :49.0
Simulation Day: 0 Hour: 4 Min: 5
Current 1st Request List:[[AAA2, 4:00], [BBB1, 4:00]]
Current Runway List:[[4:10, Available], [4:15, Available], [4:20, Available]]
FlightBoard after sort:
[0, BBB1, 5:00, 1]
[9, AAA2, 5:00, 1]
[14, BBB902, 5:20, 0]
[4, AAA902, 5:40, 0]
[19, BBB2, 7:00, 1]
[8, AAA3, 11:00, 1]
[13, BBB903, 11:20, 0]
[3, AAA903, 11:40, 0]
[18, BBB3, 13:00, 1]
[7, AAA4, 14:00, 1]
[12, BBB904, 14:20, 0]
[2, AAA904, 14:40, 0]
[17, BBB4, 16:00, 1]
[6, AAA5, 20:00, 1]
[11, BBB905, 20:20, 0]
[1, AAA905, 20:40, 0]
[16, BBB5, 22:00, 1]
Current time step :50.0
Simulation Day: 0 Hour: 4 Min: 10
Current Runway List:[[4:15, Available], [4:20, Available], [4:25, Available]]
Current time step :51.0
Simulation Day: 0 Hour: 4 Min: 15
Current Runway List:[[4:20, Available], [4:25, Available], [4:30, Available]]
Current time step :52.0
Simulation Day: 0 Hour: 4 Min: 20
Current Runway List:[[4:25, Available], [4:30, Available], [4:35, Available]]
Current time step :53.0
Simulation Day: 0 Hour: 4 Min: 25
Current Runway List:[[4:30, Available], [4:35, Available], [4:40, Available]]
Current time step :54.0
Simulation Day: 0 Hour: 4 Min: 30
Current Runway List:[[4:35, Available], [4:40, Available], [4:45, Available]]
Current time step :55.0
Simulation Day: 0 Hour: 4 Min: 35
Current Runway List:[[4:40, Available], [4:45, Available], [4:50, Available]]
Current time step :56.0
Simulation Day: 0 Hour: 4 Min: 40
Current Runway List:[[4:45, Available], [4:50, Available], [4:55, Available]]
Current time step :57.0
Simulation Day: 0 Hour: 4 Min: 45
Current Runway List:[[4:50, Available], [4:55, Available], [5:00, Available]]
Current time step :58.0
Simulation Day: 0 Hour: 4 Min: 50
Current 2nd Request List:[[AAA2, 4:45], [BBB1, 4:45]]
Current Runway List:[[4:55, Available], [5:00, Available], [5:05, AAA2], [5:10, BBB1]]
FlightBoard after sort:
[9, AAA2, 5:05, 1]
[0, BBB1, 5:10, 1]
[14, BBB902, 5:20, 0]
[4, AAA902, 5:40, 0]
[19, BBB2, 7:00, 1]
[8, AAA3, 11:00, 1]
[13, BBB903, 11:20, 0]
[3, AAA903, 11:40, 0]
[18, BBB3, 13:00, 1]
[7, AAA4, 14:00, 1]
[12, BBB904, 14:20, 0]
[2, AAA904, 14:40, 0]
[17, BBB4, 16:00, 1]
[6, AAA5, 20:00, 1]
[11, BBB905, 20:20, 0]
[1, AAA905, 20:40, 0]
[16, BBB5, 22:00, 1]
Current time step :59.0
Simulation Day: 0 Hour: 4 Min: 55
Current Runway List:[[5:00, Available], [5:05, AAA2], [5:10, BBB1]]
Current time step :60.0
Simulation Day: 0 Hour: 5 Min: 0
Current Runway List:[[5:05, AAA2], [5:10, BBB1], [5:15, Available]]
Current time step :61.0
Simulation Day: 0 Hour: 5 Min: 5
Current Runway List:[[5:10, BBB1], [5:15, Available], [5:20, Available]]
FlightBoard after sort:
[0, BBB1, 5:10, 1]
[14, BBB902, 5:20, 0]
[4, AAA902, 5:40, 0]
[19, BBB2, 7:00, 1]
[8, AAA3, 11:00, 1]
[13, BBB903, 11:20, 0]
[3, AAA903, 11:40, 0]
[18, BBB3, 13:00, 1]
[7, AAA4, 14:00, 1]
[12, BBB904, 14:20, 0]
[2, AAA904, 14:40, 0]
[17, BBB4, 16:00, 1]
[6, AAA5, 20:00, 1]
[11, BBB905, 20:20, 0]
[1, AAA905, 20:40, 0]
[16, BBB5, 22:00, 1]
Current time step :62.0
Simulation Day: 0 Hour: 5 Min: 10
Current Runway List:[[5:15, Available], [5:20, Available], [5:25, Available]]
FlightBoard after sort:
[14, BBB902, 5:20, 0]
[4, AAA902, 5:40, 0]
[19, BBB2, 7:00, 1]
[8, AAA3, 11:00, 1]
[13, BBB903, 11:20, 0]
[3, AAA903, 11:40, 0]
[18, BBB3, 13:00, 1]
[7, AAA4, 14:00, 1]
[12, BBB904, 14:20, 0]
[2, AAA904, 14:40, 0]
[17, BBB4, 16:00, 1]
[6, AAA5, 20:00, 1]
[11, BBB905, 20:20, 0]
[1, AAA905, 20:40, 0]
[16, BBB5, 22:00, 1]
Current time step :63.0
Simulation Day: 0 Hour: 5 Min: 15
Current Runway List:[[5:20, Available], [5:25, Available], [5:30, Available]]
Current time step :64.0
Simulation Day: 0 Hour: 5 Min: 20
Current Runway List:[[5:25, Available], [5:30, Available], [5:35, Available]]
FlightBoard after sort:
[4, AAA902, 5:40, 0]
[19, BBB2, 7:00, 1]
[8, AAA3, 11:00, 1]
[13, BBB903, 11:20, 0]
[3, AAA903, 11:40, 0]
[18, BBB3, 13:00, 1]
[7, AAA4, 14:00, 1]
[12, BBB904, 14:20, 0]
[2, AAA904, 14:40, 0]
[17, BBB4, 16:00, 1]
[6, AAA5, 20:00, 1]
[11, BBB905, 20:20, 0]
[1, AAA905, 20:40, 0]
[16, BBB5, 22:00, 1]
Current time step :65.0
Simulation Day: 0 Hour: 5 Min: 25
Current Runway List:[[5:30, Available], [5:35, Available], [5:40, Available]]
Current time step :66.0
Simulation Day: 0 Hour: 5 Min: 30
Current Runway List:[[5:35, Available], [5:40, Available], [5:45, Available]]
Current time step :67.0
Simulation Day: 0 Hour: 5 Min: 35
Current Runway List:[[5:40, Available], [5:45, Available], [5:50, Available]]
Current time step :68.0
Simulation Day: 0 Hour: 5 Min: 40
Current Runway List:[[5:45, Available], [5:50, Available], [5:55, Available]]
FlightBoard after sort:
[19, BBB2, 7:00, 1]
[8, AAA3, 11:00, 1]
[13, BBB903, 11:20, 0]
[3, AAA903, 11:40, 0]
[18, BBB3, 13:00, 1]
[7, AAA4, 14:00, 1]
[12, BBB904, 14:20, 0]
[2, AAA904, 14:40, 0]
[17, BBB4, 16:00, 1]
[6, AAA5, 20:00, 1]
[11, BBB905, 20:20, 0]
[1, AAA905, 20:40, 0]
[16, BBB5, 22:00, 1]
Current time step :69.0
Simulation Day: 0 Hour: 5 Min: 45
Current Runway List:[[5:50, Available], [5:55, Available], [6:00, Available]]
Current time step :70.0
Simulation Day: 0 Hour: 5 Min: 50
Current Runway List:[[5:55, Available], [6:00, Available], [6:05, Available]]
Current time step :71.0
Simulation Day: 0 Hour: 5 Min: 55
Current Runway List:[[6:00, Available], [6:05, Available], [6:10, Available]]
Current time step :72.0
Simulation Day: 0 Hour: 6 Min: 0
Current Runway List:[[6:05, Available], [6:10, Available], [6:15, Available]]
Current time step :73.0
Simulation Day: 0 Hour: 6 Min: 5
Current 1st Request List:[[BBB2, 6:00]]
Current Runway List:[[6:10, Available], [6:15, Available], [6:20, Available]]
FlightBoard after sort:
[19, BBB2, 7:00, 1]
[8, AAA3, 11:00, 1]
[13, BBB903, 11:20, 0]
[3, AAA903, 11:40, 0]
[18, BBB3, 13:00, 1]
[7, AAA4, 14:00, 1]
[12, BBB904, 14:20, 0]
[2, AAA904, 14:40, 0]
[17, BBB4, 16:00, 1]
[6, AAA5, 20:00, 1]
[11, BBB905, 20:20, 0]
[1, AAA905, 20:40, 0]
[16, BBB5, 22:00, 1]
Current time step :74.0
Simulation Day: 0 Hour: 6 Min: 10
Current Runway List:[[6:15, Available], [6:20, Available], [6:25, Available]]
Current time step :75.0
Simulation Day: 0 Hour: 6 Min: 15
Current Runway List:[[6:20, Available], [6:25, Available], [6:30, Available]]
Current time step :76.0
Simulation Day: 0 Hour: 6 Min: 20
Current Runway List:[[6:25, Available], [6:30, Available], [6:35, Available]]
Current time step :77.0
Simulation Day: 0 Hour: 6 Min: 25
Current Runway List:[[6:30, Available], [6:35, Available], [6:40, Available]]
Current time step :78.0
Simulation Day: 0 Hour: 6 Min: 30
Current Runway List:[[6:35, Available], [6:40, Available], [6:45, Available]]
Current time step :79.0
Simulation Day: 0 Hour: 6 Min: 35
Current Runway List:[[6:40, Available], [6:45, Available], [6:50, Available]]
Current time step :80.0
Simulation Day: 0 Hour: 6 Min: 40
Current Runway List:[[6:45, Available], [6:50, Available], [6:55, Available]]
Current time step :81.0
Simulation Day: 0 Hour: 6 Min: 45
Current Runway List:[[6:50, Available], [6:55, Available], [7:00, Available]]
Current time step :82.0
Simulation Day: 0 Hour: 6 Min: 50
Current 2nd Request List:[[BBB2, 6:45]]
Current Runway List:[[6:55, Available], [7:00, Available], [7:05, BBB2]]
FlightBoard after sort:
[19, BBB2, 7:05, 1]
[8, AAA3, 11:00, 1]
[13, BBB903, 11:20, 0]
[3, AAA903, 11:40, 0]
[18, BBB3, 13:00, 1]
[7, AAA4, 14:00, 1]
[12, BBB904, 14:20, 0]
[2, AAA904, 14:40, 0]
[17, BBB4, 16:00, 1]
[6, AAA5, 20:00, 1]
[11, BBB905, 20:20, 0]
[1, AAA905, 20:40, 0]
[16, BBB5, 22:00, 1]
Current time step :83.0
Simulation Day: 0 Hour: 6 Min: 55
Current Runway List:[[7:00, Available], [7:05, BBB2], [7:10, Available]]
Current time step :84.0
Simulation Day: 0 Hour: 7 Min: 0
Current Runway List:[[7:05, BBB2], [7:10, Available], [7:15, Available]]
Current time step :85.0
Simulation Day: 0 Hour: 7 Min: 5
Current Runway List:[[7:10, Available], [7:15, Available], [7:20, Available]]
FlightBoard after sort:
[8, AAA3, 11:00, 1]
[13, BBB903, 11:20, 0]
[3, AAA903, 11:40, 0]
[18, BBB3, 13:00, 1]
[7, AAA4, 14:00, 1]
[12, BBB904, 14:20, 0]
[2, AAA904, 14:40, 0]
[17, BBB4, 16:00, 1]
[6, AAA5, 20:00, 1]
[11, BBB905, 20:20, 0]
[1, AAA905, 20:40, 0]
[16, BBB5, 22:00, 1]
Current time step :86.0
Simulation Day: 0 Hour: 7 Min: 10
Current Runway List:[[7:15, Available], [7:20, Available], [7:25, Available]]
Current time step :87.0
Simulation Day: 0 Hour: 7 Min: 15
Current Runway List:[[7:20, Available], [7:25, Available], [7:30, Available]]
Current time step :88.0
Simulation Day: 0 Hour: 7 Min: 20
Current Runway List:[[7:25, Available], [7:30, Available], [7:35, Available]]
Current time step :89.0
Simulation Day: 0 Hour: 7 Min: 25
Current Runway List:[[7:30, Available], [7:35, Available], [7:40, Available]]
Current time step :90.0
Simulation Day: 0 Hour: 7 Min: 30
Current Runway List:[[7:35, Available], [7:40, Available], [7:45, Available]]
Current time step :91.0
Simulation Day: 0 Hour: 7 Min: 35
Current Runway List:[[7:40, Available], [7:45, Available], [7:50, Available]]
Current time step :92.0
Simulation Day: 0 Hour: 7 Min: 40
Current Runway List:[[7:45, Available], [7:50, Available], [7:55, Available]]
Current time step :93.0
Simulation Day: 0 Hour: 7 Min: 45
Current Runway List:[[7:50, Available], [7:55, Available], [8:00, Available]]
Current time step :94.0
Simulation Day: 0 Hour: 7 Min: 50
Current Runway List:[[7:55, Available], [8:00, Available], [8:05, Available]]
Current time step :95.0
Simulation Day: 0 Hour: 7 Min: 55
Current Runway List:[[8:00, Available], [8:05, Available], [8:10, Available]]
Current time step :96.0
Simulation Day: 0 Hour: 8 Min: 0
Current Runway List:[[8:05, Available], [8:10, Available], [8:15, Available]]
Current time step :97.0
Simulation Day: 0 Hour: 8 Min: 5
Current Runway List:[[8:10, Available], [8:15, Available], [8:20, Available]]
Current time step :98.0
Simulation Day: 0 Hour: 8 Min: 10
Current Runway List:[[8:15, Available], [8:20, Available], [8:25, Available]]
Current time step :99.0
Simulation Day: 0 Hour: 8 Min: 15
Current Runway List:[[8:20, Available], [8:25, Available], [8:30, Available]]
Current time step :100.0
Simulation Day: 0 Hour: 8 Min: 20
Current Runway List:[[8:25, Available], [8:30, Available], [8:35, Available]]
Current time step :101.0
Simulation Day: 0 Hour: 8 Min: 25
Current Runway List:[[8:30, Available], [8:35, Available], [8:40, Available]]
Current time step :102.0
Simulation Day: 0 Hour: 8 Min: 30
Current Runway List:[[8:35, Available], [8:40, Available], [8:45, Available]]
Current time step :103.0
Simulation Day: 0 Hour: 8 Min: 35
Current Runway List:[[8:40, Available], [8:45, Available], [8:50, Available]]
Current time step :104.0
Simulation Day: 0 Hour: 8 Min: 40
Current Runway List:[[8:45, Available], [8:50, Available], [8:55, Available]]
Current time step :105.0
Simulation Day: 0 Hour: 8 Min: 45
Current Runway List:[[8:50, Available], [8:55, Available], [9:00, Available]]
Current time step :106.0
Simulation Day: 0 Hour: 8 Min: 50
Current Runway List:[[8:55, Available], [9:00, Available], [9:05, Available]]
Current time step :107.0
Simulation Day: 0 Hour: 8 Min: 55
Current Runway List:[[9:00, Available], [9:05, Available], [9:10, Available]]
Current time step :108.0
Simulation Day: 0 Hour: 9 Min: 0
Current Runway List:[[9:05, Available], [9:10, Available], [9:15, Available]]
Current time step :109.0
Simulation Day: 0 Hour: 9 Min: 5
Current Runway List:[[9:10, Available], [9:15, Available], [9:20, Available]]
Current time step :110.0
Simulation Day: 0 Hour: 9 Min: 10
Current Runway List:[[9:15, Available], [9:20, Available], [9:25, Available]]
Current time step :111.0
Simulation Day: 0 Hour: 9 Min: 15
Current Runway List:[[9:20, Available], [9:25, Available], [9:30, Available]]
Current time step :112.0
Simulation Day: 0 Hour: 9 Min: 20
Current Runway List:[[9:25, Available], [9:30, Available], [9:35, Available]]
Current time step :113.0
Simulation Day: 0 Hour: 9 Min: 25
Current Runway List:[[9:30, Available], [9:35, Available], [9:40, Available]]
Current time step :114.0
Simulation Day: 0 Hour: 9 Min: 30
Current Runway List:[[9:35, Available], [9:40, Available], [9:45, Available]]
Current time step :115.0
Simulation Day: 0 Hour: 9 Min: 35
Current Runway List:[[9:40, Available], [9:45, Available], [9:50, Available]]
Current time step :116.0
Simulation Day: 0 Hour: 9 Min: 40
Current Runway List:[[9:45, Available], [9:50, Available], [9:55, Available]]
Current time step :117.0
Simulation Day: 0 Hour: 9 Min: 45
Current Runway List:[[9:50, Available], [9:55, Available], [10:00, Available]]
Current time step :118.0
Simulation Day: 0 Hour: 9 Min: 50
Current Runway List:[[9:55, Available], [10:00, Available], [10:05, Available]]
Current time step :119.0
Simulation Day: 0 Hour: 9 Min: 55
Current Runway List:[[10:00, Available], [10:05, Available], [10:10, Available]]
Current time step :120.0
Simulation Day: 0 Hour: 10 Min: 0
Current Runway List:[[10:05, Available], [10:10, Available], [10:15, Available]]
Current time step :121.0
Simulation Day: 0 Hour: 10 Min: 5
Current 1st Request List:[[AAA3, 10:00]]
Current Runway List:[[10:10, Available], [10:15, Available], [10:20, Available]]
FlightBoard after sort:
[8, AAA3, 11:00, 1]
[13, BBB903, 11:20, 0]
[3, AAA903, 11:40, 0]
[18, BBB3, 13:00, 1]
[7, AAA4, 14:00, 1]
[12, BBB904, 14:20, 0]
[2, AAA904, 14:40, 0]
[17, BBB4, 16:00, 1]
[6, AAA5, 20:00, 1]
[11, BBB905, 20:20, 0]
[1, AAA905, 20:40, 0]
[16, BBB5, 22:00, 1]
Current time step :122.0
Simulation Day: 0 Hour: 10 Min: 10
Current Runway List:[[10:15, Available], [10:20, Available], [10:25, Available]]
Current time step :123.0
Simulation Day: 0 Hour: 10 Min: 15
Current Runway List:[[10:20, Available], [10:25, Available], [10:30, Available]]
Current time step :124.0
Simulation Day: 0 Hour: 10 Min: 20
Current Runway List:[[10:25, Available], [10:30, Available], [10:35, Available]]
Current time step :125.0
Simulation Day: 0 Hour: 10 Min: 25
Current Runway List:[[10:30, Available], [10:35, Available], [10:40, Available]]
Current time step :126.0
Simulation Day: 0 Hour: 10 Min: 30
Current Runway List:[[10:35, Available], [10:40, Available], [10:45, Available]]
Current time step :127.0
Simulation Day: 0 Hour: 10 Min: 35
Current Runway List:[[10:40, Available], [10:45, Available], [10:50, Available]]
Current time step :128.0
Simulation Day: 0 Hour: 10 Min: 40
Current Runway List:[[10:45, Available], [10:50, Available], [10:55, Available]]
Current time step :129.0
Simulation Day: 0 Hour: 10 Min: 45
Current Runway List:[[10:50, Available], [10:55, Available], [11:00, Available]]
Current time step :130.0
Simulation Day: 0 Hour: 10 Min: 50
Current 2nd Request List:[[AAA3, 10:45]]
Current Runway List:[[10:55, Available], [11:00, Available], [11:05, AAA3]]
FlightBoard after sort:
[8, AAA3, 11:05, 1]
[13, BBB903, 11:20, 0]
[3, AAA903, 11:40, 0]
[18, BBB3, 13:00, 1]
[7, AAA4, 14:00, 1]
[12, BBB904, 14:20, 0]
[2, AAA904, 14:40, 0]
[17, BBB4, 16:00, 1]
[6, AAA5, 20:00, 1]
[11, BBB905, 20:20, 0]
[1, AAA905, 20:40, 0]
[16, BBB5, 22:00, 1]
Current time step :131.0
Simulation Day: 0 Hour: 10 Min: 55
Current Runway List:[[11:00, Available], [11:05, AAA3], [11:10, Available]]
Current time step :132.0
Simulation Day: 0 Hour: 11 Min: 0
Current Runway List:[[11:05, AAA3], [11:10, Available], [11:15, Available]]
Current time step :133.0
Simulation Day: 0 Hour: 11 Min: 5
Current Runway List:[[11:10, Available], [11:15, Available], [11:20, Available]]
FlightBoard after sort:
[13, BBB903, 11:20, 0]
[3, AAA903, 11:40, 0]
[18, BBB3, 13:00, 1]
[7, AAA4, 14:00, 1]
[12, BBB904, 14:20, 0]
[2, AAA904, 14:40, 0]
[17, BBB4, 16:00, 1]
[6, AAA5, 20:00, 1]
[11, BBB905, 20:20, 0]
[1, AAA905, 20:40, 0]
[16, BBB5, 22:00, 1]
Current time step :134.0
Simulation Day: 0 Hour: 11 Min: 10
Current Runway List:[[11:15, Available], [11:20, Available], [11:25, Available]]
Current time step :135.0
Simulation Day: 0 Hour: 11 Min: 15
Current Runway List:[[11:20, Available], [11:25, Available], [11:30, Available]]
Current time step :136.0
Simulation Day: 0 Hour: 11 Min: 20
Current Runway List:[[11:25, Available], [11:30, Available], [11:35, Available]]
FlightBoard after sort:
[3, AAA903, 11:40, 0]
[18, BBB3, 13:00, 1]
[7, AAA4, 14:00, 1]
[12, BBB904, 14:20, 0]
[2, AAA904, 14:40, 0]
[17, BBB4, 16:00, 1]
[6, AAA5, 20:00, 1]
[11, BBB905, 20:20, 0]
[1, AAA905, 20:40, 0]
[16, BBB5, 22:00, 1]
Current time step :137.0
Simulation Day: 0 Hour: 11 Min: 25
Current Runway List:[[11:30, Available], [11:35, Available], [11:40, Available]]
Current time step :138.0
Simulation Day: 0 Hour: 11 Min: 30
Current Runway List:[[11:35, Available], [11:40, Available], [11:45, Available]]
Current time step :139.0
Simulation Day: 0 Hour: 11 Min: 35
Current Runway List:[[11:40, Available], [11:45, Available], [11:50, Available]]
Current time step :140.0
Simulation Day: 0 Hour: 11 Min: 40
Current Runway List:[[11:45, Available], [11:50, Available], [11:55, Available]]
FlightBoard after sort:
[18, BBB3, 13:00, 1]
[7, AAA4, 14:00, 1]
[12, BBB904, 14:20, 0]
[2, AAA904, 14:40, 0]
[17, BBB4, 16:00, 1]
[6, AAA5, 20:00, 1]
[11, BBB905, 20:20, 0]
[1, AAA905, 20:40, 0]
[16, BBB5, 22:00, 1]
Current time step :141.0
Simulation Day: 0 Hour: 11 Min: 45
Current Runway List:[[11:50, Available], [11:55, Available], [12:00, Available]]
Current time step :142.0
Simulation Day: 0 Hour: 11 Min: 50
Current Runway List:[[11:55, Available], [12:00, Available], [12:05, Available]]
Current time step :143.0
Simulation Day: 0 Hour: 11 Min: 55
Current Runway List:[[12:00, Available], [12:05, Available], [12:10, Available]]
Current time step :144.0
Simulation Day: 0 Hour: 12 Min: 0
Current Runway List:[[12:05, Available], [12:10, Available], [12:15, Available]]
Current time step :145.0
Simulation Day: 0 Hour: 12 Min: 5
Current 1st Request List:[[BBB3, 12:00]]
Current Runway List:[[12:10, Available], [12:15, Available], [12:20, Available]]
FlightBoard after sort:
[18, BBB3, 13:00, 1]
[7, AAA4, 14:00, 1]
[12, BBB904, 14:20, 0]
[2, AAA904, 14:40, 0]
[17, BBB4, 16:00, 1]
[6, AAA5, 20:00, 1]
[11, BBB905, 20:20, 0]
[1, AAA905, 20:40, 0]
[16, BBB5, 22:00, 1]
Current time step :146.0
Simulation Day: 0 Hour: 12 Min: 10
Current Runway List:[[12:15, Available], [12:20, Available], [12:25, Available]]
Current time step :147.0
Simulation Day: 0 Hour: 12 Min: 15
Current Runway List:[[12:20, Available], [12:25, Available], [12:30, Available]]
Current time step :148.0
Simulation Day: 0 Hour: 12 Min: 20
Current Runway List:[[12:25, Available], [12:30, Available], [12:35, Available]]
Current time step :149.0
Simulation Day: 0 Hour: 12 Min: 25
Current Runway List:[[12:30, Available], [12:35, Available], [12:40, Available]]
Current time step :150.0
Simulation Day: 0 Hour: 12 Min: 30
Current Runway List:[[12:35, Available], [12:40, Available], [12:45, Available]]
Current time step :151.0
Simulation Day: 0 Hour: 12 Min: 35
Current Runway List:[[12:40, Available], [12:45, Available], [12:50, Available]]
Current time step :152.0
Simulation Day: 0 Hour: 12 Min: 40
Current Runway List:[[12:45, Available], [12:50, Available], [12:55, Available]]
Current time step :153.0
Simulation Day: 0 Hour: 12 Min: 45
Current Runway List:[[12:50, Available], [12:55, Available], [13:00, Available]]
Current time step :154.0
Simulation Day: 0 Hour: 12 Min: 50
Current 2nd Request List:[[BBB3, 12:45]]
Current Runway List:[[12:55, Available], [13:00, Available], [13:05, BBB3]]
FlightBoard after sort:
[18, BBB3, 13:05, 1]
[7, AAA4, 14:00, 1]
[12, BBB904, 14:20, 0]
[2, AAA904, 14:40, 0]
[17, BBB4, 16:00, 1]
[6, AAA5, 20:00, 1]
[11, BBB905, 20:20, 0]
[1, AAA905, 20:40, 0]
[16, BBB5, 22:00, 1]
Current time step :155.0
Simulation Day: 0 Hour: 12 Min: 55
Current Runway List:[[13:00, Available], [13:05, BBB3], [13:10, Available]]
Current time step :156.0
Simulation Day: 0 Hour: 13 Min: 0
Current Runway List:[[13:05, BBB3], [13:10, Available], [13:15, Available]]
Current time step :157.0
Simulation Day: 0 Hour: 13 Min: 5
Current 1st Request List:[[AAA4, 13:00]]
Current Runway List:[[13:10, Available], [13:15, Available], [13:20, Available]]
FlightBoard after sort:
[7, AAA4, 14:00, 1]
[12, BBB904, 14:20, 0]
[2, AAA904, 14:40, 0]
[17, BBB4, 16:00, 1]
[6, AAA5, 20:00, 1]
[11, BBB905, 20:20, 0]
[1, AAA905, 20:40, 0]
[16, BBB5, 22:00, 1]
Current time step :158.0
Simulation Day: 0 Hour: 13 Min: 10
Current Runway List:[[13:15, Available], [13:20, Available], [13:25, Available]]
Current time step :159.0
Simulation Day: 0 Hour: 13 Min: 15
Current Runway List:[[13:20, Available], [13:25, Available], [13:30, Available]]
Current time step :160.0
Simulation Day: 0 Hour: 13 Min: 20
Current Runway List:[[13:25, Available], [13:30, Available], [13:35, Available]]
Current time step :161.0
Simulation Day: 0 Hour: 13 Min: 25
Current Runway List:[[13:30, Available], [13:35, Available], [13:40, Available]]
Current time step :162.0
Simulation Day: 0 Hour: 13 Min: 30
Current Runway List:[[13:35, Available], [13:40, Available], [13:45, Available]]
Current time step :163.0
Simulation Day: 0 Hour: 13 Min: 35
Current Runway List:[[13:40, Available], [13:45, Available], [13:50, Available]]
Current time step :164.0
Simulation Day: 0 Hour: 13 Min: 40
Current Runway List:[[13:45, Available], [13:50, Available], [13:55, Available]]
Current time step :165.0
Simulation Day: 0 Hour: 13 Min: 45
Current Runway List:[[13:50, Available], [13:55, Available], [14:00, Available]]
Current time step :166.0
Simulation Day: 0 Hour: 13 Min: 50
Current 2nd Request List:[[AAA4, 13:45]]
Current Runway List:[[13:55, Available], [14:00, Available], [14:05, AAA4]]
FlightBoard after sort:
[7, AAA4, 14:05, 1]
[12, BBB904, 14:20, 0]
[2, AAA904, 14:40, 0]
[17, BBB4, 16:00, 1]
[6, AAA5, 20:00, 1]
[11, BBB905, 20:20, 0]
[1, AAA905, 20:40, 0]
[16, BBB5, 22:00, 1]
Current time step :167.0
Simulation Day: 0 Hour: 13 Min: 55
Current Runway List:[[14:00, Available], [14:05, AAA4], [14:10, Available]]
Current time step :168.0
Simulation Day: 0 Hour: 14 Min: 0
Current Runway List:[[14:05, AAA4], [14:10, Available], [14:15, Available]]
Current time step :169.0
Simulation Day: 0 Hour: 14 Min: 5
Current Runway List:[[14:10, Available], [14:15, Available], [14:20, Available]]
FlightBoard after sort:
[12, BBB904, 14:20, 0]
[2, AAA904, 14:40, 0]
[17, BBB4, 16:00, 1]
[6, AAA5, 20:00, 1]
[11, BBB905, 20:20, 0]
[1, AAA905, 20:40, 0]
[16, BBB5, 22:00, 1]
Current time step :170.0
Simulation Day: 0 Hour: 14 Min: 10
Current Runway List:[[14:15, Available], [14:20, Available], [14:25, Available]]
Current time step :171.0
Simulation Day: 0 Hour: 14 Min: 15
Current Runway List:[[14:20, Available], [14:25, Available], [14:30, Available]]
Current time step :172.0
Simulation Day: 0 Hour: 14 Min: 20
Current Runway List:[[14:25, Available], [14:30, Available], [14:35, Available]]
FlightBoard after sort:
[2, AAA904, 14:40, 0]
[17, BBB4, 16:00, 1]
[6, AAA5, 20:00, 1]
[11, BBB905, 20:20, 0]
[1, AAA905, 20:40, 0]
[16, BBB5, 22:00, 1]
18:16:42.984 [org.webgme.guest.aircraftcoordinator.AircraftCoordinator.main()] INFO  org.cpswt.hla.SynchronizedFederate - AircraftCoordinator-0a8332f5-9ec0-4b22-892a-459d64a174e2: SimEnd interaction received, exiting...
Current time step :173.0
Simulation Day: 0 Hour: 14 Min: 25
Current Runway List:[[14:30, Available], [14:35, Available], [14:40, Available]]
18:16:42.988 [org.webgme.guest.aircraftcoordinator.AircraftCoordinator.main()] INFO  org.cpswt.hla.SynchronizedFederate - Exiting gracefully ....
18:16:48.086 [org.webgme.guest.aircraftcoordinator.AircraftCoordinator.main()] INFO  org.webgme.guest.aircraftcoordinator.AircraftCoordinator - Done.
