WARNING: An illegal reflective access operation has occurred
WARNING: Illegal reflective access by com.google.inject.internal.cglib.core.$ReflectUtils$1 (file:/usr/share/maven/lib/guice.jar) to method java.lang.ClassLoader.defineClass(java.lang.String,byte[],int,int,java.security.ProtectionDomain)
WARNING: Please consider reporting this to the maintainers of com.google.inject.internal.cglib.core.$ReflectUtils$1
WARNING: Use --illegal-access=warn to enable warnings of further illegal reflective access operations
WARNING: All illegal access operations will be denied in a future release
[[1;34mINFO[m] Scanning for projects...
[[1;34mINFO[m] 
[[1;34mINFO[m] [1m-------------------< [0;36morg.webgme.guest:FlatCase_exec[0;1m >-------------------[m
[[1;34mINFO[m] [1mBuilding FlatCase_exec 0.1.0-SNAPSHOT[m
[[1;34mINFO[m] [1m--------------------------------[ jar ]---------------------------------[m
[[1;34mINFO[m] 
[[1;34mINFO[m] [1m--- [0;32mexec-maven-plugin:1.5.0:java[m [1m(default-cli)[m @ [36mFlatCase_exec[0;1m ---[m

-------------------------------------------------------------------
GMS: address=vagrant-63198, cluster=FlatCase, physical address=192.168.0.21:58329
-------------------------------------------------------------------
19:25:15.831 [org.webgme.guest.analysis.Analysis.main()] INFO  org.webgme.guest.analysis.Analysis - waiting on readyToPopulate...
19:25:45.472 [org.webgme.guest.analysis.Analysis.main()] INFO  org.webgme.guest.analysis.Analysis - ...synchronized on readyToPopulate
19:25:45.474 [org.webgme.guest.analysis.Analysis.main()] INFO  org.webgme.guest.analysis.Analysis - waiting on readyToRun...
19:25:45.725 [org.webgme.guest.analysis.Analysis.main()] INFO  org.webgme.guest.analysis.Analysis - ...synchronized on readyToRun
19:25:45.726 [org.webgme.guest.analysis.Analysis.main()] INFO  org.webgme.guest.analysis.Analysis - started logical time progression
WARN  [VERIFY_SUSPECT.TimerThread,FlatCase,vagrant-63198] portico.lrc.jgroups: Detected that federate [unkonwn] may have crashed, investigating...
