WARNING: An illegal reflective access operation has occurred
WARNING: Illegal reflective access by com.google.inject.internal.cglib.core.$ReflectUtils$1 (file:/usr/share/maven/lib/guice.jar) to method java.lang.ClassLoader.defineClass(java.lang.String,byte[],int,int,java.security.ProtectionDomain)
WARNING: Please consider reporting this to the maintainers of com.google.inject.internal.cglib.core.$ReflectUtils$1
WARNING: Use --illegal-access=warn to enable warnings of further illegal reflective access operations
WARNING: All illegal access operations will be denied in a future release
[[1;34mINFO[m] Scanning for projects...
[[1;34mINFO[m] 
[[1;34mINFO[m] [1m-------------------< [0;36morg.webgme.guest:FlatCase_exec[0;1m >-------------------[m
[[1;34mINFO[m] [1mBuilding FlatCase_exec 0.1.0-SNAPSHOT[m
[[1;34mINFO[m] [1m--------------------------------[ jar ]---------------------------------[m
[[1;34mINFO[m] 
[[1;34mINFO[m] [1m--- [0;32mexec-maven-plugin:1.5.0:java[m [1m(default-cli)[m @ [36mFlatCase_exec[0;1m ---[m

-------------------------------------------------------------------
GMS: address=vagrant-56786, cluster=FlatCase, physical address=192.168.0.21:49807
-------------------------------------------------------------------
12:07:56.584 [org.webgme.guest.analysis.Analysis.main()] INFO  org.webgme.guest.analysis.Analysis - waiting on readyToPopulate...
12:08:43.590 [org.webgme.guest.analysis.Analysis.main()] INFO  org.webgme.guest.analysis.Analysis - ...synchronized on readyToPopulate
12:08:43.592 [org.webgme.guest.analysis.Analysis.main()] INFO  org.webgme.guest.analysis.Analysis - waiting on readyToRun...
12:08:44.108 [org.webgme.guest.analysis.Analysis.main()] INFO  org.webgme.guest.analysis.Analysis - ...synchronized on readyToRun
12:08:44.165 [org.webgme.guest.analysis.Analysis.main()] INFO  org.webgme.guest.analysis.Analysis - started logical time progression
WARN  [VERIFY_SUSPECT.TimerThread,FlatCase,vagrant-56786] portico.lrc.jgroups: Detected that federate [unkonwn] may have crashed, investigating...
WARN  [VERIFY_SUSPECT.TimerThread,FlatCase,vagrant-56786] portico.lrc.jgroups: Detected that federate [unkonwn] may have crashed, investigating...
WARN  [VERIFY_SUSPECT.TimerThread,FlatCase,vagrant-56786] portico.lrc.jgroups: Detected that federate [PassengerManag1-8d785393-de2c-4fe1-a6e5-96eec96d02ef] may have crashed, investigating...
WARN  [VERIFY_SUSPECT.TimerThread,FlatCase,vagrant-56786] portico.lrc.jgroups: Detected that federate [unkonwn] may have crashed, investigating...
