WARNING: An illegal reflective access operation has occurred
WARNING: Illegal reflective access by com.google.inject.internal.cglib.core.$ReflectUtils$1 (file:/usr/share/maven/lib/guice.jar) to method java.lang.ClassLoader.defineClass(java.lang.String,byte[],int,int,java.security.ProtectionDomain)
WARNING: Please consider reporting this to the maintainers of com.google.inject.internal.cglib.core.$ReflectUtils$1
WARNING: Use --illegal-access=warn to enable warnings of further illegal reflective access operations
WARNING: All illegal access operations will be denied in a future release
[[1;34mINFO[m] Scanning for projects...
[[1;34mINFO[m] 
[[1;34mINFO[m] [1m-------------------< [0;36morg.webgme.guest:FlatCase_exec[0;1m >-------------------[m
[[1;34mINFO[m] [1mBuilding FlatCase_exec 0.1.0-SNAPSHOT[m
[[1;34mINFO[m] [1m--------------------------------[ jar ]---------------------------------[m
Downloading from archiva.internal: http://cpswtng_archiva:8080/repository/internal/org/cpswt/fedmanager-host/0.6.0-SNAPSHOT/maven-metadata.xml
Downloading from archiva.snapshots: http://cpswtng_archiva:8080/repository/snapshots/org/cpswt/fedmanager-host/0.6.0-SNAPSHOT/maven-metadata.xml
[[1;33mWARNING[m] Could not transfer metadata org.cpswt:fedmanager-host:0.6.0-SNAPSHOT/maven-metadata.xml from/to archiva.internal (http://cpswtng_archiva:8080/repository/internal/): cpswtng_archiva: Temporary failure in name resolution
[[1;33mWARNING[m] Could not transfer metadata org.cpswt:fedmanager-host:0.6.0-SNAPSHOT/maven-metadata.xml from/to archiva.snapshots (http://cpswtng_archiva:8080/repository/snapshots/): cpswtng_archiva
[[1;33mWARNING[m] Failure to transfer org.cpswt:fedmanager-host:0.6.0-SNAPSHOT/maven-metadata.xml from http://cpswtng_archiva:8080/repository/internal/ was cached in the local repository, resolution will not be reattempted until the update interval of archiva.internal has elapsed or updates are forced. Original error: Could not transfer metadata org.cpswt:fedmanager-host:0.6.0-SNAPSHOT/maven-metadata.xml from/to archiva.internal (http://cpswtng_archiva:8080/repository/internal/): cpswtng_archiva: Temporary failure in name resolution
[[1;33mWARNING[m] Failure to transfer org.cpswt:fedmanager-host:0.6.0-SNAPSHOT/maven-metadata.xml from http://cpswtng_archiva:8080/repository/snapshots/ was cached in the local repository, resolution will not be reattempted until the update interval of archiva.snapshots has elapsed or updates are forced. Original error: Could not transfer metadata org.cpswt:fedmanager-host:0.6.0-SNAPSHOT/maven-metadata.xml from/to archiva.snapshots (http://cpswtng_archiva:8080/repository/snapshots/): cpswtng_archiva
Downloading from archiva.internal: http://cpswtng_archiva:8080/repository/internal/org/cpswt/cpswt-core/0.6.0-SNAPSHOT/maven-metadata.xml
Downloading from archiva.snapshots: http://cpswtng_archiva:8080/repository/snapshots/org/cpswt/cpswt-core/0.6.0-SNAPSHOT/maven-metadata.xml
[[1;33mWARNING[m] Could not transfer metadata org.cpswt:cpswt-core:0.6.0-SNAPSHOT/maven-metadata.xml from/to archiva.internal (http://cpswtng_archiva:8080/repository/internal/): cpswtng_archiva
[[1;33mWARNING[m] Could not transfer metadata org.cpswt:cpswt-core:0.6.0-SNAPSHOT/maven-metadata.xml from/to archiva.snapshots (http://cpswtng_archiva:8080/repository/snapshots/): cpswtng_archiva
[[1;34mINFO[m] 
[[1;34mINFO[m] [1m--- [0;32mexec-maven-plugin:1.5.0:java[m [1m(default-cli)[m @ [36mFlatCase_exec[0;1m ---[m
17:15:51.079 [org.cpswt.host.FederationManagerHostApp.main()] INFO  org.cpswt.hla.FederationManager - No COA definitions were provided!
17:15:51.080 [org.cpswt.host.FederationManagerHostApp.main()] INFO  org.cpswt.hla.FederationManager - No COA selections were provided!
17:15:51.080 [org.cpswt.host.FederationManagerHostApp.main()] INFO  org.cpswt.hla.FederationManager - No specific COA-selection was specified for execution!
17:15:51.080 [org.cpswt.host.FederationManagerHostApp.main()] INFO  org.cpswt.hla.FederationManager - No COAs are used in this experiment.

-------------------------------------------------------------------
GMS: address=vagrant-30336, cluster=FlatCase, physical address=192.168.0.21:44736
-------------------------------------------------------------------
17:15:59.758 [org.cpswt.host.FederationManagerHostApp.main()] INFO  org.cpswt.host.FederationManagerHostApp - Server online at 0.0.0.0:8083 ...
17:16:44.772 [Thread-3] INFO  org.cpswt.hla.FederationManager - Current_time = 0.0 and step = 1.0 and requested_time = 1.0
17:16:44.995 [Thread-3] INFO  org.cpswt.hla.FederationManager - Current_time = 1.0 and step = 1.0 and requested_time = 2.0
17:16:45.112 [Thread-3] INFO  org.cpswt.hla.FederationManager - Current_time = 2.0 and step = 1.0 and requested_time = 3.0
17:16:45.165 [Thread-3] INFO  org.cpswt.hla.FederationManager - Current_time = 3.0 and step = 1.0 and requested_time = 4.0
17:16:45.238 [Thread-3] INFO  org.cpswt.hla.FederationManager - Current_time = 4.0 and step = 1.0 and requested_time = 5.0
17:16:45.299 [Thread-3] INFO  org.cpswt.hla.FederationManager - Current_time = 5.0 and step = 1.0 and requested_time = 6.0
17:16:45.352 [Thread-3] INFO  org.cpswt.hla.FederationManager - Current_time = 6.0 and step = 1.0 and requested_time = 7.0
17:16:45.421 [Thread-3] INFO  org.cpswt.hla.FederationManager - Current_time = 7.0 and step = 1.0 and requested_time = 8.0
17:16:45.474 [Thread-3] INFO  org.cpswt.hla.FederationManager - Current_time = 8.0 and step = 1.0 and requested_time = 9.0
17:16:45.532 [Thread-3] INFO  org.cpswt.hla.FederationManager - Current_time = 9.0 and step = 1.0 and requested_time = 10.0
17:16:45.587 [Thread-3] INFO  org.cpswt.hla.FederationManager - Federation manager current time = 10.0
17:16:45.588 [Thread-3] INFO  org.cpswt.hla.FederationManager - Current_time = 10.0 and step = 1.0 and requested_time = 11.0
17:16:45.639 [Thread-3] INFO  org.cpswt.hla.FederationManager - Current_time = 11.0 and step = 1.0 and requested_time = 12.0
17:16:45.692 [Thread-3] INFO  org.cpswt.hla.FederationManager - Current_time = 12.0 and step = 1.0 and requested_time = 13.0
17:16:45.743 [Thread-3] INFO  org.cpswt.hla.FederationManager - Current_time = 13.0 and step = 1.0 and requested_time = 14.0
17:16:45.809 [Thread-3] INFO  org.cpswt.hla.FederationManager - Current_time = 14.0 and step = 1.0 and requested_time = 15.0
17:16:45.868 [Thread-3] INFO  org.cpswt.hla.FederationManager - Current_time = 15.0 and step = 1.0 and requested_time = 16.0
17:16:45.910 [Thread-3] INFO  org.cpswt.hla.FederationManager - Current_time = 16.0 and step = 1.0 and requested_time = 17.0
17:16:45.962 [Thread-3] INFO  org.cpswt.hla.FederationManager - Current_time = 17.0 and step = 1.0 and requested_time = 18.0
17:16:46.013 [Thread-3] INFO  org.cpswt.hla.FederationManager - Current_time = 18.0 and step = 1.0 and requested_time = 19.0
17:16:46.064 [Thread-3] INFO  org.cpswt.hla.FederationManager - Current_time = 19.0 and step = 1.0 and requested_time = 20.0
17:16:46.121 [Thread-3] INFO  org.cpswt.hla.FederationManager - Federation manager current time = 20.0
17:16:46.121 [Thread-3] INFO  org.cpswt.hla.FederationManager - Current_time = 20.0 and step = 1.0 and requested_time = 21.0
17:16:46.169 [Thread-3] INFO  org.cpswt.hla.FederationManager - Current_time = 21.0 and step = 1.0 and requested_time = 22.0
17:16:46.221 [Thread-3] INFO  org.cpswt.hla.FederationManager - Current_time = 22.0 and step = 1.0 and requested_time = 23.0
17:16:46.279 [Thread-3] INFO  org.cpswt.hla.FederationManager - Current_time = 23.0 and step = 1.0 and requested_time = 24.0
17:16:46.344 [Thread-3] INFO  org.cpswt.hla.FederationManager - Current_time = 24.0 and step = 1.0 and requested_time = 25.0
17:16:46.406 [Thread-3] INFO  org.cpswt.hla.FederationManager - Current_time = 25.0 and step = 1.0 and requested_time = 26.0
17:16:46.458 [Thread-3] INFO  org.cpswt.hla.FederationManager - Current_time = 26.0 and step = 1.0 and requested_time = 27.0
17:16:46.516 [Thread-3] INFO  org.cpswt.hla.FederationManager - Current_time = 27.0 and step = 1.0 and requested_time = 28.0
17:16:46.570 [Thread-3] INFO  org.cpswt.hla.FederationManager - Current_time = 28.0 and step = 1.0 and requested_time = 29.0
17:16:46.618 [Thread-3] INFO  org.cpswt.hla.FederationManager - Current_time = 29.0 and step = 1.0 and requested_time = 30.0
17:16:46.667 [Thread-3] INFO  org.cpswt.hla.FederationManager - Federation manager current time = 30.0
17:16:46.667 [Thread-3] INFO  org.cpswt.hla.FederationManager - Current_time = 30.0 and step = 1.0 and requested_time = 31.0
17:16:46.733 [Thread-3] INFO  org.cpswt.hla.FederationManager - Current_time = 31.0 and step = 1.0 and requested_time = 32.0
17:16:46.790 [Thread-3] INFO  org.cpswt.hla.FederationManager - Current_time = 32.0 and step = 1.0 and requested_time = 33.0
17:16:46.846 [Thread-3] INFO  org.cpswt.hla.FederationManager - Current_time = 33.0 and step = 1.0 and requested_time = 34.0
17:16:46.899 [Thread-3] INFO  org.cpswt.hla.FederationManager - Current_time = 34.0 and step = 1.0 and requested_time = 35.0
17:16:46.951 [Thread-3] INFO  org.cpswt.hla.FederationManager - Current_time = 35.0 and step = 1.0 and requested_time = 36.0
17:16:47.004 [Thread-3] INFO  org.cpswt.hla.FederationManager - Current_time = 36.0 and step = 1.0 and requested_time = 37.0
17:16:47.059 [Thread-3] INFO  org.cpswt.hla.FederationManager - Current_time = 37.0 and step = 1.0 and requested_time = 38.0
17:16:47.109 [Thread-3] INFO  org.cpswt.hla.FederationManager - Current_time = 38.0 and step = 1.0 and requested_time = 39.0
17:16:47.163 [Thread-3] INFO  org.cpswt.hla.FederationManager - Current_time = 39.0 and step = 1.0 and requested_time = 40.0
17:16:47.212 [Thread-3] INFO  org.cpswt.hla.FederationManager - Federation manager current time = 40.0
17:16:47.214 [Thread-3] INFO  org.cpswt.hla.FederationManager - Current_time = 40.0 and step = 1.0 and requested_time = 41.0
17:16:47.263 [Thread-3] INFO  org.cpswt.hla.FederationManager - Current_time = 41.0 and step = 1.0 and requested_time = 42.0
17:16:47.315 [Thread-3] INFO  org.cpswt.hla.FederationManager - Current_time = 42.0 and step = 1.0 and requested_time = 43.0
17:16:47.370 [Thread-3] INFO  org.cpswt.hla.FederationManager - Current_time = 43.0 and step = 1.0 and requested_time = 44.0
17:16:47.419 [Thread-3] INFO  org.cpswt.hla.FederationManager - Current_time = 44.0 and step = 1.0 and requested_time = 45.0
17:16:47.470 [Thread-3] INFO  org.cpswt.hla.FederationManager - Current_time = 45.0 and step = 1.0 and requested_time = 46.0
17:16:47.520 [Thread-3] INFO  org.cpswt.hla.FederationManager - Current_time = 46.0 and step = 1.0 and requested_time = 47.0
17:16:47.570 [Thread-3] INFO  org.cpswt.hla.FederationManager - Current_time = 47.0 and step = 1.0 and requested_time = 48.0
17:16:47.617 [Thread-3] INFO  org.cpswt.hla.FederationManager - Current_time = 48.0 and step = 1.0 and requested_time = 49.0
17:16:47.668 [Thread-3] INFO  org.cpswt.hla.FederationManager - Current_time = 49.0 and step = 1.0 and requested_time = 50.0
17:16:47.718 [Thread-3] INFO  org.cpswt.hla.FederationManager - Federation manager current time = 50.0
17:16:47.719 [Thread-3] INFO  org.cpswt.hla.FederationManager - Current_time = 50.0 and step = 1.0 and requested_time = 51.0
17:16:47.778 [Thread-3] INFO  org.cpswt.hla.FederationManager - Current_time = 51.0 and step = 1.0 and requested_time = 52.0
17:16:47.833 [Thread-3] INFO  org.cpswt.hla.FederationManager - Current_time = 52.0 and step = 1.0 and requested_time = 53.0
17:16:47.879 [Thread-3] INFO  org.cpswt.hla.FederationManager - Current_time = 53.0 and step = 1.0 and requested_time = 54.0
17:16:47.928 [Thread-3] INFO  org.cpswt.hla.FederationManager - Current_time = 54.0 and step = 1.0 and requested_time = 55.0
17:16:47.979 [Thread-3] INFO  org.cpswt.hla.FederationManager - Current_time = 55.0 and step = 1.0 and requested_time = 56.0
17:16:48.027 [Thread-3] INFO  org.cpswt.hla.FederationManager - Current_time = 56.0 and step = 1.0 and requested_time = 57.0
17:16:48.078 [Thread-3] INFO  org.cpswt.hla.FederationManager - Current_time = 57.0 and step = 1.0 and requested_time = 58.0
17:16:48.128 [Thread-3] INFO  org.cpswt.hla.FederationManager - Current_time = 58.0 and step = 1.0 and requested_time = 59.0
17:16:48.181 [Thread-3] INFO  org.cpswt.hla.FederationManager - Current_time = 59.0 and step = 1.0 and requested_time = 60.0
17:16:48.232 [Thread-3] INFO  org.cpswt.hla.FederationManager - Federation manager current time = 60.0
17:16:48.232 [Thread-3] INFO  org.cpswt.hla.FederationManager - Current_time = 60.0 and step = 1.0 and requested_time = 61.0
17:16:48.283 [Thread-3] INFO  org.cpswt.hla.FederationManager - Current_time = 61.0 and step = 1.0 and requested_time = 62.0
17:16:48.333 [Thread-3] INFO  org.cpswt.hla.FederationManager - Current_time = 62.0 and step = 1.0 and requested_time = 63.0
17:16:48.384 [Thread-3] INFO  org.cpswt.hla.FederationManager - Current_time = 63.0 and step = 1.0 and requested_time = 64.0
17:16:48.441 [Thread-3] INFO  org.cpswt.hla.FederationManager - Current_time = 64.0 and step = 1.0 and requested_time = 65.0
17:16:48.489 [Thread-3] INFO  org.cpswt.hla.FederationManager - Current_time = 65.0 and step = 1.0 and requested_time = 66.0
17:16:48.539 [Thread-3] INFO  org.cpswt.hla.FederationManager - Current_time = 66.0 and step = 1.0 and requested_time = 67.0
17:16:48.590 [Thread-3] INFO  org.cpswt.hla.FederationManager - Current_time = 67.0 and step = 1.0 and requested_time = 68.0
17:16:48.640 [Thread-3] INFO  org.cpswt.hla.FederationManager - Current_time = 68.0 and step = 1.0 and requested_time = 69.0
17:16:48.691 [Thread-3] INFO  org.cpswt.hla.FederationManager - Current_time = 69.0 and step = 1.0 and requested_time = 70.0
17:16:48.740 [Thread-3] INFO  org.cpswt.hla.FederationManager - Federation manager current time = 70.0
17:16:48.741 [Thread-3] INFO  org.cpswt.hla.FederationManager - Current_time = 70.0 and step = 1.0 and requested_time = 71.0
17:16:48.791 [Thread-3] INFO  org.cpswt.hla.FederationManager - Current_time = 71.0 and step = 1.0 and requested_time = 72.0
17:16:48.845 [Thread-3] INFO  org.cpswt.hla.FederationManager - Current_time = 72.0 and step = 1.0 and requested_time = 73.0
17:16:48.901 [Thread-3] INFO  org.cpswt.hla.FederationManager - Current_time = 73.0 and step = 1.0 and requested_time = 74.0
17:16:48.947 [Thread-3] INFO  org.cpswt.hla.FederationManager - Current_time = 74.0 and step = 1.0 and requested_time = 75.0
17:16:49.001 [Thread-3] INFO  org.cpswt.hla.FederationManager - Current_time = 75.0 and step = 1.0 and requested_time = 76.0
17:16:49.049 [Thread-3] INFO  org.cpswt.hla.FederationManager - Current_time = 76.0 and step = 1.0 and requested_time = 77.0
17:16:49.094 [Thread-3] INFO  org.cpswt.hla.FederationManager - Current_time = 77.0 and step = 1.0 and requested_time = 78.0
17:16:49.145 [Thread-3] INFO  org.cpswt.hla.FederationManager - Current_time = 78.0 and step = 1.0 and requested_time = 79.0
17:16:49.194 [Thread-3] INFO  org.cpswt.hla.FederationManager - Current_time = 79.0 and step = 1.0 and requested_time = 80.0
17:16:49.242 [Thread-3] INFO  org.cpswt.hla.FederationManager - Federation manager current time = 80.0
17:16:49.242 [Thread-3] INFO  org.cpswt.hla.FederationManager - Current_time = 80.0 and step = 1.0 and requested_time = 81.0
17:16:49.294 [Thread-3] INFO  org.cpswt.hla.FederationManager - Current_time = 81.0 and step = 1.0 and requested_time = 82.0
17:16:49.341 [Thread-3] INFO  org.cpswt.hla.FederationManager - Current_time = 82.0 and step = 1.0 and requested_time = 83.0
17:16:49.393 [Thread-3] INFO  org.cpswt.hla.FederationManager - Current_time = 83.0 and step = 1.0 and requested_time = 84.0
17:16:49.443 [Thread-3] INFO  org.cpswt.hla.FederationManager - Current_time = 84.0 and step = 1.0 and requested_time = 85.0
17:16:49.492 [Thread-3] INFO  org.cpswt.hla.FederationManager - Current_time = 85.0 and step = 1.0 and requested_time = 86.0
17:16:49.539 [Thread-3] INFO  org.cpswt.hla.FederationManager - Current_time = 86.0 and step = 1.0 and requested_time = 87.0
17:16:49.589 [Thread-3] INFO  org.cpswt.hla.FederationManager - Current_time = 87.0 and step = 1.0 and requested_time = 88.0
17:16:49.642 [Thread-3] INFO  org.cpswt.hla.FederationManager - Current_time = 88.0 and step = 1.0 and requested_time = 89.0
17:16:49.697 [Thread-3] INFO  org.cpswt.hla.FederationManager - Current_time = 89.0 and step = 1.0 and requested_time = 90.0
17:16:49.745 [Thread-3] INFO  org.cpswt.hla.FederationManager - Federation manager current time = 90.0
17:16:49.746 [Thread-3] INFO  org.cpswt.hla.FederationManager - Current_time = 90.0 and step = 1.0 and requested_time = 91.0
17:16:49.800 [Thread-3] INFO  org.cpswt.hla.FederationManager - Current_time = 91.0 and step = 1.0 and requested_time = 92.0
17:16:49.850 [Thread-3] INFO  org.cpswt.hla.FederationManager - Current_time = 92.0 and step = 1.0 and requested_time = 93.0
17:16:49.896 [Thread-3] INFO  org.cpswt.hla.FederationManager - Current_time = 93.0 and step = 1.0 and requested_time = 94.0
17:16:49.941 [Thread-3] INFO  org.cpswt.hla.FederationManager - Current_time = 94.0 and step = 1.0 and requested_time = 95.0
17:16:49.994 [Thread-3] INFO  org.cpswt.hla.FederationManager - Current_time = 95.0 and step = 1.0 and requested_time = 96.0
17:16:50.041 [Thread-3] INFO  org.cpswt.hla.FederationManager - Current_time = 96.0 and step = 1.0 and requested_time = 97.0
17:16:50.090 [Thread-3] INFO  org.cpswt.hla.FederationManager - Current_time = 97.0 and step = 1.0 and requested_time = 98.0
17:16:50.151 [Thread-3] INFO  org.cpswt.hla.FederationManager - Current_time = 98.0 and step = 1.0 and requested_time = 99.0
17:16:50.230 [Thread-3] INFO  org.cpswt.hla.FederationManager - Current_time = 99.0 and step = 1.0 and requested_time = 100.0
17:16:50.280 [Thread-3] INFO  org.cpswt.hla.FederationManager - Federation manager current time = 100.0
17:16:50.280 [Thread-3] INFO  org.cpswt.hla.FederationManager - Current_time = 100.0 and step = 1.0 and requested_time = 101.0
17:16:50.325 [Thread-3] INFO  org.cpswt.hla.FederationManager - Current_time = 101.0 and step = 1.0 and requested_time = 102.0
17:16:50.377 [Thread-3] INFO  org.cpswt.hla.FederationManager - Current_time = 102.0 and step = 1.0 and requested_time = 103.0
17:16:50.427 [Thread-3] INFO  org.cpswt.hla.FederationManager - Current_time = 103.0 and step = 1.0 and requested_time = 104.0
17:16:50.479 [Thread-3] INFO  org.cpswt.hla.FederationManager - Current_time = 104.0 and step = 1.0 and requested_time = 105.0
17:16:50.529 [Thread-3] INFO  org.cpswt.hla.FederationManager - Current_time = 105.0 and step = 1.0 and requested_time = 106.0
17:16:50.587 [Thread-3] INFO  org.cpswt.hla.FederationManager - Current_time = 106.0 and step = 1.0 and requested_time = 107.0
17:16:50.637 [Thread-3] INFO  org.cpswt.hla.FederationManager - Current_time = 107.0 and step = 1.0 and requested_time = 108.0
17:16:50.689 [Thread-3] INFO  org.cpswt.hla.FederationManager - Current_time = 108.0 and step = 1.0 and requested_time = 109.0
17:16:50.735 [Thread-3] INFO  org.cpswt.hla.FederationManager - Current_time = 109.0 and step = 1.0 and requested_time = 110.0
17:16:50.783 [Thread-3] INFO  org.cpswt.hla.FederationManager - Federation manager current time = 110.0
17:16:50.783 [Thread-3] INFO  org.cpswt.hla.FederationManager - Current_time = 110.0 and step = 1.0 and requested_time = 111.0
17:16:50.832 [Thread-3] INFO  org.cpswt.hla.FederationManager - Current_time = 111.0 and step = 1.0 and requested_time = 112.0
17:16:50.883 [Thread-3] INFO  org.cpswt.hla.FederationManager - Current_time = 112.0 and step = 1.0 and requested_time = 113.0
17:16:50.943 [Thread-3] INFO  org.cpswt.hla.FederationManager - Current_time = 113.0 and step = 1.0 and requested_time = 114.0
17:16:50.992 [Thread-3] INFO  org.cpswt.hla.FederationManager - Current_time = 114.0 and step = 1.0 and requested_time = 115.0
17:16:51.038 [Thread-3] INFO  org.cpswt.hla.FederationManager - Current_time = 115.0 and step = 1.0 and requested_time = 116.0
17:16:51.087 [Thread-3] INFO  org.cpswt.hla.FederationManager - Current_time = 116.0 and step = 1.0 and requested_time = 117.0
17:16:51.134 [Thread-3] INFO  org.cpswt.hla.FederationManager - Current_time = 117.0 and step = 1.0 and requested_time = 118.0
17:16:51.198 [Thread-3] INFO  org.cpswt.hla.FederationManager - Current_time = 118.0 and step = 1.0 and requested_time = 119.0
17:16:51.245 [Thread-3] INFO  org.cpswt.hla.FederationManager - Current_time = 119.0 and step = 1.0 and requested_time = 120.0
17:16:51.304 [Thread-3] INFO  org.cpswt.hla.FederationManager - Federation manager current time = 120.0
17:16:51.304 [Thread-3] INFO  org.cpswt.hla.FederationManager - Current_time = 120.0 and step = 1.0 and requested_time = 121.0
17:16:51.353 [Thread-3] INFO  org.cpswt.hla.FederationManager - Current_time = 121.0 and step = 1.0 and requested_time = 122.0
17:16:51.404 [Thread-3] INFO  org.cpswt.hla.FederationManager - Current_time = 122.0 and step = 1.0 and requested_time = 123.0
17:16:51.454 [Thread-3] INFO  org.cpswt.hla.FederationManager - Current_time = 123.0 and step = 1.0 and requested_time = 124.0
17:16:51.505 [Thread-3] INFO  org.cpswt.hla.FederationManager - Current_time = 124.0 and step = 1.0 and requested_time = 125.0
17:16:51.555 [Thread-3] INFO  org.cpswt.hla.FederationManager - Current_time = 125.0 and step = 1.0 and requested_time = 126.0
17:16:51.608 [Thread-3] INFO  org.cpswt.hla.FederationManager - Current_time = 126.0 and step = 1.0 and requested_time = 127.0
17:16:51.656 [Thread-3] INFO  org.cpswt.hla.FederationManager - Current_time = 127.0 and step = 1.0 and requested_time = 128.0
17:16:51.707 [Thread-3] INFO  org.cpswt.hla.FederationManager - Current_time = 128.0 and step = 1.0 and requested_time = 129.0
17:16:51.767 [Thread-3] INFO  org.cpswt.hla.FederationManager - Current_time = 129.0 and step = 1.0 and requested_time = 130.0
17:16:51.817 [Thread-3] INFO  org.cpswt.hla.FederationManager - Federation manager current time = 130.0
17:16:51.818 [Thread-3] INFO  org.cpswt.hla.FederationManager - Current_time = 130.0 and step = 1.0 and requested_time = 131.0
17:16:51.863 [Thread-3] INFO  org.cpswt.hla.FederationManager - Current_time = 131.0 and step = 1.0 and requested_time = 132.0
17:16:51.914 [Thread-3] INFO  org.cpswt.hla.FederationManager - Current_time = 132.0 and step = 1.0 and requested_time = 133.0
17:16:51.964 [Thread-3] INFO  org.cpswt.hla.FederationManager - Current_time = 133.0 and step = 1.0 and requested_time = 134.0
17:16:52.017 [Thread-3] INFO  org.cpswt.hla.FederationManager - Current_time = 134.0 and step = 1.0 and requested_time = 135.0
17:16:52.064 [Thread-3] INFO  org.cpswt.hla.FederationManager - Current_time = 135.0 and step = 1.0 and requested_time = 136.0
17:16:52.115 [Thread-3] INFO  org.cpswt.hla.FederationManager - Current_time = 136.0 and step = 1.0 and requested_time = 137.0
17:16:52.164 [Thread-3] INFO  org.cpswt.hla.FederationManager - Current_time = 137.0 and step = 1.0 and requested_time = 138.0
17:16:52.211 [Thread-3] INFO  org.cpswt.hla.FederationManager - Current_time = 138.0 and step = 1.0 and requested_time = 139.0
17:16:52.263 [Thread-3] INFO  org.cpswt.hla.FederationManager - Current_time = 139.0 and step = 1.0 and requested_time = 140.0
17:16:52.314 [Thread-3] INFO  org.cpswt.hla.FederationManager - Federation manager current time = 140.0
17:16:52.314 [Thread-3] INFO  org.cpswt.hla.FederationManager - Current_time = 140.0 and step = 1.0 and requested_time = 141.0
17:16:52.366 [Thread-3] INFO  org.cpswt.hla.FederationManager - Current_time = 141.0 and step = 1.0 and requested_time = 142.0
17:16:52.420 [Thread-3] INFO  org.cpswt.hla.FederationManager - Current_time = 142.0 and step = 1.0 and requested_time = 143.0
17:16:52.474 [Thread-3] INFO  org.cpswt.hla.FederationManager - Current_time = 143.0 and step = 1.0 and requested_time = 144.0
17:16:52.520 [Thread-3] INFO  org.cpswt.hla.FederationManager - Current_time = 144.0 and step = 1.0 and requested_time = 145.0
17:16:52.571 [Thread-3] INFO  org.cpswt.hla.FederationManager - Current_time = 145.0 and step = 1.0 and requested_time = 146.0
17:16:52.613 [Thread-3] INFO  org.cpswt.hla.FederationManager - Current_time = 146.0 and step = 1.0 and requested_time = 147.0
17:16:52.664 [Thread-3] INFO  org.cpswt.hla.FederationManager - Current_time = 147.0 and step = 1.0 and requested_time = 148.0
17:16:52.711 [Thread-3] INFO  org.cpswt.hla.FederationManager - Current_time = 148.0 and step = 1.0 and requested_time = 149.0
17:16:52.762 [Thread-3] INFO  org.cpswt.hla.FederationManager - Current_time = 149.0 and step = 1.0 and requested_time = 150.0
17:16:52.827 [Thread-3] INFO  org.cpswt.hla.FederationManager - Federation manager current time = 150.0
17:16:52.827 [Thread-3] INFO  org.cpswt.hla.FederationManager - Current_time = 150.0 and step = 1.0 and requested_time = 151.0
17:16:52.875 [Thread-3] INFO  org.cpswt.hla.FederationManager - Current_time = 151.0 and step = 1.0 and requested_time = 152.0
17:16:52.920 [Thread-3] INFO  org.cpswt.hla.FederationManager - Current_time = 152.0 and step = 1.0 and requested_time = 153.0
17:16:52.968 [Thread-3] INFO  org.cpswt.hla.FederationManager - Current_time = 153.0 and step = 1.0 and requested_time = 154.0
17:16:53.018 [Thread-3] INFO  org.cpswt.hla.FederationManager - Current_time = 154.0 and step = 1.0 and requested_time = 155.0
17:16:53.070 [Thread-3] INFO  org.cpswt.hla.FederationManager - Current_time = 155.0 and step = 1.0 and requested_time = 156.0
17:16:53.122 [Thread-3] INFO  org.cpswt.hla.FederationManager - Current_time = 156.0 and step = 1.0 and requested_time = 157.0
17:16:53.185 [Thread-3] INFO  org.cpswt.hla.FederationManager - Current_time = 157.0 and step = 1.0 and requested_time = 158.0
17:16:53.228 [Thread-3] INFO  org.cpswt.hla.FederationManager - Current_time = 158.0 and step = 1.0 and requested_time = 159.0
17:16:53.277 [Thread-3] INFO  org.cpswt.hla.FederationManager - Current_time = 159.0 and step = 1.0 and requested_time = 160.0
17:16:53.325 [Thread-3] INFO  org.cpswt.hla.FederationManager - Federation manager current time = 160.0
17:16:53.326 [Thread-3] INFO  org.cpswt.hla.FederationManager - Current_time = 160.0 and step = 1.0 and requested_time = 161.0
17:16:53.378 [Thread-3] INFO  org.cpswt.hla.FederationManager - Current_time = 161.0 and step = 1.0 and requested_time = 162.0
17:16:53.429 [Thread-3] INFO  org.cpswt.hla.FederationManager - Current_time = 162.0 and step = 1.0 and requested_time = 163.0
17:16:53.480 [Thread-3] INFO  org.cpswt.hla.FederationManager - Current_time = 163.0 and step = 1.0 and requested_time = 164.0
17:16:53.524 [Thread-3] INFO  org.cpswt.hla.FederationManager - Current_time = 164.0 and step = 1.0 and requested_time = 165.0
17:16:53.574 [Thread-3] INFO  org.cpswt.hla.FederationManager - Current_time = 165.0 and step = 1.0 and requested_time = 166.0
17:16:53.624 [Thread-3] INFO  org.cpswt.hla.FederationManager - Current_time = 166.0 and step = 1.0 and requested_time = 167.0
17:16:53.677 [Thread-3] INFO  org.cpswt.hla.FederationManager - Current_time = 167.0 and step = 1.0 and requested_time = 168.0
17:16:53.727 [Thread-3] INFO  org.cpswt.hla.FederationManager - Current_time = 168.0 and step = 1.0 and requested_time = 169.0
17:16:53.777 [Thread-3] INFO  org.cpswt.hla.FederationManager - Current_time = 169.0 and step = 1.0 and requested_time = 170.0
17:16:53.826 [Thread-3] INFO  org.cpswt.hla.FederationManager - Federation manager current time = 170.0
17:16:53.826 [Thread-3] INFO  org.cpswt.hla.FederationManager - Current_time = 170.0 and step = 1.0 and requested_time = 171.0
17:16:53.878 [Thread-3] INFO  org.cpswt.hla.FederationManager - Current_time = 171.0 and step = 1.0 and requested_time = 172.0
17:16:53.924 [Thread-3] INFO  org.cpswt.hla.FederationManager - Current_time = 172.0 and step = 1.0 and requested_time = 173.0
17:16:53.976 [Thread-3] INFO  org.cpswt.hla.FederationManager - Current_time = 173.0 and step = 1.0 and requested_time = 174.0
17:16:54.029 [Thread-3] INFO  org.cpswt.hla.FederationManager - Current_time = 174.0 and step = 1.0 and requested_time = 175.0
17:16:54.079 [Thread-3] INFO  org.cpswt.hla.FederationManager - Current_time = 175.0 and step = 1.0 and requested_time = 176.0
17:16:54.133 [Thread-3] INFO  org.cpswt.hla.FederationManager - Current_time = 176.0 and step = 1.0 and requested_time = 177.0
17:16:54.179 [Thread-3] INFO  org.cpswt.hla.FederationManager - Current_time = 177.0 and step = 1.0 and requested_time = 178.0
17:16:54.230 [Thread-3] INFO  org.cpswt.hla.FederationManager - Current_time = 178.0 and step = 1.0 and requested_time = 179.0
17:16:54.280 [Thread-3] INFO  org.cpswt.hla.FederationManager - Current_time = 179.0 and step = 1.0 and requested_time = 180.0
17:16:54.330 [Thread-3] INFO  org.cpswt.hla.FederationManager - Federation manager current time = 180.0
17:16:54.330 [Thread-3] INFO  org.cpswt.hla.FederationManager - Current_time = 180.0 and step = 1.0 and requested_time = 181.0
17:16:54.380 [Thread-3] INFO  org.cpswt.hla.FederationManager - Current_time = 181.0 and step = 1.0 and requested_time = 182.0
17:16:54.426 [Thread-3] INFO  org.cpswt.hla.FederationManager - Current_time = 182.0 and step = 1.0 and requested_time = 183.0
17:16:54.477 [Thread-3] INFO  org.cpswt.hla.FederationManager - Current_time = 183.0 and step = 1.0 and requested_time = 184.0
17:16:54.537 [Thread-3] INFO  org.cpswt.hla.FederationManager - Current_time = 184.0 and step = 1.0 and requested_time = 185.0
17:16:54.601 [Thread-3] INFO  org.cpswt.hla.FederationManager - Current_time = 185.0 and step = 1.0 and requested_time = 186.0
17:16:54.652 [Thread-3] INFO  org.cpswt.hla.FederationManager - Current_time = 186.0 and step = 1.0 and requested_time = 187.0
17:16:54.708 [Thread-3] INFO  org.cpswt.hla.FederationManager - Current_time = 187.0 and step = 1.0 and requested_time = 188.0
17:16:54.761 [Thread-3] INFO  org.cpswt.hla.FederationManager - Current_time = 188.0 and step = 1.0 and requested_time = 189.0
17:16:54.813 [Thread-3] INFO  org.cpswt.hla.FederationManager - Current_time = 189.0 and step = 1.0 and requested_time = 190.0
17:16:54.860 [Thread-3] INFO  org.cpswt.hla.FederationManager - Federation manager current time = 190.0
17:16:54.860 [Thread-3] INFO  org.cpswt.hla.FederationManager - Current_time = 190.0 and step = 1.0 and requested_time = 191.0
17:16:54.912 [Thread-3] INFO  org.cpswt.hla.FederationManager - Current_time = 191.0 and step = 1.0 and requested_time = 192.0
17:16:54.968 [Thread-3] INFO  org.cpswt.hla.FederationManager - Current_time = 192.0 and step = 1.0 and requested_time = 193.0
17:16:55.015 [Thread-3] INFO  org.cpswt.hla.FederationManager - Current_time = 193.0 and step = 1.0 and requested_time = 194.0
17:16:55.065 [Thread-3] INFO  org.cpswt.hla.FederationManager - Current_time = 194.0 and step = 1.0 and requested_time = 195.0
17:16:55.125 [Thread-3] INFO  org.cpswt.hla.FederationManager - Current_time = 195.0 and step = 1.0 and requested_time = 196.0
17:16:55.176 [Thread-3] INFO  org.cpswt.hla.FederationManager - Current_time = 196.0 and step = 1.0 and requested_time = 197.0
17:16:55.227 [Thread-3] INFO  org.cpswt.hla.FederationManager - Current_time = 197.0 and step = 1.0 and requested_time = 198.0
17:16:55.277 [Thread-3] INFO  org.cpswt.hla.FederationManager - Current_time = 198.0 and step = 1.0 and requested_time = 199.0
17:16:55.325 [Thread-3] INFO  org.cpswt.hla.FederationManager - Current_time = 199.0 and step = 1.0 and requested_time = 200.0
17:16:55.378 [Thread-3] INFO  org.cpswt.hla.FederationManager - Federation manager current time = 200.0
17:16:55.378 [Thread-3] INFO  org.cpswt.hla.FederationManager - Current_time = 200.0 and step = 1.0 and requested_time = 201.0
17:16:55.435 [Thread-3] INFO  org.cpswt.hla.FederationManager - Current_time = 201.0 and step = 1.0 and requested_time = 202.0
17:16:55.489 [Thread-3] INFO  org.cpswt.hla.FederationManager - Current_time = 202.0 and step = 1.0 and requested_time = 203.0
17:16:55.540 [Thread-3] INFO  org.cpswt.hla.FederationManager - Current_time = 203.0 and step = 1.0 and requested_time = 204.0
17:16:55.589 [Thread-3] INFO  org.cpswt.hla.FederationManager - Current_time = 204.0 and step = 1.0 and requested_time = 205.0
17:16:55.641 [Thread-3] INFO  org.cpswt.hla.FederationManager - Current_time = 205.0 and step = 1.0 and requested_time = 206.0
17:16:55.690 [Thread-3] INFO  org.cpswt.hla.FederationManager - Current_time = 206.0 and step = 1.0 and requested_time = 207.0
17:16:55.740 [Thread-3] INFO  org.cpswt.hla.FederationManager - Current_time = 207.0 and step = 1.0 and requested_time = 208.0
17:16:55.791 [Thread-3] INFO  org.cpswt.hla.FederationManager - Current_time = 208.0 and step = 1.0 and requested_time = 209.0
17:16:55.844 [Thread-3] INFO  org.cpswt.hla.FederationManager - Current_time = 209.0 and step = 1.0 and requested_time = 210.0
17:16:55.894 [Thread-3] INFO  org.cpswt.hla.FederationManager - Federation manager current time = 210.0
17:16:55.894 [Thread-3] INFO  org.cpswt.hla.FederationManager - Current_time = 210.0 and step = 1.0 and requested_time = 211.0
17:16:55.944 [Thread-3] INFO  org.cpswt.hla.FederationManager - Current_time = 211.0 and step = 1.0 and requested_time = 212.0
17:16:55.995 [Thread-3] INFO  org.cpswt.hla.FederationManager - Current_time = 212.0 and step = 1.0 and requested_time = 213.0
17:16:56.046 [Thread-3] INFO  org.cpswt.hla.FederationManager - Current_time = 213.0 and step = 1.0 and requested_time = 214.0
17:16:56.097 [Thread-3] INFO  org.cpswt.hla.FederationManager - Current_time = 214.0 and step = 1.0 and requested_time = 215.0
17:16:56.148 [Thread-3] INFO  org.cpswt.hla.FederationManager - Current_time = 215.0 and step = 1.0 and requested_time = 216.0
17:16:56.198 [Thread-3] INFO  org.cpswt.hla.FederationManager - Current_time = 216.0 and step = 1.0 and requested_time = 217.0
17:16:56.250 [Thread-3] INFO  org.cpswt.hla.FederationManager - Current_time = 217.0 and step = 1.0 and requested_time = 218.0
17:16:56.300 [Thread-3] INFO  org.cpswt.hla.FederationManager - Current_time = 218.0 and step = 1.0 and requested_time = 219.0
17:16:56.350 [Thread-3] INFO  org.cpswt.hla.FederationManager - Current_time = 219.0 and step = 1.0 and requested_time = 220.0
17:16:56.403 [Thread-3] INFO  org.cpswt.hla.FederationManager - Federation manager current time = 220.0
17:16:56.404 [Thread-3] INFO  org.cpswt.hla.FederationManager - Current_time = 220.0 and step = 1.0 and requested_time = 221.0
17:16:56.451 [Thread-3] INFO  org.cpswt.hla.FederationManager - Current_time = 221.0 and step = 1.0 and requested_time = 222.0
17:16:56.503 [Thread-3] INFO  org.cpswt.hla.FederationManager - Current_time = 222.0 and step = 1.0 and requested_time = 223.0
17:16:56.553 [Thread-3] INFO  org.cpswt.hla.FederationManager - Current_time = 223.0 and step = 1.0 and requested_time = 224.0
17:16:56.607 [Thread-3] INFO  org.cpswt.hla.FederationManager - Current_time = 224.0 and step = 1.0 and requested_time = 225.0
17:16:56.657 [Thread-3] INFO  org.cpswt.hla.FederationManager - Current_time = 225.0 and step = 1.0 and requested_time = 226.0
17:16:56.708 [Thread-3] INFO  org.cpswt.hla.FederationManager - Current_time = 226.0 and step = 1.0 and requested_time = 227.0
17:16:56.756 [Thread-3] INFO  org.cpswt.hla.FederationManager - Current_time = 227.0 and step = 1.0 and requested_time = 228.0
17:16:56.814 [Thread-3] INFO  org.cpswt.hla.FederationManager - Current_time = 228.0 and step = 1.0 and requested_time = 229.0
17:16:56.878 [Thread-3] INFO  org.cpswt.hla.FederationManager - Current_time = 229.0 and step = 1.0 and requested_time = 230.0
17:16:56.931 [Thread-3] INFO  org.cpswt.hla.FederationManager - Federation manager current time = 230.0
17:16:56.931 [Thread-3] INFO  org.cpswt.hla.FederationManager - Current_time = 230.0 and step = 1.0 and requested_time = 231.0
17:16:56.983 [Thread-3] INFO  org.cpswt.hla.FederationManager - Current_time = 231.0 and step = 1.0 and requested_time = 232.0
17:16:57.033 [Thread-3] INFO  org.cpswt.hla.FederationManager - Current_time = 232.0 and step = 1.0 and requested_time = 233.0
17:16:57.085 [Thread-3] INFO  org.cpswt.hla.FederationManager - Current_time = 233.0 and step = 1.0 and requested_time = 234.0
17:16:57.131 [Thread-3] INFO  org.cpswt.hla.FederationManager - Current_time = 234.0 and step = 1.0 and requested_time = 235.0
17:16:57.187 [Thread-3] INFO  org.cpswt.hla.FederationManager - Current_time = 235.0 and step = 1.0 and requested_time = 236.0
17:16:57.239 [Thread-3] INFO  org.cpswt.hla.FederationManager - Current_time = 236.0 and step = 1.0 and requested_time = 237.0
17:16:57.304 [Thread-3] INFO  org.cpswt.hla.FederationManager - Current_time = 237.0 and step = 1.0 and requested_time = 238.0
17:16:57.355 [Thread-3] INFO  org.cpswt.hla.FederationManager - Current_time = 238.0 and step = 1.0 and requested_time = 239.0
17:16:57.411 [Thread-3] INFO  org.cpswt.hla.FederationManager - Current_time = 239.0 and step = 1.0 and requested_time = 240.0
17:16:57.464 [Thread-3] INFO  org.cpswt.hla.FederationManager - Federation manager current time = 240.0
17:16:57.464 [Thread-3] INFO  org.cpswt.hla.FederationManager - Current_time = 240.0 and step = 1.0 and requested_time = 241.0
17:16:57.515 [Thread-3] INFO  org.cpswt.hla.FederationManager - Current_time = 241.0 and step = 1.0 and requested_time = 242.0
17:16:57.570 [Thread-3] INFO  org.cpswt.hla.FederationManager - Current_time = 242.0 and step = 1.0 and requested_time = 243.0
17:16:57.618 [Thread-3] INFO  org.cpswt.hla.FederationManager - Current_time = 243.0 and step = 1.0 and requested_time = 244.0
17:16:57.668 [Thread-3] INFO  org.cpswt.hla.FederationManager - Current_time = 244.0 and step = 1.0 and requested_time = 245.0
17:16:57.725 [Thread-3] INFO  org.cpswt.hla.FederationManager - Current_time = 245.0 and step = 1.0 and requested_time = 246.0
17:16:57.775 [Thread-3] INFO  org.cpswt.hla.FederationManager - Current_time = 246.0 and step = 1.0 and requested_time = 247.0
17:16:57.842 [Thread-3] INFO  org.cpswt.hla.FederationManager - Current_time = 247.0 and step = 1.0 and requested_time = 248.0
17:16:57.893 [Thread-3] INFO  org.cpswt.hla.FederationManager - Current_time = 248.0 and step = 1.0 and requested_time = 249.0
17:16:57.944 [Thread-3] INFO  org.cpswt.hla.FederationManager - Current_time = 249.0 and step = 1.0 and requested_time = 250.0
17:16:57.994 [Thread-3] INFO  org.cpswt.hla.FederationManager - Federation manager current time = 250.0
17:16:57.995 [Thread-3] INFO  org.cpswt.hla.FederationManager - Current_time = 250.0 and step = 1.0 and requested_time = 251.0
17:16:58.044 [Thread-3] INFO  org.cpswt.hla.FederationManager - Current_time = 251.0 and step = 1.0 and requested_time = 252.0
17:16:58.102 [Thread-3] INFO  org.cpswt.hla.FederationManager - Current_time = 252.0 and step = 1.0 and requested_time = 253.0
17:16:58.146 [Thread-3] INFO  org.cpswt.hla.FederationManager - Current_time = 253.0 and step = 1.0 and requested_time = 254.0
17:16:58.206 [Thread-3] INFO  org.cpswt.hla.FederationManager - Current_time = 254.0 and step = 1.0 and requested_time = 255.0
17:16:58.257 [Thread-3] INFO  org.cpswt.hla.FederationManager - Current_time = 255.0 and step = 1.0 and requested_time = 256.0
17:16:58.311 [Thread-3] INFO  org.cpswt.hla.FederationManager - Current_time = 256.0 and step = 1.0 and requested_time = 257.0
17:16:58.362 [Thread-3] INFO  org.cpswt.hla.FederationManager - Current_time = 257.0 and step = 1.0 and requested_time = 258.0
17:16:58.411 [Thread-3] INFO  org.cpswt.hla.FederationManager - Current_time = 258.0 and step = 1.0 and requested_time = 259.0
17:16:58.462 [Thread-3] INFO  org.cpswt.hla.FederationManager - Current_time = 259.0 and step = 1.0 and requested_time = 260.0
17:16:58.507 [Thread-3] INFO  org.cpswt.hla.FederationManager - Federation manager current time = 260.0
17:16:58.510 [Thread-3] INFO  org.cpswt.hla.FederationManager - Current_time = 260.0 and step = 1.0 and requested_time = 261.0
17:16:58.562 [Thread-3] INFO  org.cpswt.hla.FederationManager - Current_time = 261.0 and step = 1.0 and requested_time = 262.0
17:16:58.613 [Thread-3] INFO  org.cpswt.hla.FederationManager - Current_time = 262.0 and step = 1.0 and requested_time = 263.0
17:16:58.669 [Thread-3] INFO  org.cpswt.hla.FederationManager - Current_time = 263.0 and step = 1.0 and requested_time = 264.0
17:16:58.721 [Thread-3] INFO  org.cpswt.hla.FederationManager - Current_time = 264.0 and step = 1.0 and requested_time = 265.0
17:16:58.770 [Thread-3] INFO  org.cpswt.hla.FederationManager - Current_time = 265.0 and step = 1.0 and requested_time = 266.0
17:16:58.836 [Thread-3] INFO  org.cpswt.hla.FederationManager - Current_time = 266.0 and step = 1.0 and requested_time = 267.0
17:16:58.888 [Thread-3] INFO  org.cpswt.hla.FederationManager - Current_time = 267.0 and step = 1.0 and requested_time = 268.0
17:16:58.942 [Thread-3] INFO  org.cpswt.hla.FederationManager - Current_time = 268.0 and step = 1.0 and requested_time = 269.0
17:16:58.994 [Thread-3] INFO  org.cpswt.hla.FederationManager - Current_time = 269.0 and step = 1.0 and requested_time = 270.0
17:16:59.041 [Thread-3] INFO  org.cpswt.hla.FederationManager - Federation manager current time = 270.0
17:16:59.042 [Thread-3] INFO  org.cpswt.hla.FederationManager - Current_time = 270.0 and step = 1.0 and requested_time = 271.0
17:16:59.105 [Thread-3] INFO  org.cpswt.hla.FederationManager - Current_time = 271.0 and step = 1.0 and requested_time = 272.0
17:16:59.150 [Thread-3] INFO  org.cpswt.hla.FederationManager - Current_time = 272.0 and step = 1.0 and requested_time = 273.0
17:16:59.206 [Thread-3] INFO  org.cpswt.hla.FederationManager - Current_time = 273.0 and step = 1.0 and requested_time = 274.0
17:16:59.257 [Thread-3] INFO  org.cpswt.hla.FederationManager - Current_time = 274.0 and step = 1.0 and requested_time = 275.0
17:16:59.298 [Thread-3] INFO  org.cpswt.hla.FederationManager - Current_time = 275.0 and step = 1.0 and requested_time = 276.0
17:16:59.355 [Thread-3] INFO  org.cpswt.hla.FederationManager - Current_time = 276.0 and step = 1.0 and requested_time = 277.0
17:16:59.406 [Thread-3] INFO  org.cpswt.hla.FederationManager - Current_time = 277.0 and step = 1.0 and requested_time = 278.0
17:16:59.458 [Thread-3] INFO  org.cpswt.hla.FederationManager - Current_time = 278.0 and step = 1.0 and requested_time = 279.0
17:16:59.508 [Thread-3] INFO  org.cpswt.hla.FederationManager - Current_time = 279.0 and step = 1.0 and requested_time = 280.0
17:16:59.558 [Thread-3] INFO  org.cpswt.hla.FederationManager - Federation manager current time = 280.0
17:16:59.558 [Thread-3] INFO  org.cpswt.hla.FederationManager - Current_time = 280.0 and step = 1.0 and requested_time = 281.0
17:16:59.613 [Thread-3] INFO  org.cpswt.hla.FederationManager - Current_time = 281.0 and step = 1.0 and requested_time = 282.0
17:16:59.662 [Thread-3] INFO  org.cpswt.hla.FederationManager - Current_time = 282.0 and step = 1.0 and requested_time = 283.0
17:16:59.713 [Thread-3] INFO  org.cpswt.hla.FederationManager - Current_time = 283.0 and step = 1.0 and requested_time = 284.0
17:16:59.763 [Thread-3] INFO  org.cpswt.hla.FederationManager - Current_time = 284.0 and step = 1.0 and requested_time = 285.0
17:16:59.822 [Thread-3] INFO  org.cpswt.hla.FederationManager - Current_time = 285.0 and step = 1.0 and requested_time = 286.0
17:16:59.885 [Thread-3] INFO  org.cpswt.hla.FederationManager - Current_time = 286.0 and step = 1.0 and requested_time = 287.0
17:16:59.938 [Thread-3] INFO  org.cpswt.hla.FederationManager - Current_time = 287.0 and step = 1.0 and requested_time = 288.0
17:16:59.993 [Thread-3] INFO  org.cpswt.hla.FederationManager - Current_time = 288.0 and step = 1.0 and requested_time = 289.0
17:17:00.056 [Thread-3] INFO  org.cpswt.hla.FederationManager - Current_time = 289.0 and step = 1.0 and requested_time = 290.0
17:17:00.110 [Thread-3] INFO  org.cpswt.hla.FederationManager - Federation manager current time = 290.0
17:17:00.114 [Thread-3] INFO  org.cpswt.hla.FederationManager - Current_time = 290.0 and step = 1.0 and requested_time = 291.0
17:17:00.172 [Thread-3] INFO  org.cpswt.hla.FederationManager - Current_time = 291.0 and step = 1.0 and requested_time = 292.0
17:17:00.228 [Thread-3] INFO  org.cpswt.hla.FederationManager - Current_time = 292.0 and step = 1.0 and requested_time = 293.0
17:17:00.276 [Thread-3] INFO  org.cpswt.hla.FederationManager - Current_time = 293.0 and step = 1.0 and requested_time = 294.0
17:17:00.324 [Thread-3] INFO  org.cpswt.hla.FederationManager - Current_time = 294.0 and step = 1.0 and requested_time = 295.0
17:17:00.390 [Thread-3] INFO  org.cpswt.hla.FederationManager - Current_time = 295.0 and step = 1.0 and requested_time = 296.0
17:17:00.437 [Thread-3] INFO  org.cpswt.hla.FederationManager - Current_time = 296.0 and step = 1.0 and requested_time = 297.0
17:17:00.486 [Thread-3] INFO  org.cpswt.hla.FederationManager - Current_time = 297.0 and step = 1.0 and requested_time = 298.0
17:17:00.534 [Thread-3] INFO  org.cpswt.hla.FederationManager - Current_time = 298.0 and step = 1.0 and requested_time = 299.0
17:17:00.582 [Thread-3] INFO  org.cpswt.hla.FederationManager - Current_time = 299.0 and step = 1.0 and requested_time = 300.0
17:17:00.631 [Thread-3] INFO  org.cpswt.hla.FederationManager - Federation manager current time = 300.0
17:17:00.632 [Thread-3] INFO  org.cpswt.hla.FederationManager - Current_time = 300.0 and step = 1.0 and requested_time = 301.0
17:17:00.689 [Thread-3] INFO  org.cpswt.hla.FederationManager - Current_time = 301.0 and step = 1.0 and requested_time = 302.0
17:17:00.750 [Thread-3] INFO  org.cpswt.hla.FederationManager - Current_time = 302.0 and step = 1.0 and requested_time = 303.0
17:17:00.800 [Thread-3] INFO  org.cpswt.hla.FederationManager - Current_time = 303.0 and step = 1.0 and requested_time = 304.0
17:17:00.852 [Thread-3] INFO  org.cpswt.hla.FederationManager - Current_time = 304.0 and step = 1.0 and requested_time = 305.0
17:17:00.899 [Thread-3] INFO  org.cpswt.hla.FederationManager - Current_time = 305.0 and step = 1.0 and requested_time = 306.0
17:17:00.950 [Thread-3] INFO  org.cpswt.hla.FederationManager - Current_time = 306.0 and step = 1.0 and requested_time = 307.0
17:17:01.001 [Thread-3] INFO  org.cpswt.hla.FederationManager - Current_time = 307.0 and step = 1.0 and requested_time = 308.0
17:17:01.050 [Thread-3] INFO  org.cpswt.hla.FederationManager - Current_time = 308.0 and step = 1.0 and requested_time = 309.0
17:17:01.098 [Thread-3] INFO  org.cpswt.hla.FederationManager - Current_time = 309.0 and step = 1.0 and requested_time = 310.0
17:17:01.144 [Thread-3] INFO  org.cpswt.hla.FederationManager - Federation manager current time = 310.0
17:17:01.144 [Thread-3] INFO  org.cpswt.hla.FederationManager - Current_time = 310.0 and step = 1.0 and requested_time = 311.0
17:17:01.189 [Thread-3] INFO  org.cpswt.hla.FederationManager - Current_time = 311.0 and step = 1.0 and requested_time = 312.0
17:17:01.241 [Thread-3] INFO  org.cpswt.hla.FederationManager - Current_time = 312.0 and step = 1.0 and requested_time = 313.0
17:17:01.295 [Thread-3] INFO  org.cpswt.hla.FederationManager - Current_time = 313.0 and step = 1.0 and requested_time = 314.0
17:17:01.343 [Thread-3] INFO  org.cpswt.hla.FederationManager - Current_time = 314.0 and step = 1.0 and requested_time = 315.0
17:17:01.395 [Thread-3] INFO  org.cpswt.hla.FederationManager - Current_time = 315.0 and step = 1.0 and requested_time = 316.0
17:17:01.449 [Thread-3] INFO  org.cpswt.hla.FederationManager - Current_time = 316.0 and step = 1.0 and requested_time = 317.0
17:17:01.498 [Thread-3] INFO  org.cpswt.hla.FederationManager - Current_time = 317.0 and step = 1.0 and requested_time = 318.0
17:17:01.544 [Thread-3] INFO  org.cpswt.hla.FederationManager - Current_time = 318.0 and step = 1.0 and requested_time = 319.0
17:17:01.604 [Thread-3] INFO  org.cpswt.hla.FederationManager - Current_time = 319.0 and step = 1.0 and requested_time = 320.0
17:17:01.660 [Thread-3] INFO  org.cpswt.hla.FederationManager - Federation manager current time = 320.0
17:17:01.660 [Thread-3] INFO  org.cpswt.hla.FederationManager - Current_time = 320.0 and step = 1.0 and requested_time = 321.0
17:17:01.718 [Thread-3] INFO  org.cpswt.hla.FederationManager - Current_time = 321.0 and step = 1.0 and requested_time = 322.0
17:17:01.767 [Thread-3] INFO  org.cpswt.hla.FederationManager - Current_time = 322.0 and step = 1.0 and requested_time = 323.0
17:17:01.820 [Thread-3] INFO  org.cpswt.hla.FederationManager - Current_time = 323.0 and step = 1.0 and requested_time = 324.0
17:17:01.886 [Thread-3] INFO  org.cpswt.hla.FederationManager - Current_time = 324.0 and step = 1.0 and requested_time = 325.0
17:17:01.927 [Thread-3] INFO  org.cpswt.hla.FederationManager - Current_time = 325.0 and step = 1.0 and requested_time = 326.0
17:17:01.979 [Thread-3] INFO  org.cpswt.hla.FederationManager - Current_time = 326.0 and step = 1.0 and requested_time = 327.0
17:17:02.034 [Thread-3] INFO  org.cpswt.hla.FederationManager - Current_time = 327.0 and step = 1.0 and requested_time = 328.0
17:17:02.088 [Thread-3] INFO  org.cpswt.hla.FederationManager - Current_time = 328.0 and step = 1.0 and requested_time = 329.0
17:17:02.139 [Thread-3] INFO  org.cpswt.hla.FederationManager - Current_time = 329.0 and step = 1.0 and requested_time = 330.0
17:17:02.184 [Thread-3] INFO  org.cpswt.hla.FederationManager - Federation manager current time = 330.0
17:17:02.184 [Thread-3] INFO  org.cpswt.hla.FederationManager - Current_time = 330.0 and step = 1.0 and requested_time = 331.0
17:17:02.235 [Thread-3] INFO  org.cpswt.hla.FederationManager - Current_time = 331.0 and step = 1.0 and requested_time = 332.0
17:17:02.286 [Thread-3] INFO  org.cpswt.hla.FederationManager - Current_time = 332.0 and step = 1.0 and requested_time = 333.0
17:17:02.331 [Thread-3] INFO  org.cpswt.hla.FederationManager - Current_time = 333.0 and step = 1.0 and requested_time = 334.0
17:17:02.382 [Thread-3] INFO  org.cpswt.hla.FederationManager - Current_time = 334.0 and step = 1.0 and requested_time = 335.0
17:17:02.432 [Thread-3] INFO  org.cpswt.hla.FederationManager - Current_time = 335.0 and step = 1.0 and requested_time = 336.0
17:17:02.482 [Thread-3] INFO  org.cpswt.hla.FederationManager - Current_time = 336.0 and step = 1.0 and requested_time = 337.0
17:17:02.529 [Thread-3] INFO  org.cpswt.hla.FederationManager - Current_time = 337.0 and step = 1.0 and requested_time = 338.0
17:17:02.581 [Thread-3] INFO  org.cpswt.hla.FederationManager - Current_time = 338.0 and step = 1.0 and requested_time = 339.0
17:17:02.638 [Thread-3] INFO  org.cpswt.hla.FederationManager - Current_time = 339.0 and step = 1.0 and requested_time = 340.0
17:17:02.691 [Thread-3] INFO  org.cpswt.hla.FederationManager - Federation manager current time = 340.0
17:17:02.691 [Thread-3] INFO  org.cpswt.hla.FederationManager - Current_time = 340.0 and step = 1.0 and requested_time = 341.0
17:17:02.752 [Thread-3] INFO  org.cpswt.hla.FederationManager - Current_time = 341.0 and step = 1.0 and requested_time = 342.0
17:17:02.804 [Thread-3] INFO  org.cpswt.hla.FederationManager - Current_time = 342.0 and step = 1.0 and requested_time = 343.0
17:17:02.856 [Thread-3] INFO  org.cpswt.hla.FederationManager - Current_time = 343.0 and step = 1.0 and requested_time = 344.0
17:17:02.909 [Thread-3] INFO  org.cpswt.hla.FederationManager - Current_time = 344.0 and step = 1.0 and requested_time = 345.0
17:17:02.956 [Thread-3] INFO  org.cpswt.hla.FederationManager - Current_time = 345.0 and step = 1.0 and requested_time = 346.0
17:17:03.009 [Thread-3] INFO  org.cpswt.hla.FederationManager - Current_time = 346.0 and step = 1.0 and requested_time = 347.0
17:17:03.058 [Thread-3] INFO  org.cpswt.hla.FederationManager - Current_time = 347.0 and step = 1.0 and requested_time = 348.0
17:17:03.105 [Thread-3] INFO  org.cpswt.hla.FederationManager - Current_time = 348.0 and step = 1.0 and requested_time = 349.0
17:17:03.159 [Thread-3] INFO  org.cpswt.hla.FederationManager - Current_time = 349.0 and step = 1.0 and requested_time = 350.0
17:17:03.206 [Thread-3] INFO  org.cpswt.hla.FederationManager - Federation manager current time = 350.0
17:17:03.206 [Thread-3] INFO  org.cpswt.hla.FederationManager - Current_time = 350.0 and step = 1.0 and requested_time = 351.0
17:17:03.257 [Thread-3] INFO  org.cpswt.hla.FederationManager - Current_time = 351.0 and step = 1.0 and requested_time = 352.0
17:17:03.308 [Thread-3] INFO  org.cpswt.hla.FederationManager - Current_time = 352.0 and step = 1.0 and requested_time = 353.0
17:17:03.366 [Thread-3] INFO  org.cpswt.hla.FederationManager - Current_time = 353.0 and step = 1.0 and requested_time = 354.0
17:17:03.415 [Thread-3] INFO  org.cpswt.hla.FederationManager - Current_time = 354.0 and step = 1.0 and requested_time = 355.0
17:17:03.469 [Thread-3] INFO  org.cpswt.hla.FederationManager - Current_time = 355.0 and step = 1.0 and requested_time = 356.0
17:17:03.518 [Thread-3] INFO  org.cpswt.hla.FederationManager - Current_time = 356.0 and step = 1.0 and requested_time = 357.0
17:17:03.569 [Thread-3] INFO  org.cpswt.hla.FederationManager - Current_time = 357.0 and step = 1.0 and requested_time = 358.0
17:17:03.623 [Thread-3] INFO  org.cpswt.hla.FederationManager - Current_time = 358.0 and step = 1.0 and requested_time = 359.0
17:17:03.670 [Thread-3] INFO  org.cpswt.hla.FederationManager - Current_time = 359.0 and step = 1.0 and requested_time = 360.0
17:17:03.721 [Thread-3] INFO  org.cpswt.hla.FederationManager - Federation manager current time = 360.0
17:17:03.721 [Thread-3] INFO  org.cpswt.hla.FederationManager - Current_time = 360.0 and step = 1.0 and requested_time = 361.0
17:17:03.773 [Thread-3] INFO  org.cpswt.hla.FederationManager - Current_time = 361.0 and step = 1.0 and requested_time = 362.0
17:17:03.821 [Thread-3] INFO  org.cpswt.hla.FederationManager - Current_time = 362.0 and step = 1.0 and requested_time = 363.0
17:17:03.874 [Thread-3] INFO  org.cpswt.hla.FederationManager - Current_time = 363.0 and step = 1.0 and requested_time = 364.0
17:17:03.924 [Thread-3] INFO  org.cpswt.hla.FederationManager - Current_time = 364.0 and step = 1.0 and requested_time = 365.0
17:17:03.974 [Thread-3] INFO  org.cpswt.hla.FederationManager - Current_time = 365.0 and step = 1.0 and requested_time = 366.0
17:17:04.024 [Thread-3] INFO  org.cpswt.hla.FederationManager - Current_time = 366.0 and step = 1.0 and requested_time = 367.0
17:17:04.075 [Thread-3] INFO  org.cpswt.hla.FederationManager - Current_time = 367.0 and step = 1.0 and requested_time = 368.0
17:17:04.120 [Thread-3] INFO  org.cpswt.hla.FederationManager - Current_time = 368.0 and step = 1.0 and requested_time = 369.0
17:17:04.170 [Thread-3] INFO  org.cpswt.hla.FederationManager - Current_time = 369.0 and step = 1.0 and requested_time = 370.0
17:17:04.220 [Thread-3] INFO  org.cpswt.hla.FederationManager - Federation manager current time = 370.0
17:17:04.221 [Thread-3] INFO  org.cpswt.hla.FederationManager - Current_time = 370.0 and step = 1.0 and requested_time = 371.0
17:17:04.272 [Thread-3] INFO  org.cpswt.hla.FederationManager - Current_time = 371.0 and step = 1.0 and requested_time = 372.0
17:17:04.322 [Thread-3] INFO  org.cpswt.hla.FederationManager - Current_time = 372.0 and step = 1.0 and requested_time = 373.0
17:17:04.371 [Thread-3] INFO  org.cpswt.hla.FederationManager - Current_time = 373.0 and step = 1.0 and requested_time = 374.0
17:17:04.422 [Thread-3] INFO  org.cpswt.hla.FederationManager - Current_time = 374.0 and step = 1.0 and requested_time = 375.0
17:17:04.474 [Thread-3] INFO  org.cpswt.hla.FederationManager - Current_time = 375.0 and step = 1.0 and requested_time = 376.0
17:17:04.521 [Thread-3] INFO  org.cpswt.hla.FederationManager - Current_time = 376.0 and step = 1.0 and requested_time = 377.0
17:17:04.572 [Thread-3] INFO  org.cpswt.hla.FederationManager - Current_time = 377.0 and step = 1.0 and requested_time = 378.0
17:17:04.622 [Thread-3] INFO  org.cpswt.hla.FederationManager - Current_time = 378.0 and step = 1.0 and requested_time = 379.0
17:17:04.673 [Thread-3] INFO  org.cpswt.hla.FederationManager - Current_time = 379.0 and step = 1.0 and requested_time = 380.0
17:17:04.715 [Thread-3] INFO  org.cpswt.hla.FederationManager - Federation manager current time = 380.0
17:17:04.716 [Thread-3] INFO  org.cpswt.hla.FederationManager - Current_time = 380.0 and step = 1.0 and requested_time = 381.0
17:17:04.766 [Thread-3] INFO  org.cpswt.hla.FederationManager - Current_time = 381.0 and step = 1.0 and requested_time = 382.0
17:17:04.818 [Thread-3] INFO  org.cpswt.hla.FederationManager - Current_time = 382.0 and step = 1.0 and requested_time = 383.0
17:17:04.873 [Thread-3] INFO  org.cpswt.hla.FederationManager - Current_time = 383.0 and step = 1.0 and requested_time = 384.0
17:17:04.926 [Thread-3] INFO  org.cpswt.hla.FederationManager - Current_time = 384.0 and step = 1.0 and requested_time = 385.0
17:17:04.976 [Thread-3] INFO  org.cpswt.hla.FederationManager - Current_time = 385.0 and step = 1.0 and requested_time = 386.0
17:17:05.025 [Thread-3] INFO  org.cpswt.hla.FederationManager - Current_time = 386.0 and step = 1.0 and requested_time = 387.0
17:17:05.073 [Thread-3] INFO  org.cpswt.hla.FederationManager - Current_time = 387.0 and step = 1.0 and requested_time = 388.0
17:17:05.117 [Thread-3] INFO  org.cpswt.hla.FederationManager - Current_time = 388.0 and step = 1.0 and requested_time = 389.0
17:17:05.167 [Thread-3] INFO  org.cpswt.hla.FederationManager - Current_time = 389.0 and step = 1.0 and requested_time = 390.0
17:17:05.211 [Thread-3] INFO  org.cpswt.hla.FederationManager - Federation manager current time = 390.0
17:17:05.211 [Thread-3] INFO  org.cpswt.hla.FederationManager - Current_time = 390.0 and step = 1.0 and requested_time = 391.0
17:17:05.261 [Thread-3] INFO  org.cpswt.hla.FederationManager - Current_time = 391.0 and step = 1.0 and requested_time = 392.0
17:17:05.306 [Thread-3] INFO  org.cpswt.hla.FederationManager - Current_time = 392.0 and step = 1.0 and requested_time = 393.0
17:17:05.358 [Thread-3] INFO  org.cpswt.hla.FederationManager - Current_time = 393.0 and step = 1.0 and requested_time = 394.0
17:17:05.408 [Thread-3] INFO  org.cpswt.hla.FederationManager - Current_time = 394.0 and step = 1.0 and requested_time = 395.0
17:17:05.456 [Thread-3] INFO  org.cpswt.hla.FederationManager - Current_time = 395.0 and step = 1.0 and requested_time = 396.0
17:17:05.513 [Thread-3] INFO  org.cpswt.hla.FederationManager - Current_time = 396.0 and step = 1.0 and requested_time = 397.0
17:17:05.564 [Thread-3] INFO  org.cpswt.hla.FederationManager - Current_time = 397.0 and step = 1.0 and requested_time = 398.0
17:17:05.610 [Thread-3] INFO  org.cpswt.hla.FederationManager - Current_time = 398.0 and step = 1.0 and requested_time = 399.0
17:17:05.656 [Thread-3] INFO  org.cpswt.hla.FederationManager - Current_time = 399.0 and step = 1.0 and requested_time = 400.0
17:17:05.702 [Thread-3] INFO  org.cpswt.hla.FederationManager - Federation manager current time = 400.0
17:17:05.702 [Thread-3] INFO  org.cpswt.hla.FederationManager - Current_time = 400.0 and step = 1.0 and requested_time = 401.0
17:17:05.753 [Thread-3] INFO  org.cpswt.hla.FederationManager - Current_time = 401.0 and step = 1.0 and requested_time = 402.0
17:17:05.805 [Thread-3] INFO  org.cpswt.hla.FederationManager - Current_time = 402.0 and step = 1.0 and requested_time = 403.0
17:17:05.856 [Thread-3] INFO  org.cpswt.hla.FederationManager - Current_time = 403.0 and step = 1.0 and requested_time = 404.0
17:17:05.902 [Thread-3] INFO  org.cpswt.hla.FederationManager - Current_time = 404.0 and step = 1.0 and requested_time = 405.0
17:17:05.953 [Thread-3] INFO  org.cpswt.hla.FederationManager - Current_time = 405.0 and step = 1.0 and requested_time = 406.0
17:17:05.997 [Thread-3] INFO  org.cpswt.hla.FederationManager - Current_time = 406.0 and step = 1.0 and requested_time = 407.0
17:17:06.046 [Thread-3] INFO  org.cpswt.hla.FederationManager - Current_time = 407.0 and step = 1.0 and requested_time = 408.0
17:17:06.091 [Thread-3] INFO  org.cpswt.hla.FederationManager - Current_time = 408.0 and step = 1.0 and requested_time = 409.0
17:17:06.137 [Thread-3] INFO  org.cpswt.hla.FederationManager - Current_time = 409.0 and step = 1.0 and requested_time = 410.0
17:17:06.188 [Thread-3] INFO  org.cpswt.hla.FederationManager - Federation manager current time = 410.0
17:17:06.188 [Thread-3] INFO  org.cpswt.hla.FederationManager - Current_time = 410.0 and step = 1.0 and requested_time = 411.0
17:17:06.240 [Thread-3] INFO  org.cpswt.hla.FederationManager - Current_time = 411.0 and step = 1.0 and requested_time = 412.0
17:17:06.290 [Thread-3] INFO  org.cpswt.hla.FederationManager - Current_time = 412.0 and step = 1.0 and requested_time = 413.0
17:17:06.340 [Thread-3] INFO  org.cpswt.hla.FederationManager - Current_time = 413.0 and step = 1.0 and requested_time = 414.0
17:17:06.390 [Thread-3] INFO  org.cpswt.hla.FederationManager - Current_time = 414.0 and step = 1.0 and requested_time = 415.0
17:17:06.440 [Thread-3] INFO  org.cpswt.hla.FederationManager - Current_time = 415.0 and step = 1.0 and requested_time = 416.0
17:17:06.491 [Thread-3] INFO  org.cpswt.hla.FederationManager - Current_time = 416.0 and step = 1.0 and requested_time = 417.0
17:17:06.540 [Thread-3] INFO  org.cpswt.hla.FederationManager - Current_time = 417.0 and step = 1.0 and requested_time = 418.0
17:17:06.589 [Thread-3] INFO  org.cpswt.hla.FederationManager - Current_time = 418.0 and step = 1.0 and requested_time = 419.0
17:17:06.644 [Thread-3] INFO  org.cpswt.hla.FederationManager - Current_time = 419.0 and step = 1.0 and requested_time = 420.0
17:17:06.694 [Thread-3] INFO  org.cpswt.hla.FederationManager - Federation manager current time = 420.0
17:17:06.694 [Thread-3] INFO  org.cpswt.hla.FederationManager - Current_time = 420.0 and step = 1.0 and requested_time = 421.0
17:17:06.744 [Thread-3] INFO  org.cpswt.hla.FederationManager - Current_time = 421.0 and step = 1.0 and requested_time = 422.0
17:17:06.795 [Thread-3] INFO  org.cpswt.hla.FederationManager - Current_time = 422.0 and step = 1.0 and requested_time = 423.0
17:17:06.845 [Thread-3] INFO  org.cpswt.hla.FederationManager - Current_time = 423.0 and step = 1.0 and requested_time = 424.0
17:17:06.895 [Thread-3] INFO  org.cpswt.hla.FederationManager - Current_time = 424.0 and step = 1.0 and requested_time = 425.0
17:17:06.945 [Thread-3] INFO  org.cpswt.hla.FederationManager - Current_time = 425.0 and step = 1.0 and requested_time = 426.0
17:17:06.995 [Thread-3] INFO  org.cpswt.hla.FederationManager - Current_time = 426.0 and step = 1.0 and requested_time = 427.0
17:17:07.043 [Thread-3] INFO  org.cpswt.hla.FederationManager - Current_time = 427.0 and step = 1.0 and requested_time = 428.0
17:17:07.094 [Thread-3] INFO  org.cpswt.hla.FederationManager - Current_time = 428.0 and step = 1.0 and requested_time = 429.0
17:17:07.143 [Thread-3] INFO  org.cpswt.hla.FederationManager - Current_time = 429.0 and step = 1.0 and requested_time = 430.0
17:17:07.192 [Thread-3] INFO  org.cpswt.hla.FederationManager - Federation manager current time = 430.0
17:17:07.192 [Thread-3] INFO  org.cpswt.hla.FederationManager - Current_time = 430.0 and step = 1.0 and requested_time = 431.0
17:17:07.234 [Thread-3] INFO  org.cpswt.hla.FederationManager - Current_time = 431.0 and step = 1.0 and requested_time = 432.0
17:17:07.287 [Thread-3] INFO  org.cpswt.hla.FederationManager - Current_time = 432.0 and step = 1.0 and requested_time = 433.0
17:17:07.334 [Thread-3] INFO  org.cpswt.hla.FederationManager - Current_time = 433.0 and step = 1.0 and requested_time = 434.0
17:17:07.385 [Thread-3] INFO  org.cpswt.hla.FederationManager - Current_time = 434.0 and step = 1.0 and requested_time = 435.0
17:17:07.436 [Thread-3] INFO  org.cpswt.hla.FederationManager - Current_time = 435.0 and step = 1.0 and requested_time = 436.0
17:17:07.488 [Thread-3] INFO  org.cpswt.hla.FederationManager - Current_time = 436.0 and step = 1.0 and requested_time = 437.0
17:17:07.537 [Thread-3] INFO  org.cpswt.hla.FederationManager - Current_time = 437.0 and step = 1.0 and requested_time = 438.0
17:17:07.587 [Thread-3] INFO  org.cpswt.hla.FederationManager - Current_time = 438.0 and step = 1.0 and requested_time = 439.0
17:17:07.637 [Thread-3] INFO  org.cpswt.hla.FederationManager - Current_time = 439.0 and step = 1.0 and requested_time = 440.0
17:17:07.686 [Thread-3] INFO  org.cpswt.hla.FederationManager - Federation manager current time = 440.0
17:17:07.686 [Thread-3] INFO  org.cpswt.hla.FederationManager - Current_time = 440.0 and step = 1.0 and requested_time = 441.0
17:17:07.733 [Thread-3] INFO  org.cpswt.hla.FederationManager - Current_time = 441.0 and step = 1.0 and requested_time = 442.0
17:17:07.783 [Thread-3] INFO  org.cpswt.hla.FederationManager - Current_time = 442.0 and step = 1.0 and requested_time = 443.0
17:17:07.834 [Thread-3] INFO  org.cpswt.hla.FederationManager - Current_time = 443.0 and step = 1.0 and requested_time = 444.0
17:17:07.876 [Thread-3] INFO  org.cpswt.hla.FederationManager - Current_time = 444.0 and step = 1.0 and requested_time = 445.0
17:17:07.920 [Thread-3] INFO  org.cpswt.hla.FederationManager - Current_time = 445.0 and step = 1.0 and requested_time = 446.0
17:17:07.970 [Thread-3] INFO  org.cpswt.hla.FederationManager - Current_time = 446.0 and step = 1.0 and requested_time = 447.0
17:17:08.022 [Thread-3] INFO  org.cpswt.hla.FederationManager - Current_time = 447.0 and step = 1.0 and requested_time = 448.0
17:17:08.068 [Thread-3] INFO  org.cpswt.hla.FederationManager - Current_time = 448.0 and step = 1.0 and requested_time = 449.0
17:17:08.120 [Thread-3] INFO  org.cpswt.hla.FederationManager - Current_time = 449.0 and step = 1.0 and requested_time = 450.0
17:17:08.171 [Thread-3] INFO  org.cpswt.hla.FederationManager - Federation manager current time = 450.0
17:17:08.171 [Thread-3] INFO  org.cpswt.hla.FederationManager - Current_time = 450.0 and step = 1.0 and requested_time = 451.0
17:17:08.222 [Thread-3] INFO  org.cpswt.hla.FederationManager - Current_time = 451.0 and step = 1.0 and requested_time = 452.0
17:17:08.276 [Thread-3] INFO  org.cpswt.hla.FederationManager - Current_time = 452.0 and step = 1.0 and requested_time = 453.0
17:17:08.319 [Thread-3] INFO  org.cpswt.hla.FederationManager - Current_time = 453.0 and step = 1.0 and requested_time = 454.0
17:17:08.370 [Thread-3] INFO  org.cpswt.hla.FederationManager - Current_time = 454.0 and step = 1.0 and requested_time = 455.0
17:17:08.417 [Thread-3] INFO  org.cpswt.hla.FederationManager - Current_time = 455.0 and step = 1.0 and requested_time = 456.0
17:17:08.468 [Thread-3] INFO  org.cpswt.hla.FederationManager - Current_time = 456.0 and step = 1.0 and requested_time = 457.0
17:17:08.520 [Thread-3] INFO  org.cpswt.hla.FederationManager - Current_time = 457.0 and step = 1.0 and requested_time = 458.0
17:17:08.570 [Thread-3] INFO  org.cpswt.hla.FederationManager - Current_time = 458.0 and step = 1.0 and requested_time = 459.0
17:17:08.616 [Thread-3] INFO  org.cpswt.hla.FederationManager - Current_time = 459.0 and step = 1.0 and requested_time = 460.0
17:17:08.661 [Thread-3] INFO  org.cpswt.hla.FederationManager - Federation manager current time = 460.0
17:17:08.661 [Thread-3] INFO  org.cpswt.hla.FederationManager - Current_time = 460.0 and step = 1.0 and requested_time = 461.0
17:17:08.709 [Thread-3] INFO  org.cpswt.hla.FederationManager - Current_time = 461.0 and step = 1.0 and requested_time = 462.0
17:17:08.759 [Thread-3] INFO  org.cpswt.hla.FederationManager - Current_time = 462.0 and step = 1.0 and requested_time = 463.0
17:17:08.806 [Thread-3] INFO  org.cpswt.hla.FederationManager - Current_time = 463.0 and step = 1.0 and requested_time = 464.0
17:17:08.860 [Thread-3] INFO  org.cpswt.hla.FederationManager - Current_time = 464.0 and step = 1.0 and requested_time = 465.0
17:17:08.907 [Thread-3] INFO  org.cpswt.hla.FederationManager - Current_time = 465.0 and step = 1.0 and requested_time = 466.0
17:17:08.954 [Thread-3] INFO  org.cpswt.hla.FederationManager - Current_time = 466.0 and step = 1.0 and requested_time = 467.0
17:17:09.006 [Thread-3] INFO  org.cpswt.hla.FederationManager - Current_time = 467.0 and step = 1.0 and requested_time = 468.0
17:17:09.051 [Thread-3] INFO  org.cpswt.hla.FederationManager - Current_time = 468.0 and step = 1.0 and requested_time = 469.0
17:17:09.099 [Thread-3] INFO  org.cpswt.hla.FederationManager - Current_time = 469.0 and step = 1.0 and requested_time = 470.0
17:17:09.148 [Thread-3] INFO  org.cpswt.hla.FederationManager - Federation manager current time = 470.0
17:17:09.149 [Thread-3] INFO  org.cpswt.hla.FederationManager - Current_time = 470.0 and step = 1.0 and requested_time = 471.0
17:17:09.194 [Thread-3] INFO  org.cpswt.hla.FederationManager - Current_time = 471.0 and step = 1.0 and requested_time = 472.0
17:17:09.237 [Thread-3] INFO  org.cpswt.hla.FederationManager - Current_time = 472.0 and step = 1.0 and requested_time = 473.0
17:17:09.279 [Thread-3] INFO  org.cpswt.hla.FederationManager - Current_time = 473.0 and step = 1.0 and requested_time = 474.0
17:17:09.323 [Thread-3] INFO  org.cpswt.hla.FederationManager - Current_time = 474.0 and step = 1.0 and requested_time = 475.0
17:17:09.370 [Thread-3] INFO  org.cpswt.hla.FederationManager - Current_time = 475.0 and step = 1.0 and requested_time = 476.0
17:17:09.420 [Thread-3] INFO  org.cpswt.hla.FederationManager - Current_time = 476.0 and step = 1.0 and requested_time = 477.0
17:17:09.462 [Thread-3] INFO  org.cpswt.hla.FederationManager - Current_time = 477.0 and step = 1.0 and requested_time = 478.0
17:17:09.512 [Thread-3] INFO  org.cpswt.hla.FederationManager - Current_time = 478.0 and step = 1.0 and requested_time = 479.0
17:17:09.570 [Thread-3] INFO  org.cpswt.hla.FederationManager - Current_time = 479.0 and step = 1.0 and requested_time = 480.0
17:17:09.623 [Thread-3] INFO  org.cpswt.hla.FederationManager - Federation manager current time = 480.0
17:17:09.623 [Thread-3] INFO  org.cpswt.hla.FederationManager - Current_time = 480.0 and step = 1.0 and requested_time = 481.0
17:17:09.673 [Thread-3] INFO  org.cpswt.hla.FederationManager - Current_time = 481.0 and step = 1.0 and requested_time = 482.0
17:17:09.720 [Thread-3] INFO  org.cpswt.hla.FederationManager - Current_time = 482.0 and step = 1.0 and requested_time = 483.0
17:17:09.771 [Thread-3] INFO  org.cpswt.hla.FederationManager - Current_time = 483.0 and step = 1.0 and requested_time = 484.0
17:17:09.821 [Thread-3] INFO  org.cpswt.hla.FederationManager - Current_time = 484.0 and step = 1.0 and requested_time = 485.0
17:17:09.864 [Thread-3] INFO  org.cpswt.hla.FederationManager - Current_time = 485.0 and step = 1.0 and requested_time = 486.0
17:17:09.916 [Thread-3] INFO  org.cpswt.hla.FederationManager - Current_time = 486.0 and step = 1.0 and requested_time = 487.0
17:17:09.966 [Thread-3] INFO  org.cpswt.hla.FederationManager - Current_time = 487.0 and step = 1.0 and requested_time = 488.0
17:17:10.016 [Thread-3] INFO  org.cpswt.hla.FederationManager - Current_time = 488.0 and step = 1.0 and requested_time = 489.0
17:17:10.065 [Thread-3] INFO  org.cpswt.hla.FederationManager - Current_time = 489.0 and step = 1.0 and requested_time = 490.0
17:17:10.113 [Thread-3] INFO  org.cpswt.hla.FederationManager - Federation manager current time = 490.0
17:17:10.113 [Thread-3] INFO  org.cpswt.hla.FederationManager - Current_time = 490.0 and step = 1.0 and requested_time = 491.0
17:17:10.161 [Thread-3] INFO  org.cpswt.hla.FederationManager - Current_time = 491.0 and step = 1.0 and requested_time = 492.0
17:17:10.210 [Thread-3] INFO  org.cpswt.hla.FederationManager - Current_time = 492.0 and step = 1.0 and requested_time = 493.0
17:17:10.258 [Thread-3] INFO  org.cpswt.hla.FederationManager - Current_time = 493.0 and step = 1.0 and requested_time = 494.0
17:17:10.306 [Thread-3] INFO  org.cpswt.hla.FederationManager - Current_time = 494.0 and step = 1.0 and requested_time = 495.0
17:17:10.359 [Thread-3] INFO  org.cpswt.hla.FederationManager - Current_time = 495.0 and step = 1.0 and requested_time = 496.0
17:17:10.405 [Thread-3] INFO  org.cpswt.hla.FederationManager - Current_time = 496.0 and step = 1.0 and requested_time = 497.0
17:17:10.452 [Thread-3] INFO  org.cpswt.hla.FederationManager - Current_time = 497.0 and step = 1.0 and requested_time = 498.0
17:17:10.497 [Thread-3] INFO  org.cpswt.hla.FederationManager - Current_time = 498.0 and step = 1.0 and requested_time = 499.0
17:17:10.550 [Thread-3] INFO  org.cpswt.hla.FederationManager - Current_time = 499.0 and step = 1.0 and requested_time = 500.0
17:17:10.601 [Thread-3] INFO  org.cpswt.hla.FederationManager - Federation manager current time = 500.0
17:17:10.601 [Thread-3] INFO  org.cpswt.hla.FederationManager - Current_time = 500.0 and step = 1.0 and requested_time = 501.0
17:17:10.646 [Thread-3] INFO  org.cpswt.hla.FederationManager - Current_time = 501.0 and step = 1.0 and requested_time = 502.0
17:17:10.697 [Thread-3] INFO  org.cpswt.hla.FederationManager - Current_time = 502.0 and step = 1.0 and requested_time = 503.0
17:17:10.748 [Thread-3] INFO  org.cpswt.hla.FederationManager - Current_time = 503.0 and step = 1.0 and requested_time = 504.0
17:17:10.799 [Thread-3] INFO  org.cpswt.hla.FederationManager - Current_time = 504.0 and step = 1.0 and requested_time = 505.0
17:17:10.842 [Thread-3] INFO  org.cpswt.hla.FederationManager - Current_time = 505.0 and step = 1.0 and requested_time = 506.0
17:17:10.892 [Thread-3] INFO  org.cpswt.hla.FederationManager - Current_time = 506.0 and step = 1.0 and requested_time = 507.0
17:17:10.935 [Thread-3] INFO  org.cpswt.hla.FederationManager - Current_time = 507.0 and step = 1.0 and requested_time = 508.0
17:17:10.986 [Thread-3] INFO  org.cpswt.hla.FederationManager - Current_time = 508.0 and step = 1.0 and requested_time = 509.0
17:17:11.032 [Thread-3] INFO  org.cpswt.hla.FederationManager - Current_time = 509.0 and step = 1.0 and requested_time = 510.0
17:17:11.082 [Thread-3] INFO  org.cpswt.hla.FederationManager - Federation manager current time = 510.0
17:17:11.082 [Thread-3] INFO  org.cpswt.hla.FederationManager - Current_time = 510.0 and step = 1.0 and requested_time = 511.0
17:17:11.124 [Thread-3] INFO  org.cpswt.hla.FederationManager - Current_time = 511.0 and step = 1.0 and requested_time = 512.0
17:17:11.174 [Thread-3] INFO  org.cpswt.hla.FederationManager - Current_time = 512.0 and step = 1.0 and requested_time = 513.0
17:17:11.222 [Thread-3] INFO  org.cpswt.hla.FederationManager - Current_time = 513.0 and step = 1.0 and requested_time = 514.0
17:17:11.272 [Thread-3] INFO  org.cpswt.hla.FederationManager - Current_time = 514.0 and step = 1.0 and requested_time = 515.0
17:17:11.316 [Thread-3] INFO  org.cpswt.hla.FederationManager - Current_time = 515.0 and step = 1.0 and requested_time = 516.0
17:17:11.369 [Thread-3] INFO  org.cpswt.hla.FederationManager - Current_time = 516.0 and step = 1.0 and requested_time = 517.0
17:17:11.417 [Thread-3] INFO  org.cpswt.hla.FederationManager - Current_time = 517.0 and step = 1.0 and requested_time = 518.0
17:17:11.468 [Thread-3] INFO  org.cpswt.hla.FederationManager - Current_time = 518.0 and step = 1.0 and requested_time = 519.0
17:17:11.519 [Thread-3] INFO  org.cpswt.hla.FederationManager - Current_time = 519.0 and step = 1.0 and requested_time = 520.0
17:17:11.568 [Thread-3] INFO  org.cpswt.hla.FederationManager - Federation manager current time = 520.0
17:17:11.568 [Thread-3] INFO  org.cpswt.hla.FederationManager - Current_time = 520.0 and step = 1.0 and requested_time = 521.0
17:17:11.614 [Thread-3] INFO  org.cpswt.hla.FederationManager - Current_time = 521.0 and step = 1.0 and requested_time = 522.0
17:17:11.661 [Thread-3] INFO  org.cpswt.hla.FederationManager - Current_time = 522.0 and step = 1.0 and requested_time = 523.0
17:17:11.706 [Thread-3] INFO  org.cpswt.hla.FederationManager - Current_time = 523.0 and step = 1.0 and requested_time = 524.0
17:17:11.761 [Thread-3] INFO  org.cpswt.hla.FederationManager - Current_time = 524.0 and step = 1.0 and requested_time = 525.0
17:17:11.803 [Thread-3] INFO  org.cpswt.hla.FederationManager - Current_time = 525.0 and step = 1.0 and requested_time = 526.0
17:17:11.854 [Thread-3] INFO  org.cpswt.hla.FederationManager - Current_time = 526.0 and step = 1.0 and requested_time = 527.0
17:17:11.897 [Thread-3] INFO  org.cpswt.hla.FederationManager - Current_time = 527.0 and step = 1.0 and requested_time = 528.0
17:17:11.945 [Thread-3] INFO  org.cpswt.hla.FederationManager - Current_time = 528.0 and step = 1.0 and requested_time = 529.0
17:17:11.996 [Thread-3] INFO  org.cpswt.hla.FederationManager - Current_time = 529.0 and step = 1.0 and requested_time = 530.0
17:17:12.047 [Thread-3] INFO  org.cpswt.hla.FederationManager - Federation manager current time = 530.0
17:17:12.047 [Thread-3] INFO  org.cpswt.hla.FederationManager - Current_time = 530.0 and step = 1.0 and requested_time = 531.0
17:17:12.099 [Thread-3] INFO  org.cpswt.hla.FederationManager - Current_time = 531.0 and step = 1.0 and requested_time = 532.0
17:17:12.147 [Thread-3] INFO  org.cpswt.hla.FederationManager - Current_time = 532.0 and step = 1.0 and requested_time = 533.0
17:17:12.196 [Thread-3] INFO  org.cpswt.hla.FederationManager - Current_time = 533.0 and step = 1.0 and requested_time = 534.0
17:17:12.247 [Thread-3] INFO  org.cpswt.hla.FederationManager - Current_time = 534.0 and step = 1.0 and requested_time = 535.0
17:17:12.294 [Thread-3] INFO  org.cpswt.hla.FederationManager - Current_time = 535.0 and step = 1.0 and requested_time = 536.0
17:17:12.344 [Thread-3] INFO  org.cpswt.hla.FederationManager - Current_time = 536.0 and step = 1.0 and requested_time = 537.0
17:17:12.391 [Thread-3] INFO  org.cpswt.hla.FederationManager - Current_time = 537.0 and step = 1.0 and requested_time = 538.0
17:17:12.441 [Thread-3] INFO  org.cpswt.hla.FederationManager - Current_time = 538.0 and step = 1.0 and requested_time = 539.0
17:17:12.491 [Thread-3] INFO  org.cpswt.hla.FederationManager - Current_time = 539.0 and step = 1.0 and requested_time = 540.0
17:17:12.545 [Thread-3] INFO  org.cpswt.hla.FederationManager - Federation manager current time = 540.0
17:17:12.546 [Thread-3] INFO  org.cpswt.hla.FederationManager - Current_time = 540.0 and step = 1.0 and requested_time = 541.0
17:17:12.597 [Thread-3] INFO  org.cpswt.hla.FederationManager - Current_time = 541.0 and step = 1.0 and requested_time = 542.0
17:17:12.644 [Thread-3] INFO  org.cpswt.hla.FederationManager - Current_time = 542.0 and step = 1.0 and requested_time = 543.0
17:17:12.695 [Thread-3] INFO  org.cpswt.hla.FederationManager - Current_time = 543.0 and step = 1.0 and requested_time = 544.0
17:17:12.747 [Thread-3] INFO  org.cpswt.hla.FederationManager - Current_time = 544.0 and step = 1.0 and requested_time = 545.0
17:17:12.796 [Thread-3] INFO  org.cpswt.hla.FederationManager - Current_time = 545.0 and step = 1.0 and requested_time = 546.0
17:17:12.858 [Thread-3] INFO  org.cpswt.hla.FederationManager - Current_time = 546.0 and step = 1.0 and requested_time = 547.0
17:17:12.906 [Thread-3] INFO  org.cpswt.hla.FederationManager - Current_time = 547.0 and step = 1.0 and requested_time = 548.0
17:17:12.954 [Thread-3] INFO  org.cpswt.hla.FederationManager - Current_time = 548.0 and step = 1.0 and requested_time = 549.0
17:17:13.008 [Thread-3] INFO  org.cpswt.hla.FederationManager - Current_time = 549.0 and step = 1.0 and requested_time = 550.0
17:17:13.058 [Thread-3] INFO  org.cpswt.hla.FederationManager - Federation manager current time = 550.0
17:17:13.058 [Thread-3] INFO  org.cpswt.hla.FederationManager - Current_time = 550.0 and step = 1.0 and requested_time = 551.0
17:17:13.105 [Thread-3] INFO  org.cpswt.hla.FederationManager - Current_time = 551.0 and step = 1.0 and requested_time = 552.0
17:17:13.158 [Thread-3] INFO  org.cpswt.hla.FederationManager - Current_time = 552.0 and step = 1.0 and requested_time = 553.0
17:17:13.203 [Thread-3] INFO  org.cpswt.hla.FederationManager - Current_time = 553.0 and step = 1.0 and requested_time = 554.0
17:17:13.261 [Thread-3] INFO  org.cpswt.hla.FederationManager - Current_time = 554.0 and step = 1.0 and requested_time = 555.0
17:17:13.312 [Thread-3] INFO  org.cpswt.hla.FederationManager - Current_time = 555.0 and step = 1.0 and requested_time = 556.0
17:17:13.378 [Thread-3] INFO  org.cpswt.hla.FederationManager - Current_time = 556.0 and step = 1.0 and requested_time = 557.0
17:17:13.419 [Thread-3] INFO  org.cpswt.hla.FederationManager - Current_time = 557.0 and step = 1.0 and requested_time = 558.0
17:17:13.473 [Thread-3] INFO  org.cpswt.hla.FederationManager - Current_time = 558.0 and step = 1.0 and requested_time = 559.0
17:17:13.518 [Thread-3] INFO  org.cpswt.hla.FederationManager - Current_time = 559.0 and step = 1.0 and requested_time = 560.0
17:17:13.569 [Thread-3] INFO  org.cpswt.hla.FederationManager - Federation manager current time = 560.0
17:17:13.569 [Thread-3] INFO  org.cpswt.hla.FederationManager - Current_time = 560.0 and step = 1.0 and requested_time = 561.0
17:17:13.624 [Thread-3] INFO  org.cpswt.hla.FederationManager - Current_time = 561.0 and step = 1.0 and requested_time = 562.0
17:17:13.680 [Thread-3] INFO  org.cpswt.hla.FederationManager - Current_time = 562.0 and step = 1.0 and requested_time = 563.0
17:17:13.729 [Thread-3] INFO  org.cpswt.hla.FederationManager - Current_time = 563.0 and step = 1.0 and requested_time = 564.0
17:17:13.781 [Thread-3] INFO  org.cpswt.hla.FederationManager - Current_time = 564.0 and step = 1.0 and requested_time = 565.0
17:17:13.831 [Thread-3] INFO  org.cpswt.hla.FederationManager - Current_time = 565.0 and step = 1.0 and requested_time = 566.0
17:17:13.877 [Thread-3] INFO  org.cpswt.hla.FederationManager - Current_time = 566.0 and step = 1.0 and requested_time = 567.0
17:17:13.930 [Thread-3] INFO  org.cpswt.hla.FederationManager - Current_time = 567.0 and step = 1.0 and requested_time = 568.0
17:17:13.983 [Thread-3] INFO  org.cpswt.hla.FederationManager - Current_time = 568.0 and step = 1.0 and requested_time = 569.0
17:17:14.029 [Thread-3] INFO  org.cpswt.hla.FederationManager - Current_time = 569.0 and step = 1.0 and requested_time = 570.0
17:17:14.086 [Thread-3] INFO  org.cpswt.hla.FederationManager - Federation manager current time = 570.0
17:17:14.086 [Thread-3] INFO  org.cpswt.hla.FederationManager - Current_time = 570.0 and step = 1.0 and requested_time = 571.0
17:17:14.133 [Thread-3] INFO  org.cpswt.hla.FederationManager - Current_time = 571.0 and step = 1.0 and requested_time = 572.0
17:17:14.183 [Thread-3] INFO  org.cpswt.hla.FederationManager - Current_time = 572.0 and step = 1.0 and requested_time = 573.0
17:17:14.235 [Thread-3] INFO  org.cpswt.hla.FederationManager - Current_time = 573.0 and step = 1.0 and requested_time = 574.0
17:17:14.287 [Thread-3] INFO  org.cpswt.hla.FederationManager - Current_time = 574.0 and step = 1.0 and requested_time = 575.0
17:17:14.341 [Thread-3] INFO  org.cpswt.hla.FederationManager - Current_time = 575.0 and step = 1.0 and requested_time = 576.0
17:17:14.389 [Thread-3] INFO  org.cpswt.hla.FederationManager - Current_time = 576.0 and step = 1.0 and requested_time = 577.0
WARN  [VERIFY_SUSPECT.TimerThread,FlatCase,vagrant-30336] portico.lrc.jgroups: Detected that federate [ATC-8116d15e-b961-45a2-81ca-159f500b4956] may have crashed, investigating...
WARN  [Regular] portico.lrc.jgroups: Federate [ATC-8116d15e-b961-45a2-81ca-159f500b4956] has crashed. Sending fake resignation because it was too rude to.
17:17:22.405 [Thread-3] INFO  org.cpswt.hla.FederationManager - Current_time = 577.0 and step = 1.0 and requested_time = 578.0
