WARNING: An illegal reflective access operation has occurred
WARNING: Illegal reflective access by com.google.inject.internal.cglib.core.$ReflectUtils$1 (file:/usr/share/maven/lib/guice.jar) to method java.lang.ClassLoader.defineClass(java.lang.String,byte[],int,int,java.security.ProtectionDomain)
WARNING: Please consider reporting this to the maintainers of com.google.inject.internal.cglib.core.$ReflectUtils$1
WARNING: Use --illegal-access=warn to enable warnings of further illegal reflective access operations
WARNING: All illegal access operations will be denied in a future release
[[1;34mINFO[m] Scanning for projects...
[[1;34mINFO[m] 
[[1;34mINFO[m] [1m-------------------< [0;36morg.webgme.guest:FlatCase_exec[0;1m >-------------------[m
[[1;34mINFO[m] [1mBuilding FlatCase_exec 0.1.0-SNAPSHOT[m
[[1;34mINFO[m] [1m--------------------------------[ jar ]---------------------------------[m
Downloading from archiva.internal: http://cpswtng_archiva:8080/repository/internal/org/cpswt/fedmanager-host/0.6.0-SNAPSHOT/maven-metadata.xml
Downloading from archiva.snapshots: http://cpswtng_archiva:8080/repository/snapshots/org/cpswt/fedmanager-host/0.6.0-SNAPSHOT/maven-metadata.xml
[[1;33mWARNING[m] Could not transfer metadata org.cpswt:fedmanager-host:0.6.0-SNAPSHOT/maven-metadata.xml from/to archiva.internal (http://cpswtng_archiva:8080/repository/internal/): Connect to cpswtng_archiva:8080 [cpswtng_archiva/127.0.0.1] failed: Connection refused
[[1;33mWARNING[m] Could not transfer metadata org.cpswt:fedmanager-host:0.6.0-SNAPSHOT/maven-metadata.xml from/to archiva.snapshots (http://cpswtng_archiva:8080/repository/snapshots/): Connect to cpswtng_archiva:8080 [cpswtng_archiva/127.0.0.1] failed: Connection refused
[[1;33mWARNING[m] Failure to transfer org.cpswt:fedmanager-host:0.6.0-SNAPSHOT/maven-metadata.xml from http://cpswtng_archiva:8080/repository/internal/ was cached in the local repository, resolution will not be reattempted until the update interval of archiva.internal has elapsed or updates are forced. Original error: Could not transfer metadata org.cpswt:fedmanager-host:0.6.0-SNAPSHOT/maven-metadata.xml from/to archiva.internal (http://cpswtng_archiva:8080/repository/internal/): Connect to cpswtng_archiva:8080 [cpswtng_archiva/127.0.0.1] failed: Connection refused
[[1;33mWARNING[m] Failure to transfer org.cpswt:fedmanager-host:0.6.0-SNAPSHOT/maven-metadata.xml from http://cpswtng_archiva:8080/repository/snapshots/ was cached in the local repository, resolution will not be reattempted until the update interval of archiva.snapshots has elapsed or updates are forced. Original error: Could not transfer metadata org.cpswt:fedmanager-host:0.6.0-SNAPSHOT/maven-metadata.xml from/to archiva.snapshots (http://cpswtng_archiva:8080/repository/snapshots/): Connect to cpswtng_archiva:8080 [cpswtng_archiva/127.0.0.1] failed: Connection refused
Downloading from archiva.internal: http://cpswtng_archiva:8080/repository/internal/org/cpswt/cpswt-core/0.6.0-SNAPSHOT/maven-metadata.xml
Downloading from archiva.snapshots: http://cpswtng_archiva:8080/repository/snapshots/org/cpswt/cpswt-core/0.6.0-SNAPSHOT/maven-metadata.xml
[[1;33mWARNING[m] Could not transfer metadata org.cpswt:cpswt-core:0.6.0-SNAPSHOT/maven-metadata.xml from/to archiva.internal (http://cpswtng_archiva:8080/repository/internal/): Connect to cpswtng_archiva:8080 [cpswtng_archiva/127.0.0.1] failed: Connection refused
[[1;33mWARNING[m] Could not transfer metadata org.cpswt:cpswt-core:0.6.0-SNAPSHOT/maven-metadata.xml from/to archiva.snapshots (http://cpswtng_archiva:8080/repository/snapshots/): Connect to cpswtng_archiva:8080 [cpswtng_archiva/127.0.0.1] failed: Connection refused
[[1;34mINFO[m] 
[[1;34mINFO[m] [1m--- [0;32mexec-maven-plugin:1.5.0:java[m [1m(default-cli)[m @ [36mFlatCase_exec[0;1m ---[m
15:06:51.713 [org.cpswt.host.FederationManagerHostApp.main()] INFO  org.cpswt.hla.FederationManager - No COA definitions were provided!
15:06:51.715 [org.cpswt.host.FederationManagerHostApp.main()] INFO  org.cpswt.hla.FederationManager - No COA selections were provided!
15:06:51.715 [org.cpswt.host.FederationManagerHostApp.main()] INFO  org.cpswt.hla.FederationManager - No specific COA-selection was specified for execution!
15:06:51.715 [org.cpswt.host.FederationManagerHostApp.main()] INFO  org.cpswt.hla.FederationManager - No COAs are used in this experiment.

-------------------------------------------------------------------
GMS: address=vagrant-17619, cluster=FlatCase, physical address=192.168.0.21:41642
-------------------------------------------------------------------
15:07:00.820 [org.cpswt.host.FederationManagerHostApp.main()] INFO  org.cpswt.host.FederationManagerHostApp - Server online at 0.0.0.0:8083 ...
15:08:20.729 [Thread-3] INFO  org.cpswt.hla.FederationManager - Current_time = 0.0 and step = 1.0 and requested_time = 1.0
15:08:21.743 [Thread-3] INFO  org.cpswt.hla.FederationManager - Current_time = 1.0 and step = 1.0 and requested_time = 2.0
15:08:22.743 [Thread-3] INFO  org.cpswt.hla.FederationManager - Current_time = 2.0 and step = 1.0 and requested_time = 3.0
15:08:23.744 [Thread-3] INFO  org.cpswt.hla.FederationManager - Current_time = 3.0 and step = 1.0 and requested_time = 4.0
15:08:24.746 [Thread-3] INFO  org.cpswt.hla.FederationManager - Current_time = 4.0 and step = 1.0 and requested_time = 5.0
15:08:25.747 [Thread-3] INFO  org.cpswt.hla.FederationManager - Current_time = 5.0 and step = 1.0 and requested_time = 6.0
15:08:26.747 [Thread-3] INFO  org.cpswt.hla.FederationManager - Current_time = 6.0 and step = 1.0 and requested_time = 7.0
15:08:27.747 [Thread-3] INFO  org.cpswt.hla.FederationManager - Current_time = 7.0 and step = 1.0 and requested_time = 8.0
15:08:28.747 [Thread-3] INFO  org.cpswt.hla.FederationManager - Current_time = 8.0 and step = 1.0 and requested_time = 9.0
15:08:29.747 [Thread-3] INFO  org.cpswt.hla.FederationManager - Current_time = 9.0 and step = 1.0 and requested_time = 10.0
15:08:29.747 [Thread-3] INFO  org.cpswt.hla.FederationManager - Federation manager current time = 10.0
15:08:30.748 [Thread-3] INFO  org.cpswt.hla.FederationManager - Current_time = 10.0 and step = 1.0 and requested_time = 11.0
15:08:31.748 [Thread-3] INFO  org.cpswt.hla.FederationManager - Current_time = 11.0 and step = 1.0 and requested_time = 12.0
15:08:32.749 [Thread-3] INFO  org.cpswt.hla.FederationManager - Current_time = 12.0 and step = 1.0 and requested_time = 13.0
15:08:33.750 [Thread-3] INFO  org.cpswt.hla.FederationManager - Current_time = 13.0 and step = 1.0 and requested_time = 14.0
15:08:34.751 [Thread-3] INFO  org.cpswt.hla.FederationManager - Current_time = 14.0 and step = 1.0 and requested_time = 15.0
15:08:35.752 [Thread-3] INFO  org.cpswt.hla.FederationManager - Current_time = 15.0 and step = 1.0 and requested_time = 16.0
15:08:36.753 [Thread-3] INFO  org.cpswt.hla.FederationManager - Current_time = 16.0 and step = 1.0 and requested_time = 17.0
15:08:37.754 [Thread-3] INFO  org.cpswt.hla.FederationManager - Current_time = 17.0 and step = 1.0 and requested_time = 18.0
15:08:38.756 [Thread-3] INFO  org.cpswt.hla.FederationManager - Current_time = 18.0 and step = 1.0 and requested_time = 19.0
15:08:39.757 [Thread-3] INFO  org.cpswt.hla.FederationManager - Current_time = 19.0 and step = 1.0 and requested_time = 20.0
15:08:39.757 [Thread-3] INFO  org.cpswt.hla.FederationManager - Federation manager current time = 20.0
15:08:40.758 [Thread-3] INFO  org.cpswt.hla.FederationManager - Current_time = 20.0 and step = 1.0 and requested_time = 21.0
15:08:41.760 [Thread-3] INFO  org.cpswt.hla.FederationManager - Current_time = 21.0 and step = 1.0 and requested_time = 22.0
15:08:42.762 [Thread-3] INFO  org.cpswt.hla.FederationManager - Current_time = 22.0 and step = 1.0 and requested_time = 23.0
15:08:43.763 [Thread-3] INFO  org.cpswt.hla.FederationManager - Current_time = 23.0 and step = 1.0 and requested_time = 24.0
15:08:44.763 [Thread-3] INFO  org.cpswt.hla.FederationManager - Current_time = 24.0 and step = 1.0 and requested_time = 25.0
15:08:45.764 [Thread-3] INFO  org.cpswt.hla.FederationManager - Current_time = 25.0 and step = 1.0 and requested_time = 26.0
15:08:46.765 [Thread-3] INFO  org.cpswt.hla.FederationManager - Current_time = 26.0 and step = 1.0 and requested_time = 27.0
15:08:47.766 [Thread-3] INFO  org.cpswt.hla.FederationManager - Current_time = 27.0 and step = 1.0 and requested_time = 28.0
15:08:48.767 [Thread-3] INFO  org.cpswt.hla.FederationManager - Current_time = 28.0 and step = 1.0 and requested_time = 29.0
15:08:49.768 [Thread-3] INFO  org.cpswt.hla.FederationManager - Current_time = 29.0 and step = 1.0 and requested_time = 30.0
15:08:49.769 [Thread-3] INFO  org.cpswt.hla.FederationManager - Federation manager current time = 30.0
15:08:50.768 [Thread-3] INFO  org.cpswt.hla.FederationManager - Current_time = 30.0 and step = 1.0 and requested_time = 31.0
15:08:51.769 [Thread-3] INFO  org.cpswt.hla.FederationManager - Current_time = 31.0 and step = 1.0 and requested_time = 32.0
15:08:52.770 [Thread-3] INFO  org.cpswt.hla.FederationManager - Current_time = 32.0 and step = 1.0 and requested_time = 33.0
15:08:53.771 [Thread-3] INFO  org.cpswt.hla.FederationManager - Current_time = 33.0 and step = 1.0 and requested_time = 34.0
15:08:54.773 [Thread-3] INFO  org.cpswt.hla.FederationManager - Current_time = 34.0 and step = 1.0 and requested_time = 35.0
15:08:55.774 [Thread-3] INFO  org.cpswt.hla.FederationManager - Current_time = 35.0 and step = 1.0 and requested_time = 36.0
15:08:56.774 [Thread-3] INFO  org.cpswt.hla.FederationManager - Current_time = 36.0 and step = 1.0 and requested_time = 37.0
15:08:57.775 [Thread-3] INFO  org.cpswt.hla.FederationManager - Current_time = 37.0 and step = 1.0 and requested_time = 38.0
15:08:58.776 [Thread-3] INFO  org.cpswt.hla.FederationManager - Current_time = 38.0 and step = 1.0 and requested_time = 39.0
15:08:59.776 [Thread-3] INFO  org.cpswt.hla.FederationManager - Current_time = 39.0 and step = 1.0 and requested_time = 40.0
15:08:59.776 [Thread-3] INFO  org.cpswt.hla.FederationManager - Federation manager current time = 40.0
15:09:00.777 [Thread-3] INFO  org.cpswt.hla.FederationManager - Current_time = 40.0 and step = 1.0 and requested_time = 41.0
15:09:01.778 [Thread-3] INFO  org.cpswt.hla.FederationManager - Current_time = 41.0 and step = 1.0 and requested_time = 42.0
15:09:02.780 [Thread-3] INFO  org.cpswt.hla.FederationManager - Current_time = 42.0 and step = 1.0 and requested_time = 43.0
15:09:03.781 [Thread-3] INFO  org.cpswt.hla.FederationManager - Current_time = 43.0 and step = 1.0 and requested_time = 44.0
15:09:04.781 [Thread-3] INFO  org.cpswt.hla.FederationManager - Current_time = 44.0 and step = 1.0 and requested_time = 45.0
15:09:05.782 [Thread-3] INFO  org.cpswt.hla.FederationManager - Current_time = 45.0 and step = 1.0 and requested_time = 46.0
15:09:06.783 [Thread-3] INFO  org.cpswt.hla.FederationManager - Current_time = 46.0 and step = 1.0 and requested_time = 47.0
15:09:07.783 [Thread-3] INFO  org.cpswt.hla.FederationManager - Current_time = 47.0 and step = 1.0 and requested_time = 48.0
15:09:08.784 [Thread-3] INFO  org.cpswt.hla.FederationManager - Current_time = 48.0 and step = 1.0 and requested_time = 49.0
15:09:09.784 [Thread-3] INFO  org.cpswt.hla.FederationManager - Current_time = 49.0 and step = 1.0 and requested_time = 50.0
15:09:09.785 [Thread-3] INFO  org.cpswt.hla.FederationManager - Federation manager current time = 50.0
15:09:10.786 [Thread-3] INFO  org.cpswt.hla.FederationManager - Current_time = 50.0 and step = 1.0 and requested_time = 51.0
15:09:11.786 [Thread-3] INFO  org.cpswt.hla.FederationManager - Current_time = 51.0 and step = 1.0 and requested_time = 52.0
15:09:12.787 [Thread-3] INFO  org.cpswt.hla.FederationManager - Current_time = 52.0 and step = 1.0 and requested_time = 53.0
15:09:13.788 [Thread-3] INFO  org.cpswt.hla.FederationManager - Current_time = 53.0 and step = 1.0 and requested_time = 54.0
15:09:14.790 [Thread-3] INFO  org.cpswt.hla.FederationManager - Current_time = 54.0 and step = 1.0 and requested_time = 55.0
15:09:15.791 [Thread-3] INFO  org.cpswt.hla.FederationManager - Current_time = 55.0 and step = 1.0 and requested_time = 56.0
15:09:16.797 [Thread-3] INFO  org.cpswt.hla.FederationManager - Current_time = 56.0 and step = 1.0 and requested_time = 57.0
15:09:17.798 [Thread-3] INFO  org.cpswt.hla.FederationManager - Current_time = 57.0 and step = 1.0 and requested_time = 58.0
15:09:18.798 [Thread-3] INFO  org.cpswt.hla.FederationManager - Current_time = 58.0 and step = 1.0 and requested_time = 59.0
15:09:19.800 [Thread-3] INFO  org.cpswt.hla.FederationManager - Current_time = 59.0 and step = 1.0 and requested_time = 60.0
15:09:19.800 [Thread-3] INFO  org.cpswt.hla.FederationManager - Federation manager current time = 60.0
15:09:20.801 [Thread-3] INFO  org.cpswt.hla.FederationManager - Current_time = 60.0 and step = 1.0 and requested_time = 61.0
15:09:21.802 [Thread-3] INFO  org.cpswt.hla.FederationManager - Current_time = 61.0 and step = 1.0 and requested_time = 62.0
15:09:22.803 [Thread-3] INFO  org.cpswt.hla.FederationManager - Current_time = 62.0 and step = 1.0 and requested_time = 63.0
15:09:23.804 [Thread-3] INFO  org.cpswt.hla.FederationManager - Current_time = 63.0 and step = 1.0 and requested_time = 64.0
15:09:24.808 [Thread-3] INFO  org.cpswt.hla.FederationManager - Current_time = 64.0 and step = 1.0 and requested_time = 65.0
15:09:25.809 [Thread-3] INFO  org.cpswt.hla.FederationManager - Current_time = 65.0 and step = 1.0 and requested_time = 66.0
15:09:26.810 [Thread-3] INFO  org.cpswt.hla.FederationManager - Current_time = 66.0 and step = 1.0 and requested_time = 67.0
15:09:27.811 [Thread-3] INFO  org.cpswt.hla.FederationManager - Current_time = 67.0 and step = 1.0 and requested_time = 68.0
15:09:28.812 [Thread-3] INFO  org.cpswt.hla.FederationManager - Current_time = 68.0 and step = 1.0 and requested_time = 69.0
15:09:29.812 [Thread-3] INFO  org.cpswt.hla.FederationManager - Current_time = 69.0 and step = 1.0 and requested_time = 70.0
15:09:29.813 [Thread-3] INFO  org.cpswt.hla.FederationManager - Federation manager current time = 70.0
15:09:30.813 [Thread-3] INFO  org.cpswt.hla.FederationManager - Current_time = 70.0 and step = 1.0 and requested_time = 71.0
15:09:31.815 [Thread-3] INFO  org.cpswt.hla.FederationManager - Current_time = 71.0 and step = 1.0 and requested_time = 72.0
15:09:32.816 [Thread-3] INFO  org.cpswt.hla.FederationManager - Current_time = 72.0 and step = 1.0 and requested_time = 73.0
15:09:33.817 [Thread-3] INFO  org.cpswt.hla.FederationManager - Current_time = 73.0 and step = 1.0 and requested_time = 74.0
15:09:34.818 [Thread-3] INFO  org.cpswt.hla.FederationManager - Current_time = 74.0 and step = 1.0 and requested_time = 75.0
15:09:35.819 [Thread-3] INFO  org.cpswt.hla.FederationManager - Current_time = 75.0 and step = 1.0 and requested_time = 76.0
15:09:36.819 [Thread-3] INFO  org.cpswt.hla.FederationManager - Current_time = 76.0 and step = 1.0 and requested_time = 77.0
15:09:37.820 [Thread-3] INFO  org.cpswt.hla.FederationManager - Current_time = 77.0 and step = 1.0 and requested_time = 78.0
15:09:38.821 [Thread-3] INFO  org.cpswt.hla.FederationManager - Current_time = 78.0 and step = 1.0 and requested_time = 79.0
15:09:39.822 [Thread-3] INFO  org.cpswt.hla.FederationManager - Current_time = 79.0 and step = 1.0 and requested_time = 80.0
15:09:39.824 [Thread-3] INFO  org.cpswt.hla.FederationManager - Federation manager current time = 80.0
15:09:40.823 [Thread-3] INFO  org.cpswt.hla.FederationManager - Current_time = 80.0 and step = 1.0 and requested_time = 81.0
15:09:41.823 [Thread-3] INFO  org.cpswt.hla.FederationManager - Current_time = 81.0 and step = 1.0 and requested_time = 82.0
15:09:42.824 [Thread-3] INFO  org.cpswt.hla.FederationManager - Current_time = 82.0 and step = 1.0 and requested_time = 83.0
15:09:43.825 [Thread-3] INFO  org.cpswt.hla.FederationManager - Current_time = 83.0 and step = 1.0 and requested_time = 84.0
15:09:44.826 [Thread-3] INFO  org.cpswt.hla.FederationManager - Current_time = 84.0 and step = 1.0 and requested_time = 85.0
15:09:45.827 [Thread-3] INFO  org.cpswt.hla.FederationManager - Current_time = 85.0 and step = 1.0 and requested_time = 86.0
15:09:46.827 [Thread-3] INFO  org.cpswt.hla.FederationManager - Current_time = 86.0 and step = 1.0 and requested_time = 87.0
15:09:47.828 [Thread-3] INFO  org.cpswt.hla.FederationManager - Current_time = 87.0 and step = 1.0 and requested_time = 88.0
15:09:48.829 [Thread-3] INFO  org.cpswt.hla.FederationManager - Current_time = 88.0 and step = 1.0 and requested_time = 89.0
15:09:49.830 [Thread-3] INFO  org.cpswt.hla.FederationManager - Current_time = 89.0 and step = 1.0 and requested_time = 90.0
15:09:49.830 [Thread-3] INFO  org.cpswt.hla.FederationManager - Federation manager current time = 90.0
15:09:50.831 [Thread-3] INFO  org.cpswt.hla.FederationManager - Current_time = 90.0 and step = 1.0 and requested_time = 91.0
15:09:51.832 [Thread-3] INFO  org.cpswt.hla.FederationManager - Current_time = 91.0 and step = 1.0 and requested_time = 92.0
15:09:52.834 [Thread-3] INFO  org.cpswt.hla.FederationManager - Current_time = 92.0 and step = 1.0 and requested_time = 93.0
15:09:53.836 [Thread-3] INFO  org.cpswt.hla.FederationManager - Current_time = 93.0 and step = 1.0 and requested_time = 94.0
15:09:54.837 [Thread-3] INFO  org.cpswt.hla.FederationManager - Current_time = 94.0 and step = 1.0 and requested_time = 95.0
15:09:55.838 [Thread-3] INFO  org.cpswt.hla.FederationManager - Current_time = 95.0 and step = 1.0 and requested_time = 96.0
15:09:56.839 [Thread-3] INFO  org.cpswt.hla.FederationManager - Current_time = 96.0 and step = 1.0 and requested_time = 97.0
15:09:57.840 [Thread-3] INFO  org.cpswt.hla.FederationManager - Current_time = 97.0 and step = 1.0 and requested_time = 98.0
15:09:58.841 [Thread-3] INFO  org.cpswt.hla.FederationManager - Current_time = 98.0 and step = 1.0 and requested_time = 99.0
15:09:59.842 [Thread-3] INFO  org.cpswt.hla.FederationManager - Current_time = 99.0 and step = 1.0 and requested_time = 100.0
15:09:59.843 [Thread-3] INFO  org.cpswt.hla.FederationManager - Federation manager current time = 100.0
15:10:00.843 [Thread-3] INFO  org.cpswt.hla.FederationManager - Current_time = 100.0 and step = 1.0 and requested_time = 101.0
15:10:01.844 [Thread-3] INFO  org.cpswt.hla.FederationManager - Current_time = 101.0 and step = 1.0 and requested_time = 102.0
15:10:02.845 [Thread-3] INFO  org.cpswt.hla.FederationManager - Current_time = 102.0 and step = 1.0 and requested_time = 103.0
15:10:03.847 [Thread-3] INFO  org.cpswt.hla.FederationManager - Current_time = 103.0 and step = 1.0 and requested_time = 104.0
15:10:04.848 [Thread-3] INFO  org.cpswt.hla.FederationManager - Current_time = 104.0 and step = 1.0 and requested_time = 105.0
15:10:05.848 [Thread-3] INFO  org.cpswt.hla.FederationManager - Current_time = 105.0 and step = 1.0 and requested_time = 106.0
15:10:06.850 [Thread-3] INFO  org.cpswt.hla.FederationManager - Current_time = 106.0 and step = 1.0 and requested_time = 107.0
15:10:07.851 [Thread-3] INFO  org.cpswt.hla.FederationManager - Current_time = 107.0 and step = 1.0 and requested_time = 108.0
15:10:08.852 [Thread-3] INFO  org.cpswt.hla.FederationManager - Current_time = 108.0 and step = 1.0 and requested_time = 109.0
15:10:09.852 [Thread-3] INFO  org.cpswt.hla.FederationManager - Current_time = 109.0 and step = 1.0 and requested_time = 110.0
15:10:09.853 [Thread-3] INFO  org.cpswt.hla.FederationManager - Federation manager current time = 110.0
15:10:10.853 [Thread-3] INFO  org.cpswt.hla.FederationManager - Current_time = 110.0 and step = 1.0 and requested_time = 111.0
15:10:11.856 [Thread-3] INFO  org.cpswt.hla.FederationManager - Current_time = 111.0 and step = 1.0 and requested_time = 112.0
15:10:12.857 [Thread-3] INFO  org.cpswt.hla.FederationManager - Current_time = 112.0 and step = 1.0 and requested_time = 113.0
15:10:13.859 [Thread-3] INFO  org.cpswt.hla.FederationManager - Current_time = 113.0 and step = 1.0 and requested_time = 114.0
15:10:14.859 [Thread-3] INFO  org.cpswt.hla.FederationManager - Current_time = 114.0 and step = 1.0 and requested_time = 115.0
15:10:15.860 [Thread-3] INFO  org.cpswt.hla.FederationManager - Current_time = 115.0 and step = 1.0 and requested_time = 116.0
15:10:16.861 [Thread-3] INFO  org.cpswt.hla.FederationManager - Current_time = 116.0 and step = 1.0 and requested_time = 117.0
15:10:17.861 [Thread-3] INFO  org.cpswt.hla.FederationManager - Current_time = 117.0 and step = 1.0 and requested_time = 118.0
15:10:18.862 [Thread-3] INFO  org.cpswt.hla.FederationManager - Current_time = 118.0 and step = 1.0 and requested_time = 119.0
15:10:19.863 [Thread-3] INFO  org.cpswt.hla.FederationManager - Current_time = 119.0 and step = 1.0 and requested_time = 120.0
15:10:19.863 [Thread-3] INFO  org.cpswt.hla.FederationManager - Federation manager current time = 120.0
15:10:20.863 [Thread-3] INFO  org.cpswt.hla.FederationManager - Current_time = 120.0 and step = 1.0 and requested_time = 121.0
15:10:21.863 [Thread-3] INFO  org.cpswt.hla.FederationManager - Current_time = 121.0 and step = 1.0 and requested_time = 122.0
15:10:22.864 [Thread-3] INFO  org.cpswt.hla.FederationManager - Current_time = 122.0 and step = 1.0 and requested_time = 123.0
15:10:23.865 [Thread-3] INFO  org.cpswt.hla.FederationManager - Current_time = 123.0 and step = 1.0 and requested_time = 124.0
15:10:24.866 [Thread-3] INFO  org.cpswt.hla.FederationManager - Current_time = 124.0 and step = 1.0 and requested_time = 125.0
15:10:25.867 [Thread-3] INFO  org.cpswt.hla.FederationManager - Current_time = 125.0 and step = 1.0 and requested_time = 126.0
15:10:26.868 [Thread-3] INFO  org.cpswt.hla.FederationManager - Current_time = 126.0 and step = 1.0 and requested_time = 127.0
15:10:27.868 [Thread-3] INFO  org.cpswt.hla.FederationManager - Current_time = 127.0 and step = 1.0 and requested_time = 128.0
15:10:28.869 [Thread-3] INFO  org.cpswt.hla.FederationManager - Current_time = 128.0 and step = 1.0 and requested_time = 129.0
15:10:29.869 [Thread-3] INFO  org.cpswt.hla.FederationManager - Current_time = 129.0 and step = 1.0 and requested_time = 130.0
15:10:29.869 [Thread-3] INFO  org.cpswt.hla.FederationManager - Federation manager current time = 130.0
15:10:30.869 [Thread-3] INFO  org.cpswt.hla.FederationManager - Current_time = 130.0 and step = 1.0 and requested_time = 131.0
15:10:31.870 [Thread-3] INFO  org.cpswt.hla.FederationManager - Current_time = 131.0 and step = 1.0 and requested_time = 132.0
15:10:32.871 [Thread-3] INFO  org.cpswt.hla.FederationManager - Current_time = 132.0 and step = 1.0 and requested_time = 133.0
15:10:33.871 [Thread-3] INFO  org.cpswt.hla.FederationManager - Current_time = 133.0 and step = 1.0 and requested_time = 134.0
15:10:34.872 [Thread-3] INFO  org.cpswt.hla.FederationManager - Current_time = 134.0 and step = 1.0 and requested_time = 135.0
15:10:35.872 [Thread-3] INFO  org.cpswt.hla.FederationManager - Current_time = 135.0 and step = 1.0 and requested_time = 136.0
15:10:36.872 [Thread-3] INFO  org.cpswt.hla.FederationManager - Current_time = 136.0 and step = 1.0 and requested_time = 137.0
15:10:37.872 [Thread-3] INFO  org.cpswt.hla.FederationManager - Current_time = 137.0 and step = 1.0 and requested_time = 138.0
15:10:38.873 [Thread-3] INFO  org.cpswt.hla.FederationManager - Current_time = 138.0 and step = 1.0 and requested_time = 139.0
15:10:39.874 [Thread-3] INFO  org.cpswt.hla.FederationManager - Current_time = 139.0 and step = 1.0 and requested_time = 140.0
15:10:39.875 [Thread-3] INFO  org.cpswt.hla.FederationManager - Federation manager current time = 140.0
15:10:40.875 [Thread-3] INFO  org.cpswt.hla.FederationManager - Current_time = 140.0 and step = 1.0 and requested_time = 141.0
15:10:41.875 [Thread-3] INFO  org.cpswt.hla.FederationManager - Current_time = 141.0 and step = 1.0 and requested_time = 142.0
15:10:42.876 [Thread-3] INFO  org.cpswt.hla.FederationManager - Current_time = 142.0 and step = 1.0 and requested_time = 143.0
15:10:43.877 [Thread-3] INFO  org.cpswt.hla.FederationManager - Current_time = 143.0 and step = 1.0 and requested_time = 144.0
15:10:44.877 [Thread-3] INFO  org.cpswt.hla.FederationManager - Current_time = 144.0 and step = 1.0 and requested_time = 145.0
15:10:45.878 [Thread-3] INFO  org.cpswt.hla.FederationManager - Current_time = 145.0 and step = 1.0 and requested_time = 146.0
15:10:46.878 [Thread-3] INFO  org.cpswt.hla.FederationManager - Current_time = 146.0 and step = 1.0 and requested_time = 147.0
15:10:47.879 [Thread-3] INFO  org.cpswt.hla.FederationManager - Current_time = 147.0 and step = 1.0 and requested_time = 148.0
15:10:48.880 [Thread-3] INFO  org.cpswt.hla.FederationManager - Current_time = 148.0 and step = 1.0 and requested_time = 149.0
15:10:49.881 [Thread-3] INFO  org.cpswt.hla.FederationManager - Current_time = 149.0 and step = 1.0 and requested_time = 150.0
15:10:49.881 [Thread-3] INFO  org.cpswt.hla.FederationManager - Federation manager current time = 150.0
15:10:50.881 [Thread-3] INFO  org.cpswt.hla.FederationManager - Current_time = 150.0 and step = 1.0 and requested_time = 151.0
15:10:51.882 [Thread-3] INFO  org.cpswt.hla.FederationManager - Current_time = 151.0 and step = 1.0 and requested_time = 152.0
15:10:52.882 [Thread-3] INFO  org.cpswt.hla.FederationManager - Current_time = 152.0 and step = 1.0 and requested_time = 153.0
15:10:53.884 [Thread-3] INFO  org.cpswt.hla.FederationManager - Current_time = 153.0 and step = 1.0 and requested_time = 154.0
15:10:54.885 [Thread-3] INFO  org.cpswt.hla.FederationManager - Current_time = 154.0 and step = 1.0 and requested_time = 155.0
15:10:55.886 [Thread-3] INFO  org.cpswt.hla.FederationManager - Current_time = 155.0 and step = 1.0 and requested_time = 156.0
15:10:56.887 [Thread-3] INFO  org.cpswt.hla.FederationManager - Current_time = 156.0 and step = 1.0 and requested_time = 157.0
15:10:57.888 [Thread-3] INFO  org.cpswt.hla.FederationManager - Current_time = 157.0 and step = 1.0 and requested_time = 158.0
15:10:58.888 [Thread-3] INFO  org.cpswt.hla.FederationManager - Current_time = 158.0 and step = 1.0 and requested_time = 159.0
15:10:59.889 [Thread-3] INFO  org.cpswt.hla.FederationManager - Current_time = 159.0 and step = 1.0 and requested_time = 160.0
15:10:59.889 [Thread-3] INFO  org.cpswt.hla.FederationManager - Federation manager current time = 160.0
15:11:00.890 [Thread-3] INFO  org.cpswt.hla.FederationManager - Current_time = 160.0 and step = 1.0 and requested_time = 161.0
15:11:01.891 [Thread-3] INFO  org.cpswt.hla.FederationManager - Current_time = 161.0 and step = 1.0 and requested_time = 162.0
15:11:02.892 [Thread-3] INFO  org.cpswt.hla.FederationManager - Current_time = 162.0 and step = 1.0 and requested_time = 163.0
15:11:03.892 [Thread-3] INFO  org.cpswt.hla.FederationManager - Current_time = 163.0 and step = 1.0 and requested_time = 164.0
15:11:04.893 [Thread-3] INFO  org.cpswt.hla.FederationManager - Current_time = 164.0 and step = 1.0 and requested_time = 165.0
15:11:05.894 [Thread-3] INFO  org.cpswt.hla.FederationManager - Current_time = 165.0 and step = 1.0 and requested_time = 166.0
15:11:06.894 [Thread-3] INFO  org.cpswt.hla.FederationManager - Current_time = 166.0 and step = 1.0 and requested_time = 167.0
15:11:07.895 [Thread-3] INFO  org.cpswt.hla.FederationManager - Current_time = 167.0 and step = 1.0 and requested_time = 168.0
15:11:08.896 [Thread-3] INFO  org.cpswt.hla.FederationManager - Current_time = 168.0 and step = 1.0 and requested_time = 169.0
15:11:09.897 [Thread-3] INFO  org.cpswt.hla.FederationManager - Current_time = 169.0 and step = 1.0 and requested_time = 170.0
15:11:09.898 [Thread-3] INFO  org.cpswt.hla.FederationManager - Federation manager current time = 170.0
15:11:10.897 [Thread-3] INFO  org.cpswt.hla.FederationManager - Current_time = 170.0 and step = 1.0 and requested_time = 171.0
15:11:11.898 [Thread-3] INFO  org.cpswt.hla.FederationManager - Current_time = 171.0 and step = 1.0 and requested_time = 172.0
15:11:12.899 [Thread-3] INFO  org.cpswt.hla.FederationManager - Current_time = 172.0 and step = 1.0 and requested_time = 173.0
15:11:13.900 [Thread-3] INFO  org.cpswt.hla.FederationManager - Current_time = 173.0 and step = 1.0 and requested_time = 174.0
15:11:14.900 [Thread-3] INFO  org.cpswt.hla.FederationManager - Current_time = 174.0 and step = 1.0 and requested_time = 175.0
15:11:15.900 [Thread-3] INFO  org.cpswt.hla.FederationManager - Current_time = 175.0 and step = 1.0 and requested_time = 176.0
15:11:16.901 [Thread-3] INFO  org.cpswt.hla.FederationManager - Current_time = 176.0 and step = 1.0 and requested_time = 177.0
15:11:17.901 [Thread-3] INFO  org.cpswt.hla.FederationManager - Current_time = 177.0 and step = 1.0 and requested_time = 178.0
15:11:18.903 [Thread-3] INFO  org.cpswt.hla.FederationManager - Current_time = 178.0 and step = 1.0 and requested_time = 179.0
15:11:19.903 [Thread-3] INFO  org.cpswt.hla.FederationManager - Current_time = 179.0 and step = 1.0 and requested_time = 180.0
15:11:19.904 [Thread-3] INFO  org.cpswt.hla.FederationManager - Federation manager current time = 180.0
15:11:20.904 [Thread-3] INFO  org.cpswt.hla.FederationManager - Current_time = 180.0 and step = 1.0 and requested_time = 181.0
15:11:21.904 [Thread-3] INFO  org.cpswt.hla.FederationManager - Current_time = 181.0 and step = 1.0 and requested_time = 182.0
15:11:22.906 [Thread-3] INFO  org.cpswt.hla.FederationManager - Current_time = 182.0 and step = 1.0 and requested_time = 183.0
15:11:23.907 [Thread-3] INFO  org.cpswt.hla.FederationManager - Current_time = 183.0 and step = 1.0 and requested_time = 184.0
15:11:24.907 [Thread-3] INFO  org.cpswt.hla.FederationManager - Current_time = 184.0 and step = 1.0 and requested_time = 185.0
15:11:25.907 [Thread-3] INFO  org.cpswt.hla.FederationManager - Current_time = 185.0 and step = 1.0 and requested_time = 186.0
15:11:26.907 [Thread-3] INFO  org.cpswt.hla.FederationManager - Current_time = 186.0 and step = 1.0 and requested_time = 187.0
15:11:27.908 [Thread-3] INFO  org.cpswt.hla.FederationManager - Current_time = 187.0 and step = 1.0 and requested_time = 188.0
15:11:28.910 [Thread-3] INFO  org.cpswt.hla.FederationManager - Current_time = 188.0 and step = 1.0 and requested_time = 189.0
15:11:29.911 [Thread-3] INFO  org.cpswt.hla.FederationManager - Current_time = 189.0 and step = 1.0 and requested_time = 190.0
15:11:29.912 [Thread-3] INFO  org.cpswt.hla.FederationManager - Federation manager current time = 190.0
15:11:30.911 [Thread-3] INFO  org.cpswt.hla.FederationManager - Current_time = 190.0 and step = 1.0 and requested_time = 191.0
15:11:31.912 [Thread-3] INFO  org.cpswt.hla.FederationManager - Current_time = 191.0 and step = 1.0 and requested_time = 192.0
15:11:32.913 [Thread-3] INFO  org.cpswt.hla.FederationManager - Current_time = 192.0 and step = 1.0 and requested_time = 193.0
15:11:33.913 [Thread-3] INFO  org.cpswt.hla.FederationManager - Current_time = 193.0 and step = 1.0 and requested_time = 194.0
15:11:34.914 [Thread-3] INFO  org.cpswt.hla.FederationManager - Current_time = 194.0 and step = 1.0 and requested_time = 195.0
15:11:35.916 [Thread-3] INFO  org.cpswt.hla.FederationManager - Current_time = 195.0 and step = 1.0 and requested_time = 196.0
15:11:36.917 [Thread-3] INFO  org.cpswt.hla.FederationManager - Current_time = 196.0 and step = 1.0 and requested_time = 197.0
15:11:37.917 [Thread-3] INFO  org.cpswt.hla.FederationManager - Current_time = 197.0 and step = 1.0 and requested_time = 198.0
15:11:38.918 [Thread-3] INFO  org.cpswt.hla.FederationManager - Current_time = 198.0 and step = 1.0 and requested_time = 199.0
15:11:39.918 [Thread-3] INFO  org.cpswt.hla.FederationManager - Current_time = 199.0 and step = 1.0 and requested_time = 200.0
15:11:39.919 [Thread-3] INFO  org.cpswt.hla.FederationManager - Federation manager current time = 200.0
15:11:40.919 [Thread-3] INFO  org.cpswt.hla.FederationManager - Current_time = 200.0 and step = 1.0 and requested_time = 201.0
15:11:41.919 [Thread-3] INFO  org.cpswt.hla.FederationManager - Current_time = 201.0 and step = 1.0 and requested_time = 202.0
15:11:42.920 [Thread-3] INFO  org.cpswt.hla.FederationManager - Current_time = 202.0 and step = 1.0 and requested_time = 203.0
15:11:43.921 [Thread-3] INFO  org.cpswt.hla.FederationManager - Current_time = 203.0 and step = 1.0 and requested_time = 204.0
15:11:44.921 [Thread-3] INFO  org.cpswt.hla.FederationManager - Current_time = 204.0 and step = 1.0 and requested_time = 205.0
15:11:45.922 [Thread-3] INFO  org.cpswt.hla.FederationManager - Current_time = 205.0 and step = 1.0 and requested_time = 206.0
15:11:46.923 [Thread-3] INFO  org.cpswt.hla.FederationManager - Current_time = 206.0 and step = 1.0 and requested_time = 207.0
15:11:47.924 [Thread-3] INFO  org.cpswt.hla.FederationManager - Current_time = 207.0 and step = 1.0 and requested_time = 208.0
15:11:48.925 [Thread-3] INFO  org.cpswt.hla.FederationManager - Current_time = 208.0 and step = 1.0 and requested_time = 209.0
15:11:49.926 [Thread-3] INFO  org.cpswt.hla.FederationManager - Current_time = 209.0 and step = 1.0 and requested_time = 210.0
15:11:49.927 [Thread-3] INFO  org.cpswt.hla.FederationManager - Federation manager current time = 210.0
15:11:50.928 [Thread-3] INFO  org.cpswt.hla.FederationManager - Current_time = 210.0 and step = 1.0 and requested_time = 211.0
15:11:51.929 [Thread-3] INFO  org.cpswt.hla.FederationManager - Current_time = 211.0 and step = 1.0 and requested_time = 212.0
15:11:52.929 [Thread-3] INFO  org.cpswt.hla.FederationManager - Current_time = 212.0 and step = 1.0 and requested_time = 213.0
15:11:53.930 [Thread-3] INFO  org.cpswt.hla.FederationManager - Current_time = 213.0 and step = 1.0 and requested_time = 214.0
15:11:54.931 [Thread-3] INFO  org.cpswt.hla.FederationManager - Current_time = 214.0 and step = 1.0 and requested_time = 215.0
15:11:55.932 [Thread-3] INFO  org.cpswt.hla.FederationManager - Current_time = 215.0 and step = 1.0 and requested_time = 216.0
15:11:56.933 [Thread-3] INFO  org.cpswt.hla.FederationManager - Current_time = 216.0 and step = 1.0 and requested_time = 217.0
15:11:57.934 [Thread-3] INFO  org.cpswt.hla.FederationManager - Current_time = 217.0 and step = 1.0 and requested_time = 218.0
15:11:58.935 [Thread-3] INFO  org.cpswt.hla.FederationManager - Current_time = 218.0 and step = 1.0 and requested_time = 219.0
15:11:59.936 [Thread-3] INFO  org.cpswt.hla.FederationManager - Current_time = 219.0 and step = 1.0 and requested_time = 220.0
15:11:59.937 [Thread-3] INFO  org.cpswt.hla.FederationManager - Federation manager current time = 220.0
15:12:00.945 [Thread-3] INFO  org.cpswt.hla.FederationManager - Current_time = 220.0 and step = 1.0 and requested_time = 221.0
15:12:01.946 [Thread-3] INFO  org.cpswt.hla.FederationManager - Current_time = 221.0 and step = 1.0 and requested_time = 222.0
15:12:02.946 [Thread-3] INFO  org.cpswt.hla.FederationManager - Current_time = 222.0 and step = 1.0 and requested_time = 223.0
15:12:03.946 [Thread-3] INFO  org.cpswt.hla.FederationManager - Current_time = 223.0 and step = 1.0 and requested_time = 224.0
15:12:04.946 [Thread-3] INFO  org.cpswt.hla.FederationManager - Current_time = 224.0 and step = 1.0 and requested_time = 225.0
15:12:05.947 [Thread-3] INFO  org.cpswt.hla.FederationManager - Current_time = 225.0 and step = 1.0 and requested_time = 226.0
15:12:06.948 [Thread-3] INFO  org.cpswt.hla.FederationManager - Current_time = 226.0 and step = 1.0 and requested_time = 227.0
15:12:07.948 [Thread-3] INFO  org.cpswt.hla.FederationManager - Current_time = 227.0 and step = 1.0 and requested_time = 228.0
15:12:08.949 [Thread-3] INFO  org.cpswt.hla.FederationManager - Current_time = 228.0 and step = 1.0 and requested_time = 229.0
15:12:09.950 [Thread-3] INFO  org.cpswt.hla.FederationManager - Current_time = 229.0 and step = 1.0 and requested_time = 230.0
15:12:09.952 [Thread-3] INFO  org.cpswt.hla.FederationManager - Federation manager current time = 230.0
15:12:10.952 [Thread-3] INFO  org.cpswt.hla.FederationManager - Current_time = 230.0 and step = 1.0 and requested_time = 231.0
15:12:11.953 [Thread-3] INFO  org.cpswt.hla.FederationManager - Current_time = 231.0 and step = 1.0 and requested_time = 232.0
15:12:12.956 [Thread-3] INFO  org.cpswt.hla.FederationManager - Current_time = 232.0 and step = 1.0 and requested_time = 233.0
15:12:13.957 [Thread-3] INFO  org.cpswt.hla.FederationManager - Current_time = 233.0 and step = 1.0 and requested_time = 234.0
15:12:14.958 [Thread-3] INFO  org.cpswt.hla.FederationManager - Current_time = 234.0 and step = 1.0 and requested_time = 235.0
15:12:15.959 [Thread-3] INFO  org.cpswt.hla.FederationManager - Current_time = 235.0 and step = 1.0 and requested_time = 236.0
15:12:16.959 [Thread-3] INFO  org.cpswt.hla.FederationManager - Current_time = 236.0 and step = 1.0 and requested_time = 237.0
15:12:17.961 [Thread-3] INFO  org.cpswt.hla.FederationManager - Current_time = 237.0 and step = 1.0 and requested_time = 238.0
15:12:18.962 [Thread-3] INFO  org.cpswt.hla.FederationManager - Current_time = 238.0 and step = 1.0 and requested_time = 239.0
15:12:19.963 [Thread-3] INFO  org.cpswt.hla.FederationManager - Current_time = 239.0 and step = 1.0 and requested_time = 240.0
15:12:19.963 [Thread-3] INFO  org.cpswt.hla.FederationManager - Federation manager current time = 240.0
15:12:20.963 [Thread-3] INFO  org.cpswt.hla.FederationManager - Current_time = 240.0 and step = 1.0 and requested_time = 241.0
15:12:21.964 [Thread-3] INFO  org.cpswt.hla.FederationManager - Current_time = 241.0 and step = 1.0 and requested_time = 242.0
15:12:22.964 [Thread-3] INFO  org.cpswt.hla.FederationManager - Current_time = 242.0 and step = 1.0 and requested_time = 243.0
15:12:23.965 [Thread-3] INFO  org.cpswt.hla.FederationManager - Current_time = 243.0 and step = 1.0 and requested_time = 244.0
15:12:24.967 [Thread-3] INFO  org.cpswt.hla.FederationManager - Current_time = 244.0 and step = 1.0 and requested_time = 245.0
15:12:25.968 [Thread-3] INFO  org.cpswt.hla.FederationManager - Current_time = 245.0 and step = 1.0 and requested_time = 246.0
15:12:26.968 [Thread-3] INFO  org.cpswt.hla.FederationManager - Current_time = 246.0 and step = 1.0 and requested_time = 247.0
15:12:27.969 [Thread-3] INFO  org.cpswt.hla.FederationManager - Current_time = 247.0 and step = 1.0 and requested_time = 248.0
15:12:28.969 [Thread-3] INFO  org.cpswt.hla.FederationManager - Current_time = 248.0 and step = 1.0 and requested_time = 249.0
15:12:29.970 [Thread-3] INFO  org.cpswt.hla.FederationManager - Current_time = 249.0 and step = 1.0 and requested_time = 250.0
15:12:29.970 [Thread-3] INFO  org.cpswt.hla.FederationManager - Federation manager current time = 250.0
15:12:30.970 [Thread-3] INFO  org.cpswt.hla.FederationManager - Current_time = 250.0 and step = 1.0 and requested_time = 251.0
15:12:31.971 [Thread-3] INFO  org.cpswt.hla.FederationManager - Current_time = 251.0 and step = 1.0 and requested_time = 252.0
15:12:32.971 [Thread-3] INFO  org.cpswt.hla.FederationManager - Current_time = 252.0 and step = 1.0 and requested_time = 253.0
15:12:33.972 [Thread-3] INFO  org.cpswt.hla.FederationManager - Current_time = 253.0 and step = 1.0 and requested_time = 254.0
15:12:34.972 [Thread-3] INFO  org.cpswt.hla.FederationManager - Current_time = 254.0 and step = 1.0 and requested_time = 255.0
15:12:35.974 [Thread-3] INFO  org.cpswt.hla.FederationManager - Current_time = 255.0 and step = 1.0 and requested_time = 256.0
15:12:36.975 [Thread-3] INFO  org.cpswt.hla.FederationManager - Current_time = 256.0 and step = 1.0 and requested_time = 257.0
15:12:37.976 [Thread-3] INFO  org.cpswt.hla.FederationManager - Current_time = 257.0 and step = 1.0 and requested_time = 258.0
15:12:38.977 [Thread-3] INFO  org.cpswt.hla.FederationManager - Current_time = 258.0 and step = 1.0 and requested_time = 259.0
15:12:39.978 [Thread-3] INFO  org.cpswt.hla.FederationManager - Current_time = 259.0 and step = 1.0 and requested_time = 260.0
15:12:39.979 [Thread-3] INFO  org.cpswt.hla.FederationManager - Federation manager current time = 260.0
15:12:40.980 [Thread-3] INFO  org.cpswt.hla.FederationManager - Current_time = 260.0 and step = 1.0 and requested_time = 261.0
15:12:41.980 [Thread-3] INFO  org.cpswt.hla.FederationManager - Current_time = 261.0 and step = 1.0 and requested_time = 262.0
15:12:42.981 [Thread-3] INFO  org.cpswt.hla.FederationManager - Current_time = 262.0 and step = 1.0 and requested_time = 263.0
15:12:43.981 [Thread-3] INFO  org.cpswt.hla.FederationManager - Current_time = 263.0 and step = 1.0 and requested_time = 264.0
15:12:44.982 [Thread-3] INFO  org.cpswt.hla.FederationManager - Current_time = 264.0 and step = 1.0 and requested_time = 265.0
15:12:45.982 [Thread-3] INFO  org.cpswt.hla.FederationManager - Current_time = 265.0 and step = 1.0 and requested_time = 266.0
15:12:46.983 [Thread-3] INFO  org.cpswt.hla.FederationManager - Current_time = 266.0 and step = 1.0 and requested_time = 267.0
15:12:47.984 [Thread-3] INFO  org.cpswt.hla.FederationManager - Current_time = 267.0 and step = 1.0 and requested_time = 268.0
15:12:48.985 [Thread-3] INFO  org.cpswt.hla.FederationManager - Current_time = 268.0 and step = 1.0 and requested_time = 269.0
15:12:49.985 [Thread-3] INFO  org.cpswt.hla.FederationManager - Current_time = 269.0 and step = 1.0 and requested_time = 270.0
15:12:49.986 [Thread-3] INFO  org.cpswt.hla.FederationManager - Federation manager current time = 270.0
15:12:50.987 [Thread-3] INFO  org.cpswt.hla.FederationManager - Current_time = 270.0 and step = 1.0 and requested_time = 271.0
15:12:51.987 [Thread-3] INFO  org.cpswt.hla.FederationManager - Current_time = 271.0 and step = 1.0 and requested_time = 272.0
15:12:52.988 [Thread-3] INFO  org.cpswt.hla.FederationManager - Current_time = 272.0 and step = 1.0 and requested_time = 273.0
15:12:53.989 [Thread-3] INFO  org.cpswt.hla.FederationManager - Current_time = 273.0 and step = 1.0 and requested_time = 274.0
15:12:54.990 [Thread-3] INFO  org.cpswt.hla.FederationManager - Current_time = 274.0 and step = 1.0 and requested_time = 275.0
15:12:55.990 [Thread-3] INFO  org.cpswt.hla.FederationManager - Current_time = 275.0 and step = 1.0 and requested_time = 276.0
15:12:56.990 [Thread-3] INFO  org.cpswt.hla.FederationManager - Current_time = 276.0 and step = 1.0 and requested_time = 277.0
15:12:57.990 [Thread-3] INFO  org.cpswt.hla.FederationManager - Current_time = 277.0 and step = 1.0 and requested_time = 278.0
15:12:58.991 [Thread-3] INFO  org.cpswt.hla.FederationManager - Current_time = 278.0 and step = 1.0 and requested_time = 279.0
15:12:59.992 [Thread-3] INFO  org.cpswt.hla.FederationManager - Current_time = 279.0 and step = 1.0 and requested_time = 280.0
15:12:59.993 [Thread-3] INFO  org.cpswt.hla.FederationManager - Federation manager current time = 280.0
15:13:00.992 [Thread-3] INFO  org.cpswt.hla.FederationManager - Current_time = 280.0 and step = 1.0 and requested_time = 281.0
15:13:01.992 [Thread-3] INFO  org.cpswt.hla.FederationManager - Current_time = 281.0 and step = 1.0 and requested_time = 282.0
15:13:02.992 [Thread-3] INFO  org.cpswt.hla.FederationManager - Current_time = 282.0 and step = 1.0 and requested_time = 283.0
15:13:03.994 [Thread-3] INFO  org.cpswt.hla.FederationManager - Current_time = 283.0 and step = 1.0 and requested_time = 284.0
15:13:04.994 [Thread-3] INFO  org.cpswt.hla.FederationManager - Current_time = 284.0 and step = 1.0 and requested_time = 285.0
15:13:05.995 [Thread-3] INFO  org.cpswt.hla.FederationManager - Current_time = 285.0 and step = 1.0 and requested_time = 286.0
15:13:06.995 [Thread-3] INFO  org.cpswt.hla.FederationManager - Current_time = 286.0 and step = 1.0 and requested_time = 287.0
15:13:07.996 [Thread-3] INFO  org.cpswt.hla.FederationManager - Current_time = 287.0 and step = 1.0 and requested_time = 288.0
15:13:08.997 [Thread-3] INFO  org.cpswt.hla.FederationManager - Current_time = 288.0 and step = 1.0 and requested_time = 289.0
15:13:09.997 [Thread-3] INFO  org.cpswt.hla.FederationManager - Current_time = 289.0 and step = 1.0 and requested_time = 290.0
15:13:09.998 [Thread-3] INFO  org.cpswt.hla.FederationManager - Federation manager current time = 290.0
15:13:10.997 [Thread-3] INFO  org.cpswt.hla.FederationManager - Current_time = 290.0 and step = 1.0 and requested_time = 291.0
15:13:11.998 [Thread-3] INFO  org.cpswt.hla.FederationManager - Current_time = 291.0 and step = 1.0 and requested_time = 292.0
15:13:13.000 [Thread-3] INFO  org.cpswt.hla.FederationManager - Current_time = 292.0 and step = 1.0 and requested_time = 293.0
15:13:14.000 [Thread-3] INFO  org.cpswt.hla.FederationManager - Current_time = 293.0 and step = 1.0 and requested_time = 294.0
15:13:15.001 [Thread-3] INFO  org.cpswt.hla.FederationManager - Current_time = 294.0 and step = 1.0 and requested_time = 295.0
15:13:16.002 [Thread-3] INFO  org.cpswt.hla.FederationManager - Current_time = 295.0 and step = 1.0 and requested_time = 296.0
15:13:17.003 [Thread-3] INFO  org.cpswt.hla.FederationManager - Current_time = 296.0 and step = 1.0 and requested_time = 297.0
15:13:18.003 [Thread-3] INFO  org.cpswt.hla.FederationManager - Current_time = 297.0 and step = 1.0 and requested_time = 298.0
15:13:19.004 [Thread-3] INFO  org.cpswt.hla.FederationManager - Current_time = 298.0 and step = 1.0 and requested_time = 299.0
15:13:20.006 [Thread-3] INFO  org.cpswt.hla.FederationManager - Current_time = 299.0 and step = 1.0 and requested_time = 300.0
15:13:20.006 [Thread-3] INFO  org.cpswt.hla.FederationManager - Federation manager current time = 300.0
15:13:21.006 [Thread-3] INFO  org.cpswt.hla.FederationManager - Current_time = 300.0 and step = 1.0 and requested_time = 301.0
15:13:22.006 [Thread-3] INFO  org.cpswt.hla.FederationManager - Current_time = 301.0 and step = 1.0 and requested_time = 302.0
15:13:23.007 [Thread-3] INFO  org.cpswt.hla.FederationManager - Current_time = 302.0 and step = 1.0 and requested_time = 303.0
15:13:24.007 [Thread-3] INFO  org.cpswt.hla.FederationManager - Current_time = 303.0 and step = 1.0 and requested_time = 304.0
15:13:25.008 [Thread-3] INFO  org.cpswt.hla.FederationManager - Current_time = 304.0 and step = 1.0 and requested_time = 305.0
15:13:26.011 [Thread-3] INFO  org.cpswt.hla.FederationManager - Current_time = 305.0 and step = 1.0 and requested_time = 306.0
15:13:27.011 [Thread-3] INFO  org.cpswt.hla.FederationManager - Current_time = 306.0 and step = 1.0 and requested_time = 307.0
15:13:28.014 [Thread-3] INFO  org.cpswt.hla.FederationManager - Current_time = 307.0 and step = 1.0 and requested_time = 308.0
15:13:29.015 [Thread-3] INFO  org.cpswt.hla.FederationManager - Current_time = 308.0 and step = 1.0 and requested_time = 309.0
15:13:30.016 [Thread-3] INFO  org.cpswt.hla.FederationManager - Current_time = 309.0 and step = 1.0 and requested_time = 310.0
15:13:30.016 [Thread-3] INFO  org.cpswt.hla.FederationManager - Federation manager current time = 310.0
15:13:31.016 [Thread-3] INFO  org.cpswt.hla.FederationManager - Current_time = 310.0 and step = 1.0 and requested_time = 311.0
15:13:32.017 [Thread-3] INFO  org.cpswt.hla.FederationManager - Current_time = 311.0 and step = 1.0 and requested_time = 312.0
15:13:33.018 [Thread-3] INFO  org.cpswt.hla.FederationManager - Current_time = 312.0 and step = 1.0 and requested_time = 313.0
15:13:34.019 [Thread-3] INFO  org.cpswt.hla.FederationManager - Current_time = 313.0 and step = 1.0 and requested_time = 314.0
15:13:35.019 [Thread-3] INFO  org.cpswt.hla.FederationManager - Current_time = 314.0 and step = 1.0 and requested_time = 315.0
15:13:36.020 [Thread-3] INFO  org.cpswt.hla.FederationManager - Current_time = 315.0 and step = 1.0 and requested_time = 316.0
15:13:37.020 [Thread-3] INFO  org.cpswt.hla.FederationManager - Current_time = 316.0 and step = 1.0 and requested_time = 317.0
15:13:38.021 [Thread-3] INFO  org.cpswt.hla.FederationManager - Current_time = 317.0 and step = 1.0 and requested_time = 318.0
15:13:39.021 [Thread-3] INFO  org.cpswt.hla.FederationManager - Current_time = 318.0 and step = 1.0 and requested_time = 319.0
15:13:40.021 [Thread-3] INFO  org.cpswt.hla.FederationManager - Current_time = 319.0 and step = 1.0 and requested_time = 320.0
15:13:40.021 [Thread-3] INFO  org.cpswt.hla.FederationManager - Federation manager current time = 320.0
15:13:41.021 [Thread-3] INFO  org.cpswt.hla.FederationManager - Current_time = 320.0 and step = 1.0 and requested_time = 321.0
15:13:42.021 [Thread-3] INFO  org.cpswt.hla.FederationManager - Current_time = 321.0 and step = 1.0 and requested_time = 322.0
15:13:43.022 [Thread-3] INFO  org.cpswt.hla.FederationManager - Current_time = 322.0 and step = 1.0 and requested_time = 323.0
15:13:44.023 [Thread-3] INFO  org.cpswt.hla.FederationManager - Current_time = 323.0 and step = 1.0 and requested_time = 324.0
15:13:45.023 [Thread-3] INFO  org.cpswt.hla.FederationManager - Current_time = 324.0 and step = 1.0 and requested_time = 325.0
15:13:46.024 [Thread-3] INFO  org.cpswt.hla.FederationManager - Current_time = 325.0 and step = 1.0 and requested_time = 326.0
15:13:47.024 [Thread-3] INFO  org.cpswt.hla.FederationManager - Current_time = 326.0 and step = 1.0 and requested_time = 327.0
15:13:48.025 [Thread-3] INFO  org.cpswt.hla.FederationManager - Current_time = 327.0 and step = 1.0 and requested_time = 328.0
15:13:49.026 [Thread-3] INFO  org.cpswt.hla.FederationManager - Current_time = 328.0 and step = 1.0 and requested_time = 329.0
15:13:50.026 [Thread-3] INFO  org.cpswt.hla.FederationManager - Current_time = 329.0 and step = 1.0 and requested_time = 330.0
15:13:50.027 [Thread-3] INFO  org.cpswt.hla.FederationManager - Federation manager current time = 330.0
15:13:51.027 [Thread-3] INFO  org.cpswt.hla.FederationManager - Current_time = 330.0 and step = 1.0 and requested_time = 331.0
15:13:52.028 [Thread-3] INFO  org.cpswt.hla.FederationManager - Current_time = 331.0 and step = 1.0 and requested_time = 332.0
15:13:53.028 [Thread-3] INFO  org.cpswt.hla.FederationManager - Current_time = 332.0 and step = 1.0 and requested_time = 333.0
15:13:54.028 [Thread-3] INFO  org.cpswt.hla.FederationManager - Current_time = 333.0 and step = 1.0 and requested_time = 334.0
15:13:55.028 [Thread-3] INFO  org.cpswt.hla.FederationManager - Current_time = 334.0 and step = 1.0 and requested_time = 335.0
15:13:56.029 [Thread-3] INFO  org.cpswt.hla.FederationManager - Current_time = 335.0 and step = 1.0 and requested_time = 336.0
15:13:57.030 [Thread-3] INFO  org.cpswt.hla.FederationManager - Current_time = 336.0 and step = 1.0 and requested_time = 337.0
15:13:58.030 [Thread-3] INFO  org.cpswt.hla.FederationManager - Current_time = 337.0 and step = 1.0 and requested_time = 338.0
15:13:59.031 [Thread-3] INFO  org.cpswt.hla.FederationManager - Current_time = 338.0 and step = 1.0 and requested_time = 339.0
15:14:00.032 [Thread-3] INFO  org.cpswt.hla.FederationManager - Current_time = 339.0 and step = 1.0 and requested_time = 340.0
15:14:00.032 [Thread-3] INFO  org.cpswt.hla.FederationManager - Federation manager current time = 340.0
15:14:01.032 [Thread-3] INFO  org.cpswt.hla.FederationManager - Current_time = 340.0 and step = 1.0 and requested_time = 341.0
15:14:02.033 [Thread-3] INFO  org.cpswt.hla.FederationManager - Current_time = 341.0 and step = 1.0 and requested_time = 342.0
15:14:03.034 [Thread-3] INFO  org.cpswt.hla.FederationManager - Current_time = 342.0 and step = 1.0 and requested_time = 343.0
15:14:04.034 [Thread-3] INFO  org.cpswt.hla.FederationManager - Current_time = 343.0 and step = 1.0 and requested_time = 344.0
15:14:05.034 [Thread-3] INFO  org.cpswt.hla.FederationManager - Current_time = 344.0 and step = 1.0 and requested_time = 345.0
15:14:06.035 [Thread-3] INFO  org.cpswt.hla.FederationManager - Current_time = 345.0 and step = 1.0 and requested_time = 346.0
15:14:07.036 [Thread-3] INFO  org.cpswt.hla.FederationManager - Current_time = 346.0 and step = 1.0 and requested_time = 347.0
15:14:08.038 [Thread-3] INFO  org.cpswt.hla.FederationManager - Current_time = 347.0 and step = 1.0 and requested_time = 348.0
15:14:09.038 [Thread-3] INFO  org.cpswt.hla.FederationManager - Current_time = 348.0 and step = 1.0 and requested_time = 349.0
15:14:10.039 [Thread-3] INFO  org.cpswt.hla.FederationManager - Current_time = 349.0 and step = 1.0 and requested_time = 350.0
15:14:10.039 [Thread-3] INFO  org.cpswt.hla.FederationManager - Federation manager current time = 350.0
15:14:11.040 [Thread-3] INFO  org.cpswt.hla.FederationManager - Current_time = 350.0 and step = 1.0 and requested_time = 351.0
15:14:12.041 [Thread-3] INFO  org.cpswt.hla.FederationManager - Current_time = 351.0 and step = 1.0 and requested_time = 352.0
15:14:13.041 [Thread-3] INFO  org.cpswt.hla.FederationManager - Current_time = 352.0 and step = 1.0 and requested_time = 353.0
15:14:14.042 [Thread-3] INFO  org.cpswt.hla.FederationManager - Current_time = 353.0 and step = 1.0 and requested_time = 354.0
15:14:15.043 [Thread-3] INFO  org.cpswt.hla.FederationManager - Current_time = 354.0 and step = 1.0 and requested_time = 355.0
15:14:16.045 [Thread-3] INFO  org.cpswt.hla.FederationManager - Current_time = 355.0 and step = 1.0 and requested_time = 356.0
15:14:17.046 [Thread-3] INFO  org.cpswt.hla.FederationManager - Current_time = 356.0 and step = 1.0 and requested_time = 357.0
15:14:18.046 [Thread-3] INFO  org.cpswt.hla.FederationManager - Current_time = 357.0 and step = 1.0 and requested_time = 358.0
15:14:19.046 [Thread-3] INFO  org.cpswt.hla.FederationManager - Current_time = 358.0 and step = 1.0 and requested_time = 359.0
15:14:20.047 [Thread-3] INFO  org.cpswt.hla.FederationManager - Current_time = 359.0 and step = 1.0 and requested_time = 360.0
15:14:20.047 [Thread-3] INFO  org.cpswt.hla.FederationManager - Federation manager current time = 360.0
15:14:21.047 [Thread-3] INFO  org.cpswt.hla.FederationManager - Current_time = 360.0 and step = 1.0 and requested_time = 361.0
15:14:22.047 [Thread-3] INFO  org.cpswt.hla.FederationManager - Current_time = 361.0 and step = 1.0 and requested_time = 362.0
15:14:23.047 [Thread-3] INFO  org.cpswt.hla.FederationManager - Current_time = 362.0 and step = 1.0 and requested_time = 363.0
15:14:24.048 [Thread-3] INFO  org.cpswt.hla.FederationManager - Current_time = 363.0 and step = 1.0 and requested_time = 364.0
15:14:25.049 [Thread-3] INFO  org.cpswt.hla.FederationManager - Current_time = 364.0 and step = 1.0 and requested_time = 365.0
15:14:26.049 [Thread-3] INFO  org.cpswt.hla.FederationManager - Current_time = 365.0 and step = 1.0 and requested_time = 366.0
15:14:27.050 [Thread-3] INFO  org.cpswt.hla.FederationManager - Current_time = 366.0 and step = 1.0 and requested_time = 367.0
15:14:28.050 [Thread-3] INFO  org.cpswt.hla.FederationManager - Current_time = 367.0 and step = 1.0 and requested_time = 368.0
15:14:29.050 [Thread-3] INFO  org.cpswt.hla.FederationManager - Current_time = 368.0 and step = 1.0 and requested_time = 369.0
15:14:30.051 [Thread-3] INFO  org.cpswt.hla.FederationManager - Current_time = 369.0 and step = 1.0 and requested_time = 370.0
15:14:30.051 [Thread-3] INFO  org.cpswt.hla.FederationManager - Federation manager current time = 370.0
15:14:31.051 [Thread-3] INFO  org.cpswt.hla.FederationManager - Current_time = 370.0 and step = 1.0 and requested_time = 371.0
15:14:32.052 [Thread-3] INFO  org.cpswt.hla.FederationManager - Current_time = 371.0 and step = 1.0 and requested_time = 372.0
15:14:33.052 [Thread-3] INFO  org.cpswt.hla.FederationManager - Current_time = 372.0 and step = 1.0 and requested_time = 373.0
15:14:34.053 [Thread-3] INFO  org.cpswt.hla.FederationManager - Current_time = 373.0 and step = 1.0 and requested_time = 374.0
15:14:35.053 [Thread-3] INFO  org.cpswt.hla.FederationManager - Current_time = 374.0 and step = 1.0 and requested_time = 375.0
15:14:36.053 [Thread-3] INFO  org.cpswt.hla.FederationManager - Current_time = 375.0 and step = 1.0 and requested_time = 376.0
15:14:37.053 [Thread-3] INFO  org.cpswt.hla.FederationManager - Current_time = 376.0 and step = 1.0 and requested_time = 377.0
15:14:38.054 [Thread-3] INFO  org.cpswt.hla.FederationManager - Current_time = 377.0 and step = 1.0 and requested_time = 378.0
15:14:39.054 [Thread-3] INFO  org.cpswt.hla.FederationManager - Current_time = 378.0 and step = 1.0 and requested_time = 379.0
15:14:40.055 [Thread-3] INFO  org.cpswt.hla.FederationManager - Current_time = 379.0 and step = 1.0 and requested_time = 380.0
15:14:40.056 [Thread-3] INFO  org.cpswt.hla.FederationManager - Federation manager current time = 380.0
15:14:41.055 [Thread-3] INFO  org.cpswt.hla.FederationManager - Current_time = 380.0 and step = 1.0 and requested_time = 381.0
15:14:42.056 [Thread-3] INFO  org.cpswt.hla.FederationManager - Current_time = 381.0 and step = 1.0 and requested_time = 382.0
15:14:43.056 [Thread-3] INFO  org.cpswt.hla.FederationManager - Current_time = 382.0 and step = 1.0 and requested_time = 383.0
15:14:44.057 [Thread-3] INFO  org.cpswt.hla.FederationManager - Current_time = 383.0 and step = 1.0 and requested_time = 384.0
15:14:45.058 [Thread-3] INFO  org.cpswt.hla.FederationManager - Current_time = 384.0 and step = 1.0 and requested_time = 385.0
15:14:46.060 [Thread-3] INFO  org.cpswt.hla.FederationManager - Current_time = 385.0 and step = 1.0 and requested_time = 386.0
15:14:47.060 [Thread-3] INFO  org.cpswt.hla.FederationManager - Current_time = 386.0 and step = 1.0 and requested_time = 387.0
15:14:48.061 [Thread-3] INFO  org.cpswt.hla.FederationManager - Current_time = 387.0 and step = 1.0 and requested_time = 388.0
15:14:49.061 [Thread-3] INFO  org.cpswt.hla.FederationManager - Current_time = 388.0 and step = 1.0 and requested_time = 389.0
15:14:50.061 [Thread-3] INFO  org.cpswt.hla.FederationManager - Current_time = 389.0 and step = 1.0 and requested_time = 390.0
15:14:50.062 [Thread-3] INFO  org.cpswt.hla.FederationManager - Federation manager current time = 390.0
15:14:51.062 [Thread-3] INFO  org.cpswt.hla.FederationManager - Current_time = 390.0 and step = 1.0 and requested_time = 391.0
15:14:52.063 [Thread-3] INFO  org.cpswt.hla.FederationManager - Current_time = 391.0 and step = 1.0 and requested_time = 392.0
15:14:53.064 [Thread-3] INFO  org.cpswt.hla.FederationManager - Current_time = 392.0 and step = 1.0 and requested_time = 393.0
15:14:54.064 [Thread-3] INFO  org.cpswt.hla.FederationManager - Current_time = 393.0 and step = 1.0 and requested_time = 394.0
15:14:55.064 [Thread-3] INFO  org.cpswt.hla.FederationManager - Current_time = 394.0 and step = 1.0 and requested_time = 395.0
15:14:56.064 [Thread-3] INFO  org.cpswt.hla.FederationManager - Current_time = 395.0 and step = 1.0 and requested_time = 396.0
15:14:57.065 [Thread-3] INFO  org.cpswt.hla.FederationManager - Current_time = 396.0 and step = 1.0 and requested_time = 397.0
15:14:58.066 [Thread-3] INFO  org.cpswt.hla.FederationManager - Current_time = 397.0 and step = 1.0 and requested_time = 398.0
15:14:59.067 [Thread-3] INFO  org.cpswt.hla.FederationManager - Current_time = 398.0 and step = 1.0 and requested_time = 399.0
15:15:00.069 [Thread-3] INFO  org.cpswt.hla.FederationManager - Current_time = 399.0 and step = 1.0 and requested_time = 400.0
15:15:00.069 [Thread-3] INFO  org.cpswt.hla.FederationManager - Federation manager current time = 400.0
15:15:01.070 [Thread-3] INFO  org.cpswt.hla.FederationManager - Current_time = 400.0 and step = 1.0 and requested_time = 401.0
15:15:02.070 [Thread-3] INFO  org.cpswt.hla.FederationManager - Current_time = 401.0 and step = 1.0 and requested_time = 402.0
15:15:03.071 [Thread-3] INFO  org.cpswt.hla.FederationManager - Current_time = 402.0 and step = 1.0 and requested_time = 403.0
15:15:04.072 [Thread-3] INFO  org.cpswt.hla.FederationManager - Current_time = 403.0 and step = 1.0 and requested_time = 404.0
15:15:05.073 [Thread-3] INFO  org.cpswt.hla.FederationManager - Current_time = 404.0 and step = 1.0 and requested_time = 405.0
15:15:06.073 [Thread-3] INFO  org.cpswt.hla.FederationManager - Current_time = 405.0 and step = 1.0 and requested_time = 406.0
15:15:07.073 [Thread-3] INFO  org.cpswt.hla.FederationManager - Current_time = 406.0 and step = 1.0 and requested_time = 407.0
15:15:08.074 [Thread-3] INFO  org.cpswt.hla.FederationManager - Current_time = 407.0 and step = 1.0 and requested_time = 408.0
15:15:09.074 [Thread-3] INFO  org.cpswt.hla.FederationManager - Current_time = 408.0 and step = 1.0 and requested_time = 409.0
15:15:10.074 [Thread-3] INFO  org.cpswt.hla.FederationManager - Current_time = 409.0 and step = 1.0 and requested_time = 410.0
15:15:10.075 [Thread-3] INFO  org.cpswt.hla.FederationManager - Federation manager current time = 410.0
15:15:11.076 [Thread-3] INFO  org.cpswt.hla.FederationManager - Current_time = 410.0 and step = 1.0 and requested_time = 411.0
15:15:12.077 [Thread-3] INFO  org.cpswt.hla.FederationManager - Current_time = 411.0 and step = 1.0 and requested_time = 412.0
15:15:13.077 [Thread-3] INFO  org.cpswt.hla.FederationManager - Current_time = 412.0 and step = 1.0 and requested_time = 413.0
15:15:14.078 [Thread-3] INFO  org.cpswt.hla.FederationManager - Current_time = 413.0 and step = 1.0 and requested_time = 414.0
15:15:15.079 [Thread-3] INFO  org.cpswt.hla.FederationManager - Current_time = 414.0 and step = 1.0 and requested_time = 415.0
15:15:16.079 [Thread-3] INFO  org.cpswt.hla.FederationManager - Current_time = 415.0 and step = 1.0 and requested_time = 416.0
15:15:17.079 [Thread-3] INFO  org.cpswt.hla.FederationManager - Current_time = 416.0 and step = 1.0 and requested_time = 417.0
15:15:18.079 [Thread-3] INFO  org.cpswt.hla.FederationManager - Current_time = 417.0 and step = 1.0 and requested_time = 418.0
15:15:19.080 [Thread-3] INFO  org.cpswt.hla.FederationManager - Current_time = 418.0 and step = 1.0 and requested_time = 419.0
15:15:20.080 [Thread-3] INFO  org.cpswt.hla.FederationManager - Current_time = 419.0 and step = 1.0 and requested_time = 420.0
15:15:20.081 [Thread-3] INFO  org.cpswt.hla.FederationManager - Federation manager current time = 420.0
15:15:21.081 [Thread-3] INFO  org.cpswt.hla.FederationManager - Current_time = 420.0 and step = 1.0 and requested_time = 421.0
15:15:22.082 [Thread-3] INFO  org.cpswt.hla.FederationManager - Current_time = 421.0 and step = 1.0 and requested_time = 422.0
15:15:23.083 [Thread-3] INFO  org.cpswt.hla.FederationManager - Current_time = 422.0 and step = 1.0 and requested_time = 423.0
15:15:24.083 [Thread-3] INFO  org.cpswt.hla.FederationManager - Current_time = 423.0 and step = 1.0 and requested_time = 424.0
15:15:25.085 [Thread-3] INFO  org.cpswt.hla.FederationManager - Current_time = 424.0 and step = 1.0 and requested_time = 425.0
15:15:26.085 [Thread-3] INFO  org.cpswt.hla.FederationManager - Current_time = 425.0 and step = 1.0 and requested_time = 426.0
15:15:27.086 [Thread-3] INFO  org.cpswt.hla.FederationManager - Current_time = 426.0 and step = 1.0 and requested_time = 427.0
15:15:28.086 [Thread-3] INFO  org.cpswt.hla.FederationManager - Current_time = 427.0 and step = 1.0 and requested_time = 428.0
15:15:29.087 [Thread-3] INFO  org.cpswt.hla.FederationManager - Current_time = 428.0 and step = 1.0 and requested_time = 429.0
15:15:30.088 [Thread-3] INFO  org.cpswt.hla.FederationManager - Current_time = 429.0 and step = 1.0 and requested_time = 430.0
15:15:30.088 [Thread-3] INFO  org.cpswt.hla.FederationManager - Federation manager current time = 430.0
15:15:31.089 [Thread-3] INFO  org.cpswt.hla.FederationManager - Current_time = 430.0 and step = 1.0 and requested_time = 431.0
15:15:32.089 [Thread-3] INFO  org.cpswt.hla.FederationManager - Current_time = 431.0 and step = 1.0 and requested_time = 432.0
15:15:33.090 [Thread-3] INFO  org.cpswt.hla.FederationManager - Current_time = 432.0 and step = 1.0 and requested_time = 433.0
15:15:34.091 [Thread-3] INFO  org.cpswt.hla.FederationManager - Current_time = 433.0 and step = 1.0 and requested_time = 434.0
15:15:35.092 [Thread-3] INFO  org.cpswt.hla.FederationManager - Current_time = 434.0 and step = 1.0 and requested_time = 435.0
15:15:36.093 [Thread-3] INFO  org.cpswt.hla.FederationManager - Current_time = 435.0 and step = 1.0 and requested_time = 436.0
15:15:37.094 [Thread-3] INFO  org.cpswt.hla.FederationManager - Current_time = 436.0 and step = 1.0 and requested_time = 437.0
15:15:38.095 [Thread-3] INFO  org.cpswt.hla.FederationManager - Current_time = 437.0 and step = 1.0 and requested_time = 438.0
15:15:39.096 [Thread-3] INFO  org.cpswt.hla.FederationManager - Current_time = 438.0 and step = 1.0 and requested_time = 439.0
15:15:40.097 [Thread-3] INFO  org.cpswt.hla.FederationManager - Current_time = 439.0 and step = 1.0 and requested_time = 440.0
15:15:40.097 [Thread-3] INFO  org.cpswt.hla.FederationManager - Federation manager current time = 440.0
15:15:41.097 [Thread-3] INFO  org.cpswt.hla.FederationManager - Current_time = 440.0 and step = 1.0 and requested_time = 441.0
15:15:42.098 [Thread-3] INFO  org.cpswt.hla.FederationManager - Current_time = 441.0 and step = 1.0 and requested_time = 442.0
15:15:43.099 [Thread-3] INFO  org.cpswt.hla.FederationManager - Current_time = 442.0 and step = 1.0 and requested_time = 443.0
15:15:44.099 [Thread-3] INFO  org.cpswt.hla.FederationManager - Current_time = 443.0 and step = 1.0 and requested_time = 444.0
15:15:45.100 [Thread-3] INFO  org.cpswt.hla.FederationManager - Current_time = 444.0 and step = 1.0 and requested_time = 445.0
15:15:46.100 [Thread-3] INFO  org.cpswt.hla.FederationManager - Current_time = 445.0 and step = 1.0 and requested_time = 446.0
15:15:47.101 [Thread-3] INFO  org.cpswt.hla.FederationManager - Current_time = 446.0 and step = 1.0 and requested_time = 447.0
15:15:48.101 [Thread-3] INFO  org.cpswt.hla.FederationManager - Current_time = 447.0 and step = 1.0 and requested_time = 448.0
15:15:49.103 [Thread-3] INFO  org.cpswt.hla.FederationManager - Current_time = 448.0 and step = 1.0 and requested_time = 449.0
15:15:50.104 [Thread-3] INFO  org.cpswt.hla.FederationManager - Current_time = 449.0 and step = 1.0 and requested_time = 450.0
15:15:50.104 [Thread-3] INFO  org.cpswt.hla.FederationManager - Federation manager current time = 450.0
15:15:51.104 [Thread-3] INFO  org.cpswt.hla.FederationManager - Current_time = 450.0 and step = 1.0 and requested_time = 451.0
15:15:52.105 [Thread-3] INFO  org.cpswt.hla.FederationManager - Current_time = 451.0 and step = 1.0 and requested_time = 452.0
15:15:53.105 [Thread-3] INFO  org.cpswt.hla.FederationManager - Current_time = 452.0 and step = 1.0 and requested_time = 453.0
15:15:54.105 [Thread-3] INFO  org.cpswt.hla.FederationManager - Current_time = 453.0 and step = 1.0 and requested_time = 454.0
15:15:55.107 [Thread-3] INFO  org.cpswt.hla.FederationManager - Current_time = 454.0 and step = 1.0 and requested_time = 455.0
15:15:56.107 [Thread-3] INFO  org.cpswt.hla.FederationManager - Current_time = 455.0 and step = 1.0 and requested_time = 456.0
15:15:57.108 [Thread-3] INFO  org.cpswt.hla.FederationManager - Current_time = 456.0 and step = 1.0 and requested_time = 457.0
15:15:58.108 [Thread-3] INFO  org.cpswt.hla.FederationManager - Current_time = 457.0 and step = 1.0 and requested_time = 458.0
15:15:59.109 [Thread-3] INFO  org.cpswt.hla.FederationManager - Current_time = 458.0 and step = 1.0 and requested_time = 459.0
15:16:00.110 [Thread-3] INFO  org.cpswt.hla.FederationManager - Current_time = 459.0 and step = 1.0 and requested_time = 460.0
15:16:00.110 [Thread-3] INFO  org.cpswt.hla.FederationManager - Federation manager current time = 460.0
15:16:01.110 [Thread-3] INFO  org.cpswt.hla.FederationManager - Current_time = 460.0 and step = 1.0 and requested_time = 461.0
15:16:02.111 [Thread-3] INFO  org.cpswt.hla.FederationManager - Current_time = 461.0 and step = 1.0 and requested_time = 462.0
15:16:03.113 [Thread-3] INFO  org.cpswt.hla.FederationManager - Current_time = 462.0 and step = 1.0 and requested_time = 463.0
15:16:04.113 [Thread-3] INFO  org.cpswt.hla.FederationManager - Current_time = 463.0 and step = 1.0 and requested_time = 464.0
15:16:05.114 [Thread-3] INFO  org.cpswt.hla.FederationManager - Current_time = 464.0 and step = 1.0 and requested_time = 465.0
15:16:06.115 [Thread-3] INFO  org.cpswt.hla.FederationManager - Current_time = 465.0 and step = 1.0 and requested_time = 466.0
15:16:07.116 [Thread-3] INFO  org.cpswt.hla.FederationManager - Current_time = 466.0 and step = 1.0 and requested_time = 467.0
15:16:08.123 [Thread-3] INFO  org.cpswt.hla.FederationManager - Current_time = 467.0 and step = 1.0 and requested_time = 468.0
15:16:09.123 [Thread-3] INFO  org.cpswt.hla.FederationManager - Current_time = 468.0 and step = 1.0 and requested_time = 469.0
15:16:10.123 [Thread-3] INFO  org.cpswt.hla.FederationManager - Current_time = 469.0 and step = 1.0 and requested_time = 470.0
15:16:10.123 [Thread-3] INFO  org.cpswt.hla.FederationManager - Federation manager current time = 470.0
15:16:11.123 [Thread-3] INFO  org.cpswt.hla.FederationManager - Current_time = 470.0 and step = 1.0 and requested_time = 471.0
15:16:12.124 [Thread-3] INFO  org.cpswt.hla.FederationManager - Current_time = 471.0 and step = 1.0 and requested_time = 472.0
15:16:13.124 [Thread-3] INFO  org.cpswt.hla.FederationManager - Current_time = 472.0 and step = 1.0 and requested_time = 473.0
15:16:14.124 [Thread-3] INFO  org.cpswt.hla.FederationManager - Current_time = 473.0 and step = 1.0 and requested_time = 474.0
15:16:15.125 [Thread-3] INFO  org.cpswt.hla.FederationManager - Current_time = 474.0 and step = 1.0 and requested_time = 475.0
15:16:16.126 [Thread-3] INFO  org.cpswt.hla.FederationManager - Current_time = 475.0 and step = 1.0 and requested_time = 476.0
15:16:17.126 [Thread-3] INFO  org.cpswt.hla.FederationManager - Current_time = 476.0 and step = 1.0 and requested_time = 477.0
15:16:18.127 [Thread-3] INFO  org.cpswt.hla.FederationManager - Current_time = 477.0 and step = 1.0 and requested_time = 478.0
15:16:19.127 [Thread-3] INFO  org.cpswt.hla.FederationManager - Current_time = 478.0 and step = 1.0 and requested_time = 479.0
15:16:20.128 [Thread-3] INFO  org.cpswt.hla.FederationManager - Current_time = 479.0 and step = 1.0 and requested_time = 480.0
15:16:20.128 [Thread-3] INFO  org.cpswt.hla.FederationManager - Federation manager current time = 480.0
15:16:21.128 [Thread-3] INFO  org.cpswt.hla.FederationManager - Current_time = 480.0 and step = 1.0 and requested_time = 481.0
15:16:22.129 [Thread-3] INFO  org.cpswt.hla.FederationManager - Current_time = 481.0 and step = 1.0 and requested_time = 482.0
15:16:23.129 [Thread-3] INFO  org.cpswt.hla.FederationManager - Current_time = 482.0 and step = 1.0 and requested_time = 483.0
15:16:24.130 [Thread-3] INFO  org.cpswt.hla.FederationManager - Current_time = 483.0 and step = 1.0 and requested_time = 484.0
15:16:25.130 [Thread-3] INFO  org.cpswt.hla.FederationManager - Current_time = 484.0 and step = 1.0 and requested_time = 485.0
15:16:26.131 [Thread-3] INFO  org.cpswt.hla.FederationManager - Current_time = 485.0 and step = 1.0 and requested_time = 486.0
15:16:27.131 [Thread-3] INFO  org.cpswt.hla.FederationManager - Current_time = 486.0 and step = 1.0 and requested_time = 487.0
15:16:28.132 [Thread-3] INFO  org.cpswt.hla.FederationManager - Current_time = 487.0 and step = 1.0 and requested_time = 488.0
15:16:29.132 [Thread-3] INFO  org.cpswt.hla.FederationManager - Current_time = 488.0 and step = 1.0 and requested_time = 489.0
15:16:30.133 [Thread-3] INFO  org.cpswt.hla.FederationManager - Current_time = 489.0 and step = 1.0 and requested_time = 490.0
15:16:30.133 [Thread-3] INFO  org.cpswt.hla.FederationManager - Federation manager current time = 490.0
15:16:31.133 [Thread-3] INFO  org.cpswt.hla.FederationManager - Current_time = 490.0 and step = 1.0 and requested_time = 491.0
15:16:32.135 [Thread-3] INFO  org.cpswt.hla.FederationManager - Current_time = 491.0 and step = 1.0 and requested_time = 492.0
15:16:33.136 [Thread-3] INFO  org.cpswt.hla.FederationManager - Current_time = 492.0 and step = 1.0 and requested_time = 493.0
15:16:34.136 [Thread-3] INFO  org.cpswt.hla.FederationManager - Current_time = 493.0 and step = 1.0 and requested_time = 494.0
15:16:35.137 [Thread-3] INFO  org.cpswt.hla.FederationManager - Current_time = 494.0 and step = 1.0 and requested_time = 495.0
15:16:36.137 [Thread-3] INFO  org.cpswt.hla.FederationManager - Current_time = 495.0 and step = 1.0 and requested_time = 496.0
15:16:37.139 [Thread-3] INFO  org.cpswt.hla.FederationManager - Current_time = 496.0 and step = 1.0 and requested_time = 497.0
15:16:38.139 [Thread-3] INFO  org.cpswt.hla.FederationManager - Current_time = 497.0 and step = 1.0 and requested_time = 498.0
15:16:39.139 [Thread-3] INFO  org.cpswt.hla.FederationManager - Current_time = 498.0 and step = 1.0 and requested_time = 499.0
15:16:40.140 [Thread-3] INFO  org.cpswt.hla.FederationManager - Current_time = 499.0 and step = 1.0 and requested_time = 500.0
15:16:40.141 [Thread-3] INFO  org.cpswt.hla.FederationManager - Federation manager current time = 500.0
15:16:41.142 [Thread-3] INFO  org.cpswt.hla.FederationManager - Current_time = 500.0 and step = 1.0 and requested_time = 501.0
15:16:42.142 [Thread-3] INFO  org.cpswt.hla.FederationManager - Current_time = 501.0 and step = 1.0 and requested_time = 502.0
15:16:43.142 [Thread-3] INFO  org.cpswt.hla.FederationManager - Current_time = 502.0 and step = 1.0 and requested_time = 503.0
15:16:44.142 [Thread-3] INFO  org.cpswt.hla.FederationManager - Current_time = 503.0 and step = 1.0 and requested_time = 504.0
15:16:45.143 [Thread-3] INFO  org.cpswt.hla.FederationManager - Current_time = 504.0 and step = 1.0 and requested_time = 505.0
15:16:46.143 [Thread-3] INFO  org.cpswt.hla.FederationManager - Current_time = 505.0 and step = 1.0 and requested_time = 506.0
15:16:47.144 [Thread-3] INFO  org.cpswt.hla.FederationManager - Current_time = 506.0 and step = 1.0 and requested_time = 507.0
15:16:48.145 [Thread-3] INFO  org.cpswt.hla.FederationManager - Current_time = 507.0 and step = 1.0 and requested_time = 508.0
15:16:49.145 [Thread-3] INFO  org.cpswt.hla.FederationManager - Current_time = 508.0 and step = 1.0 and requested_time = 509.0
15:16:50.145 [Thread-3] INFO  org.cpswt.hla.FederationManager - Current_time = 509.0 and step = 1.0 and requested_time = 510.0
15:16:50.146 [Thread-3] INFO  org.cpswt.hla.FederationManager - Federation manager current time = 510.0
15:16:51.147 [Thread-3] INFO  org.cpswt.hla.FederationManager - Current_time = 510.0 and step = 1.0 and requested_time = 511.0
15:16:52.147 [Thread-3] INFO  org.cpswt.hla.FederationManager - Current_time = 511.0 and step = 1.0 and requested_time = 512.0
15:16:53.148 [Thread-3] INFO  org.cpswt.hla.FederationManager - Current_time = 512.0 and step = 1.0 and requested_time = 513.0
15:16:54.149 [Thread-3] INFO  org.cpswt.hla.FederationManager - Current_time = 513.0 and step = 1.0 and requested_time = 514.0
15:16:55.150 [Thread-3] INFO  org.cpswt.hla.FederationManager - Current_time = 514.0 and step = 1.0 and requested_time = 515.0
15:16:56.151 [Thread-3] INFO  org.cpswt.hla.FederationManager - Current_time = 515.0 and step = 1.0 and requested_time = 516.0
15:16:57.152 [Thread-3] INFO  org.cpswt.hla.FederationManager - Current_time = 516.0 and step = 1.0 and requested_time = 517.0
15:16:58.152 [Thread-3] INFO  org.cpswt.hla.FederationManager - Current_time = 517.0 and step = 1.0 and requested_time = 518.0
15:16:59.153 [Thread-3] INFO  org.cpswt.hla.FederationManager - Current_time = 518.0 and step = 1.0 and requested_time = 519.0
15:17:00.153 [Thread-3] INFO  org.cpswt.hla.FederationManager - Current_time = 519.0 and step = 1.0 and requested_time = 520.0
15:17:00.154 [Thread-3] INFO  org.cpswt.hla.FederationManager - Federation manager current time = 520.0
15:17:01.153 [Thread-3] INFO  org.cpswt.hla.FederationManager - Current_time = 520.0 and step = 1.0 and requested_time = 521.0
15:17:02.153 [Thread-3] INFO  org.cpswt.hla.FederationManager - Current_time = 521.0 and step = 1.0 and requested_time = 522.0
15:17:03.153 [Thread-3] INFO  org.cpswt.hla.FederationManager - Current_time = 522.0 and step = 1.0 and requested_time = 523.0
15:17:04.153 [Thread-3] INFO  org.cpswt.hla.FederationManager - Current_time = 523.0 and step = 1.0 and requested_time = 524.0
15:17:05.154 [Thread-3] INFO  org.cpswt.hla.FederationManager - Current_time = 524.0 and step = 1.0 and requested_time = 525.0
15:17:06.155 [Thread-3] INFO  org.cpswt.hla.FederationManager - Current_time = 525.0 and step = 1.0 and requested_time = 526.0
15:17:07.155 [Thread-3] INFO  org.cpswt.hla.FederationManager - Current_time = 526.0 and step = 1.0 and requested_time = 527.0
15:17:08.155 [Thread-3] INFO  org.cpswt.hla.FederationManager - Current_time = 527.0 and step = 1.0 and requested_time = 528.0
15:17:09.156 [Thread-3] INFO  org.cpswt.hla.FederationManager - Current_time = 528.0 and step = 1.0 and requested_time = 529.0
15:17:10.157 [Thread-3] INFO  org.cpswt.hla.FederationManager - Current_time = 529.0 and step = 1.0 and requested_time = 530.0
15:17:10.157 [Thread-3] INFO  org.cpswt.hla.FederationManager - Federation manager current time = 530.0
15:17:11.157 [Thread-3] INFO  org.cpswt.hla.FederationManager - Current_time = 530.0 and step = 1.0 and requested_time = 531.0
15:17:12.157 [Thread-3] INFO  org.cpswt.hla.FederationManager - Current_time = 531.0 and step = 1.0 and requested_time = 532.0
15:17:13.158 [Thread-3] INFO  org.cpswt.hla.FederationManager - Current_time = 532.0 and step = 1.0 and requested_time = 533.0
15:17:14.159 [Thread-3] INFO  org.cpswt.hla.FederationManager - Current_time = 533.0 and step = 1.0 and requested_time = 534.0
15:17:15.159 [Thread-3] INFO  org.cpswt.hla.FederationManager - Current_time = 534.0 and step = 1.0 and requested_time = 535.0
15:17:16.160 [Thread-3] INFO  org.cpswt.hla.FederationManager - Current_time = 535.0 and step = 1.0 and requested_time = 536.0
15:17:17.160 [Thread-3] INFO  org.cpswt.hla.FederationManager - Current_time = 536.0 and step = 1.0 and requested_time = 537.0
15:17:18.161 [Thread-3] INFO  org.cpswt.hla.FederationManager - Current_time = 537.0 and step = 1.0 and requested_time = 538.0
15:17:19.161 [Thread-3] INFO  org.cpswt.hla.FederationManager - Current_time = 538.0 and step = 1.0 and requested_time = 539.0
15:17:20.161 [Thread-3] INFO  org.cpswt.hla.FederationManager - Current_time = 539.0 and step = 1.0 and requested_time = 540.0
15:17:20.162 [Thread-3] INFO  org.cpswt.hla.FederationManager - Federation manager current time = 540.0
15:17:21.162 [Thread-3] INFO  org.cpswt.hla.FederationManager - Current_time = 540.0 and step = 1.0 and requested_time = 541.0
15:17:22.163 [Thread-3] INFO  org.cpswt.hla.FederationManager - Current_time = 541.0 and step = 1.0 and requested_time = 542.0
15:17:23.163 [Thread-3] INFO  org.cpswt.hla.FederationManager - Current_time = 542.0 and step = 1.0 and requested_time = 543.0
15:17:24.164 [Thread-3] INFO  org.cpswt.hla.FederationManager - Current_time = 543.0 and step = 1.0 and requested_time = 544.0
15:17:25.164 [Thread-3] INFO  org.cpswt.hla.FederationManager - Current_time = 544.0 and step = 1.0 and requested_time = 545.0
15:17:26.165 [Thread-3] INFO  org.cpswt.hla.FederationManager - Current_time = 545.0 and step = 1.0 and requested_time = 546.0
15:17:27.165 [Thread-3] INFO  org.cpswt.hla.FederationManager - Current_time = 546.0 and step = 1.0 and requested_time = 547.0
15:17:28.166 [Thread-3] INFO  org.cpswt.hla.FederationManager - Current_time = 547.0 and step = 1.0 and requested_time = 548.0
15:17:29.167 [Thread-3] INFO  org.cpswt.hla.FederationManager - Current_time = 548.0 and step = 1.0 and requested_time = 549.0
15:17:30.167 [Thread-3] INFO  org.cpswt.hla.FederationManager - Current_time = 549.0 and step = 1.0 and requested_time = 550.0
15:17:30.168 [Thread-3] INFO  org.cpswt.hla.FederationManager - Federation manager current time = 550.0
15:17:31.168 [Thread-3] INFO  org.cpswt.hla.FederationManager - Current_time = 550.0 and step = 1.0 and requested_time = 551.0
15:17:32.168 [Thread-3] INFO  org.cpswt.hla.FederationManager - Current_time = 551.0 and step = 1.0 and requested_time = 552.0
15:17:33.169 [Thread-3] INFO  org.cpswt.hla.FederationManager - Current_time = 552.0 and step = 1.0 and requested_time = 553.0
15:17:34.169 [Thread-3] INFO  org.cpswt.hla.FederationManager - Current_time = 553.0 and step = 1.0 and requested_time = 554.0
15:17:35.170 [Thread-3] INFO  org.cpswt.hla.FederationManager - Current_time = 554.0 and step = 1.0 and requested_time = 555.0
15:17:36.171 [Thread-3] INFO  org.cpswt.hla.FederationManager - Current_time = 555.0 and step = 1.0 and requested_time = 556.0
15:17:37.171 [Thread-3] INFO  org.cpswt.hla.FederationManager - Current_time = 556.0 and step = 1.0 and requested_time = 557.0
15:17:38.171 [Thread-3] INFO  org.cpswt.hla.FederationManager - Current_time = 557.0 and step = 1.0 and requested_time = 558.0
15:17:39.172 [Thread-3] INFO  org.cpswt.hla.FederationManager - Current_time = 558.0 and step = 1.0 and requested_time = 559.0
15:17:40.173 [Thread-3] INFO  org.cpswt.hla.FederationManager - Current_time = 559.0 and step = 1.0 and requested_time = 560.0
15:17:40.174 [Thread-3] INFO  org.cpswt.hla.FederationManager - Federation manager current time = 560.0
15:17:41.174 [Thread-3] INFO  org.cpswt.hla.FederationManager - Current_time = 560.0 and step = 1.0 and requested_time = 561.0
15:17:42.175 [Thread-3] INFO  org.cpswt.hla.FederationManager - Current_time = 561.0 and step = 1.0 and requested_time = 562.0
15:17:43.176 [Thread-3] INFO  org.cpswt.hla.FederationManager - Current_time = 562.0 and step = 1.0 and requested_time = 563.0
15:17:44.176 [Thread-3] INFO  org.cpswt.hla.FederationManager - Current_time = 563.0 and step = 1.0 and requested_time = 564.0
15:17:45.176 [Thread-3] INFO  org.cpswt.hla.FederationManager - Current_time = 564.0 and step = 1.0 and requested_time = 565.0
15:17:46.178 [Thread-3] INFO  org.cpswt.hla.FederationManager - Current_time = 565.0 and step = 1.0 and requested_time = 566.0
15:17:47.178 [Thread-3] INFO  org.cpswt.hla.FederationManager - Current_time = 566.0 and step = 1.0 and requested_time = 567.0
15:17:48.179 [Thread-3] INFO  org.cpswt.hla.FederationManager - Current_time = 567.0 and step = 1.0 and requested_time = 568.0
15:17:49.180 [Thread-3] INFO  org.cpswt.hla.FederationManager - Current_time = 568.0 and step = 1.0 and requested_time = 569.0
15:17:50.180 [Thread-3] INFO  org.cpswt.hla.FederationManager - Current_time = 569.0 and step = 1.0 and requested_time = 570.0
15:17:50.181 [Thread-3] INFO  org.cpswt.hla.FederationManager - Federation manager current time = 570.0
15:17:51.182 [Thread-3] INFO  org.cpswt.hla.FederationManager - Current_time = 570.0 and step = 1.0 and requested_time = 571.0
15:17:52.182 [Thread-3] INFO  org.cpswt.hla.FederationManager - Current_time = 571.0 and step = 1.0 and requested_time = 572.0
15:17:53.183 [Thread-3] INFO  org.cpswt.hla.FederationManager - Current_time = 572.0 and step = 1.0 and requested_time = 573.0
15:17:54.183 [Thread-3] INFO  org.cpswt.hla.FederationManager - Current_time = 573.0 and step = 1.0 and requested_time = 574.0
15:17:55.184 [Thread-3] INFO  org.cpswt.hla.FederationManager - Current_time = 574.0 and step = 1.0 and requested_time = 575.0
15:17:56.185 [Thread-3] INFO  org.cpswt.hla.FederationManager - Current_time = 575.0 and step = 1.0 and requested_time = 576.0
15:17:57.186 [Thread-3] INFO  org.cpswt.hla.FederationManager - Current_time = 576.0 and step = 1.0 and requested_time = 577.0
15:17:58.187 [Thread-3] INFO  org.cpswt.hla.FederationManager - Current_time = 577.0 and step = 1.0 and requested_time = 578.0
15:17:59.188 [Thread-3] INFO  org.cpswt.hla.FederationManager - Current_time = 578.0 and step = 1.0 and requested_time = 579.0
WARN  [VERIFY_SUSPECT.TimerThread,FlatCase,vagrant-17619] portico.lrc.jgroups: Detected that federate [Airline1Manager-cec08f02-c828-46b2-b22f-fdd5a16a0971] may have crashed, investigating...
WARN  [Regular] portico.lrc.jgroups: Federate [Airline1Manager-cec08f02-c828-46b2-b22f-fdd5a16a0971] has crashed. Sending fake resignation because it was too rude to.
15:18:08.966 [Thread-3] INFO  org.cpswt.hla.FederationManager - Current_time = 579.0 and step = 1.0 and requested_time = 580.0
