WARNING: An illegal reflective access operation has occurred
WARNING: Illegal reflective access by com.google.inject.internal.cglib.core.$ReflectUtils$1 (file:/usr/share/maven/lib/guice.jar) to method java.lang.ClassLoader.defineClass(java.lang.String,byte[],int,int,java.security.ProtectionDomain)
WARNING: Please consider reporting this to the maintainers of com.google.inject.internal.cglib.core.$ReflectUtils$1
WARNING: Use --illegal-access=warn to enable warnings of further illegal reflective access operations
WARNING: All illegal access operations will be denied in a future release
[[1;34mINFO[m] Scanning for projects...
[[1;34mINFO[m] 
[[1;34mINFO[m] [1m-------------------< [0;36morg.webgme.guest:FlatCase_exec[0;1m >-------------------[m
[[1;34mINFO[m] [1mBuilding FlatCase_exec 0.1.0-SNAPSHOT[m
[[1;34mINFO[m] [1m--------------------------------[ jar ]---------------------------------[m
Downloading from archiva.internal: http://cpswtng_archiva:8080/repository/internal/org/cpswt/fedmanager-host/0.6.0-SNAPSHOT/maven-metadata.xml
Downloading from archiva.snapshots: http://cpswtng_archiva:8080/repository/snapshots/org/cpswt/fedmanager-host/0.6.0-SNAPSHOT/maven-metadata.xml
[[1;33mWARNING[m] Could not transfer metadata org.cpswt:fedmanager-host:0.6.0-SNAPSHOT/maven-metadata.xml from/to archiva.internal (http://cpswtng_archiva:8080/repository/internal/): Connect to cpswtng_archiva:8080 [cpswtng_archiva/127.0.0.1] failed: Connection refused
[[1;33mWARNING[m] Could not transfer metadata org.cpswt:fedmanager-host:0.6.0-SNAPSHOT/maven-metadata.xml from/to archiva.snapshots (http://cpswtng_archiva:8080/repository/snapshots/): Connect to cpswtng_archiva:8080 [cpswtng_archiva/127.0.0.1] failed: Connection refused
[[1;33mWARNING[m] Failure to transfer org.cpswt:fedmanager-host:0.6.0-SNAPSHOT/maven-metadata.xml from http://cpswtng_archiva:8080/repository/internal/ was cached in the local repository, resolution will not be reattempted until the update interval of archiva.internal has elapsed or updates are forced. Original error: Could not transfer metadata org.cpswt:fedmanager-host:0.6.0-SNAPSHOT/maven-metadata.xml from/to archiva.internal (http://cpswtng_archiva:8080/repository/internal/): Connect to cpswtng_archiva:8080 [cpswtng_archiva/127.0.0.1] failed: Connection refused
[[1;33mWARNING[m] Failure to transfer org.cpswt:fedmanager-host:0.6.0-SNAPSHOT/maven-metadata.xml from http://cpswtng_archiva:8080/repository/snapshots/ was cached in the local repository, resolution will not be reattempted until the update interval of archiva.snapshots has elapsed or updates are forced. Original error: Could not transfer metadata org.cpswt:fedmanager-host:0.6.0-SNAPSHOT/maven-metadata.xml from/to archiva.snapshots (http://cpswtng_archiva:8080/repository/snapshots/): Connect to cpswtng_archiva:8080 [cpswtng_archiva/127.0.0.1] failed: Connection refused
Downloading from archiva.internal: http://cpswtng_archiva:8080/repository/internal/org/cpswt/cpswt-core/0.6.0-SNAPSHOT/maven-metadata.xml
Downloading from archiva.snapshots: http://cpswtng_archiva:8080/repository/snapshots/org/cpswt/cpswt-core/0.6.0-SNAPSHOT/maven-metadata.xml
[[1;33mWARNING[m] Could not transfer metadata org.cpswt:cpswt-core:0.6.0-SNAPSHOT/maven-metadata.xml from/to archiva.internal (http://cpswtng_archiva:8080/repository/internal/): Connect to cpswtng_archiva:8080 [cpswtng_archiva/127.0.0.1] failed: Connection refused
[[1;33mWARNING[m] Could not transfer metadata org.cpswt:cpswt-core:0.6.0-SNAPSHOT/maven-metadata.xml from/to archiva.snapshots (http://cpswtng_archiva:8080/repository/snapshots/): Connect to cpswtng_archiva:8080 [cpswtng_archiva/127.0.0.1] failed: Connection refused
[[1;34mINFO[m] 
[[1;34mINFO[m] [1m--- [0;32mexec-maven-plugin:1.5.0:java[m [1m(default-cli)[m @ [36mFlatCase_exec[0;1m ---[m
12:17:18.706 [org.cpswt.host.FederationManagerHostApp.main()] INFO  org.cpswt.hla.FederationManager - No COA definitions were provided!
12:17:18.709 [org.cpswt.host.FederationManagerHostApp.main()] INFO  org.cpswt.hla.FederationManager - No COA selections were provided!
12:17:18.709 [org.cpswt.host.FederationManagerHostApp.main()] INFO  org.cpswt.hla.FederationManager - No specific COA-selection was specified for execution!
12:17:18.710 [org.cpswt.host.FederationManagerHostApp.main()] INFO  org.cpswt.hla.FederationManager - No COAs are used in this experiment.

-------------------------------------------------------------------
GMS: address=vagrant-54372, cluster=FlatCase, physical address=192.168.0.21:56977
-------------------------------------------------------------------
12:17:30.190 [org.cpswt.host.FederationManagerHostApp.main()] INFO  org.cpswt.host.FederationManagerHostApp - Server online at 0.0.0.0:8083 ...
12:19:41.197 [Thread-3] INFO  org.cpswt.hla.FederationManager - Current_time = 0.0 and step = 1.0 and requested_time = 1.0
12:19:42.234 [Thread-3] INFO  org.cpswt.hla.FederationManager - Current_time = 1.0 and step = 1.0 and requested_time = 2.0
12:19:43.237 [Thread-3] INFO  org.cpswt.hla.FederationManager - Current_time = 2.0 and step = 1.0 and requested_time = 3.0
12:19:44.237 [Thread-3] INFO  org.cpswt.hla.FederationManager - Current_time = 3.0 and step = 1.0 and requested_time = 4.0
12:19:45.238 [Thread-3] INFO  org.cpswt.hla.FederationManager - Current_time = 4.0 and step = 1.0 and requested_time = 5.0
12:19:46.238 [Thread-3] INFO  org.cpswt.hla.FederationManager - Current_time = 5.0 and step = 1.0 and requested_time = 6.0
12:19:47.240 [Thread-3] INFO  org.cpswt.hla.FederationManager - Current_time = 6.0 and step = 1.0 and requested_time = 7.0
12:19:48.242 [Thread-3] INFO  org.cpswt.hla.FederationManager - Current_time = 7.0 and step = 1.0 and requested_time = 8.0
12:19:49.243 [Thread-3] INFO  org.cpswt.hla.FederationManager - Current_time = 8.0 and step = 1.0 and requested_time = 9.0
12:19:50.244 [Thread-3] INFO  org.cpswt.hla.FederationManager - Current_time = 9.0 and step = 1.0 and requested_time = 10.0
12:19:50.245 [Thread-3] INFO  org.cpswt.hla.FederationManager - Federation manager current time = 10.0
12:19:51.245 [Thread-3] INFO  org.cpswt.hla.FederationManager - Current_time = 10.0 and step = 1.0 and requested_time = 11.0
12:19:52.246 [Thread-3] INFO  org.cpswt.hla.FederationManager - Current_time = 11.0 and step = 1.0 and requested_time = 12.0
12:19:53.246 [Thread-3] INFO  org.cpswt.hla.FederationManager - Current_time = 12.0 and step = 1.0 and requested_time = 13.0
12:19:54.249 [Thread-3] INFO  org.cpswt.hla.FederationManager - Current_time = 13.0 and step = 1.0 and requested_time = 14.0
12:19:55.250 [Thread-3] INFO  org.cpswt.hla.FederationManager - Current_time = 14.0 and step = 1.0 and requested_time = 15.0
12:19:56.250 [Thread-3] INFO  org.cpswt.hla.FederationManager - Current_time = 15.0 and step = 1.0 and requested_time = 16.0
12:19:57.251 [Thread-3] INFO  org.cpswt.hla.FederationManager - Current_time = 16.0 and step = 1.0 and requested_time = 17.0
12:19:58.252 [Thread-3] INFO  org.cpswt.hla.FederationManager - Current_time = 17.0 and step = 1.0 and requested_time = 18.0
12:19:59.253 [Thread-3] INFO  org.cpswt.hla.FederationManager - Current_time = 18.0 and step = 1.0 and requested_time = 19.0
12:20:00.255 [Thread-3] INFO  org.cpswt.hla.FederationManager - Current_time = 19.0 and step = 1.0 and requested_time = 20.0
12:20:00.256 [Thread-3] INFO  org.cpswt.hla.FederationManager - Federation manager current time = 20.0
12:20:01.256 [Thread-3] INFO  org.cpswt.hla.FederationManager - Current_time = 20.0 and step = 1.0 and requested_time = 21.0
12:20:02.257 [Thread-3] INFO  org.cpswt.hla.FederationManager - Current_time = 21.0 and step = 1.0 and requested_time = 22.0
12:20:03.258 [Thread-3] INFO  org.cpswt.hla.FederationManager - Current_time = 22.0 and step = 1.0 and requested_time = 23.0
12:20:04.260 [Thread-3] INFO  org.cpswt.hla.FederationManager - Current_time = 23.0 and step = 1.0 and requested_time = 24.0
12:20:05.261 [Thread-3] INFO  org.cpswt.hla.FederationManager - Current_time = 24.0 and step = 1.0 and requested_time = 25.0
12:20:06.263 [Thread-3] INFO  org.cpswt.hla.FederationManager - Current_time = 25.0 and step = 1.0 and requested_time = 26.0
12:20:07.263 [Thread-3] INFO  org.cpswt.hla.FederationManager - Current_time = 26.0 and step = 1.0 and requested_time = 27.0
12:20:08.264 [Thread-3] INFO  org.cpswt.hla.FederationManager - Current_time = 27.0 and step = 1.0 and requested_time = 28.0
12:20:09.264 [Thread-3] INFO  org.cpswt.hla.FederationManager - Current_time = 28.0 and step = 1.0 and requested_time = 29.0
12:20:10.267 [Thread-3] INFO  org.cpswt.hla.FederationManager - Current_time = 29.0 and step = 1.0 and requested_time = 30.0
12:20:10.269 [Thread-3] INFO  org.cpswt.hla.FederationManager - Federation manager current time = 30.0
12:20:11.268 [Thread-3] INFO  org.cpswt.hla.FederationManager - Current_time = 30.0 and step = 1.0 and requested_time = 31.0
12:20:12.269 [Thread-3] INFO  org.cpswt.hla.FederationManager - Current_time = 31.0 and step = 1.0 and requested_time = 32.0
12:20:13.270 [Thread-3] INFO  org.cpswt.hla.FederationManager - Current_time = 32.0 and step = 1.0 and requested_time = 33.0
12:20:14.272 [Thread-3] INFO  org.cpswt.hla.FederationManager - Current_time = 33.0 and step = 1.0 and requested_time = 34.0
12:20:15.273 [Thread-3] INFO  org.cpswt.hla.FederationManager - Current_time = 34.0 and step = 1.0 and requested_time = 35.0
12:20:16.274 [Thread-3] INFO  org.cpswt.hla.FederationManager - Current_time = 35.0 and step = 1.0 and requested_time = 36.0
12:20:17.276 [Thread-3] INFO  org.cpswt.hla.FederationManager - Current_time = 36.0 and step = 1.0 and requested_time = 37.0
12:20:18.276 [Thread-3] INFO  org.cpswt.hla.FederationManager - Current_time = 37.0 and step = 1.0 and requested_time = 38.0
12:20:19.277 [Thread-3] INFO  org.cpswt.hla.FederationManager - Current_time = 38.0 and step = 1.0 and requested_time = 39.0
12:20:20.280 [Thread-3] INFO  org.cpswt.hla.FederationManager - Current_time = 39.0 and step = 1.0 and requested_time = 40.0
12:20:20.281 [Thread-3] INFO  org.cpswt.hla.FederationManager - Federation manager current time = 40.0
12:20:21.281 [Thread-3] INFO  org.cpswt.hla.FederationManager - Current_time = 40.0 and step = 1.0 and requested_time = 41.0
12:20:22.282 [Thread-3] INFO  org.cpswt.hla.FederationManager - Current_time = 41.0 and step = 1.0 and requested_time = 42.0
12:20:23.282 [Thread-3] INFO  org.cpswt.hla.FederationManager - Current_time = 42.0 and step = 1.0 and requested_time = 43.0
12:20:24.282 [Thread-3] INFO  org.cpswt.hla.FederationManager - Current_time = 43.0 and step = 1.0 and requested_time = 44.0
12:20:25.283 [Thread-3] INFO  org.cpswt.hla.FederationManager - Current_time = 44.0 and step = 1.0 and requested_time = 45.0
12:20:26.283 [Thread-3] INFO  org.cpswt.hla.FederationManager - Current_time = 45.0 and step = 1.0 and requested_time = 46.0
12:20:27.283 [Thread-3] INFO  org.cpswt.hla.FederationManager - Current_time = 46.0 and step = 1.0 and requested_time = 47.0
12:20:28.284 [Thread-3] INFO  org.cpswt.hla.FederationManager - Current_time = 47.0 and step = 1.0 and requested_time = 48.0
12:20:29.285 [Thread-3] INFO  org.cpswt.hla.FederationManager - Current_time = 48.0 and step = 1.0 and requested_time = 49.0
12:20:30.286 [Thread-3] INFO  org.cpswt.hla.FederationManager - Current_time = 49.0 and step = 1.0 and requested_time = 50.0
12:20:30.286 [Thread-3] INFO  org.cpswt.hla.FederationManager - Federation manager current time = 50.0
12:20:31.286 [Thread-3] INFO  org.cpswt.hla.FederationManager - Current_time = 50.0 and step = 1.0 and requested_time = 51.0
12:20:32.287 [Thread-3] INFO  org.cpswt.hla.FederationManager - Current_time = 51.0 and step = 1.0 and requested_time = 52.0
12:20:33.287 [Thread-3] INFO  org.cpswt.hla.FederationManager - Current_time = 52.0 and step = 1.0 and requested_time = 53.0
12:20:34.288 [Thread-3] INFO  org.cpswt.hla.FederationManager - Current_time = 53.0 and step = 1.0 and requested_time = 54.0
12:20:35.289 [Thread-3] INFO  org.cpswt.hla.FederationManager - Current_time = 54.0 and step = 1.0 and requested_time = 55.0
12:20:36.289 [Thread-3] INFO  org.cpswt.hla.FederationManager - Current_time = 55.0 and step = 1.0 and requested_time = 56.0
12:20:37.291 [Thread-3] INFO  org.cpswt.hla.FederationManager - Current_time = 56.0 and step = 1.0 and requested_time = 57.0
12:20:38.292 [Thread-3] INFO  org.cpswt.hla.FederationManager - Current_time = 57.0 and step = 1.0 and requested_time = 58.0
12:20:39.293 [Thread-3] INFO  org.cpswt.hla.FederationManager - Current_time = 58.0 and step = 1.0 and requested_time = 59.0
12:20:40.295 [Thread-3] INFO  org.cpswt.hla.FederationManager - Current_time = 59.0 and step = 1.0 and requested_time = 60.0
12:20:40.295 [Thread-3] INFO  org.cpswt.hla.FederationManager - Federation manager current time = 60.0
12:20:41.295 [Thread-3] INFO  org.cpswt.hla.FederationManager - Current_time = 60.0 and step = 1.0 and requested_time = 61.0
12:20:42.297 [Thread-3] INFO  org.cpswt.hla.FederationManager - Current_time = 61.0 and step = 1.0 and requested_time = 62.0
12:20:43.297 [Thread-3] INFO  org.cpswt.hla.FederationManager - Current_time = 62.0 and step = 1.0 and requested_time = 63.0
12:20:44.297 [Thread-3] INFO  org.cpswt.hla.FederationManager - Current_time = 63.0 and step = 1.0 and requested_time = 64.0
12:20:45.298 [Thread-3] INFO  org.cpswt.hla.FederationManager - Current_time = 64.0 and step = 1.0 and requested_time = 65.0
12:20:46.299 [Thread-3] INFO  org.cpswt.hla.FederationManager - Current_time = 65.0 and step = 1.0 and requested_time = 66.0
12:20:47.300 [Thread-3] INFO  org.cpswt.hla.FederationManager - Current_time = 66.0 and step = 1.0 and requested_time = 67.0
12:20:48.300 [Thread-3] INFO  org.cpswt.hla.FederationManager - Current_time = 67.0 and step = 1.0 and requested_time = 68.0
12:20:49.301 [Thread-3] INFO  org.cpswt.hla.FederationManager - Current_time = 68.0 and step = 1.0 and requested_time = 69.0
12:20:50.302 [Thread-3] INFO  org.cpswt.hla.FederationManager - Current_time = 69.0 and step = 1.0 and requested_time = 70.0
12:20:50.303 [Thread-3] INFO  org.cpswt.hla.FederationManager - Federation manager current time = 70.0
12:20:51.302 [Thread-3] INFO  org.cpswt.hla.FederationManager - Current_time = 70.0 and step = 1.0 and requested_time = 71.0
12:20:52.303 [Thread-3] INFO  org.cpswt.hla.FederationManager - Current_time = 71.0 and step = 1.0 and requested_time = 72.0
12:20:53.303 [Thread-3] INFO  org.cpswt.hla.FederationManager - Current_time = 72.0 and step = 1.0 and requested_time = 73.0
12:20:54.303 [Thread-3] INFO  org.cpswt.hla.FederationManager - Current_time = 73.0 and step = 1.0 and requested_time = 74.0
12:20:55.303 [Thread-3] INFO  org.cpswt.hla.FederationManager - Current_time = 74.0 and step = 1.0 and requested_time = 75.0
12:20:56.303 [Thread-3] INFO  org.cpswt.hla.FederationManager - Current_time = 75.0 and step = 1.0 and requested_time = 76.0
12:20:57.305 [Thread-3] INFO  org.cpswt.hla.FederationManager - Current_time = 76.0 and step = 1.0 and requested_time = 77.0
12:20:58.305 [Thread-3] INFO  org.cpswt.hla.FederationManager - Current_time = 77.0 and step = 1.0 and requested_time = 78.0
12:20:59.306 [Thread-3] INFO  org.cpswt.hla.FederationManager - Current_time = 78.0 and step = 1.0 and requested_time = 79.0
12:21:00.307 [Thread-3] INFO  org.cpswt.hla.FederationManager - Current_time = 79.0 and step = 1.0 and requested_time = 80.0
12:21:00.308 [Thread-3] INFO  org.cpswt.hla.FederationManager - Federation manager current time = 80.0
12:21:01.309 [Thread-3] INFO  org.cpswt.hla.FederationManager - Current_time = 80.0 and step = 1.0 and requested_time = 81.0
12:21:02.311 [Thread-3] INFO  org.cpswt.hla.FederationManager - Current_time = 81.0 and step = 1.0 and requested_time = 82.0
12:21:03.312 [Thread-3] INFO  org.cpswt.hla.FederationManager - Current_time = 82.0 and step = 1.0 and requested_time = 83.0
12:21:04.313 [Thread-3] INFO  org.cpswt.hla.FederationManager - Current_time = 83.0 and step = 1.0 and requested_time = 84.0
12:21:05.315 [Thread-3] INFO  org.cpswt.hla.FederationManager - Current_time = 84.0 and step = 1.0 and requested_time = 85.0
12:21:06.316 [Thread-3] INFO  org.cpswt.hla.FederationManager - Current_time = 85.0 and step = 1.0 and requested_time = 86.0
12:21:07.316 [Thread-3] INFO  org.cpswt.hla.FederationManager - Current_time = 86.0 and step = 1.0 and requested_time = 87.0
12:21:08.317 [Thread-3] INFO  org.cpswt.hla.FederationManager - Current_time = 87.0 and step = 1.0 and requested_time = 88.0
12:21:09.317 [Thread-3] INFO  org.cpswt.hla.FederationManager - Current_time = 88.0 and step = 1.0 and requested_time = 89.0
12:21:10.318 [Thread-3] INFO  org.cpswt.hla.FederationManager - Current_time = 89.0 and step = 1.0 and requested_time = 90.0
12:21:10.326 [Thread-3] INFO  org.cpswt.hla.FederationManager - Federation manager current time = 90.0
12:21:11.325 [Thread-3] INFO  org.cpswt.hla.FederationManager - Current_time = 90.0 and step = 1.0 and requested_time = 91.0
12:21:12.325 [Thread-3] INFO  org.cpswt.hla.FederationManager - Current_time = 91.0 and step = 1.0 and requested_time = 92.0
12:21:13.326 [Thread-3] INFO  org.cpswt.hla.FederationManager - Current_time = 92.0 and step = 1.0 and requested_time = 93.0
12:21:14.327 [Thread-3] INFO  org.cpswt.hla.FederationManager - Current_time = 93.0 and step = 1.0 and requested_time = 94.0
12:21:15.327 [Thread-3] INFO  org.cpswt.hla.FederationManager - Current_time = 94.0 and step = 1.0 and requested_time = 95.0
12:21:16.328 [Thread-3] INFO  org.cpswt.hla.FederationManager - Current_time = 95.0 and step = 1.0 and requested_time = 96.0
12:21:17.330 [Thread-3] INFO  org.cpswt.hla.FederationManager - Current_time = 96.0 and step = 1.0 and requested_time = 97.0
12:21:18.330 [Thread-3] INFO  org.cpswt.hla.FederationManager - Current_time = 97.0 and step = 1.0 and requested_time = 98.0
12:21:19.331 [Thread-3] INFO  org.cpswt.hla.FederationManager - Current_time = 98.0 and step = 1.0 and requested_time = 99.0
12:21:20.333 [Thread-3] INFO  org.cpswt.hla.FederationManager - Current_time = 99.0 and step = 1.0 and requested_time = 100.0
12:21:20.334 [Thread-3] INFO  org.cpswt.hla.FederationManager - Federation manager current time = 100.0
12:21:21.334 [Thread-3] INFO  org.cpswt.hla.FederationManager - Current_time = 100.0 and step = 1.0 and requested_time = 101.0
12:21:22.335 [Thread-3] INFO  org.cpswt.hla.FederationManager - Current_time = 101.0 and step = 1.0 and requested_time = 102.0
12:21:23.336 [Thread-3] INFO  org.cpswt.hla.FederationManager - Current_time = 102.0 and step = 1.0 and requested_time = 103.0
12:21:24.337 [Thread-3] INFO  org.cpswt.hla.FederationManager - Current_time = 103.0 and step = 1.0 and requested_time = 104.0
12:21:25.341 [Thread-3] INFO  org.cpswt.hla.FederationManager - Current_time = 104.0 and step = 1.0 and requested_time = 105.0
12:21:26.342 [Thread-3] INFO  org.cpswt.hla.FederationManager - Current_time = 105.0 and step = 1.0 and requested_time = 106.0
12:21:27.342 [Thread-3] INFO  org.cpswt.hla.FederationManager - Current_time = 106.0 and step = 1.0 and requested_time = 107.0
12:21:28.343 [Thread-3] INFO  org.cpswt.hla.FederationManager - Current_time = 107.0 and step = 1.0 and requested_time = 108.0
12:21:29.344 [Thread-3] INFO  org.cpswt.hla.FederationManager - Current_time = 108.0 and step = 1.0 and requested_time = 109.0
12:21:30.345 [Thread-3] INFO  org.cpswt.hla.FederationManager - Current_time = 109.0 and step = 1.0 and requested_time = 110.0
12:21:30.345 [Thread-3] INFO  org.cpswt.hla.FederationManager - Federation manager current time = 110.0
12:21:31.346 [Thread-3] INFO  org.cpswt.hla.FederationManager - Current_time = 110.0 and step = 1.0 and requested_time = 111.0
12:21:32.347 [Thread-3] INFO  org.cpswt.hla.FederationManager - Current_time = 111.0 and step = 1.0 and requested_time = 112.0
12:21:33.348 [Thread-3] INFO  org.cpswt.hla.FederationManager - Current_time = 112.0 and step = 1.0 and requested_time = 113.0
12:21:34.349 [Thread-3] INFO  org.cpswt.hla.FederationManager - Current_time = 113.0 and step = 1.0 and requested_time = 114.0
12:21:35.350 [Thread-3] INFO  org.cpswt.hla.FederationManager - Current_time = 114.0 and step = 1.0 and requested_time = 115.0
12:21:36.351 [Thread-3] INFO  org.cpswt.hla.FederationManager - Current_time = 115.0 and step = 1.0 and requested_time = 116.0
12:21:37.352 [Thread-3] INFO  org.cpswt.hla.FederationManager - Current_time = 116.0 and step = 1.0 and requested_time = 117.0
12:21:38.354 [Thread-3] INFO  org.cpswt.hla.FederationManager - Current_time = 117.0 and step = 1.0 and requested_time = 118.0
12:21:39.355 [Thread-3] INFO  org.cpswt.hla.FederationManager - Current_time = 118.0 and step = 1.0 and requested_time = 119.0
12:21:40.356 [Thread-3] INFO  org.cpswt.hla.FederationManager - Current_time = 119.0 and step = 1.0 and requested_time = 120.0
12:21:40.356 [Thread-3] INFO  org.cpswt.hla.FederationManager - Federation manager current time = 120.0
12:21:41.357 [Thread-3] INFO  org.cpswt.hla.FederationManager - Current_time = 120.0 and step = 1.0 and requested_time = 121.0
12:21:42.358 [Thread-3] INFO  org.cpswt.hla.FederationManager - Current_time = 121.0 and step = 1.0 and requested_time = 122.0
12:21:43.360 [Thread-3] INFO  org.cpswt.hla.FederationManager - Current_time = 122.0 and step = 1.0 and requested_time = 123.0
12:21:44.361 [Thread-3] INFO  org.cpswt.hla.FederationManager - Current_time = 123.0 and step = 1.0 and requested_time = 124.0
12:21:45.361 [Thread-3] INFO  org.cpswt.hla.FederationManager - Current_time = 124.0 and step = 1.0 and requested_time = 125.0
12:21:46.362 [Thread-3] INFO  org.cpswt.hla.FederationManager - Current_time = 125.0 and step = 1.0 and requested_time = 126.0
12:21:47.363 [Thread-3] INFO  org.cpswt.hla.FederationManager - Current_time = 126.0 and step = 1.0 and requested_time = 127.0
12:21:48.363 [Thread-3] INFO  org.cpswt.hla.FederationManager - Current_time = 127.0 and step = 1.0 and requested_time = 128.0
12:21:49.364 [Thread-3] INFO  org.cpswt.hla.FederationManager - Current_time = 128.0 and step = 1.0 and requested_time = 129.0
12:21:50.364 [Thread-3] INFO  org.cpswt.hla.FederationManager - Current_time = 129.0 and step = 1.0 and requested_time = 130.0
12:21:50.365 [Thread-3] INFO  org.cpswt.hla.FederationManager - Federation manager current time = 130.0
12:21:51.366 [Thread-3] INFO  org.cpswt.hla.FederationManager - Current_time = 130.0 and step = 1.0 and requested_time = 131.0
12:21:52.366 [Thread-3] INFO  org.cpswt.hla.FederationManager - Current_time = 131.0 and step = 1.0 and requested_time = 132.0
12:21:53.366 [Thread-3] INFO  org.cpswt.hla.FederationManager - Current_time = 132.0 and step = 1.0 and requested_time = 133.0
12:21:54.370 [Thread-3] INFO  org.cpswt.hla.FederationManager - Current_time = 133.0 and step = 1.0 and requested_time = 134.0
12:21:55.370 [Thread-3] INFO  org.cpswt.hla.FederationManager - Current_time = 134.0 and step = 1.0 and requested_time = 135.0
12:21:56.372 [Thread-3] INFO  org.cpswt.hla.FederationManager - Current_time = 135.0 and step = 1.0 and requested_time = 136.0
12:21:57.373 [Thread-3] INFO  org.cpswt.hla.FederationManager - Current_time = 136.0 and step = 1.0 and requested_time = 137.0
12:21:58.374 [Thread-3] INFO  org.cpswt.hla.FederationManager - Current_time = 137.0 and step = 1.0 and requested_time = 138.0
12:21:59.374 [Thread-3] INFO  org.cpswt.hla.FederationManager - Current_time = 138.0 and step = 1.0 and requested_time = 139.0
12:22:00.374 [Thread-3] INFO  org.cpswt.hla.FederationManager - Current_time = 139.0 and step = 1.0 and requested_time = 140.0
12:22:00.375 [Thread-3] INFO  org.cpswt.hla.FederationManager - Federation manager current time = 140.0
12:22:01.376 [Thread-3] INFO  org.cpswt.hla.FederationManager - Current_time = 140.0 and step = 1.0 and requested_time = 141.0
12:22:02.376 [Thread-3] INFO  org.cpswt.hla.FederationManager - Current_time = 141.0 and step = 1.0 and requested_time = 142.0
12:22:03.376 [Thread-3] INFO  org.cpswt.hla.FederationManager - Current_time = 142.0 and step = 1.0 and requested_time = 143.0
12:22:04.378 [Thread-3] INFO  org.cpswt.hla.FederationManager - Current_time = 143.0 and step = 1.0 and requested_time = 144.0
12:22:05.382 [Thread-3] INFO  org.cpswt.hla.FederationManager - Current_time = 144.0 and step = 1.0 and requested_time = 145.0
12:22:06.383 [Thread-3] INFO  org.cpswt.hla.FederationManager - Current_time = 145.0 and step = 1.0 and requested_time = 146.0
12:22:07.383 [Thread-3] INFO  org.cpswt.hla.FederationManager - Current_time = 146.0 and step = 1.0 and requested_time = 147.0
12:22:08.384 [Thread-3] INFO  org.cpswt.hla.FederationManager - Current_time = 147.0 and step = 1.0 and requested_time = 148.0
12:22:09.385 [Thread-3] INFO  org.cpswt.hla.FederationManager - Current_time = 148.0 and step = 1.0 and requested_time = 149.0
12:22:10.387 [Thread-3] INFO  org.cpswt.hla.FederationManager - Current_time = 149.0 and step = 1.0 and requested_time = 150.0
12:22:10.388 [Thread-3] INFO  org.cpswt.hla.FederationManager - Federation manager current time = 150.0
12:22:11.387 [Thread-3] INFO  org.cpswt.hla.FederationManager - Current_time = 150.0 and step = 1.0 and requested_time = 151.0
12:22:12.388 [Thread-3] INFO  org.cpswt.hla.FederationManager - Current_time = 151.0 and step = 1.0 and requested_time = 152.0
12:22:13.389 [Thread-3] INFO  org.cpswt.hla.FederationManager - Current_time = 152.0 and step = 1.0 and requested_time = 153.0
12:22:14.391 [Thread-3] INFO  org.cpswt.hla.FederationManager - Current_time = 153.0 and step = 1.0 and requested_time = 154.0
12:22:15.392 [Thread-3] INFO  org.cpswt.hla.FederationManager - Current_time = 154.0 and step = 1.0 and requested_time = 155.0
12:22:16.393 [Thread-3] INFO  org.cpswt.hla.FederationManager - Current_time = 155.0 and step = 1.0 and requested_time = 156.0
12:22:17.393 [Thread-3] INFO  org.cpswt.hla.FederationManager - Current_time = 156.0 and step = 1.0 and requested_time = 157.0
12:22:18.393 [Thread-3] INFO  org.cpswt.hla.FederationManager - Current_time = 157.0 and step = 1.0 and requested_time = 158.0
12:22:19.394 [Thread-3] INFO  org.cpswt.hla.FederationManager - Current_time = 158.0 and step = 1.0 and requested_time = 159.0
12:22:20.395 [Thread-3] INFO  org.cpswt.hla.FederationManager - Current_time = 159.0 and step = 1.0 and requested_time = 160.0
12:22:20.396 [Thread-3] INFO  org.cpswt.hla.FederationManager - Federation manager current time = 160.0
12:22:21.396 [Thread-3] INFO  org.cpswt.hla.FederationManager - Current_time = 160.0 and step = 1.0 and requested_time = 161.0
12:22:22.396 [Thread-3] INFO  org.cpswt.hla.FederationManager - Current_time = 161.0 and step = 1.0 and requested_time = 162.0
12:22:23.398 [Thread-3] INFO  org.cpswt.hla.FederationManager - Current_time = 162.0 and step = 1.0 and requested_time = 163.0
12:22:24.399 [Thread-3] INFO  org.cpswt.hla.FederationManager - Current_time = 163.0 and step = 1.0 and requested_time = 164.0
12:22:25.399 [Thread-3] INFO  org.cpswt.hla.FederationManager - Current_time = 164.0 and step = 1.0 and requested_time = 165.0
12:22:26.400 [Thread-3] INFO  org.cpswt.hla.FederationManager - Current_time = 165.0 and step = 1.0 and requested_time = 166.0
12:22:27.400 [Thread-3] INFO  org.cpswt.hla.FederationManager - Current_time = 166.0 and step = 1.0 and requested_time = 167.0
12:22:28.401 [Thread-3] INFO  org.cpswt.hla.FederationManager - Current_time = 167.0 and step = 1.0 and requested_time = 168.0
12:22:29.401 [Thread-3] INFO  org.cpswt.hla.FederationManager - Current_time = 168.0 and step = 1.0 and requested_time = 169.0
12:22:30.402 [Thread-3] INFO  org.cpswt.hla.FederationManager - Current_time = 169.0 and step = 1.0 and requested_time = 170.0
12:22:30.403 [Thread-3] INFO  org.cpswt.hla.FederationManager - Federation manager current time = 170.0
12:22:31.404 [Thread-3] INFO  org.cpswt.hla.FederationManager - Current_time = 170.0 and step = 1.0 and requested_time = 171.0
12:22:32.404 [Thread-3] INFO  org.cpswt.hla.FederationManager - Current_time = 171.0 and step = 1.0 and requested_time = 172.0
12:22:33.405 [Thread-3] INFO  org.cpswt.hla.FederationManager - Current_time = 172.0 and step = 1.0 and requested_time = 173.0
12:22:34.405 [Thread-3] INFO  org.cpswt.hla.FederationManager - Current_time = 173.0 and step = 1.0 and requested_time = 174.0
12:22:35.406 [Thread-3] INFO  org.cpswt.hla.FederationManager - Current_time = 174.0 and step = 1.0 and requested_time = 175.0
12:22:36.407 [Thread-3] INFO  org.cpswt.hla.FederationManager - Current_time = 175.0 and step = 1.0 and requested_time = 176.0
12:22:37.407 [Thread-3] INFO  org.cpswt.hla.FederationManager - Current_time = 176.0 and step = 1.0 and requested_time = 177.0
12:22:38.408 [Thread-3] INFO  org.cpswt.hla.FederationManager - Current_time = 177.0 and step = 1.0 and requested_time = 178.0
12:22:39.408 [Thread-3] INFO  org.cpswt.hla.FederationManager - Current_time = 178.0 and step = 1.0 and requested_time = 179.0
12:22:40.408 [Thread-3] INFO  org.cpswt.hla.FederationManager - Current_time = 179.0 and step = 1.0 and requested_time = 180.0
12:22:40.410 [Thread-3] INFO  org.cpswt.hla.FederationManager - Federation manager current time = 180.0
12:22:41.409 [Thread-3] INFO  org.cpswt.hla.FederationManager - Current_time = 180.0 and step = 1.0 and requested_time = 181.0
12:22:42.410 [Thread-3] INFO  org.cpswt.hla.FederationManager - Current_time = 181.0 and step = 1.0 and requested_time = 182.0
12:22:43.412 [Thread-3] INFO  org.cpswt.hla.FederationManager - Current_time = 182.0 and step = 1.0 and requested_time = 183.0
12:22:44.412 [Thread-3] INFO  org.cpswt.hla.FederationManager - Current_time = 183.0 and step = 1.0 and requested_time = 184.0
12:22:45.415 [Thread-3] INFO  org.cpswt.hla.FederationManager - Current_time = 184.0 and step = 1.0 and requested_time = 185.0
12:22:46.415 [Thread-3] INFO  org.cpswt.hla.FederationManager - Current_time = 185.0 and step = 1.0 and requested_time = 186.0
12:22:47.416 [Thread-3] INFO  org.cpswt.hla.FederationManager - Current_time = 186.0 and step = 1.0 and requested_time = 187.0
12:22:48.416 [Thread-3] INFO  org.cpswt.hla.FederationManager - Current_time = 187.0 and step = 1.0 and requested_time = 188.0
12:22:49.417 [Thread-3] INFO  org.cpswt.hla.FederationManager - Current_time = 188.0 and step = 1.0 and requested_time = 189.0
12:22:50.418 [Thread-3] INFO  org.cpswt.hla.FederationManager - Current_time = 189.0 and step = 1.0 and requested_time = 190.0
12:22:50.418 [Thread-3] INFO  org.cpswt.hla.FederationManager - Federation manager current time = 190.0
12:22:51.418 [Thread-3] INFO  org.cpswt.hla.FederationManager - Current_time = 190.0 and step = 1.0 and requested_time = 191.0
12:22:52.419 [Thread-3] INFO  org.cpswt.hla.FederationManager - Current_time = 191.0 and step = 1.0 and requested_time = 192.0
12:22:53.420 [Thread-3] INFO  org.cpswt.hla.FederationManager - Current_time = 192.0 and step = 1.0 and requested_time = 193.0
12:22:54.420 [Thread-3] INFO  org.cpswt.hla.FederationManager - Current_time = 193.0 and step = 1.0 and requested_time = 194.0
12:22:55.421 [Thread-3] INFO  org.cpswt.hla.FederationManager - Current_time = 194.0 and step = 1.0 and requested_time = 195.0
12:22:56.421 [Thread-3] INFO  org.cpswt.hla.FederationManager - Current_time = 195.0 and step = 1.0 and requested_time = 196.0
12:22:57.422 [Thread-3] INFO  org.cpswt.hla.FederationManager - Current_time = 196.0 and step = 1.0 and requested_time = 197.0
12:22:58.424 [Thread-3] INFO  org.cpswt.hla.FederationManager - Current_time = 197.0 and step = 1.0 and requested_time = 198.0
12:22:59.425 [Thread-3] INFO  org.cpswt.hla.FederationManager - Current_time = 198.0 and step = 1.0 and requested_time = 199.0
12:23:00.426 [Thread-3] INFO  org.cpswt.hla.FederationManager - Current_time = 199.0 and step = 1.0 and requested_time = 200.0
12:23:00.426 [Thread-3] INFO  org.cpswt.hla.FederationManager - Federation manager current time = 200.0
12:23:01.427 [Thread-3] INFO  org.cpswt.hla.FederationManager - Current_time = 200.0 and step = 1.0 and requested_time = 201.0
12:23:02.428 [Thread-3] INFO  org.cpswt.hla.FederationManager - Current_time = 201.0 and step = 1.0 and requested_time = 202.0
12:23:03.428 [Thread-3] INFO  org.cpswt.hla.FederationManager - Current_time = 202.0 and step = 1.0 and requested_time = 203.0
12:23:04.429 [Thread-3] INFO  org.cpswt.hla.FederationManager - Current_time = 203.0 and step = 1.0 and requested_time = 204.0
12:23:05.430 [Thread-3] INFO  org.cpswt.hla.FederationManager - Current_time = 204.0 and step = 1.0 and requested_time = 205.0
12:23:06.430 [Thread-3] INFO  org.cpswt.hla.FederationManager - Current_time = 205.0 and step = 1.0 and requested_time = 206.0
12:23:07.431 [Thread-3] INFO  org.cpswt.hla.FederationManager - Current_time = 206.0 and step = 1.0 and requested_time = 207.0
12:23:08.432 [Thread-3] INFO  org.cpswt.hla.FederationManager - Current_time = 207.0 and step = 1.0 and requested_time = 208.0
12:23:09.433 [Thread-3] INFO  org.cpswt.hla.FederationManager - Current_time = 208.0 and step = 1.0 and requested_time = 209.0
12:23:10.434 [Thread-3] INFO  org.cpswt.hla.FederationManager - Current_time = 209.0 and step = 1.0 and requested_time = 210.0
12:23:10.434 [Thread-3] INFO  org.cpswt.hla.FederationManager - Federation manager current time = 210.0
12:23:11.434 [Thread-3] INFO  org.cpswt.hla.FederationManager - Current_time = 210.0 and step = 1.0 and requested_time = 211.0
12:23:12.435 [Thread-3] INFO  org.cpswt.hla.FederationManager - Current_time = 211.0 and step = 1.0 and requested_time = 212.0
12:23:13.436 [Thread-3] INFO  org.cpswt.hla.FederationManager - Current_time = 212.0 and step = 1.0 and requested_time = 213.0
12:23:14.437 [Thread-3] INFO  org.cpswt.hla.FederationManager - Current_time = 213.0 and step = 1.0 and requested_time = 214.0
12:23:15.437 [Thread-3] INFO  org.cpswt.hla.FederationManager - Current_time = 214.0 and step = 1.0 and requested_time = 215.0
12:23:16.438 [Thread-3] INFO  org.cpswt.hla.FederationManager - Current_time = 215.0 and step = 1.0 and requested_time = 216.0
12:23:17.438 [Thread-3] INFO  org.cpswt.hla.FederationManager - Current_time = 216.0 and step = 1.0 and requested_time = 217.0
12:23:18.439 [Thread-3] INFO  org.cpswt.hla.FederationManager - Current_time = 217.0 and step = 1.0 and requested_time = 218.0
12:23:19.440 [Thread-3] INFO  org.cpswt.hla.FederationManager - Current_time = 218.0 and step = 1.0 and requested_time = 219.0
12:23:20.441 [Thread-3] INFO  org.cpswt.hla.FederationManager - Current_time = 219.0 and step = 1.0 and requested_time = 220.0
12:23:20.442 [Thread-3] INFO  org.cpswt.hla.FederationManager - Federation manager current time = 220.0
12:23:21.442 [Thread-3] INFO  org.cpswt.hla.FederationManager - Current_time = 220.0 and step = 1.0 and requested_time = 221.0
12:23:22.443 [Thread-3] INFO  org.cpswt.hla.FederationManager - Current_time = 221.0 and step = 1.0 and requested_time = 222.0
12:23:23.444 [Thread-3] INFO  org.cpswt.hla.FederationManager - Current_time = 222.0 and step = 1.0 and requested_time = 223.0
12:23:24.445 [Thread-3] INFO  org.cpswt.hla.FederationManager - Current_time = 223.0 and step = 1.0 and requested_time = 224.0
12:23:25.446 [Thread-3] INFO  org.cpswt.hla.FederationManager - Current_time = 224.0 and step = 1.0 and requested_time = 225.0
12:23:26.446 [Thread-3] INFO  org.cpswt.hla.FederationManager - Current_time = 225.0 and step = 1.0 and requested_time = 226.0
12:23:27.447 [Thread-3] INFO  org.cpswt.hla.FederationManager - Current_time = 226.0 and step = 1.0 and requested_time = 227.0
12:23:28.451 [Thread-3] INFO  org.cpswt.hla.FederationManager - Current_time = 227.0 and step = 1.0 and requested_time = 228.0
12:23:29.452 [Thread-3] INFO  org.cpswt.hla.FederationManager - Current_time = 228.0 and step = 1.0 and requested_time = 229.0
12:23:30.461 [Thread-3] INFO  org.cpswt.hla.FederationManager - Current_time = 229.0 and step = 1.0 and requested_time = 230.0
12:23:30.462 [Thread-3] INFO  org.cpswt.hla.FederationManager - Federation manager current time = 230.0
12:23:31.462 [Thread-3] INFO  org.cpswt.hla.FederationManager - Current_time = 230.0 and step = 1.0 and requested_time = 231.0
12:23:32.463 [Thread-3] INFO  org.cpswt.hla.FederationManager - Current_time = 231.0 and step = 1.0 and requested_time = 232.0
12:23:33.463 [Thread-3] INFO  org.cpswt.hla.FederationManager - Current_time = 232.0 and step = 1.0 and requested_time = 233.0
12:23:34.464 [Thread-3] INFO  org.cpswt.hla.FederationManager - Current_time = 233.0 and step = 1.0 and requested_time = 234.0
12:23:35.465 [Thread-3] INFO  org.cpswt.hla.FederationManager - Current_time = 234.0 and step = 1.0 and requested_time = 235.0
12:23:36.465 [Thread-3] INFO  org.cpswt.hla.FederationManager - Current_time = 235.0 and step = 1.0 and requested_time = 236.0
12:23:37.466 [Thread-3] INFO  org.cpswt.hla.FederationManager - Current_time = 236.0 and step = 1.0 and requested_time = 237.0
12:23:38.468 [Thread-3] INFO  org.cpswt.hla.FederationManager - Current_time = 237.0 and step = 1.0 and requested_time = 238.0
12:23:39.468 [Thread-3] INFO  org.cpswt.hla.FederationManager - Current_time = 238.0 and step = 1.0 and requested_time = 239.0
12:23:40.469 [Thread-3] INFO  org.cpswt.hla.FederationManager - Current_time = 239.0 and step = 1.0 and requested_time = 240.0
12:23:40.470 [Thread-3] INFO  org.cpswt.hla.FederationManager - Federation manager current time = 240.0
12:23:41.470 [Thread-3] INFO  org.cpswt.hla.FederationManager - Current_time = 240.0 and step = 1.0 and requested_time = 241.0
12:23:42.470 [Thread-3] INFO  org.cpswt.hla.FederationManager - Current_time = 241.0 and step = 1.0 and requested_time = 242.0
12:23:43.471 [Thread-3] INFO  org.cpswt.hla.FederationManager - Current_time = 242.0 and step = 1.0 and requested_time = 243.0
12:23:44.472 [Thread-3] INFO  org.cpswt.hla.FederationManager - Current_time = 243.0 and step = 1.0 and requested_time = 244.0
12:23:45.473 [Thread-3] INFO  org.cpswt.hla.FederationManager - Current_time = 244.0 and step = 1.0 and requested_time = 245.0
12:23:46.475 [Thread-3] INFO  org.cpswt.hla.FederationManager - Current_time = 245.0 and step = 1.0 and requested_time = 246.0
12:23:47.475 [Thread-3] INFO  org.cpswt.hla.FederationManager - Current_time = 246.0 and step = 1.0 and requested_time = 247.0
12:23:48.476 [Thread-3] INFO  org.cpswt.hla.FederationManager - Current_time = 247.0 and step = 1.0 and requested_time = 248.0
12:23:49.477 [Thread-3] INFO  org.cpswt.hla.FederationManager - Current_time = 248.0 and step = 1.0 and requested_time = 249.0
12:23:50.478 [Thread-3] INFO  org.cpswt.hla.FederationManager - Current_time = 249.0 and step = 1.0 and requested_time = 250.0
12:23:50.479 [Thread-3] INFO  org.cpswt.hla.FederationManager - Federation manager current time = 250.0
12:23:51.479 [Thread-3] INFO  org.cpswt.hla.FederationManager - Current_time = 250.0 and step = 1.0 and requested_time = 251.0
12:23:52.480 [Thread-3] INFO  org.cpswt.hla.FederationManager - Current_time = 251.0 and step = 1.0 and requested_time = 252.0
12:23:53.481 [Thread-3] INFO  org.cpswt.hla.FederationManager - Current_time = 252.0 and step = 1.0 and requested_time = 253.0
12:23:54.481 [Thread-3] INFO  org.cpswt.hla.FederationManager - Current_time = 253.0 and step = 1.0 and requested_time = 254.0
12:23:55.481 [Thread-3] INFO  org.cpswt.hla.FederationManager - Current_time = 254.0 and step = 1.0 and requested_time = 255.0
12:23:56.483 [Thread-3] INFO  org.cpswt.hla.FederationManager - Current_time = 255.0 and step = 1.0 and requested_time = 256.0
12:23:57.484 [Thread-3] INFO  org.cpswt.hla.FederationManager - Current_time = 256.0 and step = 1.0 and requested_time = 257.0
12:23:58.484 [Thread-3] INFO  org.cpswt.hla.FederationManager - Current_time = 257.0 and step = 1.0 and requested_time = 258.0
12:23:59.485 [Thread-3] INFO  org.cpswt.hla.FederationManager - Current_time = 258.0 and step = 1.0 and requested_time = 259.0
12:24:00.485 [Thread-3] INFO  org.cpswt.hla.FederationManager - Current_time = 259.0 and step = 1.0 and requested_time = 260.0
12:24:00.486 [Thread-3] INFO  org.cpswt.hla.FederationManager - Federation manager current time = 260.0
12:24:01.486 [Thread-3] INFO  org.cpswt.hla.FederationManager - Current_time = 260.0 and step = 1.0 and requested_time = 261.0
12:24:02.487 [Thread-3] INFO  org.cpswt.hla.FederationManager - Current_time = 261.0 and step = 1.0 and requested_time = 262.0
12:24:03.489 [Thread-3] INFO  org.cpswt.hla.FederationManager - Current_time = 262.0 and step = 1.0 and requested_time = 263.0
12:24:04.489 [Thread-3] INFO  org.cpswt.hla.FederationManager - Current_time = 263.0 and step = 1.0 and requested_time = 264.0
12:24:05.491 [Thread-3] INFO  org.cpswt.hla.FederationManager - Current_time = 264.0 and step = 1.0 and requested_time = 265.0
12:24:06.493 [Thread-3] INFO  org.cpswt.hla.FederationManager - Current_time = 265.0 and step = 1.0 and requested_time = 266.0
12:24:07.495 [Thread-3] INFO  org.cpswt.hla.FederationManager - Current_time = 266.0 and step = 1.0 and requested_time = 267.0
12:24:08.501 [Thread-3] INFO  org.cpswt.hla.FederationManager - Current_time = 267.0 and step = 1.0 and requested_time = 268.0
12:24:09.502 [Thread-3] INFO  org.cpswt.hla.FederationManager - Current_time = 268.0 and step = 1.0 and requested_time = 269.0
12:24:10.502 [Thread-3] INFO  org.cpswt.hla.FederationManager - Current_time = 269.0 and step = 1.0 and requested_time = 270.0
12:24:10.503 [Thread-3] INFO  org.cpswt.hla.FederationManager - Federation manager current time = 270.0
12:24:11.504 [Thread-3] INFO  org.cpswt.hla.FederationManager - Current_time = 270.0 and step = 1.0 and requested_time = 271.0
12:24:12.504 [Thread-3] INFO  org.cpswt.hla.FederationManager - Current_time = 271.0 and step = 1.0 and requested_time = 272.0
12:24:13.505 [Thread-3] INFO  org.cpswt.hla.FederationManager - Current_time = 272.0 and step = 1.0 and requested_time = 273.0
12:24:14.506 [Thread-3] INFO  org.cpswt.hla.FederationManager - Current_time = 273.0 and step = 1.0 and requested_time = 274.0
12:24:15.508 [Thread-3] INFO  org.cpswt.hla.FederationManager - Current_time = 274.0 and step = 1.0 and requested_time = 275.0
12:24:16.509 [Thread-3] INFO  org.cpswt.hla.FederationManager - Current_time = 275.0 and step = 1.0 and requested_time = 276.0
12:24:17.514 [Thread-3] INFO  org.cpswt.hla.FederationManager - Current_time = 276.0 and step = 1.0 and requested_time = 277.0
12:24:18.517 [Thread-3] INFO  org.cpswt.hla.FederationManager - Current_time = 277.0 and step = 1.0 and requested_time = 278.0
12:24:19.519 [Thread-3] INFO  org.cpswt.hla.FederationManager - Current_time = 278.0 and step = 1.0 and requested_time = 279.0
12:24:20.519 [Thread-3] INFO  org.cpswt.hla.FederationManager - Current_time = 279.0 and step = 1.0 and requested_time = 280.0
12:24:20.520 [Thread-3] INFO  org.cpswt.hla.FederationManager - Federation manager current time = 280.0
12:24:21.520 [Thread-3] INFO  org.cpswt.hla.FederationManager - Current_time = 280.0 and step = 1.0 and requested_time = 281.0
12:24:22.521 [Thread-3] INFO  org.cpswt.hla.FederationManager - Current_time = 281.0 and step = 1.0 and requested_time = 282.0
12:24:23.521 [Thread-3] INFO  org.cpswt.hla.FederationManager - Current_time = 282.0 and step = 1.0 and requested_time = 283.0
12:24:24.522 [Thread-3] INFO  org.cpswt.hla.FederationManager - Current_time = 283.0 and step = 1.0 and requested_time = 284.0
12:24:25.523 [Thread-3] INFO  org.cpswt.hla.FederationManager - Current_time = 284.0 and step = 1.0 and requested_time = 285.0
12:24:26.525 [Thread-3] INFO  org.cpswt.hla.FederationManager - Current_time = 285.0 and step = 1.0 and requested_time = 286.0
12:24:27.526 [Thread-3] INFO  org.cpswt.hla.FederationManager - Current_time = 286.0 and step = 1.0 and requested_time = 287.0
12:24:28.528 [Thread-3] INFO  org.cpswt.hla.FederationManager - Current_time = 287.0 and step = 1.0 and requested_time = 288.0
12:24:29.529 [Thread-3] INFO  org.cpswt.hla.FederationManager - Current_time = 288.0 and step = 1.0 and requested_time = 289.0
12:24:30.529 [Thread-3] INFO  org.cpswt.hla.FederationManager - Current_time = 289.0 and step = 1.0 and requested_time = 290.0
12:24:30.530 [Thread-3] INFO  org.cpswt.hla.FederationManager - Federation manager current time = 290.0
12:24:31.530 [Thread-3] INFO  org.cpswt.hla.FederationManager - Current_time = 290.0 and step = 1.0 and requested_time = 291.0
WARN  [VERIFY_SUSPECT.TimerThread,FlatCase,vagrant-54372] portico.lrc.jgroups: Detected that federate [Airline1Manager-aa1bbd6d-2c34-466e-82a8-6f911c0a8b77] may have crashed, investigating...
WARN  [VERIFY_SUSPECT.TimerThread,FlatCase,vagrant-54372] portico.lrc.jgroups: Detected that federate [Airline2Manager-fd8e7ffe-f97f-44f3-bfb5-8fb861a068c3] may have crashed, investigating...
WARN  [Regular] portico.lrc.jgroups: Federate [Airline1Manager-aa1bbd6d-2c34-466e-82a8-6f911c0a8b77] has crashed. Sending fake resignation because it was too rude to.
WARN  [Regular] portico.lrc.jgroups: Federate [Airline2Manager-fd8e7ffe-f97f-44f3-bfb5-8fb861a068c3] has crashed. Sending fake resignation because it was too rude to.
WARN  [Regular] portico.lrc.jgroups: Unknown channel member crashed. Don't think it was a federate. Ignoring. uuid=7509d33c-2850-44ca-961b-0ac615186851
12:24:42.274 [Thread-3] INFO  org.cpswt.hla.FederationManager - Current_time = 291.0 and step = 1.0 and requested_time = 292.0
