WARNING: An illegal reflective access operation has occurred
WARNING: Illegal reflective access by com.google.inject.internal.cglib.core.$ReflectUtils$1 (file:/usr/share/maven/lib/guice.jar) to method java.lang.ClassLoader.defineClass(java.lang.String,byte[],int,int,java.security.ProtectionDomain)
WARNING: Please consider reporting this to the maintainers of com.google.inject.internal.cglib.core.$ReflectUtils$1
WARNING: Use --illegal-access=warn to enable warnings of further illegal reflective access operations
WARNING: All illegal access operations will be denied in a future release
[[1;34mINFO[m] Scanning for projects...
[[1;34mINFO[m] 
[[1;34mINFO[m] [1m-------------------< [0;36morg.webgme.guest:FlatCase_exec[0;1m >-------------------[m
[[1;34mINFO[m] [1mBuilding FlatCase_exec 0.1.0-SNAPSHOT[m
[[1;34mINFO[m] [1m--------------------------------[ jar ]---------------------------------[m
Downloading from archiva.snapshots: http://cpswtng_archiva:8080/repository/snapshots/org/cpswt/fedmanager-host/0.6.0-SNAPSHOT/maven-metadata.xml
Downloading from archiva.internal: http://cpswtng_archiva:8080/repository/internal/org/cpswt/fedmanager-host/0.6.0-SNAPSHOT/maven-metadata.xml
[[1;33mWARNING[m] Could not transfer metadata org.cpswt:fedmanager-host:0.6.0-SNAPSHOT/maven-metadata.xml from/to archiva.internal (http://cpswtng_archiva:8080/repository/internal/): Connect to cpswtng_archiva:8080 [cpswtng_archiva/127.0.0.1] failed: Connection refused
[[1;33mWARNING[m] Could not transfer metadata org.cpswt:fedmanager-host:0.6.0-SNAPSHOT/maven-metadata.xml from/to archiva.snapshots (http://cpswtng_archiva:8080/repository/snapshots/): Connect to cpswtng_archiva:8080 [cpswtng_archiva/127.0.0.1] failed: Connection refused
[[1;33mWARNING[m] Failure to transfer org.cpswt:fedmanager-host:0.6.0-SNAPSHOT/maven-metadata.xml from http://cpswtng_archiva:8080/repository/internal/ was cached in the local repository, resolution will not be reattempted until the update interval of archiva.internal has elapsed or updates are forced. Original error: Could not transfer metadata org.cpswt:fedmanager-host:0.6.0-SNAPSHOT/maven-metadata.xml from/to archiva.internal (http://cpswtng_archiva:8080/repository/internal/): Connect to cpswtng_archiva:8080 [cpswtng_archiva/127.0.0.1] failed: Connection refused
[[1;33mWARNING[m] Failure to transfer org.cpswt:fedmanager-host:0.6.0-SNAPSHOT/maven-metadata.xml from http://cpswtng_archiva:8080/repository/snapshots/ was cached in the local repository, resolution will not be reattempted until the update interval of archiva.snapshots has elapsed or updates are forced. Original error: Could not transfer metadata org.cpswt:fedmanager-host:0.6.0-SNAPSHOT/maven-metadata.xml from/to archiva.snapshots (http://cpswtng_archiva:8080/repository/snapshots/): Connect to cpswtng_archiva:8080 [cpswtng_archiva/127.0.0.1] failed: Connection refused
Downloading from archiva.internal: http://cpswtng_archiva:8080/repository/internal/org/cpswt/cpswt-core/0.6.0-SNAPSHOT/maven-metadata.xml
Downloading from archiva.snapshots: http://cpswtng_archiva:8080/repository/snapshots/org/cpswt/cpswt-core/0.6.0-SNAPSHOT/maven-metadata.xml
[[1;33mWARNING[m] Could not transfer metadata org.cpswt:cpswt-core:0.6.0-SNAPSHOT/maven-metadata.xml from/to archiva.internal (http://cpswtng_archiva:8080/repository/internal/): Connect to cpswtng_archiva:8080 [cpswtng_archiva/127.0.0.1] failed: Connection refused
[[1;33mWARNING[m] Could not transfer metadata org.cpswt:cpswt-core:0.6.0-SNAPSHOT/maven-metadata.xml from/to archiva.snapshots (http://cpswtng_archiva:8080/repository/snapshots/): Connect to cpswtng_archiva:8080 [cpswtng_archiva/127.0.0.1] failed: Connection refused
[[1;34mINFO[m] 
[[1;34mINFO[m] [1m--- [0;32mexec-maven-plugin:1.5.0:java[m [1m(default-cli)[m @ [36mFlatCase_exec[0;1m ---[m
17:46:43.350 [org.cpswt.host.FederationManagerHostApp.main()] INFO  org.cpswt.hla.FederationManager - No COA definitions were provided!
17:46:43.352 [org.cpswt.host.FederationManagerHostApp.main()] INFO  org.cpswt.hla.FederationManager - No COA selections were provided!
17:46:43.352 [org.cpswt.host.FederationManagerHostApp.main()] INFO  org.cpswt.hla.FederationManager - No specific COA-selection was specified for execution!
17:46:43.353 [org.cpswt.host.FederationManagerHostApp.main()] INFO  org.cpswt.hla.FederationManager - No COAs are used in this experiment.

-------------------------------------------------------------------
GMS: address=vagrant-62107, cluster=FlatCase, physical address=192.168.0.21:56552
-------------------------------------------------------------------
17:46:52.514 [org.cpswt.host.FederationManagerHostApp.main()] INFO  org.cpswt.host.FederationManagerHostApp - Server online at 0.0.0.0:8083 ...
17:48:06.071 [Thread-3] INFO  org.cpswt.hla.FederationManager - Current_time = 0.0 and step = 1.0 and requested_time = 1.0
17:48:07.147 [Thread-3] INFO  org.cpswt.hla.FederationManager - Current_time = 1.0 and step = 1.0 and requested_time = 2.0
17:48:08.148 [Thread-3] INFO  org.cpswt.hla.FederationManager - Current_time = 2.0 and step = 1.0 and requested_time = 3.0
17:48:09.149 [Thread-3] INFO  org.cpswt.hla.FederationManager - Current_time = 3.0 and step = 1.0 and requested_time = 4.0
17:48:10.150 [Thread-3] INFO  org.cpswt.hla.FederationManager - Current_time = 4.0 and step = 1.0 and requested_time = 5.0
17:48:11.152 [Thread-3] INFO  org.cpswt.hla.FederationManager - Current_time = 5.0 and step = 1.0 and requested_time = 6.0
17:48:12.152 [Thread-3] INFO  org.cpswt.hla.FederationManager - Current_time = 6.0 and step = 1.0 and requested_time = 7.0
17:48:13.153 [Thread-3] INFO  org.cpswt.hla.FederationManager - Current_time = 7.0 and step = 1.0 and requested_time = 8.0
17:48:14.154 [Thread-3] INFO  org.cpswt.hla.FederationManager - Current_time = 8.0 and step = 1.0 and requested_time = 9.0
17:48:15.155 [Thread-3] INFO  org.cpswt.hla.FederationManager - Current_time = 9.0 and step = 1.0 and requested_time = 10.0
17:48:15.156 [Thread-3] INFO  org.cpswt.hla.FederationManager - Federation manager current time = 10.0
17:48:16.155 [Thread-3] INFO  org.cpswt.hla.FederationManager - Current_time = 10.0 and step = 1.0 and requested_time = 11.0
17:48:17.157 [Thread-3] INFO  org.cpswt.hla.FederationManager - Current_time = 11.0 and step = 1.0 and requested_time = 12.0
17:48:18.159 [Thread-3] INFO  org.cpswt.hla.FederationManager - Current_time = 12.0 and step = 1.0 and requested_time = 13.0
17:48:19.159 [Thread-3] INFO  org.cpswt.hla.FederationManager - Current_time = 13.0 and step = 1.0 and requested_time = 14.0
17:48:20.160 [Thread-3] INFO  org.cpswt.hla.FederationManager - Current_time = 14.0 and step = 1.0 and requested_time = 15.0
17:48:21.160 [Thread-3] INFO  org.cpswt.hla.FederationManager - Current_time = 15.0 and step = 1.0 and requested_time = 16.0
17:48:22.160 [Thread-3] INFO  org.cpswt.hla.FederationManager - Current_time = 16.0 and step = 1.0 and requested_time = 17.0
17:48:23.161 [Thread-3] INFO  org.cpswt.hla.FederationManager - Current_time = 17.0 and step = 1.0 and requested_time = 18.0
17:48:24.162 [Thread-3] INFO  org.cpswt.hla.FederationManager - Current_time = 18.0 and step = 1.0 and requested_time = 19.0
17:48:25.163 [Thread-3] INFO  org.cpswt.hla.FederationManager - Current_time = 19.0 and step = 1.0 and requested_time = 20.0
17:48:25.163 [Thread-3] INFO  org.cpswt.hla.FederationManager - Federation manager current time = 20.0
17:48:26.163 [Thread-3] INFO  org.cpswt.hla.FederationManager - Current_time = 20.0 and step = 1.0 and requested_time = 21.0
17:48:27.163 [Thread-3] INFO  org.cpswt.hla.FederationManager - Current_time = 21.0 and step = 1.0 and requested_time = 22.0
17:48:28.165 [Thread-3] INFO  org.cpswt.hla.FederationManager - Current_time = 22.0 and step = 1.0 and requested_time = 23.0
17:48:29.166 [Thread-3] INFO  org.cpswt.hla.FederationManager - Current_time = 23.0 and step = 1.0 and requested_time = 24.0
17:48:30.167 [Thread-3] INFO  org.cpswt.hla.FederationManager - Current_time = 24.0 and step = 1.0 and requested_time = 25.0
17:48:31.168 [Thread-3] INFO  org.cpswt.hla.FederationManager - Current_time = 25.0 and step = 1.0 and requested_time = 26.0
17:48:32.169 [Thread-3] INFO  org.cpswt.hla.FederationManager - Current_time = 26.0 and step = 1.0 and requested_time = 27.0
17:48:33.170 [Thread-3] INFO  org.cpswt.hla.FederationManager - Current_time = 27.0 and step = 1.0 and requested_time = 28.0
17:48:34.170 [Thread-3] INFO  org.cpswt.hla.FederationManager - Current_time = 28.0 and step = 1.0 and requested_time = 29.0
17:48:35.171 [Thread-3] INFO  org.cpswt.hla.FederationManager - Current_time = 29.0 and step = 1.0 and requested_time = 30.0
17:48:35.172 [Thread-3] INFO  org.cpswt.hla.FederationManager - Federation manager current time = 30.0
17:48:36.172 [Thread-3] INFO  org.cpswt.hla.FederationManager - Current_time = 30.0 and step = 1.0 and requested_time = 31.0
17:48:37.173 [Thread-3] INFO  org.cpswt.hla.FederationManager - Current_time = 31.0 and step = 1.0 and requested_time = 32.0
17:48:38.173 [Thread-3] INFO  org.cpswt.hla.FederationManager - Current_time = 32.0 and step = 1.0 and requested_time = 33.0
17:48:39.174 [Thread-3] INFO  org.cpswt.hla.FederationManager - Current_time = 33.0 and step = 1.0 and requested_time = 34.0
17:48:40.175 [Thread-3] INFO  org.cpswt.hla.FederationManager - Current_time = 34.0 and step = 1.0 and requested_time = 35.0
17:48:41.176 [Thread-3] INFO  org.cpswt.hla.FederationManager - Current_time = 35.0 and step = 1.0 and requested_time = 36.0
17:48:42.178 [Thread-3] INFO  org.cpswt.hla.FederationManager - Current_time = 36.0 and step = 1.0 and requested_time = 37.0
17:48:43.179 [Thread-3] INFO  org.cpswt.hla.FederationManager - Current_time = 37.0 and step = 1.0 and requested_time = 38.0
17:48:44.180 [Thread-3] INFO  org.cpswt.hla.FederationManager - Current_time = 38.0 and step = 1.0 and requested_time = 39.0
17:48:45.180 [Thread-3] INFO  org.cpswt.hla.FederationManager - Current_time = 39.0 and step = 1.0 and requested_time = 40.0
17:48:45.181 [Thread-3] INFO  org.cpswt.hla.FederationManager - Federation manager current time = 40.0
17:48:46.180 [Thread-3] INFO  org.cpswt.hla.FederationManager - Current_time = 40.0 and step = 1.0 and requested_time = 41.0
17:48:47.181 [Thread-3] INFO  org.cpswt.hla.FederationManager - Current_time = 41.0 and step = 1.0 and requested_time = 42.0
17:48:48.182 [Thread-3] INFO  org.cpswt.hla.FederationManager - Current_time = 42.0 and step = 1.0 and requested_time = 43.0
17:48:49.183 [Thread-3] INFO  org.cpswt.hla.FederationManager - Current_time = 43.0 and step = 1.0 and requested_time = 44.0
17:48:50.183 [Thread-3] INFO  org.cpswt.hla.FederationManager - Current_time = 44.0 and step = 1.0 and requested_time = 45.0
17:48:51.184 [Thread-3] INFO  org.cpswt.hla.FederationManager - Current_time = 45.0 and step = 1.0 and requested_time = 46.0
17:48:52.185 [Thread-3] INFO  org.cpswt.hla.FederationManager - Current_time = 46.0 and step = 1.0 and requested_time = 47.0
17:48:53.186 [Thread-3] INFO  org.cpswt.hla.FederationManager - Current_time = 47.0 and step = 1.0 and requested_time = 48.0
17:48:54.187 [Thread-3] INFO  org.cpswt.hla.FederationManager - Current_time = 48.0 and step = 1.0 and requested_time = 49.0
17:48:55.188 [Thread-3] INFO  org.cpswt.hla.FederationManager - Current_time = 49.0 and step = 1.0 and requested_time = 50.0
17:48:55.188 [Thread-3] INFO  org.cpswt.hla.FederationManager - Federation manager current time = 50.0
17:48:56.189 [Thread-3] INFO  org.cpswt.hla.FederationManager - Current_time = 50.0 and step = 1.0 and requested_time = 51.0
17:48:57.190 [Thread-3] INFO  org.cpswt.hla.FederationManager - Current_time = 51.0 and step = 1.0 and requested_time = 52.0
17:48:58.190 [Thread-3] INFO  org.cpswt.hla.FederationManager - Current_time = 52.0 and step = 1.0 and requested_time = 53.0
17:48:59.191 [Thread-3] INFO  org.cpswt.hla.FederationManager - Current_time = 53.0 and step = 1.0 and requested_time = 54.0
17:49:00.192 [Thread-3] INFO  org.cpswt.hla.FederationManager - Current_time = 54.0 and step = 1.0 and requested_time = 55.0
17:49:01.194 [Thread-3] INFO  org.cpswt.hla.FederationManager - Current_time = 55.0 and step = 1.0 and requested_time = 56.0
17:49:02.195 [Thread-3] INFO  org.cpswt.hla.FederationManager - Current_time = 56.0 and step = 1.0 and requested_time = 57.0
17:49:03.196 [Thread-3] INFO  org.cpswt.hla.FederationManager - Current_time = 57.0 and step = 1.0 and requested_time = 58.0
17:49:04.197 [Thread-3] INFO  org.cpswt.hla.FederationManager - Current_time = 58.0 and step = 1.0 and requested_time = 59.0
17:49:05.198 [Thread-3] INFO  org.cpswt.hla.FederationManager - Current_time = 59.0 and step = 1.0 and requested_time = 60.0
17:49:05.198 [Thread-3] INFO  org.cpswt.hla.FederationManager - Federation manager current time = 60.0
17:49:06.198 [Thread-3] INFO  org.cpswt.hla.FederationManager - Current_time = 60.0 and step = 1.0 and requested_time = 61.0
17:49:07.200 [Thread-3] INFO  org.cpswt.hla.FederationManager - Current_time = 61.0 and step = 1.0 and requested_time = 62.0
17:49:08.200 [Thread-3] INFO  org.cpswt.hla.FederationManager - Current_time = 62.0 and step = 1.0 and requested_time = 63.0
17:49:09.201 [Thread-3] INFO  org.cpswt.hla.FederationManager - Current_time = 63.0 and step = 1.0 and requested_time = 64.0
17:49:10.202 [Thread-3] INFO  org.cpswt.hla.FederationManager - Current_time = 64.0 and step = 1.0 and requested_time = 65.0
17:49:11.203 [Thread-3] INFO  org.cpswt.hla.FederationManager - Current_time = 65.0 and step = 1.0 and requested_time = 66.0
17:49:12.204 [Thread-3] INFO  org.cpswt.hla.FederationManager - Current_time = 66.0 and step = 1.0 and requested_time = 67.0
17:49:13.204 [Thread-3] INFO  org.cpswt.hla.FederationManager - Current_time = 67.0 and step = 1.0 and requested_time = 68.0
17:49:14.205 [Thread-3] INFO  org.cpswt.hla.FederationManager - Current_time = 68.0 and step = 1.0 and requested_time = 69.0
17:49:15.206 [Thread-3] INFO  org.cpswt.hla.FederationManager - Current_time = 69.0 and step = 1.0 and requested_time = 70.0
17:49:15.208 [Thread-3] INFO  org.cpswt.hla.FederationManager - Federation manager current time = 70.0
17:49:16.209 [Thread-3] INFO  org.cpswt.hla.FederationManager - Current_time = 70.0 and step = 1.0 and requested_time = 71.0
17:49:17.209 [Thread-3] INFO  org.cpswt.hla.FederationManager - Current_time = 71.0 and step = 1.0 and requested_time = 72.0
17:49:18.209 [Thread-3] INFO  org.cpswt.hla.FederationManager - Current_time = 72.0 and step = 1.0 and requested_time = 73.0
17:49:19.210 [Thread-3] INFO  org.cpswt.hla.FederationManager - Current_time = 73.0 and step = 1.0 and requested_time = 74.0
17:49:20.211 [Thread-3] INFO  org.cpswt.hla.FederationManager - Current_time = 74.0 and step = 1.0 and requested_time = 75.0
17:49:21.212 [Thread-3] INFO  org.cpswt.hla.FederationManager - Current_time = 75.0 and step = 1.0 and requested_time = 76.0
17:49:22.213 [Thread-3] INFO  org.cpswt.hla.FederationManager - Current_time = 76.0 and step = 1.0 and requested_time = 77.0
17:49:23.214 [Thread-3] INFO  org.cpswt.hla.FederationManager - Current_time = 77.0 and step = 1.0 and requested_time = 78.0
17:49:24.214 [Thread-3] INFO  org.cpswt.hla.FederationManager - Current_time = 78.0 and step = 1.0 and requested_time = 79.0
17:49:25.216 [Thread-3] INFO  org.cpswt.hla.FederationManager - Current_time = 79.0 and step = 1.0 and requested_time = 80.0
17:49:25.217 [Thread-3] INFO  org.cpswt.hla.FederationManager - Federation manager current time = 80.0
17:49:26.217 [Thread-3] INFO  org.cpswt.hla.FederationManager - Current_time = 80.0 and step = 1.0 and requested_time = 81.0
17:49:27.221 [Thread-3] INFO  org.cpswt.hla.FederationManager - Current_time = 81.0 and step = 1.0 and requested_time = 82.0
17:49:28.225 [Thread-3] INFO  org.cpswt.hla.FederationManager - Current_time = 82.0 and step = 1.0 and requested_time = 83.0
17:49:29.227 [Thread-3] INFO  org.cpswt.hla.FederationManager - Current_time = 83.0 and step = 1.0 and requested_time = 84.0
17:49:30.228 [Thread-3] INFO  org.cpswt.hla.FederationManager - Current_time = 84.0 and step = 1.0 and requested_time = 85.0
17:49:31.229 [Thread-3] INFO  org.cpswt.hla.FederationManager - Current_time = 85.0 and step = 1.0 and requested_time = 86.0
17:49:32.230 [Thread-3] INFO  org.cpswt.hla.FederationManager - Current_time = 86.0 and step = 1.0 and requested_time = 87.0
17:49:33.231 [Thread-3] INFO  org.cpswt.hla.FederationManager - Current_time = 87.0 and step = 1.0 and requested_time = 88.0
17:49:34.233 [Thread-3] INFO  org.cpswt.hla.FederationManager - Current_time = 88.0 and step = 1.0 and requested_time = 89.0
17:49:35.235 [Thread-3] INFO  org.cpswt.hla.FederationManager - Current_time = 89.0 and step = 1.0 and requested_time = 90.0
17:49:35.235 [Thread-3] INFO  org.cpswt.hla.FederationManager - Federation manager current time = 90.0
17:49:36.235 [Thread-3] INFO  org.cpswt.hla.FederationManager - Current_time = 90.0 and step = 1.0 and requested_time = 91.0
17:49:37.237 [Thread-3] INFO  org.cpswt.hla.FederationManager - Current_time = 91.0 and step = 1.0 and requested_time = 92.0
17:49:38.238 [Thread-3] INFO  org.cpswt.hla.FederationManager - Current_time = 92.0 and step = 1.0 and requested_time = 93.0
17:49:39.239 [Thread-3] INFO  org.cpswt.hla.FederationManager - Current_time = 93.0 and step = 1.0 and requested_time = 94.0
17:49:40.243 [Thread-3] INFO  org.cpswt.hla.FederationManager - Current_time = 94.0 and step = 1.0 and requested_time = 95.0
17:49:41.244 [Thread-3] INFO  org.cpswt.hla.FederationManager - Current_time = 95.0 and step = 1.0 and requested_time = 96.0
17:49:42.244 [Thread-3] INFO  org.cpswt.hla.FederationManager - Current_time = 96.0 and step = 1.0 and requested_time = 97.0
17:49:43.245 [Thread-3] INFO  org.cpswt.hla.FederationManager - Current_time = 97.0 and step = 1.0 and requested_time = 98.0
17:49:44.245 [Thread-3] INFO  org.cpswt.hla.FederationManager - Current_time = 98.0 and step = 1.0 and requested_time = 99.0
17:49:45.246 [Thread-3] INFO  org.cpswt.hla.FederationManager - Current_time = 99.0 and step = 1.0 and requested_time = 100.0
17:49:45.247 [Thread-3] INFO  org.cpswt.hla.FederationManager - Federation manager current time = 100.0
17:49:46.247 [Thread-3] INFO  org.cpswt.hla.FederationManager - Current_time = 100.0 and step = 1.0 and requested_time = 101.0
17:49:47.248 [Thread-3] INFO  org.cpswt.hla.FederationManager - Current_time = 101.0 and step = 1.0 and requested_time = 102.0
17:49:48.249 [Thread-3] INFO  org.cpswt.hla.FederationManager - Current_time = 102.0 and step = 1.0 and requested_time = 103.0
17:49:49.249 [Thread-3] INFO  org.cpswt.hla.FederationManager - Current_time = 103.0 and step = 1.0 and requested_time = 104.0
17:49:50.250 [Thread-3] INFO  org.cpswt.hla.FederationManager - Current_time = 104.0 and step = 1.0 and requested_time = 105.0
17:49:51.251 [Thread-3] INFO  org.cpswt.hla.FederationManager - Current_time = 105.0 and step = 1.0 and requested_time = 106.0
17:49:52.252 [Thread-3] INFO  org.cpswt.hla.FederationManager - Current_time = 106.0 and step = 1.0 and requested_time = 107.0
17:49:53.253 [Thread-3] INFO  org.cpswt.hla.FederationManager - Current_time = 107.0 and step = 1.0 and requested_time = 108.0
17:49:54.254 [Thread-3] INFO  org.cpswt.hla.FederationManager - Current_time = 108.0 and step = 1.0 and requested_time = 109.0
17:49:55.254 [Thread-3] INFO  org.cpswt.hla.FederationManager - Current_time = 109.0 and step = 1.0 and requested_time = 110.0
17:49:55.254 [Thread-3] INFO  org.cpswt.hla.FederationManager - Federation manager current time = 110.0
17:49:56.254 [Thread-3] INFO  org.cpswt.hla.FederationManager - Current_time = 110.0 and step = 1.0 and requested_time = 111.0
17:49:57.255 [Thread-3] INFO  org.cpswt.hla.FederationManager - Current_time = 111.0 and step = 1.0 and requested_time = 112.0
17:49:58.256 [Thread-3] INFO  org.cpswt.hla.FederationManager - Current_time = 112.0 and step = 1.0 and requested_time = 113.0
17:49:59.257 [Thread-3] INFO  org.cpswt.hla.FederationManager - Current_time = 113.0 and step = 1.0 and requested_time = 114.0
17:50:00.258 [Thread-3] INFO  org.cpswt.hla.FederationManager - Current_time = 114.0 and step = 1.0 and requested_time = 115.0
17:50:01.261 [Thread-3] INFO  org.cpswt.hla.FederationManager - Current_time = 115.0 and step = 1.0 and requested_time = 116.0
17:50:02.264 [Thread-3] INFO  org.cpswt.hla.FederationManager - Current_time = 116.0 and step = 1.0 and requested_time = 117.0
17:50:03.265 [Thread-3] INFO  org.cpswt.hla.FederationManager - Current_time = 117.0 and step = 1.0 and requested_time = 118.0
17:50:04.268 [Thread-3] INFO  org.cpswt.hla.FederationManager - Current_time = 118.0 and step = 1.0 and requested_time = 119.0
17:50:05.268 [Thread-3] INFO  org.cpswt.hla.FederationManager - Current_time = 119.0 and step = 1.0 and requested_time = 120.0
17:50:05.269 [Thread-3] INFO  org.cpswt.hla.FederationManager - Federation manager current time = 120.0
17:50:06.269 [Thread-3] INFO  org.cpswt.hla.FederationManager - Current_time = 120.0 and step = 1.0 and requested_time = 121.0
17:50:07.270 [Thread-3] INFO  org.cpswt.hla.FederationManager - Current_time = 121.0 and step = 1.0 and requested_time = 122.0
17:50:08.271 [Thread-3] INFO  org.cpswt.hla.FederationManager - Current_time = 122.0 and step = 1.0 and requested_time = 123.0
17:50:09.271 [Thread-3] INFO  org.cpswt.hla.FederationManager - Current_time = 123.0 and step = 1.0 and requested_time = 124.0
17:50:10.272 [Thread-3] INFO  org.cpswt.hla.FederationManager - Current_time = 124.0 and step = 1.0 and requested_time = 125.0
17:50:11.272 [Thread-3] INFO  org.cpswt.hla.FederationManager - Current_time = 125.0 and step = 1.0 and requested_time = 126.0
17:50:12.273 [Thread-3] INFO  org.cpswt.hla.FederationManager - Current_time = 126.0 and step = 1.0 and requested_time = 127.0
17:50:13.273 [Thread-3] INFO  org.cpswt.hla.FederationManager - Current_time = 127.0 and step = 1.0 and requested_time = 128.0
17:50:14.274 [Thread-3] INFO  org.cpswt.hla.FederationManager - Current_time = 128.0 and step = 1.0 and requested_time = 129.0
17:50:15.274 [Thread-3] INFO  org.cpswt.hla.FederationManager - Current_time = 129.0 and step = 1.0 and requested_time = 130.0
17:50:15.276 [Thread-3] INFO  org.cpswt.hla.FederationManager - Federation manager current time = 130.0
17:50:16.276 [Thread-3] INFO  org.cpswt.hla.FederationManager - Current_time = 130.0 and step = 1.0 and requested_time = 131.0
17:50:17.277 [Thread-3] INFO  org.cpswt.hla.FederationManager - Current_time = 131.0 and step = 1.0 and requested_time = 132.0
17:50:18.278 [Thread-3] INFO  org.cpswt.hla.FederationManager - Current_time = 132.0 and step = 1.0 and requested_time = 133.0
17:50:19.278 [Thread-3] INFO  org.cpswt.hla.FederationManager - Current_time = 133.0 and step = 1.0 and requested_time = 134.0
17:50:20.279 [Thread-3] INFO  org.cpswt.hla.FederationManager - Current_time = 134.0 and step = 1.0 and requested_time = 135.0
17:50:21.280 [Thread-3] INFO  org.cpswt.hla.FederationManager - Current_time = 135.0 and step = 1.0 and requested_time = 136.0
17:50:22.280 [Thread-3] INFO  org.cpswt.hla.FederationManager - Current_time = 136.0 and step = 1.0 and requested_time = 137.0
17:50:23.281 [Thread-3] INFO  org.cpswt.hla.FederationManager - Current_time = 137.0 and step = 1.0 and requested_time = 138.0
17:50:24.282 [Thread-3] INFO  org.cpswt.hla.FederationManager - Current_time = 138.0 and step = 1.0 and requested_time = 139.0
17:50:25.282 [Thread-3] INFO  org.cpswt.hla.FederationManager - Current_time = 139.0 and step = 1.0 and requested_time = 140.0
17:50:25.283 [Thread-3] INFO  org.cpswt.hla.FederationManager - Federation manager current time = 140.0
17:50:26.283 [Thread-3] INFO  org.cpswt.hla.FederationManager - Current_time = 140.0 and step = 1.0 and requested_time = 141.0
17:50:27.284 [Thread-3] INFO  org.cpswt.hla.FederationManager - Current_time = 141.0 and step = 1.0 and requested_time = 142.0
17:50:28.285 [Thread-3] INFO  org.cpswt.hla.FederationManager - Current_time = 142.0 and step = 1.0 and requested_time = 143.0
17:50:29.285 [Thread-3] INFO  org.cpswt.hla.FederationManager - Current_time = 143.0 and step = 1.0 and requested_time = 144.0
17:50:30.286 [Thread-3] INFO  org.cpswt.hla.FederationManager - Current_time = 144.0 and step = 1.0 and requested_time = 145.0
17:50:31.286 [Thread-3] INFO  org.cpswt.hla.FederationManager - Current_time = 145.0 and step = 1.0 and requested_time = 146.0
17:50:32.287 [Thread-3] INFO  org.cpswt.hla.FederationManager - Current_time = 146.0 and step = 1.0 and requested_time = 147.0
17:50:33.287 [Thread-3] INFO  org.cpswt.hla.FederationManager - Current_time = 147.0 and step = 1.0 and requested_time = 148.0
17:50:34.288 [Thread-3] INFO  org.cpswt.hla.FederationManager - Current_time = 148.0 and step = 1.0 and requested_time = 149.0
17:50:35.289 [Thread-3] INFO  org.cpswt.hla.FederationManager - Current_time = 149.0 and step = 1.0 and requested_time = 150.0
17:50:35.289 [Thread-3] INFO  org.cpswt.hla.FederationManager - Federation manager current time = 150.0
17:50:36.290 [Thread-3] INFO  org.cpswt.hla.FederationManager - Current_time = 150.0 and step = 1.0 and requested_time = 151.0
17:50:37.291 [Thread-3] INFO  org.cpswt.hla.FederationManager - Current_time = 151.0 and step = 1.0 and requested_time = 152.0
17:50:38.291 [Thread-3] INFO  org.cpswt.hla.FederationManager - Current_time = 152.0 and step = 1.0 and requested_time = 153.0
17:50:39.292 [Thread-3] INFO  org.cpswt.hla.FederationManager - Current_time = 153.0 and step = 1.0 and requested_time = 154.0
17:50:40.294 [Thread-3] INFO  org.cpswt.hla.FederationManager - Current_time = 154.0 and step = 1.0 and requested_time = 155.0
17:50:41.294 [Thread-3] INFO  org.cpswt.hla.FederationManager - Current_time = 155.0 and step = 1.0 and requested_time = 156.0
17:50:42.295 [Thread-3] INFO  org.cpswt.hla.FederationManager - Current_time = 156.0 and step = 1.0 and requested_time = 157.0
17:50:43.296 [Thread-3] INFO  org.cpswt.hla.FederationManager - Current_time = 157.0 and step = 1.0 and requested_time = 158.0
17:50:44.297 [Thread-3] INFO  org.cpswt.hla.FederationManager - Current_time = 158.0 and step = 1.0 and requested_time = 159.0
17:50:45.298 [Thread-3] INFO  org.cpswt.hla.FederationManager - Current_time = 159.0 and step = 1.0 and requested_time = 160.0
17:50:45.299 [Thread-3] INFO  org.cpswt.hla.FederationManager - Federation manager current time = 160.0
17:50:46.298 [Thread-3] INFO  org.cpswt.hla.FederationManager - Current_time = 160.0 and step = 1.0 and requested_time = 161.0
17:50:47.298 [Thread-3] INFO  org.cpswt.hla.FederationManager - Current_time = 161.0 and step = 1.0 and requested_time = 162.0
17:50:48.298 [Thread-3] INFO  org.cpswt.hla.FederationManager - Current_time = 162.0 and step = 1.0 and requested_time = 163.0
17:50:49.298 [Thread-3] INFO  org.cpswt.hla.FederationManager - Current_time = 163.0 and step = 1.0 and requested_time = 164.0
17:50:50.298 [Thread-3] INFO  org.cpswt.hla.FederationManager - Current_time = 164.0 and step = 1.0 and requested_time = 165.0
17:50:51.299 [Thread-3] INFO  org.cpswt.hla.FederationManager - Current_time = 165.0 and step = 1.0 and requested_time = 166.0
17:50:52.300 [Thread-3] INFO  org.cpswt.hla.FederationManager - Current_time = 166.0 and step = 1.0 and requested_time = 167.0
17:50:53.301 [Thread-3] INFO  org.cpswt.hla.FederationManager - Current_time = 167.0 and step = 1.0 and requested_time = 168.0
17:50:54.302 [Thread-3] INFO  org.cpswt.hla.FederationManager - Current_time = 168.0 and step = 1.0 and requested_time = 169.0
17:50:55.303 [Thread-3] INFO  org.cpswt.hla.FederationManager - Current_time = 169.0 and step = 1.0 and requested_time = 170.0
17:50:55.304 [Thread-3] INFO  org.cpswt.hla.FederationManager - Federation manager current time = 170.0
17:50:56.305 [Thread-3] INFO  org.cpswt.hla.FederationManager - Current_time = 170.0 and step = 1.0 and requested_time = 171.0
17:50:57.306 [Thread-3] INFO  org.cpswt.hla.FederationManager - Current_time = 171.0 and step = 1.0 and requested_time = 172.0
17:50:58.307 [Thread-3] INFO  org.cpswt.hla.FederationManager - Current_time = 172.0 and step = 1.0 and requested_time = 173.0
17:50:59.307 [Thread-3] INFO  org.cpswt.hla.FederationManager - Current_time = 173.0 and step = 1.0 and requested_time = 174.0
17:51:00.308 [Thread-3] INFO  org.cpswt.hla.FederationManager - Current_time = 174.0 and step = 1.0 and requested_time = 175.0
17:51:01.309 [Thread-3] INFO  org.cpswt.hla.FederationManager - Current_time = 175.0 and step = 1.0 and requested_time = 176.0
17:51:02.310 [Thread-3] INFO  org.cpswt.hla.FederationManager - Current_time = 176.0 and step = 1.0 and requested_time = 177.0
17:51:03.312 [Thread-3] INFO  org.cpswt.hla.FederationManager - Current_time = 177.0 and step = 1.0 and requested_time = 178.0
17:51:04.313 [Thread-3] INFO  org.cpswt.hla.FederationManager - Current_time = 178.0 and step = 1.0 and requested_time = 179.0
17:51:05.314 [Thread-3] INFO  org.cpswt.hla.FederationManager - Current_time = 179.0 and step = 1.0 and requested_time = 180.0
17:51:05.314 [Thread-3] INFO  org.cpswt.hla.FederationManager - Federation manager current time = 180.0
17:51:06.314 [Thread-3] INFO  org.cpswt.hla.FederationManager - Current_time = 180.0 and step = 1.0 and requested_time = 181.0
17:51:07.314 [Thread-3] INFO  org.cpswt.hla.FederationManager - Current_time = 181.0 and step = 1.0 and requested_time = 182.0
17:51:08.318 [Thread-3] INFO  org.cpswt.hla.FederationManager - Current_time = 182.0 and step = 1.0 and requested_time = 183.0
17:51:09.318 [Thread-3] INFO  org.cpswt.hla.FederationManager - Current_time = 183.0 and step = 1.0 and requested_time = 184.0
17:51:10.318 [Thread-3] INFO  org.cpswt.hla.FederationManager - Current_time = 184.0 and step = 1.0 and requested_time = 185.0
17:51:11.319 [Thread-3] INFO  org.cpswt.hla.FederationManager - Current_time = 185.0 and step = 1.0 and requested_time = 186.0
17:51:12.320 [Thread-3] INFO  org.cpswt.hla.FederationManager - Current_time = 186.0 and step = 1.0 and requested_time = 187.0
17:51:13.322 [Thread-3] INFO  org.cpswt.hla.FederationManager - Current_time = 187.0 and step = 1.0 and requested_time = 188.0
17:51:14.323 [Thread-3] INFO  org.cpswt.hla.FederationManager - Current_time = 188.0 and step = 1.0 and requested_time = 189.0
17:51:15.325 [Thread-3] INFO  org.cpswt.hla.FederationManager - Current_time = 189.0 and step = 1.0 and requested_time = 190.0
17:51:15.325 [Thread-3] INFO  org.cpswt.hla.FederationManager - Federation manager current time = 190.0
17:51:16.326 [Thread-3] INFO  org.cpswt.hla.FederationManager - Current_time = 190.0 and step = 1.0 and requested_time = 191.0
17:51:17.326 [Thread-3] INFO  org.cpswt.hla.FederationManager - Current_time = 191.0 and step = 1.0 and requested_time = 192.0
17:51:18.327 [Thread-3] INFO  org.cpswt.hla.FederationManager - Current_time = 192.0 and step = 1.0 and requested_time = 193.0
17:51:19.328 [Thread-3] INFO  org.cpswt.hla.FederationManager - Current_time = 193.0 and step = 1.0 and requested_time = 194.0
17:51:20.329 [Thread-3] INFO  org.cpswt.hla.FederationManager - Current_time = 194.0 and step = 1.0 and requested_time = 195.0
17:51:21.329 [Thread-3] INFO  org.cpswt.hla.FederationManager - Current_time = 195.0 and step = 1.0 and requested_time = 196.0
17:51:22.329 [Thread-3] INFO  org.cpswt.hla.FederationManager - Current_time = 196.0 and step = 1.0 and requested_time = 197.0
17:51:23.329 [Thread-3] INFO  org.cpswt.hla.FederationManager - Current_time = 197.0 and step = 1.0 and requested_time = 198.0
17:51:24.329 [Thread-3] INFO  org.cpswt.hla.FederationManager - Current_time = 198.0 and step = 1.0 and requested_time = 199.0
17:51:25.330 [Thread-3] INFO  org.cpswt.hla.FederationManager - Current_time = 199.0 and step = 1.0 and requested_time = 200.0
17:51:25.331 [Thread-3] INFO  org.cpswt.hla.FederationManager - Federation manager current time = 200.0
17:51:26.330 [Thread-3] INFO  org.cpswt.hla.FederationManager - Current_time = 200.0 and step = 1.0 and requested_time = 201.0
17:51:27.331 [Thread-3] INFO  org.cpswt.hla.FederationManager - Current_time = 201.0 and step = 1.0 and requested_time = 202.0
17:51:28.332 [Thread-3] INFO  org.cpswt.hla.FederationManager - Current_time = 202.0 and step = 1.0 and requested_time = 203.0
17:51:29.332 [Thread-3] INFO  org.cpswt.hla.FederationManager - Current_time = 203.0 and step = 1.0 and requested_time = 204.0
17:51:30.332 [Thread-3] INFO  org.cpswt.hla.FederationManager - Current_time = 204.0 and step = 1.0 and requested_time = 205.0
17:51:31.332 [Thread-3] INFO  org.cpswt.hla.FederationManager - Current_time = 205.0 and step = 1.0 and requested_time = 206.0
17:51:32.333 [Thread-3] INFO  org.cpswt.hla.FederationManager - Current_time = 206.0 and step = 1.0 and requested_time = 207.0
17:51:33.334 [Thread-3] INFO  org.cpswt.hla.FederationManager - Current_time = 207.0 and step = 1.0 and requested_time = 208.0
17:51:34.336 [Thread-3] INFO  org.cpswt.hla.FederationManager - Current_time = 208.0 and step = 1.0 and requested_time = 209.0
17:51:35.337 [Thread-3] INFO  org.cpswt.hla.FederationManager - Current_time = 209.0 and step = 1.0 and requested_time = 210.0
17:51:35.338 [Thread-3] INFO  org.cpswt.hla.FederationManager - Federation manager current time = 210.0
17:51:36.338 [Thread-3] INFO  org.cpswt.hla.FederationManager - Current_time = 210.0 and step = 1.0 and requested_time = 211.0
17:51:37.340 [Thread-3] INFO  org.cpswt.hla.FederationManager - Current_time = 211.0 and step = 1.0 and requested_time = 212.0
17:51:38.340 [Thread-3] INFO  org.cpswt.hla.FederationManager - Current_time = 212.0 and step = 1.0 and requested_time = 213.0
17:51:39.341 [Thread-3] INFO  org.cpswt.hla.FederationManager - Current_time = 213.0 and step = 1.0 and requested_time = 214.0
17:51:40.342 [Thread-3] INFO  org.cpswt.hla.FederationManager - Current_time = 214.0 and step = 1.0 and requested_time = 215.0
17:51:41.343 [Thread-3] INFO  org.cpswt.hla.FederationManager - Current_time = 215.0 and step = 1.0 and requested_time = 216.0
17:51:42.344 [Thread-3] INFO  org.cpswt.hla.FederationManager - Current_time = 216.0 and step = 1.0 and requested_time = 217.0
17:51:43.345 [Thread-3] INFO  org.cpswt.hla.FederationManager - Current_time = 217.0 and step = 1.0 and requested_time = 218.0
17:51:44.350 [Thread-3] INFO  org.cpswt.hla.FederationManager - Current_time = 218.0 and step = 1.0 and requested_time = 219.0
17:51:45.350 [Thread-3] INFO  org.cpswt.hla.FederationManager - Current_time = 219.0 and step = 1.0 and requested_time = 220.0
17:51:45.351 [Thread-3] INFO  org.cpswt.hla.FederationManager - Federation manager current time = 220.0
17:51:46.351 [Thread-3] INFO  org.cpswt.hla.FederationManager - Current_time = 220.0 and step = 1.0 and requested_time = 221.0
17:51:47.352 [Thread-3] INFO  org.cpswt.hla.FederationManager - Current_time = 221.0 and step = 1.0 and requested_time = 222.0
17:51:48.353 [Thread-3] INFO  org.cpswt.hla.FederationManager - Current_time = 222.0 and step = 1.0 and requested_time = 223.0
17:51:49.353 [Thread-3] INFO  org.cpswt.hla.FederationManager - Current_time = 223.0 and step = 1.0 and requested_time = 224.0
17:51:50.353 [Thread-3] INFO  org.cpswt.hla.FederationManager - Current_time = 224.0 and step = 1.0 and requested_time = 225.0
17:51:51.354 [Thread-3] INFO  org.cpswt.hla.FederationManager - Current_time = 225.0 and step = 1.0 and requested_time = 226.0
17:51:52.355 [Thread-3] INFO  org.cpswt.hla.FederationManager - Current_time = 226.0 and step = 1.0 and requested_time = 227.0
17:51:53.355 [Thread-3] INFO  org.cpswt.hla.FederationManager - Current_time = 227.0 and step = 1.0 and requested_time = 228.0
17:51:54.356 [Thread-3] INFO  org.cpswt.hla.FederationManager - Current_time = 228.0 and step = 1.0 and requested_time = 229.0
17:51:55.356 [Thread-3] INFO  org.cpswt.hla.FederationManager - Current_time = 229.0 and step = 1.0 and requested_time = 230.0
17:51:55.358 [Thread-3] INFO  org.cpswt.hla.FederationManager - Federation manager current time = 230.0
17:51:56.358 [Thread-3] INFO  org.cpswt.hla.FederationManager - Current_time = 230.0 and step = 1.0 and requested_time = 231.0
17:51:57.359 [Thread-3] INFO  org.cpswt.hla.FederationManager - Current_time = 231.0 and step = 1.0 and requested_time = 232.0
17:51:58.360 [Thread-3] INFO  org.cpswt.hla.FederationManager - Current_time = 232.0 and step = 1.0 and requested_time = 233.0
17:51:59.360 [Thread-3] INFO  org.cpswt.hla.FederationManager - Current_time = 233.0 and step = 1.0 and requested_time = 234.0
17:52:00.361 [Thread-3] INFO  org.cpswt.hla.FederationManager - Current_time = 234.0 and step = 1.0 and requested_time = 235.0
17:52:01.361 [Thread-3] INFO  org.cpswt.hla.FederationManager - Current_time = 235.0 and step = 1.0 and requested_time = 236.0
17:52:02.362 [Thread-3] INFO  org.cpswt.hla.FederationManager - Current_time = 236.0 and step = 1.0 and requested_time = 237.0
17:52:03.363 [Thread-3] INFO  org.cpswt.hla.FederationManager - Current_time = 237.0 and step = 1.0 and requested_time = 238.0
17:52:04.363 [Thread-3] INFO  org.cpswt.hla.FederationManager - Current_time = 238.0 and step = 1.0 and requested_time = 239.0
17:52:05.364 [Thread-3] INFO  org.cpswt.hla.FederationManager - Current_time = 239.0 and step = 1.0 and requested_time = 240.0
17:52:05.364 [Thread-3] INFO  org.cpswt.hla.FederationManager - Federation manager current time = 240.0
17:52:06.365 [Thread-3] INFO  org.cpswt.hla.FederationManager - Current_time = 240.0 and step = 1.0 and requested_time = 241.0
17:52:07.365 [Thread-3] INFO  org.cpswt.hla.FederationManager - Current_time = 241.0 and step = 1.0 and requested_time = 242.0
17:52:08.366 [Thread-3] INFO  org.cpswt.hla.FederationManager - Current_time = 242.0 and step = 1.0 and requested_time = 243.0
17:52:09.366 [Thread-3] INFO  org.cpswt.hla.FederationManager - Current_time = 243.0 and step = 1.0 and requested_time = 244.0
17:52:10.367 [Thread-3] INFO  org.cpswt.hla.FederationManager - Current_time = 244.0 and step = 1.0 and requested_time = 245.0
17:52:11.368 [Thread-3] INFO  org.cpswt.hla.FederationManager - Current_time = 245.0 and step = 1.0 and requested_time = 246.0
17:52:12.370 [Thread-3] INFO  org.cpswt.hla.FederationManager - Current_time = 246.0 and step = 1.0 and requested_time = 247.0
17:52:13.370 [Thread-3] INFO  org.cpswt.hla.FederationManager - Current_time = 247.0 and step = 1.0 and requested_time = 248.0
17:52:14.371 [Thread-3] INFO  org.cpswt.hla.FederationManager - Current_time = 248.0 and step = 1.0 and requested_time = 249.0
17:52:15.372 [Thread-3] INFO  org.cpswt.hla.FederationManager - Current_time = 249.0 and step = 1.0 and requested_time = 250.0
17:52:15.372 [Thread-3] INFO  org.cpswt.hla.FederationManager - Federation manager current time = 250.0
17:52:16.372 [Thread-3] INFO  org.cpswt.hla.FederationManager - Current_time = 250.0 and step = 1.0 and requested_time = 251.0
17:52:17.373 [Thread-3] INFO  org.cpswt.hla.FederationManager - Current_time = 251.0 and step = 1.0 and requested_time = 252.0
17:52:18.373 [Thread-3] INFO  org.cpswt.hla.FederationManager - Current_time = 252.0 and step = 1.0 and requested_time = 253.0
17:52:19.374 [Thread-3] INFO  org.cpswt.hla.FederationManager - Current_time = 253.0 and step = 1.0 and requested_time = 254.0
17:52:20.375 [Thread-3] INFO  org.cpswt.hla.FederationManager - Current_time = 254.0 and step = 1.0 and requested_time = 255.0
17:52:21.376 [Thread-3] INFO  org.cpswt.hla.FederationManager - Current_time = 255.0 and step = 1.0 and requested_time = 256.0
17:52:22.376 [Thread-3] INFO  org.cpswt.hla.FederationManager - Current_time = 256.0 and step = 1.0 and requested_time = 257.0
17:52:23.376 [Thread-3] INFO  org.cpswt.hla.FederationManager - Current_time = 257.0 and step = 1.0 and requested_time = 258.0
17:52:24.376 [Thread-3] INFO  org.cpswt.hla.FederationManager - Current_time = 258.0 and step = 1.0 and requested_time = 259.0
17:52:25.376 [Thread-3] INFO  org.cpswt.hla.FederationManager - Current_time = 259.0 and step = 1.0 and requested_time = 260.0
17:52:25.376 [Thread-3] INFO  org.cpswt.hla.FederationManager - Federation manager current time = 260.0
17:52:26.376 [Thread-3] INFO  org.cpswt.hla.FederationManager - Current_time = 260.0 and step = 1.0 and requested_time = 261.0
17:52:27.376 [Thread-3] INFO  org.cpswt.hla.FederationManager - Current_time = 261.0 and step = 1.0 and requested_time = 262.0
17:52:28.377 [Thread-3] INFO  org.cpswt.hla.FederationManager - Current_time = 262.0 and step = 1.0 and requested_time = 263.0
17:52:29.378 [Thread-3] INFO  org.cpswt.hla.FederationManager - Current_time = 263.0 and step = 1.0 and requested_time = 264.0
17:52:30.378 [Thread-3] INFO  org.cpswt.hla.FederationManager - Current_time = 264.0 and step = 1.0 and requested_time = 265.0
17:52:31.378 [Thread-3] INFO  org.cpswt.hla.FederationManager - Current_time = 265.0 and step = 1.0 and requested_time = 266.0
17:52:32.379 [Thread-3] INFO  org.cpswt.hla.FederationManager - Current_time = 266.0 and step = 1.0 and requested_time = 267.0
17:52:33.379 [Thread-3] INFO  org.cpswt.hla.FederationManager - Current_time = 267.0 and step = 1.0 and requested_time = 268.0
17:52:34.380 [Thread-3] INFO  org.cpswt.hla.FederationManager - Current_time = 268.0 and step = 1.0 and requested_time = 269.0
17:52:35.381 [Thread-3] INFO  org.cpswt.hla.FederationManager - Current_time = 269.0 and step = 1.0 and requested_time = 270.0
17:52:35.382 [Thread-3] INFO  org.cpswt.hla.FederationManager - Federation manager current time = 270.0
17:52:36.381 [Thread-3] INFO  org.cpswt.hla.FederationManager - Current_time = 270.0 and step = 1.0 and requested_time = 271.0
17:52:37.382 [Thread-3] INFO  org.cpswt.hla.FederationManager - Current_time = 271.0 and step = 1.0 and requested_time = 272.0
17:52:38.383 [Thread-3] INFO  org.cpswt.hla.FederationManager - Current_time = 272.0 and step = 1.0 and requested_time = 273.0
17:52:39.384 [Thread-3] INFO  org.cpswt.hla.FederationManager - Current_time = 273.0 and step = 1.0 and requested_time = 274.0
17:52:40.384 [Thread-3] INFO  org.cpswt.hla.FederationManager - Current_time = 274.0 and step = 1.0 and requested_time = 275.0
17:52:41.385 [Thread-3] INFO  org.cpswt.hla.FederationManager - Current_time = 275.0 and step = 1.0 and requested_time = 276.0
17:52:42.386 [Thread-3] INFO  org.cpswt.hla.FederationManager - Current_time = 276.0 and step = 1.0 and requested_time = 277.0
17:52:43.387 [Thread-3] INFO  org.cpswt.hla.FederationManager - Current_time = 277.0 and step = 1.0 and requested_time = 278.0
17:52:44.388 [Thread-3] INFO  org.cpswt.hla.FederationManager - Current_time = 278.0 and step = 1.0 and requested_time = 279.0
17:52:45.388 [Thread-3] INFO  org.cpswt.hla.FederationManager - Current_time = 279.0 and step = 1.0 and requested_time = 280.0
17:52:45.389 [Thread-3] INFO  org.cpswt.hla.FederationManager - Federation manager current time = 280.0
17:52:46.389 [Thread-3] INFO  org.cpswt.hla.FederationManager - Current_time = 280.0 and step = 1.0 and requested_time = 281.0
17:52:47.390 [Thread-3] INFO  org.cpswt.hla.FederationManager - Current_time = 281.0 and step = 1.0 and requested_time = 282.0
17:52:48.390 [Thread-3] INFO  org.cpswt.hla.FederationManager - Current_time = 282.0 and step = 1.0 and requested_time = 283.0
17:52:49.391 [Thread-3] INFO  org.cpswt.hla.FederationManager - Current_time = 283.0 and step = 1.0 and requested_time = 284.0
17:52:50.392 [Thread-3] INFO  org.cpswt.hla.FederationManager - Current_time = 284.0 and step = 1.0 and requested_time = 285.0
17:52:51.392 [Thread-3] INFO  org.cpswt.hla.FederationManager - Current_time = 285.0 and step = 1.0 and requested_time = 286.0
17:52:52.393 [Thread-3] INFO  org.cpswt.hla.FederationManager - Current_time = 286.0 and step = 1.0 and requested_time = 287.0
17:52:53.395 [Thread-3] INFO  org.cpswt.hla.FederationManager - Current_time = 287.0 and step = 1.0 and requested_time = 288.0
17:52:54.396 [Thread-3] INFO  org.cpswt.hla.FederationManager - Current_time = 288.0 and step = 1.0 and requested_time = 289.0
17:52:55.396 [Thread-3] INFO  org.cpswt.hla.FederationManager - Current_time = 289.0 and step = 1.0 and requested_time = 290.0
17:52:55.397 [Thread-3] INFO  org.cpswt.hla.FederationManager - Federation manager current time = 290.0
17:52:56.398 [Thread-3] INFO  org.cpswt.hla.FederationManager - Current_time = 290.0 and step = 1.0 and requested_time = 291.0
WARN  [VERIFY_SUSPECT.TimerThread,FlatCase,vagrant-62107] portico.lrc.jgroups: Detected that federate [Airline1Manager-9b32302c-1642-4107-820a-dc063d549d8b] may have crashed, investigating...
WARN  [VERIFY_SUSPECT.TimerThread,FlatCase,vagrant-62107] portico.lrc.jgroups: Detected that federate [Airline1Manager-9b32302c-1642-4107-820a-dc063d549d8b] may have crashed, investigating...
WARN  [VERIFY_SUSPECT.TimerThread,FlatCase,vagrant-62107] portico.lrc.jgroups: Detected that federate [Airline2Manager-e0a232b6-5292-456a-a994-624d4d26bdd3] may have crashed, investigating...
WARN  [Regular] portico.lrc.jgroups: Federate [Airline1Manager-9b32302c-1642-4107-820a-dc063d549d8b] has crashed. Sending fake resignation because it was too rude to.
WARN  [Regular] portico.lrc.jgroups: Unknown channel member crashed. Don't think it was a federate. Ignoring. uuid=a38a6c28-36f8-4734-b0f9-eba712f61a3a
WARN  [Regular] portico.lrc.jgroups: Federate [Airline2Manager-e0a232b6-5292-456a-a994-624d4d26bdd3] has crashed. Sending fake resignation because it was too rude to.
17:53:09.089 [Thread-3] INFO  org.cpswt.hla.FederationManager - Current_time = 291.0 and step = 1.0 and requested_time = 292.0
