WARNING: An illegal reflective access operation has occurred
WARNING: Illegal reflective access by com.google.inject.internal.cglib.core.$ReflectUtils$1 (file:/usr/share/maven/lib/guice.jar) to method java.lang.ClassLoader.defineClass(java.lang.String,byte[],int,int,java.security.ProtectionDomain)
WARNING: Please consider reporting this to the maintainers of com.google.inject.internal.cglib.core.$ReflectUtils$1
WARNING: Use --illegal-access=warn to enable warnings of further illegal reflective access operations
WARNING: All illegal access operations will be denied in a future release
[[1;34mINFO[m] Scanning for projects...
[[1;34mINFO[m] 
[[1;34mINFO[m] [1m-------------------< [0;36morg.webgme.guest:FlatCase_exec[0;1m >-------------------[m
[[1;34mINFO[m] [1mBuilding FlatCase_exec 0.1.0-SNAPSHOT[m
[[1;34mINFO[m] [1m--------------------------------[ jar ]---------------------------------[m
Downloading from archiva.internal: http://cpswtng_archiva:8080/repository/internal/org/cpswt/fedmanager-host/0.6.0-SNAPSHOT/maven-metadata.xml
Downloading from archiva.snapshots: http://cpswtng_archiva:8080/repository/snapshots/org/cpswt/fedmanager-host/0.6.0-SNAPSHOT/maven-metadata.xml
[[1;33mWARNING[m] Could not transfer metadata org.cpswt:fedmanager-host:0.6.0-SNAPSHOT/maven-metadata.xml from/to archiva.internal (http://cpswtng_archiva:8080/repository/internal/): cpswtng_archiva
[[1;33mWARNING[m] Could not transfer metadata org.cpswt:fedmanager-host:0.6.0-SNAPSHOT/maven-metadata.xml from/to archiva.snapshots (http://cpswtng_archiva:8080/repository/snapshots/): cpswtng_archiva: Temporary failure in name resolution
[[1;33mWARNING[m] Failure to transfer org.cpswt:fedmanager-host:0.6.0-SNAPSHOT/maven-metadata.xml from http://cpswtng_archiva:8080/repository/internal/ was cached in the local repository, resolution will not be reattempted until the update interval of archiva.internal has elapsed or updates are forced. Original error: Could not transfer metadata org.cpswt:fedmanager-host:0.6.0-SNAPSHOT/maven-metadata.xml from/to archiva.internal (http://cpswtng_archiva:8080/repository/internal/): cpswtng_archiva
[[1;33mWARNING[m] Failure to transfer org.cpswt:fedmanager-host:0.6.0-SNAPSHOT/maven-metadata.xml from http://cpswtng_archiva:8080/repository/snapshots/ was cached in the local repository, resolution will not be reattempted until the update interval of archiva.snapshots has elapsed or updates are forced. Original error: Could not transfer metadata org.cpswt:fedmanager-host:0.6.0-SNAPSHOT/maven-metadata.xml from/to archiva.snapshots (http://cpswtng_archiva:8080/repository/snapshots/): cpswtng_archiva: Temporary failure in name resolution
Downloading from archiva.internal: http://cpswtng_archiva:8080/repository/internal/org/cpswt/cpswt-core/0.6.0-SNAPSHOT/maven-metadata.xml
Downloading from archiva.snapshots: http://cpswtng_archiva:8080/repository/snapshots/org/cpswt/cpswt-core/0.6.0-SNAPSHOT/maven-metadata.xml
[[1;33mWARNING[m] Could not transfer metadata org.cpswt:cpswt-core:0.6.0-SNAPSHOT/maven-metadata.xml from/to archiva.internal (http://cpswtng_archiva:8080/repository/internal/): cpswtng_archiva
[[1;33mWARNING[m] Could not transfer metadata org.cpswt:cpswt-core:0.6.0-SNAPSHOT/maven-metadata.xml from/to archiva.snapshots (http://cpswtng_archiva:8080/repository/snapshots/): cpswtng_archiva
[[1;34mINFO[m] 
[[1;34mINFO[m] [1m--- [0;32mexec-maven-plugin:1.5.0:java[m [1m(default-cli)[m @ [36mFlatCase_exec[0;1m ---[m
17:25:00.056 [org.cpswt.host.FederationManagerHostApp.main()] INFO  org.cpswt.hla.FederationManager - No COA definitions were provided!
17:25:00.057 [org.cpswt.host.FederationManagerHostApp.main()] INFO  org.cpswt.hla.FederationManager - No COA selections were provided!
17:25:00.057 [org.cpswt.host.FederationManagerHostApp.main()] INFO  org.cpswt.hla.FederationManager - No specific COA-selection was specified for execution!
17:25:00.057 [org.cpswt.host.FederationManagerHostApp.main()] INFO  org.cpswt.hla.FederationManager - No COAs are used in this experiment.

-------------------------------------------------------------------
GMS: address=vagrant-28447, cluster=FlatCase, physical address=192.168.0.21:42982
-------------------------------------------------------------------
17:25:08.654 [org.cpswt.host.FederationManagerHostApp.main()] INFO  org.cpswt.host.FederationManagerHostApp - Server online at 0.0.0.0:8083 ...
17:25:59.719 [Thread-3] INFO  org.cpswt.hla.FederationManager - Current_time = 0.0 and step = 1.0 and requested_time = 1.0
17:25:59.883 [Thread-3] INFO  org.cpswt.hla.FederationManager - Current_time = 1.0 and step = 1.0 and requested_time = 2.0
17:25:59.992 [Thread-3] INFO  org.cpswt.hla.FederationManager - Current_time = 2.0 and step = 1.0 and requested_time = 3.0
17:26:00.043 [Thread-3] INFO  org.cpswt.hla.FederationManager - Current_time = 3.0 and step = 1.0 and requested_time = 4.0
17:26:00.115 [Thread-3] INFO  org.cpswt.hla.FederationManager - Current_time = 4.0 and step = 1.0 and requested_time = 5.0
17:26:00.160 [Thread-3] INFO  org.cpswt.hla.FederationManager - Current_time = 5.0 and step = 1.0 and requested_time = 6.0
17:26:00.226 [Thread-3] INFO  org.cpswt.hla.FederationManager - Current_time = 6.0 and step = 1.0 and requested_time = 7.0
17:26:00.295 [Thread-3] INFO  org.cpswt.hla.FederationManager - Current_time = 7.0 and step = 1.0 and requested_time = 8.0
17:26:00.352 [Thread-3] INFO  org.cpswt.hla.FederationManager - Current_time = 8.0 and step = 1.0 and requested_time = 9.0
17:26:00.405 [Thread-3] INFO  org.cpswt.hla.FederationManager - Current_time = 9.0 and step = 1.0 and requested_time = 10.0
17:26:00.459 [Thread-3] INFO  org.cpswt.hla.FederationManager - Federation manager current time = 10.0
17:26:00.459 [Thread-3] INFO  org.cpswt.hla.FederationManager - Current_time = 10.0 and step = 1.0 and requested_time = 11.0
17:26:00.510 [Thread-3] INFO  org.cpswt.hla.FederationManager - Current_time = 11.0 and step = 1.0 and requested_time = 12.0
17:26:00.559 [Thread-3] INFO  org.cpswt.hla.FederationManager - Current_time = 12.0 and step = 1.0 and requested_time = 13.0
17:26:00.614 [Thread-3] INFO  org.cpswt.hla.FederationManager - Current_time = 13.0 and step = 1.0 and requested_time = 14.0
17:26:00.672 [Thread-3] INFO  org.cpswt.hla.FederationManager - Current_time = 14.0 and step = 1.0 and requested_time = 15.0
17:26:00.733 [Thread-3] INFO  org.cpswt.hla.FederationManager - Current_time = 15.0 and step = 1.0 and requested_time = 16.0
17:26:00.786 [Thread-3] INFO  org.cpswt.hla.FederationManager - Current_time = 16.0 and step = 1.0 and requested_time = 17.0
17:26:00.842 [Thread-3] INFO  org.cpswt.hla.FederationManager - Current_time = 17.0 and step = 1.0 and requested_time = 18.0
17:26:00.887 [Thread-3] INFO  org.cpswt.hla.FederationManager - Current_time = 18.0 and step = 1.0 and requested_time = 19.0
17:26:00.942 [Thread-3] INFO  org.cpswt.hla.FederationManager - Current_time = 19.0 and step = 1.0 and requested_time = 20.0
17:26:01.009 [Thread-3] INFO  org.cpswt.hla.FederationManager - Federation manager current time = 20.0
17:26:01.009 [Thread-3] INFO  org.cpswt.hla.FederationManager - Current_time = 20.0 and step = 1.0 and requested_time = 21.0
17:26:01.063 [Thread-3] INFO  org.cpswt.hla.FederationManager - Current_time = 21.0 and step = 1.0 and requested_time = 22.0
17:26:01.129 [Thread-3] INFO  org.cpswt.hla.FederationManager - Current_time = 22.0 and step = 1.0 and requested_time = 23.0
17:26:01.189 [Thread-3] INFO  org.cpswt.hla.FederationManager - Current_time = 23.0 and step = 1.0 and requested_time = 24.0
17:26:01.240 [Thread-3] INFO  org.cpswt.hla.FederationManager - Current_time = 24.0 and step = 1.0 and requested_time = 25.0
17:26:01.294 [Thread-3] INFO  org.cpswt.hla.FederationManager - Current_time = 25.0 and step = 1.0 and requested_time = 26.0
17:26:01.342 [Thread-3] INFO  org.cpswt.hla.FederationManager - Current_time = 26.0 and step = 1.0 and requested_time = 27.0
17:26:01.396 [Thread-3] INFO  org.cpswt.hla.FederationManager - Current_time = 27.0 and step = 1.0 and requested_time = 28.0
17:26:01.456 [Thread-3] INFO  org.cpswt.hla.FederationManager - Current_time = 28.0 and step = 1.0 and requested_time = 29.0
17:26:01.511 [Thread-3] INFO  org.cpswt.hla.FederationManager - Current_time = 29.0 and step = 1.0 and requested_time = 30.0
17:26:01.594 [Thread-3] INFO  org.cpswt.hla.FederationManager - Federation manager current time = 30.0
17:26:01.594 [Thread-3] INFO  org.cpswt.hla.FederationManager - Current_time = 30.0 and step = 1.0 and requested_time = 31.0
17:26:01.650 [Thread-3] INFO  org.cpswt.hla.FederationManager - Current_time = 31.0 and step = 1.0 and requested_time = 32.0
17:26:01.709 [Thread-3] INFO  org.cpswt.hla.FederationManager - Current_time = 32.0 and step = 1.0 and requested_time = 33.0
17:26:01.773 [Thread-3] INFO  org.cpswt.hla.FederationManager - Current_time = 33.0 and step = 1.0 and requested_time = 34.0
17:26:01.824 [Thread-3] INFO  org.cpswt.hla.FederationManager - Current_time = 34.0 and step = 1.0 and requested_time = 35.0
17:26:01.874 [Thread-3] INFO  org.cpswt.hla.FederationManager - Current_time = 35.0 and step = 1.0 and requested_time = 36.0
17:26:01.926 [Thread-3] INFO  org.cpswt.hla.FederationManager - Current_time = 36.0 and step = 1.0 and requested_time = 37.0
17:26:01.978 [Thread-3] INFO  org.cpswt.hla.FederationManager - Current_time = 37.0 and step = 1.0 and requested_time = 38.0
17:26:02.037 [Thread-3] INFO  org.cpswt.hla.FederationManager - Current_time = 38.0 and step = 1.0 and requested_time = 39.0
17:26:02.091 [Thread-3] INFO  org.cpswt.hla.FederationManager - Current_time = 39.0 and step = 1.0 and requested_time = 40.0
17:26:02.137 [Thread-3] INFO  org.cpswt.hla.FederationManager - Federation manager current time = 40.0
17:26:02.137 [Thread-3] INFO  org.cpswt.hla.FederationManager - Current_time = 40.0 and step = 1.0 and requested_time = 41.0
17:26:02.188 [Thread-3] INFO  org.cpswt.hla.FederationManager - Current_time = 41.0 and step = 1.0 and requested_time = 42.0
17:26:02.240 [Thread-3] INFO  org.cpswt.hla.FederationManager - Current_time = 42.0 and step = 1.0 and requested_time = 43.0
17:26:02.292 [Thread-3] INFO  org.cpswt.hla.FederationManager - Current_time = 43.0 and step = 1.0 and requested_time = 44.0
17:26:02.350 [Thread-3] INFO  org.cpswt.hla.FederationManager - Current_time = 44.0 and step = 1.0 and requested_time = 45.0
17:26:02.418 [Thread-3] INFO  org.cpswt.hla.FederationManager - Current_time = 45.0 and step = 1.0 and requested_time = 46.0
17:26:02.466 [Thread-3] INFO  org.cpswt.hla.FederationManager - Current_time = 46.0 and step = 1.0 and requested_time = 47.0
17:26:02.513 [Thread-3] INFO  org.cpswt.hla.FederationManager - Current_time = 47.0 and step = 1.0 and requested_time = 48.0
17:26:02.565 [Thread-3] INFO  org.cpswt.hla.FederationManager - Current_time = 48.0 and step = 1.0 and requested_time = 49.0
17:26:02.613 [Thread-3] INFO  org.cpswt.hla.FederationManager - Current_time = 49.0 and step = 1.0 and requested_time = 50.0
17:26:02.669 [Thread-3] INFO  org.cpswt.hla.FederationManager - Federation manager current time = 50.0
17:26:02.670 [Thread-3] INFO  org.cpswt.hla.FederationManager - Current_time = 50.0 and step = 1.0 and requested_time = 51.0
17:26:02.716 [Thread-3] INFO  org.cpswt.hla.FederationManager - Current_time = 51.0 and step = 1.0 and requested_time = 52.0
17:26:02.765 [Thread-3] INFO  org.cpswt.hla.FederationManager - Current_time = 52.0 and step = 1.0 and requested_time = 53.0
17:26:02.816 [Thread-3] INFO  org.cpswt.hla.FederationManager - Current_time = 53.0 and step = 1.0 and requested_time = 54.0
17:26:02.867 [Thread-3] INFO  org.cpswt.hla.FederationManager - Current_time = 54.0 and step = 1.0 and requested_time = 55.0
17:26:02.918 [Thread-3] INFO  org.cpswt.hla.FederationManager - Current_time = 55.0 and step = 1.0 and requested_time = 56.0
17:26:02.969 [Thread-3] INFO  org.cpswt.hla.FederationManager - Current_time = 56.0 and step = 1.0 and requested_time = 57.0
17:26:03.022 [Thread-3] INFO  org.cpswt.hla.FederationManager - Current_time = 57.0 and step = 1.0 and requested_time = 58.0
17:26:03.073 [Thread-3] INFO  org.cpswt.hla.FederationManager - Current_time = 58.0 and step = 1.0 and requested_time = 59.0
17:26:03.122 [Thread-3] INFO  org.cpswt.hla.FederationManager - Current_time = 59.0 and step = 1.0 and requested_time = 60.0
17:26:03.174 [Thread-3] INFO  org.cpswt.hla.FederationManager - Federation manager current time = 60.0
17:26:03.175 [Thread-3] INFO  org.cpswt.hla.FederationManager - Current_time = 60.0 and step = 1.0 and requested_time = 61.0
17:26:03.241 [Thread-3] INFO  org.cpswt.hla.FederationManager - Current_time = 61.0 and step = 1.0 and requested_time = 62.0
17:26:03.288 [Thread-3] INFO  org.cpswt.hla.FederationManager - Current_time = 62.0 and step = 1.0 and requested_time = 63.0
17:26:03.335 [Thread-3] INFO  org.cpswt.hla.FederationManager - Current_time = 63.0 and step = 1.0 and requested_time = 64.0
17:26:03.392 [Thread-3] INFO  org.cpswt.hla.FederationManager - Current_time = 64.0 and step = 1.0 and requested_time = 65.0
17:26:03.438 [Thread-3] INFO  org.cpswt.hla.FederationManager - Current_time = 65.0 and step = 1.0 and requested_time = 66.0
17:26:03.489 [Thread-3] INFO  org.cpswt.hla.FederationManager - Current_time = 66.0 and step = 1.0 and requested_time = 67.0
17:26:03.540 [Thread-3] INFO  org.cpswt.hla.FederationManager - Current_time = 67.0 and step = 1.0 and requested_time = 68.0
17:26:03.590 [Thread-3] INFO  org.cpswt.hla.FederationManager - Current_time = 68.0 and step = 1.0 and requested_time = 69.0
17:26:03.642 [Thread-3] INFO  org.cpswt.hla.FederationManager - Current_time = 69.0 and step = 1.0 and requested_time = 70.0
17:26:03.691 [Thread-3] INFO  org.cpswt.hla.FederationManager - Federation manager current time = 70.0
17:26:03.691 [Thread-3] INFO  org.cpswt.hla.FederationManager - Current_time = 70.0 and step = 1.0 and requested_time = 71.0
17:26:03.742 [Thread-3] INFO  org.cpswt.hla.FederationManager - Current_time = 71.0 and step = 1.0 and requested_time = 72.0
17:26:03.795 [Thread-3] INFO  org.cpswt.hla.FederationManager - Current_time = 72.0 and step = 1.0 and requested_time = 73.0
17:26:03.846 [Thread-3] INFO  org.cpswt.hla.FederationManager - Current_time = 73.0 and step = 1.0 and requested_time = 74.0
17:26:03.895 [Thread-3] INFO  org.cpswt.hla.FederationManager - Current_time = 74.0 and step = 1.0 and requested_time = 75.0
17:26:03.943 [Thread-3] INFO  org.cpswt.hla.FederationManager - Current_time = 75.0 and step = 1.0 and requested_time = 76.0
17:26:03.991 [Thread-3] INFO  org.cpswt.hla.FederationManager - Current_time = 76.0 and step = 1.0 and requested_time = 77.0
17:26:04.044 [Thread-3] INFO  org.cpswt.hla.FederationManager - Current_time = 77.0 and step = 1.0 and requested_time = 78.0
17:26:04.087 [Thread-3] INFO  org.cpswt.hla.FederationManager - Current_time = 78.0 and step = 1.0 and requested_time = 79.0
17:26:04.137 [Thread-3] INFO  org.cpswt.hla.FederationManager - Current_time = 79.0 and step = 1.0 and requested_time = 80.0
17:26:04.186 [Thread-3] INFO  org.cpswt.hla.FederationManager - Federation manager current time = 80.0
17:26:04.186 [Thread-3] INFO  org.cpswt.hla.FederationManager - Current_time = 80.0 and step = 1.0 and requested_time = 81.0
17:26:04.235 [Thread-3] INFO  org.cpswt.hla.FederationManager - Current_time = 81.0 and step = 1.0 and requested_time = 82.0
17:26:04.288 [Thread-3] INFO  org.cpswt.hla.FederationManager - Current_time = 82.0 and step = 1.0 and requested_time = 83.0
17:26:04.337 [Thread-3] INFO  org.cpswt.hla.FederationManager - Current_time = 83.0 and step = 1.0 and requested_time = 84.0
17:26:04.389 [Thread-3] INFO  org.cpswt.hla.FederationManager - Current_time = 84.0 and step = 1.0 and requested_time = 85.0
17:26:04.444 [Thread-3] INFO  org.cpswt.hla.FederationManager - Current_time = 85.0 and step = 1.0 and requested_time = 86.0
17:26:04.489 [Thread-3] INFO  org.cpswt.hla.FederationManager - Current_time = 86.0 and step = 1.0 and requested_time = 87.0
17:26:04.540 [Thread-3] INFO  org.cpswt.hla.FederationManager - Current_time = 87.0 and step = 1.0 and requested_time = 88.0
17:26:04.590 [Thread-3] INFO  org.cpswt.hla.FederationManager - Current_time = 88.0 and step = 1.0 and requested_time = 89.0
17:26:04.644 [Thread-3] INFO  org.cpswt.hla.FederationManager - Current_time = 89.0 and step = 1.0 and requested_time = 90.0
17:26:04.700 [Thread-3] INFO  org.cpswt.hla.FederationManager - Federation manager current time = 90.0
17:26:04.700 [Thread-3] INFO  org.cpswt.hla.FederationManager - Current_time = 90.0 and step = 1.0 and requested_time = 91.0
17:26:04.758 [Thread-3] INFO  org.cpswt.hla.FederationManager - Current_time = 91.0 and step = 1.0 and requested_time = 92.0
17:26:04.812 [Thread-3] INFO  org.cpswt.hla.FederationManager - Current_time = 92.0 and step = 1.0 and requested_time = 93.0
17:26:04.870 [Thread-3] INFO  org.cpswt.hla.FederationManager - Current_time = 93.0 and step = 1.0 and requested_time = 94.0
17:26:04.925 [Thread-3] INFO  org.cpswt.hla.FederationManager - Current_time = 94.0 and step = 1.0 and requested_time = 95.0
17:26:04.988 [Thread-3] INFO  org.cpswt.hla.FederationManager - Current_time = 95.0 and step = 1.0 and requested_time = 96.0
17:26:05.039 [Thread-3] INFO  org.cpswt.hla.FederationManager - Current_time = 96.0 and step = 1.0 and requested_time = 97.0
17:26:05.093 [Thread-3] INFO  org.cpswt.hla.FederationManager - Current_time = 97.0 and step = 1.0 and requested_time = 98.0
17:26:05.141 [Thread-3] INFO  org.cpswt.hla.FederationManager - Current_time = 98.0 and step = 1.0 and requested_time = 99.0
17:26:05.194 [Thread-3] INFO  org.cpswt.hla.FederationManager - Current_time = 99.0 and step = 1.0 and requested_time = 100.0
17:26:05.243 [Thread-3] INFO  org.cpswt.hla.FederationManager - Federation manager current time = 100.0
17:26:05.243 [Thread-3] INFO  org.cpswt.hla.FederationManager - Current_time = 100.0 and step = 1.0 and requested_time = 101.0
17:26:05.296 [Thread-3] INFO  org.cpswt.hla.FederationManager - Current_time = 101.0 and step = 1.0 and requested_time = 102.0
17:26:05.344 [Thread-3] INFO  org.cpswt.hla.FederationManager - Current_time = 102.0 and step = 1.0 and requested_time = 103.0
17:26:05.396 [Thread-3] INFO  org.cpswt.hla.FederationManager - Current_time = 103.0 and step = 1.0 and requested_time = 104.0
17:26:05.451 [Thread-3] INFO  org.cpswt.hla.FederationManager - Current_time = 104.0 and step = 1.0 and requested_time = 105.0
17:26:05.509 [Thread-3] INFO  org.cpswt.hla.FederationManager - Current_time = 105.0 and step = 1.0 and requested_time = 106.0
17:26:05.562 [Thread-3] INFO  org.cpswt.hla.FederationManager - Current_time = 106.0 and step = 1.0 and requested_time = 107.0
17:26:05.611 [Thread-3] INFO  org.cpswt.hla.FederationManager - Current_time = 107.0 and step = 1.0 and requested_time = 108.0
17:26:05.664 [Thread-3] INFO  org.cpswt.hla.FederationManager - Current_time = 108.0 and step = 1.0 and requested_time = 109.0
17:26:05.716 [Thread-3] INFO  org.cpswt.hla.FederationManager - Current_time = 109.0 and step = 1.0 and requested_time = 110.0
17:26:05.764 [Thread-3] INFO  org.cpswt.hla.FederationManager - Federation manager current time = 110.0
17:26:05.765 [Thread-3] INFO  org.cpswt.hla.FederationManager - Current_time = 110.0 and step = 1.0 and requested_time = 111.0
17:26:05.817 [Thread-3] INFO  org.cpswt.hla.FederationManager - Current_time = 111.0 and step = 1.0 and requested_time = 112.0
17:26:05.866 [Thread-3] INFO  org.cpswt.hla.FederationManager - Current_time = 112.0 and step = 1.0 and requested_time = 113.0
17:26:05.923 [Thread-3] INFO  org.cpswt.hla.FederationManager - Current_time = 113.0 and step = 1.0 and requested_time = 114.0
17:26:05.970 [Thread-3] INFO  org.cpswt.hla.FederationManager - Current_time = 114.0 and step = 1.0 and requested_time = 115.0
17:26:06.021 [Thread-3] INFO  org.cpswt.hla.FederationManager - Current_time = 115.0 and step = 1.0 and requested_time = 116.0
17:26:06.073 [Thread-3] INFO  org.cpswt.hla.FederationManager - Current_time = 116.0 and step = 1.0 and requested_time = 117.0
17:26:06.125 [Thread-3] INFO  org.cpswt.hla.FederationManager - Current_time = 117.0 and step = 1.0 and requested_time = 118.0
17:26:06.175 [Thread-3] INFO  org.cpswt.hla.FederationManager - Current_time = 118.0 and step = 1.0 and requested_time = 119.0
17:26:06.227 [Thread-3] INFO  org.cpswt.hla.FederationManager - Current_time = 119.0 and step = 1.0 and requested_time = 120.0
17:26:06.280 [Thread-3] INFO  org.cpswt.hla.FederationManager - Federation manager current time = 120.0
17:26:06.281 [Thread-3] INFO  org.cpswt.hla.FederationManager - Current_time = 120.0 and step = 1.0 and requested_time = 121.0
17:26:06.328 [Thread-3] INFO  org.cpswt.hla.FederationManager - Current_time = 121.0 and step = 1.0 and requested_time = 122.0
17:26:06.393 [Thread-3] INFO  org.cpswt.hla.FederationManager - Current_time = 122.0 and step = 1.0 and requested_time = 123.0
17:26:06.445 [Thread-3] INFO  org.cpswt.hla.FederationManager - Current_time = 123.0 and step = 1.0 and requested_time = 124.0
17:26:06.499 [Thread-3] INFO  org.cpswt.hla.FederationManager - Current_time = 124.0 and step = 1.0 and requested_time = 125.0
17:26:06.549 [Thread-3] INFO  org.cpswt.hla.FederationManager - Current_time = 125.0 and step = 1.0 and requested_time = 126.0
17:26:06.599 [Thread-3] INFO  org.cpswt.hla.FederationManager - Current_time = 126.0 and step = 1.0 and requested_time = 127.0
17:26:06.650 [Thread-3] INFO  org.cpswt.hla.FederationManager - Current_time = 127.0 and step = 1.0 and requested_time = 128.0
17:26:06.700 [Thread-3] INFO  org.cpswt.hla.FederationManager - Current_time = 128.0 and step = 1.0 and requested_time = 129.0
17:26:06.750 [Thread-3] INFO  org.cpswt.hla.FederationManager - Current_time = 129.0 and step = 1.0 and requested_time = 130.0
17:26:06.799 [Thread-3] INFO  org.cpswt.hla.FederationManager - Federation manager current time = 130.0
17:26:06.799 [Thread-3] INFO  org.cpswt.hla.FederationManager - Current_time = 130.0 and step = 1.0 and requested_time = 131.0
17:26:06.845 [Thread-3] INFO  org.cpswt.hla.FederationManager - Current_time = 131.0 and step = 1.0 and requested_time = 132.0
17:26:06.892 [Thread-3] INFO  org.cpswt.hla.FederationManager - Current_time = 132.0 and step = 1.0 and requested_time = 133.0
17:26:06.943 [Thread-3] INFO  org.cpswt.hla.FederationManager - Current_time = 133.0 and step = 1.0 and requested_time = 134.0
17:26:06.994 [Thread-3] INFO  org.cpswt.hla.FederationManager - Current_time = 134.0 and step = 1.0 and requested_time = 135.0
17:26:07.044 [Thread-3] INFO  org.cpswt.hla.FederationManager - Current_time = 135.0 and step = 1.0 and requested_time = 136.0
17:26:07.094 [Thread-3] INFO  org.cpswt.hla.FederationManager - Current_time = 136.0 and step = 1.0 and requested_time = 137.0
17:26:07.144 [Thread-3] INFO  org.cpswt.hla.FederationManager - Current_time = 137.0 and step = 1.0 and requested_time = 138.0
17:26:07.195 [Thread-3] INFO  org.cpswt.hla.FederationManager - Current_time = 138.0 and step = 1.0 and requested_time = 139.0
17:26:07.241 [Thread-3] INFO  org.cpswt.hla.FederationManager - Current_time = 139.0 and step = 1.0 and requested_time = 140.0
17:26:07.290 [Thread-3] INFO  org.cpswt.hla.FederationManager - Federation manager current time = 140.0
17:26:07.290 [Thread-3] INFO  org.cpswt.hla.FederationManager - Current_time = 140.0 and step = 1.0 and requested_time = 141.0
17:26:07.342 [Thread-3] INFO  org.cpswt.hla.FederationManager - Current_time = 141.0 and step = 1.0 and requested_time = 142.0
17:26:07.391 [Thread-3] INFO  org.cpswt.hla.FederationManager - Current_time = 142.0 and step = 1.0 and requested_time = 143.0
17:26:07.443 [Thread-3] INFO  org.cpswt.hla.FederationManager - Current_time = 143.0 and step = 1.0 and requested_time = 144.0
17:26:07.494 [Thread-3] INFO  org.cpswt.hla.FederationManager - Current_time = 144.0 and step = 1.0 and requested_time = 145.0
17:26:07.542 [Thread-3] INFO  org.cpswt.hla.FederationManager - Current_time = 145.0 and step = 1.0 and requested_time = 146.0
17:26:07.598 [Thread-3] INFO  org.cpswt.hla.FederationManager - Current_time = 146.0 and step = 1.0 and requested_time = 147.0
17:26:07.650 [Thread-3] INFO  org.cpswt.hla.FederationManager - Current_time = 147.0 and step = 1.0 and requested_time = 148.0
17:26:07.703 [Thread-3] INFO  org.cpswt.hla.FederationManager - Current_time = 148.0 and step = 1.0 and requested_time = 149.0
17:26:07.752 [Thread-3] INFO  org.cpswt.hla.FederationManager - Current_time = 149.0 and step = 1.0 and requested_time = 150.0
17:26:07.806 [Thread-3] INFO  org.cpswt.hla.FederationManager - Federation manager current time = 150.0
17:26:07.806 [Thread-3] INFO  org.cpswt.hla.FederationManager - Current_time = 150.0 and step = 1.0 and requested_time = 151.0
17:26:07.855 [Thread-3] INFO  org.cpswt.hla.FederationManager - Current_time = 151.0 and step = 1.0 and requested_time = 152.0
17:26:07.914 [Thread-3] INFO  org.cpswt.hla.FederationManager - Current_time = 152.0 and step = 1.0 and requested_time = 153.0
17:26:07.966 [Thread-3] INFO  org.cpswt.hla.FederationManager - Current_time = 153.0 and step = 1.0 and requested_time = 154.0
17:26:08.033 [Thread-3] INFO  org.cpswt.hla.FederationManager - Current_time = 154.0 and step = 1.0 and requested_time = 155.0
17:26:08.082 [Thread-3] INFO  org.cpswt.hla.FederationManager - Current_time = 155.0 and step = 1.0 and requested_time = 156.0
17:26:08.127 [Thread-3] INFO  org.cpswt.hla.FederationManager - Current_time = 156.0 and step = 1.0 and requested_time = 157.0
17:26:08.180 [Thread-3] INFO  org.cpswt.hla.FederationManager - Current_time = 157.0 and step = 1.0 and requested_time = 158.0
17:26:08.230 [Thread-3] INFO  org.cpswt.hla.FederationManager - Current_time = 158.0 and step = 1.0 and requested_time = 159.0
17:26:08.279 [Thread-3] INFO  org.cpswt.hla.FederationManager - Current_time = 159.0 and step = 1.0 and requested_time = 160.0
17:26:08.328 [Thread-3] INFO  org.cpswt.hla.FederationManager - Federation manager current time = 160.0
17:26:08.328 [Thread-3] INFO  org.cpswt.hla.FederationManager - Current_time = 160.0 and step = 1.0 and requested_time = 161.0
17:26:08.380 [Thread-3] INFO  org.cpswt.hla.FederationManager - Current_time = 161.0 and step = 1.0 and requested_time = 162.0
17:26:08.427 [Thread-3] INFO  org.cpswt.hla.FederationManager - Current_time = 162.0 and step = 1.0 and requested_time = 163.0
17:26:08.477 [Thread-3] INFO  org.cpswt.hla.FederationManager - Current_time = 163.0 and step = 1.0 and requested_time = 164.0
17:26:08.532 [Thread-3] INFO  org.cpswt.hla.FederationManager - Current_time = 164.0 and step = 1.0 and requested_time = 165.0
17:26:08.579 [Thread-3] INFO  org.cpswt.hla.FederationManager - Current_time = 165.0 and step = 1.0 and requested_time = 166.0
17:26:08.630 [Thread-3] INFO  org.cpswt.hla.FederationManager - Current_time = 166.0 and step = 1.0 and requested_time = 167.0
17:26:08.677 [Thread-3] INFO  org.cpswt.hla.FederationManager - Current_time = 167.0 and step = 1.0 and requested_time = 168.0
17:26:08.727 [Thread-3] INFO  org.cpswt.hla.FederationManager - Current_time = 168.0 and step = 1.0 and requested_time = 169.0
17:26:08.779 [Thread-3] INFO  org.cpswt.hla.FederationManager - Current_time = 169.0 and step = 1.0 and requested_time = 170.0
17:26:08.828 [Thread-3] INFO  org.cpswt.hla.FederationManager - Federation manager current time = 170.0
17:26:08.828 [Thread-3] INFO  org.cpswt.hla.FederationManager - Current_time = 170.0 and step = 1.0 and requested_time = 171.0
17:26:08.879 [Thread-3] INFO  org.cpswt.hla.FederationManager - Current_time = 171.0 and step = 1.0 and requested_time = 172.0
17:26:08.931 [Thread-3] INFO  org.cpswt.hla.FederationManager - Current_time = 172.0 and step = 1.0 and requested_time = 173.0
17:26:08.980 [Thread-3] INFO  org.cpswt.hla.FederationManager - Current_time = 173.0 and step = 1.0 and requested_time = 174.0
17:26:09.033 [Thread-3] INFO  org.cpswt.hla.FederationManager - Current_time = 174.0 and step = 1.0 and requested_time = 175.0
17:26:09.084 [Thread-3] INFO  org.cpswt.hla.FederationManager - Current_time = 175.0 and step = 1.0 and requested_time = 176.0
17:26:09.137 [Thread-3] INFO  org.cpswt.hla.FederationManager - Current_time = 176.0 and step = 1.0 and requested_time = 177.0
17:26:09.191 [Thread-3] INFO  org.cpswt.hla.FederationManager - Current_time = 177.0 and step = 1.0 and requested_time = 178.0
17:26:09.245 [Thread-3] INFO  org.cpswt.hla.FederationManager - Current_time = 178.0 and step = 1.0 and requested_time = 179.0
17:26:09.291 [Thread-3] INFO  org.cpswt.hla.FederationManager - Current_time = 179.0 and step = 1.0 and requested_time = 180.0
17:26:09.342 [Thread-3] INFO  org.cpswt.hla.FederationManager - Federation manager current time = 180.0
17:26:09.342 [Thread-3] INFO  org.cpswt.hla.FederationManager - Current_time = 180.0 and step = 1.0 and requested_time = 181.0
17:26:09.393 [Thread-3] INFO  org.cpswt.hla.FederationManager - Current_time = 181.0 and step = 1.0 and requested_time = 182.0
17:26:09.444 [Thread-3] INFO  org.cpswt.hla.FederationManager - Current_time = 182.0 and step = 1.0 and requested_time = 183.0
17:26:09.492 [Thread-3] INFO  org.cpswt.hla.FederationManager - Current_time = 183.0 and step = 1.0 and requested_time = 184.0
17:26:09.537 [Thread-3] INFO  org.cpswt.hla.FederationManager - Current_time = 184.0 and step = 1.0 and requested_time = 185.0
17:26:09.589 [Thread-3] INFO  org.cpswt.hla.FederationManager - Current_time = 185.0 and step = 1.0 and requested_time = 186.0
17:26:09.639 [Thread-3] INFO  org.cpswt.hla.FederationManager - Current_time = 186.0 and step = 1.0 and requested_time = 187.0
17:26:09.689 [Thread-3] INFO  org.cpswt.hla.FederationManager - Current_time = 187.0 and step = 1.0 and requested_time = 188.0
17:26:09.741 [Thread-3] INFO  org.cpswt.hla.FederationManager - Current_time = 188.0 and step = 1.0 and requested_time = 189.0
17:26:09.790 [Thread-3] INFO  org.cpswt.hla.FederationManager - Current_time = 189.0 and step = 1.0 and requested_time = 190.0
17:26:09.845 [Thread-3] INFO  org.cpswt.hla.FederationManager - Federation manager current time = 190.0
17:26:09.846 [Thread-3] INFO  org.cpswt.hla.FederationManager - Current_time = 190.0 and step = 1.0 and requested_time = 191.0
17:26:09.890 [Thread-3] INFO  org.cpswt.hla.FederationManager - Current_time = 191.0 and step = 1.0 and requested_time = 192.0
17:26:09.938 [Thread-3] INFO  org.cpswt.hla.FederationManager - Current_time = 192.0 and step = 1.0 and requested_time = 193.0
17:26:09.990 [Thread-3] INFO  org.cpswt.hla.FederationManager - Current_time = 193.0 and step = 1.0 and requested_time = 194.0
17:26:10.042 [Thread-3] INFO  org.cpswt.hla.FederationManager - Current_time = 194.0 and step = 1.0 and requested_time = 195.0
17:26:10.089 [Thread-3] INFO  org.cpswt.hla.FederationManager - Current_time = 195.0 and step = 1.0 and requested_time = 196.0
17:26:10.140 [Thread-3] INFO  org.cpswt.hla.FederationManager - Current_time = 196.0 and step = 1.0 and requested_time = 197.0
17:26:10.191 [Thread-3] INFO  org.cpswt.hla.FederationManager - Current_time = 197.0 and step = 1.0 and requested_time = 198.0
17:26:10.242 [Thread-3] INFO  org.cpswt.hla.FederationManager - Current_time = 198.0 and step = 1.0 and requested_time = 199.0
17:26:10.292 [Thread-3] INFO  org.cpswt.hla.FederationManager - Current_time = 199.0 and step = 1.0 and requested_time = 200.0
17:26:10.343 [Thread-3] INFO  org.cpswt.hla.FederationManager - Federation manager current time = 200.0
17:26:10.343 [Thread-3] INFO  org.cpswt.hla.FederationManager - Current_time = 200.0 and step = 1.0 and requested_time = 201.0
17:26:10.398 [Thread-3] INFO  org.cpswt.hla.FederationManager - Current_time = 201.0 and step = 1.0 and requested_time = 202.0
17:26:10.445 [Thread-3] INFO  org.cpswt.hla.FederationManager - Current_time = 202.0 and step = 1.0 and requested_time = 203.0
17:26:10.502 [Thread-3] INFO  org.cpswt.hla.FederationManager - Current_time = 203.0 and step = 1.0 and requested_time = 204.0
17:26:10.550 [Thread-3] INFO  org.cpswt.hla.FederationManager - Current_time = 204.0 and step = 1.0 and requested_time = 205.0
17:26:10.602 [Thread-3] INFO  org.cpswt.hla.FederationManager - Current_time = 205.0 and step = 1.0 and requested_time = 206.0
17:26:10.653 [Thread-3] INFO  org.cpswt.hla.FederationManager - Current_time = 206.0 and step = 1.0 and requested_time = 207.0
17:26:10.705 [Thread-3] INFO  org.cpswt.hla.FederationManager - Current_time = 207.0 and step = 1.0 and requested_time = 208.0
17:26:10.755 [Thread-3] INFO  org.cpswt.hla.FederationManager - Current_time = 208.0 and step = 1.0 and requested_time = 209.0
17:26:10.807 [Thread-3] INFO  org.cpswt.hla.FederationManager - Current_time = 209.0 and step = 1.0 and requested_time = 210.0
17:26:10.860 [Thread-3] INFO  org.cpswt.hla.FederationManager - Federation manager current time = 210.0
17:26:10.860 [Thread-3] INFO  org.cpswt.hla.FederationManager - Current_time = 210.0 and step = 1.0 and requested_time = 211.0
17:26:10.909 [Thread-3] INFO  org.cpswt.hla.FederationManager - Current_time = 211.0 and step = 1.0 and requested_time = 212.0
17:26:10.962 [Thread-3] INFO  org.cpswt.hla.FederationManager - Current_time = 212.0 and step = 1.0 and requested_time = 213.0
17:26:11.012 [Thread-3] INFO  org.cpswt.hla.FederationManager - Current_time = 213.0 and step = 1.0 and requested_time = 214.0
17:26:11.063 [Thread-3] INFO  org.cpswt.hla.FederationManager - Current_time = 214.0 and step = 1.0 and requested_time = 215.0
17:26:11.113 [Thread-3] INFO  org.cpswt.hla.FederationManager - Current_time = 215.0 and step = 1.0 and requested_time = 216.0
17:26:11.163 [Thread-3] INFO  org.cpswt.hla.FederationManager - Current_time = 216.0 and step = 1.0 and requested_time = 217.0
17:26:11.214 [Thread-3] INFO  org.cpswt.hla.FederationManager - Current_time = 217.0 and step = 1.0 and requested_time = 218.0
17:26:11.261 [Thread-3] INFO  org.cpswt.hla.FederationManager - Current_time = 218.0 and step = 1.0 and requested_time = 219.0
17:26:11.318 [Thread-3] INFO  org.cpswt.hla.FederationManager - Current_time = 219.0 and step = 1.0 and requested_time = 220.0
17:26:11.362 [Thread-3] INFO  org.cpswt.hla.FederationManager - Federation manager current time = 220.0
17:26:11.362 [Thread-3] INFO  org.cpswt.hla.FederationManager - Current_time = 220.0 and step = 1.0 and requested_time = 221.0
17:26:11.414 [Thread-3] INFO  org.cpswt.hla.FederationManager - Current_time = 221.0 and step = 1.0 and requested_time = 222.0
17:26:11.466 [Thread-3] INFO  org.cpswt.hla.FederationManager - Current_time = 222.0 and step = 1.0 and requested_time = 223.0
17:26:11.517 [Thread-3] INFO  org.cpswt.hla.FederationManager - Current_time = 223.0 and step = 1.0 and requested_time = 224.0
17:26:11.572 [Thread-3] INFO  org.cpswt.hla.FederationManager - Current_time = 224.0 and step = 1.0 and requested_time = 225.0
17:26:11.625 [Thread-3] INFO  org.cpswt.hla.FederationManager - Current_time = 225.0 and step = 1.0 and requested_time = 226.0
17:26:11.678 [Thread-3] INFO  org.cpswt.hla.FederationManager - Current_time = 226.0 and step = 1.0 and requested_time = 227.0
17:26:11.723 [Thread-3] INFO  org.cpswt.hla.FederationManager - Current_time = 227.0 and step = 1.0 and requested_time = 228.0
17:26:11.787 [Thread-3] INFO  org.cpswt.hla.FederationManager - Current_time = 228.0 and step = 1.0 and requested_time = 229.0
17:26:11.836 [Thread-3] INFO  org.cpswt.hla.FederationManager - Current_time = 229.0 and step = 1.0 and requested_time = 230.0
17:26:11.892 [Thread-3] INFO  org.cpswt.hla.FederationManager - Federation manager current time = 230.0
17:26:11.892 [Thread-3] INFO  org.cpswt.hla.FederationManager - Current_time = 230.0 and step = 1.0 and requested_time = 231.0
17:26:11.938 [Thread-3] INFO  org.cpswt.hla.FederationManager - Current_time = 231.0 and step = 1.0 and requested_time = 232.0
17:26:11.991 [Thread-3] INFO  org.cpswt.hla.FederationManager - Current_time = 232.0 and step = 1.0 and requested_time = 233.0
17:26:12.046 [Thread-3] INFO  org.cpswt.hla.FederationManager - Current_time = 233.0 and step = 1.0 and requested_time = 234.0
17:26:12.093 [Thread-3] INFO  org.cpswt.hla.FederationManager - Current_time = 234.0 and step = 1.0 and requested_time = 235.0
17:26:12.153 [Thread-3] INFO  org.cpswt.hla.FederationManager - Current_time = 235.0 and step = 1.0 and requested_time = 236.0
17:26:12.198 [Thread-3] INFO  org.cpswt.hla.FederationManager - Current_time = 236.0 and step = 1.0 and requested_time = 237.0
17:26:12.258 [Thread-3] INFO  org.cpswt.hla.FederationManager - Current_time = 237.0 and step = 1.0 and requested_time = 238.0
17:26:12.310 [Thread-3] INFO  org.cpswt.hla.FederationManager - Current_time = 238.0 and step = 1.0 and requested_time = 239.0
17:26:12.366 [Thread-3] INFO  org.cpswt.hla.FederationManager - Current_time = 239.0 and step = 1.0 and requested_time = 240.0
17:26:12.414 [Thread-3] INFO  org.cpswt.hla.FederationManager - Federation manager current time = 240.0
17:26:12.414 [Thread-3] INFO  org.cpswt.hla.FederationManager - Current_time = 240.0 and step = 1.0 and requested_time = 241.0
17:26:12.472 [Thread-3] INFO  org.cpswt.hla.FederationManager - Current_time = 241.0 and step = 1.0 and requested_time = 242.0
17:26:12.520 [Thread-3] INFO  org.cpswt.hla.FederationManager - Current_time = 242.0 and step = 1.0 and requested_time = 243.0
17:26:12.573 [Thread-3] INFO  org.cpswt.hla.FederationManager - Current_time = 243.0 and step = 1.0 and requested_time = 244.0
17:26:12.625 [Thread-3] INFO  org.cpswt.hla.FederationManager - Current_time = 244.0 and step = 1.0 and requested_time = 245.0
17:26:12.669 [Thread-3] INFO  org.cpswt.hla.FederationManager - Current_time = 245.0 and step = 1.0 and requested_time = 246.0
17:26:12.722 [Thread-3] INFO  org.cpswt.hla.FederationManager - Current_time = 246.0 and step = 1.0 and requested_time = 247.0
17:26:12.794 [Thread-3] INFO  org.cpswt.hla.FederationManager - Current_time = 247.0 and step = 1.0 and requested_time = 248.0
17:26:12.843 [Thread-3] INFO  org.cpswt.hla.FederationManager - Current_time = 248.0 and step = 1.0 and requested_time = 249.0
17:26:12.902 [Thread-3] INFO  org.cpswt.hla.FederationManager - Current_time = 249.0 and step = 1.0 and requested_time = 250.0
17:26:12.947 [Thread-3] INFO  org.cpswt.hla.FederationManager - Federation manager current time = 250.0
17:26:12.947 [Thread-3] INFO  org.cpswt.hla.FederationManager - Current_time = 250.0 and step = 1.0 and requested_time = 251.0
17:26:13.025 [Thread-3] INFO  org.cpswt.hla.FederationManager - Current_time = 251.0 and step = 1.0 and requested_time = 252.0
17:26:13.073 [Thread-3] INFO  org.cpswt.hla.FederationManager - Current_time = 252.0 and step = 1.0 and requested_time = 253.0
17:26:13.125 [Thread-3] INFO  org.cpswt.hla.FederationManager - Current_time = 253.0 and step = 1.0 and requested_time = 254.0
17:26:13.176 [Thread-3] INFO  org.cpswt.hla.FederationManager - Current_time = 254.0 and step = 1.0 and requested_time = 255.0
17:26:13.239 [Thread-3] INFO  org.cpswt.hla.FederationManager - Current_time = 255.0 and step = 1.0 and requested_time = 256.0
17:26:13.303 [Thread-3] INFO  org.cpswt.hla.FederationManager - Current_time = 256.0 and step = 1.0 and requested_time = 257.0
17:26:13.355 [Thread-3] INFO  org.cpswt.hla.FederationManager - Current_time = 257.0 and step = 1.0 and requested_time = 258.0
17:26:13.403 [Thread-3] INFO  org.cpswt.hla.FederationManager - Current_time = 258.0 and step = 1.0 and requested_time = 259.0
17:26:13.458 [Thread-3] INFO  org.cpswt.hla.FederationManager - Current_time = 259.0 and step = 1.0 and requested_time = 260.0
17:26:13.506 [Thread-3] INFO  org.cpswt.hla.FederationManager - Federation manager current time = 260.0
17:26:13.506 [Thread-3] INFO  org.cpswt.hla.FederationManager - Current_time = 260.0 and step = 1.0 and requested_time = 261.0
17:26:13.562 [Thread-3] INFO  org.cpswt.hla.FederationManager - Current_time = 261.0 and step = 1.0 and requested_time = 262.0
17:26:13.614 [Thread-3] INFO  org.cpswt.hla.FederationManager - Current_time = 262.0 and step = 1.0 and requested_time = 263.0
17:26:13.663 [Thread-3] INFO  org.cpswt.hla.FederationManager - Current_time = 263.0 and step = 1.0 and requested_time = 264.0
17:26:13.714 [Thread-3] INFO  org.cpswt.hla.FederationManager - Current_time = 264.0 and step = 1.0 and requested_time = 265.0
17:26:13.783 [Thread-3] INFO  org.cpswt.hla.FederationManager - Current_time = 265.0 and step = 1.0 and requested_time = 266.0
17:26:13.831 [Thread-3] INFO  org.cpswt.hla.FederationManager - Current_time = 266.0 and step = 1.0 and requested_time = 267.0
17:26:13.894 [Thread-3] INFO  org.cpswt.hla.FederationManager - Current_time = 267.0 and step = 1.0 and requested_time = 268.0
17:26:13.945 [Thread-3] INFO  org.cpswt.hla.FederationManager - Current_time = 268.0 and step = 1.0 and requested_time = 269.0
17:26:13.996 [Thread-3] INFO  org.cpswt.hla.FederationManager - Current_time = 269.0 and step = 1.0 and requested_time = 270.0
17:26:14.041 [Thread-3] INFO  org.cpswt.hla.FederationManager - Federation manager current time = 270.0
17:26:14.041 [Thread-3] INFO  org.cpswt.hla.FederationManager - Current_time = 270.0 and step = 1.0 and requested_time = 271.0
17:26:14.099 [Thread-3] INFO  org.cpswt.hla.FederationManager - Current_time = 271.0 and step = 1.0 and requested_time = 272.0
17:26:14.145 [Thread-3] INFO  org.cpswt.hla.FederationManager - Current_time = 272.0 and step = 1.0 and requested_time = 273.0
17:26:14.202 [Thread-3] INFO  org.cpswt.hla.FederationManager - Current_time = 273.0 and step = 1.0 and requested_time = 274.0
17:26:14.247 [Thread-3] INFO  org.cpswt.hla.FederationManager - Current_time = 274.0 and step = 1.0 and requested_time = 275.0
17:26:14.305 [Thread-3] INFO  org.cpswt.hla.FederationManager - Current_time = 275.0 and step = 1.0 and requested_time = 276.0
17:26:14.355 [Thread-3] INFO  org.cpswt.hla.FederationManager - Current_time = 276.0 and step = 1.0 and requested_time = 277.0
17:26:14.406 [Thread-3] INFO  org.cpswt.hla.FederationManager - Current_time = 277.0 and step = 1.0 and requested_time = 278.0
17:26:14.461 [Thread-3] INFO  org.cpswt.hla.FederationManager - Current_time = 278.0 and step = 1.0 and requested_time = 279.0
17:26:14.509 [Thread-3] INFO  org.cpswt.hla.FederationManager - Current_time = 279.0 and step = 1.0 and requested_time = 280.0
17:26:14.558 [Thread-3] INFO  org.cpswt.hla.FederationManager - Federation manager current time = 280.0
17:26:14.558 [Thread-3] INFO  org.cpswt.hla.FederationManager - Current_time = 280.0 and step = 1.0 and requested_time = 281.0
17:26:14.602 [Thread-3] INFO  org.cpswt.hla.FederationManager - Current_time = 281.0 and step = 1.0 and requested_time = 282.0
17:26:14.649 [Thread-3] INFO  org.cpswt.hla.FederationManager - Current_time = 282.0 and step = 1.0 and requested_time = 283.0
17:26:14.698 [Thread-3] INFO  org.cpswt.hla.FederationManager - Current_time = 283.0 and step = 1.0 and requested_time = 284.0
17:26:14.761 [Thread-3] INFO  org.cpswt.hla.FederationManager - Current_time = 284.0 and step = 1.0 and requested_time = 285.0
17:26:14.813 [Thread-3] INFO  org.cpswt.hla.FederationManager - Current_time = 285.0 and step = 1.0 and requested_time = 286.0
17:26:14.866 [Thread-3] INFO  org.cpswt.hla.FederationManager - Current_time = 286.0 and step = 1.0 and requested_time = 287.0
17:26:14.917 [Thread-3] INFO  org.cpswt.hla.FederationManager - Current_time = 287.0 and step = 1.0 and requested_time = 288.0
17:26:14.978 [Thread-3] INFO  org.cpswt.hla.FederationManager - Current_time = 288.0 and step = 1.0 and requested_time = 289.0
17:26:15.045 [Thread-3] INFO  org.cpswt.hla.FederationManager - Current_time = 289.0 and step = 1.0 and requested_time = 290.0
17:26:15.106 [Thread-3] INFO  org.cpswt.hla.FederationManager - Federation manager current time = 290.0
17:26:15.110 [Thread-3] INFO  org.cpswt.hla.FederationManager - Current_time = 290.0 and step = 1.0 and requested_time = 291.0
17:26:15.183 [Thread-3] INFO  org.cpswt.hla.FederationManager - Current_time = 291.0 and step = 1.0 and requested_time = 292.0
17:26:15.232 [Thread-3] INFO  org.cpswt.hla.FederationManager - Current_time = 292.0 and step = 1.0 and requested_time = 293.0
17:26:15.299 [Thread-3] INFO  org.cpswt.hla.FederationManager - Current_time = 293.0 and step = 1.0 and requested_time = 294.0
17:26:15.342 [Thread-3] INFO  org.cpswt.hla.FederationManager - Current_time = 294.0 and step = 1.0 and requested_time = 295.0
17:26:15.401 [Thread-3] INFO  org.cpswt.hla.FederationManager - Current_time = 295.0 and step = 1.0 and requested_time = 296.0
17:26:15.449 [Thread-3] INFO  org.cpswt.hla.FederationManager - Current_time = 296.0 and step = 1.0 and requested_time = 297.0
17:26:15.495 [Thread-3] INFO  org.cpswt.hla.FederationManager - Current_time = 297.0 and step = 1.0 and requested_time = 298.0
17:26:15.548 [Thread-3] INFO  org.cpswt.hla.FederationManager - Current_time = 298.0 and step = 1.0 and requested_time = 299.0
17:26:15.599 [Thread-3] INFO  org.cpswt.hla.FederationManager - Current_time = 299.0 and step = 1.0 and requested_time = 300.0
17:26:15.652 [Thread-3] INFO  org.cpswt.hla.FederationManager - Federation manager current time = 300.0
17:26:15.652 [Thread-3] INFO  org.cpswt.hla.FederationManager - Current_time = 300.0 and step = 1.0 and requested_time = 301.0
17:26:15.697 [Thread-3] INFO  org.cpswt.hla.FederationManager - Current_time = 301.0 and step = 1.0 and requested_time = 302.0
17:26:15.746 [Thread-3] INFO  org.cpswt.hla.FederationManager - Current_time = 302.0 and step = 1.0 and requested_time = 303.0
17:26:15.797 [Thread-3] INFO  org.cpswt.hla.FederationManager - Current_time = 303.0 and step = 1.0 and requested_time = 304.0
17:26:15.847 [Thread-3] INFO  org.cpswt.hla.FederationManager - Current_time = 304.0 and step = 1.0 and requested_time = 305.0
17:26:15.900 [Thread-3] INFO  org.cpswt.hla.FederationManager - Current_time = 305.0 and step = 1.0 and requested_time = 306.0
17:26:15.951 [Thread-3] INFO  org.cpswt.hla.FederationManager - Current_time = 306.0 and step = 1.0 and requested_time = 307.0
17:26:16.002 [Thread-3] INFO  org.cpswt.hla.FederationManager - Current_time = 307.0 and step = 1.0 and requested_time = 308.0
17:26:16.053 [Thread-3] INFO  org.cpswt.hla.FederationManager - Current_time = 308.0 and step = 1.0 and requested_time = 309.0
17:26:16.104 [Thread-3] INFO  org.cpswt.hla.FederationManager - Current_time = 309.0 and step = 1.0 and requested_time = 310.0
17:26:16.154 [Thread-3] INFO  org.cpswt.hla.FederationManager - Federation manager current time = 310.0
17:26:16.154 [Thread-3] INFO  org.cpswt.hla.FederationManager - Current_time = 310.0 and step = 1.0 and requested_time = 311.0
17:26:16.204 [Thread-3] INFO  org.cpswt.hla.FederationManager - Current_time = 311.0 and step = 1.0 and requested_time = 312.0
17:26:16.258 [Thread-3] INFO  org.cpswt.hla.FederationManager - Current_time = 312.0 and step = 1.0 and requested_time = 313.0
17:26:16.305 [Thread-3] INFO  org.cpswt.hla.FederationManager - Current_time = 313.0 and step = 1.0 and requested_time = 314.0
17:26:16.353 [Thread-3] INFO  org.cpswt.hla.FederationManager - Current_time = 314.0 and step = 1.0 and requested_time = 315.0
17:26:16.401 [Thread-3] INFO  org.cpswt.hla.FederationManager - Current_time = 315.0 and step = 1.0 and requested_time = 316.0
17:26:16.452 [Thread-3] INFO  org.cpswt.hla.FederationManager - Current_time = 316.0 and step = 1.0 and requested_time = 317.0
17:26:16.500 [Thread-3] INFO  org.cpswt.hla.FederationManager - Current_time = 317.0 and step = 1.0 and requested_time = 318.0
17:26:16.556 [Thread-3] INFO  org.cpswt.hla.FederationManager - Current_time = 318.0 and step = 1.0 and requested_time = 319.0
17:26:16.610 [Thread-3] INFO  org.cpswt.hla.FederationManager - Current_time = 319.0 and step = 1.0 and requested_time = 320.0
17:26:16.660 [Thread-3] INFO  org.cpswt.hla.FederationManager - Federation manager current time = 320.0
17:26:16.660 [Thread-3] INFO  org.cpswt.hla.FederationManager - Current_time = 320.0 and step = 1.0 and requested_time = 321.0
17:26:16.712 [Thread-3] INFO  org.cpswt.hla.FederationManager - Current_time = 321.0 and step = 1.0 and requested_time = 322.0
17:26:16.761 [Thread-3] INFO  org.cpswt.hla.FederationManager - Current_time = 322.0 and step = 1.0 and requested_time = 323.0
17:26:16.817 [Thread-3] INFO  org.cpswt.hla.FederationManager - Current_time = 323.0 and step = 1.0 and requested_time = 324.0
17:26:16.862 [Thread-3] INFO  org.cpswt.hla.FederationManager - Current_time = 324.0 and step = 1.0 and requested_time = 325.0
17:26:16.913 [Thread-3] INFO  org.cpswt.hla.FederationManager - Current_time = 325.0 and step = 1.0 and requested_time = 326.0
17:26:16.967 [Thread-3] INFO  org.cpswt.hla.FederationManager - Current_time = 326.0 and step = 1.0 and requested_time = 327.0
17:26:17.012 [Thread-3] INFO  org.cpswt.hla.FederationManager - Current_time = 327.0 and step = 1.0 and requested_time = 328.0
17:26:17.063 [Thread-3] INFO  org.cpswt.hla.FederationManager - Current_time = 328.0 and step = 1.0 and requested_time = 329.0
17:26:17.113 [Thread-3] INFO  org.cpswt.hla.FederationManager - Current_time = 329.0 and step = 1.0 and requested_time = 330.0
17:26:17.162 [Thread-3] INFO  org.cpswt.hla.FederationManager - Federation manager current time = 330.0
17:26:17.163 [Thread-3] INFO  org.cpswt.hla.FederationManager - Current_time = 330.0 and step = 1.0 and requested_time = 331.0
17:26:17.213 [Thread-3] INFO  org.cpswt.hla.FederationManager - Current_time = 331.0 and step = 1.0 and requested_time = 332.0
17:26:17.264 [Thread-3] INFO  org.cpswt.hla.FederationManager - Current_time = 332.0 and step = 1.0 and requested_time = 333.0
17:26:17.313 [Thread-3] INFO  org.cpswt.hla.FederationManager - Current_time = 333.0 and step = 1.0 and requested_time = 334.0
17:26:17.362 [Thread-3] INFO  org.cpswt.hla.FederationManager - Current_time = 334.0 and step = 1.0 and requested_time = 335.0
17:26:17.409 [Thread-3] INFO  org.cpswt.hla.FederationManager - Current_time = 335.0 and step = 1.0 and requested_time = 336.0
17:26:17.460 [Thread-3] INFO  org.cpswt.hla.FederationManager - Current_time = 336.0 and step = 1.0 and requested_time = 337.0
17:26:17.514 [Thread-3] INFO  org.cpswt.hla.FederationManager - Current_time = 337.0 and step = 1.0 and requested_time = 338.0
17:26:17.559 [Thread-3] INFO  org.cpswt.hla.FederationManager - Current_time = 338.0 and step = 1.0 and requested_time = 339.0
17:26:17.612 [Thread-3] INFO  org.cpswt.hla.FederationManager - Current_time = 339.0 and step = 1.0 and requested_time = 340.0
17:26:17.663 [Thread-3] INFO  org.cpswt.hla.FederationManager - Federation manager current time = 340.0
17:26:17.663 [Thread-3] INFO  org.cpswt.hla.FederationManager - Current_time = 340.0 and step = 1.0 and requested_time = 341.0
17:26:17.712 [Thread-3] INFO  org.cpswt.hla.FederationManager - Current_time = 341.0 and step = 1.0 and requested_time = 342.0
17:26:17.763 [Thread-3] INFO  org.cpswt.hla.FederationManager - Current_time = 342.0 and step = 1.0 and requested_time = 343.0
17:26:17.811 [Thread-3] INFO  org.cpswt.hla.FederationManager - Current_time = 343.0 and step = 1.0 and requested_time = 344.0
17:26:17.861 [Thread-3] INFO  org.cpswt.hla.FederationManager - Current_time = 344.0 and step = 1.0 and requested_time = 345.0
17:26:17.913 [Thread-3] INFO  org.cpswt.hla.FederationManager - Current_time = 345.0 and step = 1.0 and requested_time = 346.0
17:26:17.963 [Thread-3] INFO  org.cpswt.hla.FederationManager - Current_time = 346.0 and step = 1.0 and requested_time = 347.0
17:26:18.011 [Thread-3] INFO  org.cpswt.hla.FederationManager - Current_time = 347.0 and step = 1.0 and requested_time = 348.0
17:26:18.062 [Thread-3] INFO  org.cpswt.hla.FederationManager - Current_time = 348.0 and step = 1.0 and requested_time = 349.0
17:26:18.104 [Thread-3] INFO  org.cpswt.hla.FederationManager - Current_time = 349.0 and step = 1.0 and requested_time = 350.0
17:26:18.155 [Thread-3] INFO  org.cpswt.hla.FederationManager - Federation manager current time = 350.0
17:26:18.155 [Thread-3] INFO  org.cpswt.hla.FederationManager - Current_time = 350.0 and step = 1.0 and requested_time = 351.0
17:26:18.206 [Thread-3] INFO  org.cpswt.hla.FederationManager - Current_time = 351.0 and step = 1.0 and requested_time = 352.0
17:26:18.248 [Thread-3] INFO  org.cpswt.hla.FederationManager - Current_time = 352.0 and step = 1.0 and requested_time = 353.0
17:26:18.296 [Thread-3] INFO  org.cpswt.hla.FederationManager - Current_time = 353.0 and step = 1.0 and requested_time = 354.0
17:26:18.343 [Thread-3] INFO  org.cpswt.hla.FederationManager - Current_time = 354.0 and step = 1.0 and requested_time = 355.0
17:26:18.393 [Thread-3] INFO  org.cpswt.hla.FederationManager - Current_time = 355.0 and step = 1.0 and requested_time = 356.0
17:26:18.443 [Thread-3] INFO  org.cpswt.hla.FederationManager - Current_time = 356.0 and step = 1.0 and requested_time = 357.0
17:26:18.494 [Thread-3] INFO  org.cpswt.hla.FederationManager - Current_time = 357.0 and step = 1.0 and requested_time = 358.0
17:26:18.541 [Thread-3] INFO  org.cpswt.hla.FederationManager - Current_time = 358.0 and step = 1.0 and requested_time = 359.0
17:26:18.598 [Thread-3] INFO  org.cpswt.hla.FederationManager - Current_time = 359.0 and step = 1.0 and requested_time = 360.0
17:26:18.648 [Thread-3] INFO  org.cpswt.hla.FederationManager - Federation manager current time = 360.0
17:26:18.648 [Thread-3] INFO  org.cpswt.hla.FederationManager - Current_time = 360.0 and step = 1.0 and requested_time = 361.0
17:26:18.703 [Thread-3] INFO  org.cpswt.hla.FederationManager - Current_time = 361.0 and step = 1.0 and requested_time = 362.0
17:26:18.745 [Thread-3] INFO  org.cpswt.hla.FederationManager - Current_time = 362.0 and step = 1.0 and requested_time = 363.0
17:26:18.795 [Thread-3] INFO  org.cpswt.hla.FederationManager - Current_time = 363.0 and step = 1.0 and requested_time = 364.0
17:26:18.845 [Thread-3] INFO  org.cpswt.hla.FederationManager - Current_time = 364.0 and step = 1.0 and requested_time = 365.0
17:26:18.894 [Thread-3] INFO  org.cpswt.hla.FederationManager - Current_time = 365.0 and step = 1.0 and requested_time = 366.0
17:26:18.944 [Thread-3] INFO  org.cpswt.hla.FederationManager - Current_time = 366.0 and step = 1.0 and requested_time = 367.0
17:26:18.991 [Thread-3] INFO  org.cpswt.hla.FederationManager - Current_time = 367.0 and step = 1.0 and requested_time = 368.0
17:26:19.044 [Thread-3] INFO  org.cpswt.hla.FederationManager - Current_time = 368.0 and step = 1.0 and requested_time = 369.0
17:26:19.091 [Thread-3] INFO  org.cpswt.hla.FederationManager - Current_time = 369.0 and step = 1.0 and requested_time = 370.0
17:26:19.142 [Thread-3] INFO  org.cpswt.hla.FederationManager - Federation manager current time = 370.0
17:26:19.142 [Thread-3] INFO  org.cpswt.hla.FederationManager - Current_time = 370.0 and step = 1.0 and requested_time = 371.0
17:26:19.193 [Thread-3] INFO  org.cpswt.hla.FederationManager - Current_time = 371.0 and step = 1.0 and requested_time = 372.0
17:26:19.250 [Thread-3] INFO  org.cpswt.hla.FederationManager - Current_time = 372.0 and step = 1.0 and requested_time = 373.0
17:26:19.301 [Thread-3] INFO  org.cpswt.hla.FederationManager - Current_time = 373.0 and step = 1.0 and requested_time = 374.0
17:26:19.352 [Thread-3] INFO  org.cpswt.hla.FederationManager - Current_time = 374.0 and step = 1.0 and requested_time = 375.0
17:26:19.401 [Thread-3] INFO  org.cpswt.hla.FederationManager - Current_time = 375.0 and step = 1.0 and requested_time = 376.0
17:26:19.446 [Thread-3] INFO  org.cpswt.hla.FederationManager - Current_time = 376.0 and step = 1.0 and requested_time = 377.0
17:26:19.500 [Thread-3] INFO  org.cpswt.hla.FederationManager - Current_time = 377.0 and step = 1.0 and requested_time = 378.0
17:26:19.551 [Thread-3] INFO  org.cpswt.hla.FederationManager - Current_time = 378.0 and step = 1.0 and requested_time = 379.0
17:26:19.600 [Thread-3] INFO  org.cpswt.hla.FederationManager - Current_time = 379.0 and step = 1.0 and requested_time = 380.0
17:26:19.650 [Thread-3] INFO  org.cpswt.hla.FederationManager - Federation manager current time = 380.0
17:26:19.650 [Thread-3] INFO  org.cpswt.hla.FederationManager - Current_time = 380.0 and step = 1.0 and requested_time = 381.0
17:26:19.701 [Thread-3] INFO  org.cpswt.hla.FederationManager - Current_time = 381.0 and step = 1.0 and requested_time = 382.0
17:26:19.750 [Thread-3] INFO  org.cpswt.hla.FederationManager - Current_time = 382.0 and step = 1.0 and requested_time = 383.0
17:26:19.804 [Thread-3] INFO  org.cpswt.hla.FederationManager - Current_time = 383.0 and step = 1.0 and requested_time = 384.0
17:26:19.870 [Thread-3] INFO  org.cpswt.hla.FederationManager - Current_time = 384.0 and step = 1.0 and requested_time = 385.0
17:26:19.929 [Thread-3] INFO  org.cpswt.hla.FederationManager - Current_time = 385.0 and step = 1.0 and requested_time = 386.0
17:26:19.980 [Thread-3] INFO  org.cpswt.hla.FederationManager - Current_time = 386.0 and step = 1.0 and requested_time = 387.0
17:26:20.026 [Thread-3] INFO  org.cpswt.hla.FederationManager - Current_time = 387.0 and step = 1.0 and requested_time = 388.0
17:26:20.074 [Thread-3] INFO  org.cpswt.hla.FederationManager - Current_time = 388.0 and step = 1.0 and requested_time = 389.0
17:26:20.125 [Thread-3] INFO  org.cpswt.hla.FederationManager - Current_time = 389.0 and step = 1.0 and requested_time = 390.0
17:26:20.171 [Thread-3] INFO  org.cpswt.hla.FederationManager - Federation manager current time = 390.0
17:26:20.171 [Thread-3] INFO  org.cpswt.hla.FederationManager - Current_time = 390.0 and step = 1.0 and requested_time = 391.0
17:26:20.222 [Thread-3] INFO  org.cpswt.hla.FederationManager - Current_time = 391.0 and step = 1.0 and requested_time = 392.0
17:26:20.270 [Thread-3] INFO  org.cpswt.hla.FederationManager - Current_time = 392.0 and step = 1.0 and requested_time = 393.0
17:26:20.322 [Thread-3] INFO  org.cpswt.hla.FederationManager - Current_time = 393.0 and step = 1.0 and requested_time = 394.0
17:26:20.371 [Thread-3] INFO  org.cpswt.hla.FederationManager - Current_time = 394.0 and step = 1.0 and requested_time = 395.0
17:26:20.417 [Thread-3] INFO  org.cpswt.hla.FederationManager - Current_time = 395.0 and step = 1.0 and requested_time = 396.0
17:26:20.463 [Thread-3] INFO  org.cpswt.hla.FederationManager - Current_time = 396.0 and step = 1.0 and requested_time = 397.0
17:26:20.514 [Thread-3] INFO  org.cpswt.hla.FederationManager - Current_time = 397.0 and step = 1.0 and requested_time = 398.0
17:26:20.569 [Thread-3] INFO  org.cpswt.hla.FederationManager - Current_time = 398.0 and step = 1.0 and requested_time = 399.0
17:26:20.620 [Thread-3] INFO  org.cpswt.hla.FederationManager - Current_time = 399.0 and step = 1.0 and requested_time = 400.0
17:26:20.669 [Thread-3] INFO  org.cpswt.hla.FederationManager - Federation manager current time = 400.0
17:26:20.669 [Thread-3] INFO  org.cpswt.hla.FederationManager - Current_time = 400.0 and step = 1.0 and requested_time = 401.0
17:26:20.716 [Thread-3] INFO  org.cpswt.hla.FederationManager - Current_time = 401.0 and step = 1.0 and requested_time = 402.0
17:26:20.765 [Thread-3] INFO  org.cpswt.hla.FederationManager - Current_time = 402.0 and step = 1.0 and requested_time = 403.0
17:26:20.810 [Thread-3] INFO  org.cpswt.hla.FederationManager - Current_time = 403.0 and step = 1.0 and requested_time = 404.0
17:26:20.861 [Thread-3] INFO  org.cpswt.hla.FederationManager - Current_time = 404.0 and step = 1.0 and requested_time = 405.0
17:26:20.905 [Thread-3] INFO  org.cpswt.hla.FederationManager - Current_time = 405.0 and step = 1.0 and requested_time = 406.0
17:26:20.956 [Thread-3] INFO  org.cpswt.hla.FederationManager - Current_time = 406.0 and step = 1.0 and requested_time = 407.0
17:26:21.003 [Thread-3] INFO  org.cpswt.hla.FederationManager - Current_time = 407.0 and step = 1.0 and requested_time = 408.0
17:26:21.054 [Thread-3] INFO  org.cpswt.hla.FederationManager - Current_time = 408.0 and step = 1.0 and requested_time = 409.0
17:26:21.100 [Thread-3] INFO  org.cpswt.hla.FederationManager - Current_time = 409.0 and step = 1.0 and requested_time = 410.0
17:26:21.147 [Thread-3] INFO  org.cpswt.hla.FederationManager - Federation manager current time = 410.0
17:26:21.147 [Thread-3] INFO  org.cpswt.hla.FederationManager - Current_time = 410.0 and step = 1.0 and requested_time = 411.0
17:26:21.199 [Thread-3] INFO  org.cpswt.hla.FederationManager - Current_time = 411.0 and step = 1.0 and requested_time = 412.0
17:26:21.249 [Thread-3] INFO  org.cpswt.hla.FederationManager - Current_time = 412.0 and step = 1.0 and requested_time = 413.0
17:26:21.299 [Thread-3] INFO  org.cpswt.hla.FederationManager - Current_time = 413.0 and step = 1.0 and requested_time = 414.0
17:26:21.349 [Thread-3] INFO  org.cpswt.hla.FederationManager - Current_time = 414.0 and step = 1.0 and requested_time = 415.0
17:26:21.399 [Thread-3] INFO  org.cpswt.hla.FederationManager - Current_time = 415.0 and step = 1.0 and requested_time = 416.0
17:26:21.450 [Thread-3] INFO  org.cpswt.hla.FederationManager - Current_time = 416.0 and step = 1.0 and requested_time = 417.0
17:26:21.500 [Thread-3] INFO  org.cpswt.hla.FederationManager - Current_time = 417.0 and step = 1.0 and requested_time = 418.0
17:26:21.552 [Thread-3] INFO  org.cpswt.hla.FederationManager - Current_time = 418.0 and step = 1.0 and requested_time = 419.0
17:26:21.602 [Thread-3] INFO  org.cpswt.hla.FederationManager - Current_time = 419.0 and step = 1.0 and requested_time = 420.0
17:26:21.653 [Thread-3] INFO  org.cpswt.hla.FederationManager - Federation manager current time = 420.0
17:26:21.653 [Thread-3] INFO  org.cpswt.hla.FederationManager - Current_time = 420.0 and step = 1.0 and requested_time = 421.0
17:26:21.700 [Thread-3] INFO  org.cpswt.hla.FederationManager - Current_time = 421.0 and step = 1.0 and requested_time = 422.0
17:26:21.750 [Thread-3] INFO  org.cpswt.hla.FederationManager - Current_time = 422.0 and step = 1.0 and requested_time = 423.0
17:26:21.800 [Thread-3] INFO  org.cpswt.hla.FederationManager - Current_time = 423.0 and step = 1.0 and requested_time = 424.0
17:26:21.863 [Thread-3] INFO  org.cpswt.hla.FederationManager - Current_time = 424.0 and step = 1.0 and requested_time = 425.0
17:26:21.913 [Thread-3] INFO  org.cpswt.hla.FederationManager - Current_time = 425.0 and step = 1.0 and requested_time = 426.0
17:26:21.961 [Thread-3] INFO  org.cpswt.hla.FederationManager - Current_time = 426.0 and step = 1.0 and requested_time = 427.0
17:26:22.008 [Thread-3] INFO  org.cpswt.hla.FederationManager - Current_time = 427.0 and step = 1.0 and requested_time = 428.0
17:26:22.074 [Thread-3] INFO  org.cpswt.hla.FederationManager - Current_time = 428.0 and step = 1.0 and requested_time = 429.0
17:26:22.119 [Thread-3] INFO  org.cpswt.hla.FederationManager - Current_time = 429.0 and step = 1.0 and requested_time = 430.0
17:26:22.170 [Thread-3] INFO  org.cpswt.hla.FederationManager - Federation manager current time = 430.0
17:26:22.170 [Thread-3] INFO  org.cpswt.hla.FederationManager - Current_time = 430.0 and step = 1.0 and requested_time = 431.0
17:26:22.215 [Thread-3] INFO  org.cpswt.hla.FederationManager - Current_time = 431.0 and step = 1.0 and requested_time = 432.0
17:26:22.267 [Thread-3] INFO  org.cpswt.hla.FederationManager - Current_time = 432.0 and step = 1.0 and requested_time = 433.0
17:26:22.316 [Thread-3] INFO  org.cpswt.hla.FederationManager - Current_time = 433.0 and step = 1.0 and requested_time = 434.0
17:26:22.367 [Thread-3] INFO  org.cpswt.hla.FederationManager - Current_time = 434.0 and step = 1.0 and requested_time = 435.0
17:26:22.410 [Thread-3] INFO  org.cpswt.hla.FederationManager - Current_time = 435.0 and step = 1.0 and requested_time = 436.0
17:26:22.455 [Thread-3] INFO  org.cpswt.hla.FederationManager - Current_time = 436.0 and step = 1.0 and requested_time = 437.0
17:26:22.506 [Thread-3] INFO  org.cpswt.hla.FederationManager - Current_time = 437.0 and step = 1.0 and requested_time = 438.0
17:26:22.556 [Thread-3] INFO  org.cpswt.hla.FederationManager - Current_time = 438.0 and step = 1.0 and requested_time = 439.0
17:26:22.607 [Thread-3] INFO  org.cpswt.hla.FederationManager - Current_time = 439.0 and step = 1.0 and requested_time = 440.0
17:26:22.661 [Thread-3] INFO  org.cpswt.hla.FederationManager - Federation manager current time = 440.0
17:26:22.662 [Thread-3] INFO  org.cpswt.hla.FederationManager - Current_time = 440.0 and step = 1.0 and requested_time = 441.0
17:26:22.714 [Thread-3] INFO  org.cpswt.hla.FederationManager - Current_time = 441.0 and step = 1.0 and requested_time = 442.0
17:26:22.765 [Thread-3] INFO  org.cpswt.hla.FederationManager - Current_time = 442.0 and step = 1.0 and requested_time = 443.0
17:26:22.816 [Thread-3] INFO  org.cpswt.hla.FederationManager - Current_time = 443.0 and step = 1.0 and requested_time = 444.0
17:26:22.867 [Thread-3] INFO  org.cpswt.hla.FederationManager - Current_time = 444.0 and step = 1.0 and requested_time = 445.0
17:26:22.911 [Thread-3] INFO  org.cpswt.hla.FederationManager - Current_time = 445.0 and step = 1.0 and requested_time = 446.0
17:26:22.962 [Thread-3] INFO  org.cpswt.hla.FederationManager - Current_time = 446.0 and step = 1.0 and requested_time = 447.0
17:26:23.013 [Thread-3] INFO  org.cpswt.hla.FederationManager - Current_time = 447.0 and step = 1.0 and requested_time = 448.0
17:26:23.059 [Thread-3] INFO  org.cpswt.hla.FederationManager - Current_time = 448.0 and step = 1.0 and requested_time = 449.0
17:26:23.108 [Thread-3] INFO  org.cpswt.hla.FederationManager - Current_time = 449.0 and step = 1.0 and requested_time = 450.0
17:26:23.164 [Thread-3] INFO  org.cpswt.hla.FederationManager - Federation manager current time = 450.0
17:26:23.164 [Thread-3] INFO  org.cpswt.hla.FederationManager - Current_time = 450.0 and step = 1.0 and requested_time = 451.0
17:26:23.218 [Thread-3] INFO  org.cpswt.hla.FederationManager - Current_time = 451.0 and step = 1.0 and requested_time = 452.0
17:26:23.261 [Thread-3] INFO  org.cpswt.hla.FederationManager - Current_time = 452.0 and step = 1.0 and requested_time = 453.0
17:26:23.310 [Thread-3] INFO  org.cpswt.hla.FederationManager - Current_time = 453.0 and step = 1.0 and requested_time = 454.0
17:26:23.356 [Thread-3] INFO  org.cpswt.hla.FederationManager - Current_time = 454.0 and step = 1.0 and requested_time = 455.0
17:26:23.406 [Thread-3] INFO  org.cpswt.hla.FederationManager - Current_time = 455.0 and step = 1.0 and requested_time = 456.0
17:26:23.454 [Thread-3] INFO  org.cpswt.hla.FederationManager - Current_time = 456.0 and step = 1.0 and requested_time = 457.0
17:26:23.510 [Thread-3] INFO  org.cpswt.hla.FederationManager - Current_time = 457.0 and step = 1.0 and requested_time = 458.0
17:26:23.554 [Thread-3] INFO  org.cpswt.hla.FederationManager - Current_time = 458.0 and step = 1.0 and requested_time = 459.0
17:26:23.600 [Thread-3] INFO  org.cpswt.hla.FederationManager - Current_time = 459.0 and step = 1.0 and requested_time = 460.0
17:26:23.651 [Thread-3] INFO  org.cpswt.hla.FederationManager - Federation manager current time = 460.0
17:26:23.651 [Thread-3] INFO  org.cpswt.hla.FederationManager - Current_time = 460.0 and step = 1.0 and requested_time = 461.0
17:26:23.698 [Thread-3] INFO  org.cpswt.hla.FederationManager - Current_time = 461.0 and step = 1.0 and requested_time = 462.0
17:26:23.743 [Thread-3] INFO  org.cpswt.hla.FederationManager - Current_time = 462.0 and step = 1.0 and requested_time = 463.0
17:26:23.795 [Thread-3] INFO  org.cpswt.hla.FederationManager - Current_time = 463.0 and step = 1.0 and requested_time = 464.0
17:26:23.844 [Thread-3] INFO  org.cpswt.hla.FederationManager - Current_time = 464.0 and step = 1.0 and requested_time = 465.0
17:26:23.887 [Thread-3] INFO  org.cpswt.hla.FederationManager - Current_time = 465.0 and step = 1.0 and requested_time = 466.0
17:26:23.934 [Thread-3] INFO  org.cpswt.hla.FederationManager - Current_time = 466.0 and step = 1.0 and requested_time = 467.0
17:26:23.987 [Thread-3] INFO  org.cpswt.hla.FederationManager - Current_time = 467.0 and step = 1.0 and requested_time = 468.0
17:26:24.036 [Thread-3] INFO  org.cpswt.hla.FederationManager - Current_time = 468.0 and step = 1.0 and requested_time = 469.0
17:26:24.084 [Thread-3] INFO  org.cpswt.hla.FederationManager - Current_time = 469.0 and step = 1.0 and requested_time = 470.0
17:26:24.134 [Thread-3] INFO  org.cpswt.hla.FederationManager - Federation manager current time = 470.0
17:26:24.135 [Thread-3] INFO  org.cpswt.hla.FederationManager - Current_time = 470.0 and step = 1.0 and requested_time = 471.0
17:26:24.185 [Thread-3] INFO  org.cpswt.hla.FederationManager - Current_time = 471.0 and step = 1.0 and requested_time = 472.0
17:26:24.235 [Thread-3] INFO  org.cpswt.hla.FederationManager - Current_time = 472.0 and step = 1.0 and requested_time = 473.0
17:26:24.287 [Thread-3] INFO  org.cpswt.hla.FederationManager - Current_time = 473.0 and step = 1.0 and requested_time = 474.0
17:26:24.336 [Thread-3] INFO  org.cpswt.hla.FederationManager - Current_time = 474.0 and step = 1.0 and requested_time = 475.0
17:26:24.387 [Thread-3] INFO  org.cpswt.hla.FederationManager - Current_time = 475.0 and step = 1.0 and requested_time = 476.0
17:26:24.436 [Thread-3] INFO  org.cpswt.hla.FederationManager - Current_time = 476.0 and step = 1.0 and requested_time = 477.0
17:26:24.502 [Thread-3] INFO  org.cpswt.hla.FederationManager - Current_time = 477.0 and step = 1.0 and requested_time = 478.0
17:26:24.545 [Thread-3] INFO  org.cpswt.hla.FederationManager - Current_time = 478.0 and step = 1.0 and requested_time = 479.0
17:26:24.595 [Thread-3] INFO  org.cpswt.hla.FederationManager - Current_time = 479.0 and step = 1.0 and requested_time = 480.0
17:26:24.646 [Thread-3] INFO  org.cpswt.hla.FederationManager - Federation manager current time = 480.0
17:26:24.646 [Thread-3] INFO  org.cpswt.hla.FederationManager - Current_time = 480.0 and step = 1.0 and requested_time = 481.0
17:26:24.697 [Thread-3] INFO  org.cpswt.hla.FederationManager - Current_time = 481.0 and step = 1.0 and requested_time = 482.0
17:26:24.748 [Thread-3] INFO  org.cpswt.hla.FederationManager - Current_time = 482.0 and step = 1.0 and requested_time = 483.0
17:26:24.799 [Thread-3] INFO  org.cpswt.hla.FederationManager - Current_time = 483.0 and step = 1.0 and requested_time = 484.0
17:26:24.844 [Thread-3] INFO  org.cpswt.hla.FederationManager - Current_time = 484.0 and step = 1.0 and requested_time = 485.0
17:26:24.895 [Thread-3] INFO  org.cpswt.hla.FederationManager - Current_time = 485.0 and step = 1.0 and requested_time = 486.0
17:26:24.946 [Thread-3] INFO  org.cpswt.hla.FederationManager - Current_time = 486.0 and step = 1.0 and requested_time = 487.0
17:26:24.996 [Thread-3] INFO  org.cpswt.hla.FederationManager - Current_time = 487.0 and step = 1.0 and requested_time = 488.0
17:26:25.046 [Thread-3] INFO  org.cpswt.hla.FederationManager - Current_time = 488.0 and step = 1.0 and requested_time = 489.0
17:26:25.095 [Thread-3] INFO  org.cpswt.hla.FederationManager - Current_time = 489.0 and step = 1.0 and requested_time = 490.0
17:26:25.145 [Thread-3] INFO  org.cpswt.hla.FederationManager - Federation manager current time = 490.0
17:26:25.145 [Thread-3] INFO  org.cpswt.hla.FederationManager - Current_time = 490.0 and step = 1.0 and requested_time = 491.0
17:26:25.191 [Thread-3] INFO  org.cpswt.hla.FederationManager - Current_time = 491.0 and step = 1.0 and requested_time = 492.0
17:26:25.241 [Thread-3] INFO  org.cpswt.hla.FederationManager - Current_time = 492.0 and step = 1.0 and requested_time = 493.0
17:26:25.287 [Thread-3] INFO  org.cpswt.hla.FederationManager - Current_time = 493.0 and step = 1.0 and requested_time = 494.0
17:26:25.334 [Thread-3] INFO  org.cpswt.hla.FederationManager - Current_time = 494.0 and step = 1.0 and requested_time = 495.0
17:26:25.385 [Thread-3] INFO  org.cpswt.hla.FederationManager - Current_time = 495.0 and step = 1.0 and requested_time = 496.0
17:26:25.436 [Thread-3] INFO  org.cpswt.hla.FederationManager - Current_time = 496.0 and step = 1.0 and requested_time = 497.0
17:26:25.487 [Thread-3] INFO  org.cpswt.hla.FederationManager - Current_time = 497.0 and step = 1.0 and requested_time = 498.0
17:26:25.534 [Thread-3] INFO  org.cpswt.hla.FederationManager - Current_time = 498.0 and step = 1.0 and requested_time = 499.0
17:26:25.586 [Thread-3] INFO  org.cpswt.hla.FederationManager - Current_time = 499.0 and step = 1.0 and requested_time = 500.0
17:26:25.634 [Thread-3] INFO  org.cpswt.hla.FederationManager - Federation manager current time = 500.0
17:26:25.634 [Thread-3] INFO  org.cpswt.hla.FederationManager - Current_time = 500.0 and step = 1.0 and requested_time = 501.0
17:26:25.681 [Thread-3] INFO  org.cpswt.hla.FederationManager - Current_time = 501.0 and step = 1.0 and requested_time = 502.0
17:26:25.732 [Thread-3] INFO  org.cpswt.hla.FederationManager - Current_time = 502.0 and step = 1.0 and requested_time = 503.0
17:26:25.783 [Thread-3] INFO  org.cpswt.hla.FederationManager - Current_time = 503.0 and step = 1.0 and requested_time = 504.0
17:26:25.834 [Thread-3] INFO  org.cpswt.hla.FederationManager - Current_time = 504.0 and step = 1.0 and requested_time = 505.0
17:26:25.883 [Thread-3] INFO  org.cpswt.hla.FederationManager - Current_time = 505.0 and step = 1.0 and requested_time = 506.0
17:26:25.931 [Thread-3] INFO  org.cpswt.hla.FederationManager - Current_time = 506.0 and step = 1.0 and requested_time = 507.0
17:26:25.984 [Thread-3] INFO  org.cpswt.hla.FederationManager - Current_time = 507.0 and step = 1.0 and requested_time = 508.0
17:26:26.035 [Thread-3] INFO  org.cpswt.hla.FederationManager - Current_time = 508.0 and step = 1.0 and requested_time = 509.0
17:26:26.087 [Thread-3] INFO  org.cpswt.hla.FederationManager - Current_time = 509.0 and step = 1.0 and requested_time = 510.0
17:26:26.138 [Thread-3] INFO  org.cpswt.hla.FederationManager - Federation manager current time = 510.0
17:26:26.138 [Thread-3] INFO  org.cpswt.hla.FederationManager - Current_time = 510.0 and step = 1.0 and requested_time = 511.0
17:26:26.190 [Thread-3] INFO  org.cpswt.hla.FederationManager - Current_time = 511.0 and step = 1.0 and requested_time = 512.0
17:26:26.241 [Thread-3] INFO  org.cpswt.hla.FederationManager - Current_time = 512.0 and step = 1.0 and requested_time = 513.0
17:26:26.290 [Thread-3] INFO  org.cpswt.hla.FederationManager - Current_time = 513.0 and step = 1.0 and requested_time = 514.0
17:26:26.337 [Thread-3] INFO  org.cpswt.hla.FederationManager - Current_time = 514.0 and step = 1.0 and requested_time = 515.0
17:26:26.386 [Thread-3] INFO  org.cpswt.hla.FederationManager - Current_time = 515.0 and step = 1.0 and requested_time = 516.0
17:26:26.435 [Thread-3] INFO  org.cpswt.hla.FederationManager - Current_time = 516.0 and step = 1.0 and requested_time = 517.0
17:26:26.479 [Thread-3] INFO  org.cpswt.hla.FederationManager - Current_time = 517.0 and step = 1.0 and requested_time = 518.0
17:26:26.530 [Thread-3] INFO  org.cpswt.hla.FederationManager - Current_time = 518.0 and step = 1.0 and requested_time = 519.0
17:26:26.576 [Thread-3] INFO  org.cpswt.hla.FederationManager - Current_time = 519.0 and step = 1.0 and requested_time = 520.0
17:26:26.621 [Thread-3] INFO  org.cpswt.hla.FederationManager - Federation manager current time = 520.0
17:26:26.621 [Thread-3] INFO  org.cpswt.hla.FederationManager - Current_time = 520.0 and step = 1.0 and requested_time = 521.0
17:26:26.668 [Thread-3] INFO  org.cpswt.hla.FederationManager - Current_time = 521.0 and step = 1.0 and requested_time = 522.0
17:26:26.714 [Thread-3] INFO  org.cpswt.hla.FederationManager - Current_time = 522.0 and step = 1.0 and requested_time = 523.0
17:26:26.761 [Thread-3] INFO  org.cpswt.hla.FederationManager - Current_time = 523.0 and step = 1.0 and requested_time = 524.0
17:26:26.808 [Thread-3] INFO  org.cpswt.hla.FederationManager - Current_time = 524.0 and step = 1.0 and requested_time = 525.0
17:26:26.861 [Thread-3] INFO  org.cpswt.hla.FederationManager - Current_time = 525.0 and step = 1.0 and requested_time = 526.0
17:26:26.909 [Thread-3] INFO  org.cpswt.hla.FederationManager - Current_time = 526.0 and step = 1.0 and requested_time = 527.0
17:26:26.960 [Thread-3] INFO  org.cpswt.hla.FederationManager - Current_time = 527.0 and step = 1.0 and requested_time = 528.0
17:26:27.007 [Thread-3] INFO  org.cpswt.hla.FederationManager - Current_time = 528.0 and step = 1.0 and requested_time = 529.0
17:26:27.056 [Thread-3] INFO  org.cpswt.hla.FederationManager - Current_time = 529.0 and step = 1.0 and requested_time = 530.0
17:26:27.101 [Thread-3] INFO  org.cpswt.hla.FederationManager - Federation manager current time = 530.0
17:26:27.101 [Thread-3] INFO  org.cpswt.hla.FederationManager - Current_time = 530.0 and step = 1.0 and requested_time = 531.0
17:26:27.146 [Thread-3] INFO  org.cpswt.hla.FederationManager - Current_time = 531.0 and step = 1.0 and requested_time = 532.0
17:26:27.196 [Thread-3] INFO  org.cpswt.hla.FederationManager - Current_time = 532.0 and step = 1.0 and requested_time = 533.0
17:26:27.250 [Thread-3] INFO  org.cpswt.hla.FederationManager - Current_time = 533.0 and step = 1.0 and requested_time = 534.0
17:26:27.299 [Thread-3] INFO  org.cpswt.hla.FederationManager - Current_time = 534.0 and step = 1.0 and requested_time = 535.0
17:26:27.350 [Thread-3] INFO  org.cpswt.hla.FederationManager - Current_time = 535.0 and step = 1.0 and requested_time = 536.0
17:26:27.398 [Thread-3] INFO  org.cpswt.hla.FederationManager - Current_time = 536.0 and step = 1.0 and requested_time = 537.0
17:26:27.449 [Thread-3] INFO  org.cpswt.hla.FederationManager - Current_time = 537.0 and step = 1.0 and requested_time = 538.0
17:26:27.502 [Thread-3] INFO  org.cpswt.hla.FederationManager - Current_time = 538.0 and step = 1.0 and requested_time = 539.0
17:26:27.549 [Thread-3] INFO  org.cpswt.hla.FederationManager - Current_time = 539.0 and step = 1.0 and requested_time = 540.0
17:26:27.598 [Thread-3] INFO  org.cpswt.hla.FederationManager - Federation manager current time = 540.0
17:26:27.598 [Thread-3] INFO  org.cpswt.hla.FederationManager - Current_time = 540.0 and step = 1.0 and requested_time = 541.0
17:26:27.654 [Thread-3] INFO  org.cpswt.hla.FederationManager - Current_time = 541.0 and step = 1.0 and requested_time = 542.0
17:26:27.698 [Thread-3] INFO  org.cpswt.hla.FederationManager - Current_time = 542.0 and step = 1.0 and requested_time = 543.0
17:26:27.751 [Thread-3] INFO  org.cpswt.hla.FederationManager - Current_time = 543.0 and step = 1.0 and requested_time = 544.0
17:26:27.802 [Thread-3] INFO  org.cpswt.hla.FederationManager - Current_time = 544.0 and step = 1.0 and requested_time = 545.0
17:26:27.851 [Thread-3] INFO  org.cpswt.hla.FederationManager - Current_time = 545.0 and step = 1.0 and requested_time = 546.0
17:26:27.902 [Thread-3] INFO  org.cpswt.hla.FederationManager - Current_time = 546.0 and step = 1.0 and requested_time = 547.0
17:26:27.945 [Thread-3] INFO  org.cpswt.hla.FederationManager - Current_time = 547.0 and step = 1.0 and requested_time = 548.0
17:26:27.999 [Thread-3] INFO  org.cpswt.hla.FederationManager - Current_time = 548.0 and step = 1.0 and requested_time = 549.0
17:26:28.044 [Thread-3] INFO  org.cpswt.hla.FederationManager - Current_time = 549.0 and step = 1.0 and requested_time = 550.0
17:26:28.096 [Thread-3] INFO  org.cpswt.hla.FederationManager - Federation manager current time = 550.0
17:26:28.096 [Thread-3] INFO  org.cpswt.hla.FederationManager - Current_time = 550.0 and step = 1.0 and requested_time = 551.0
17:26:28.140 [Thread-3] INFO  org.cpswt.hla.FederationManager - Current_time = 551.0 and step = 1.0 and requested_time = 552.0
17:26:28.191 [Thread-3] INFO  org.cpswt.hla.FederationManager - Current_time = 552.0 and step = 1.0 and requested_time = 553.0
17:26:28.241 [Thread-3] INFO  org.cpswt.hla.FederationManager - Current_time = 553.0 and step = 1.0 and requested_time = 554.0
17:26:28.298 [Thread-3] INFO  org.cpswt.hla.FederationManager - Current_time = 554.0 and step = 1.0 and requested_time = 555.0
17:26:28.351 [Thread-3] INFO  org.cpswt.hla.FederationManager - Current_time = 555.0 and step = 1.0 and requested_time = 556.0
17:26:28.402 [Thread-3] INFO  org.cpswt.hla.FederationManager - Current_time = 556.0 and step = 1.0 and requested_time = 557.0
17:26:28.465 [Thread-3] INFO  org.cpswt.hla.FederationManager - Current_time = 557.0 and step = 1.0 and requested_time = 558.0
17:26:28.516 [Thread-3] INFO  org.cpswt.hla.FederationManager - Current_time = 558.0 and step = 1.0 and requested_time = 559.0
17:26:28.588 [Thread-3] INFO  org.cpswt.hla.FederationManager - Current_time = 559.0 and step = 1.0 and requested_time = 560.0
17:26:28.639 [Thread-3] INFO  org.cpswt.hla.FederationManager - Federation manager current time = 560.0
17:26:28.640 [Thread-3] INFO  org.cpswt.hla.FederationManager - Current_time = 560.0 and step = 1.0 and requested_time = 561.0
17:26:28.695 [Thread-3] INFO  org.cpswt.hla.FederationManager - Current_time = 561.0 and step = 1.0 and requested_time = 562.0
17:26:28.753 [Thread-3] INFO  org.cpswt.hla.FederationManager - Current_time = 562.0 and step = 1.0 and requested_time = 563.0
17:26:28.810 [Thread-3] INFO  org.cpswt.hla.FederationManager - Current_time = 563.0 and step = 1.0 and requested_time = 564.0
17:26:28.869 [Thread-3] INFO  org.cpswt.hla.FederationManager - Current_time = 564.0 and step = 1.0 and requested_time = 565.0
17:26:28.920 [Thread-3] INFO  org.cpswt.hla.FederationManager - Current_time = 565.0 and step = 1.0 and requested_time = 566.0
17:26:28.970 [Thread-3] INFO  org.cpswt.hla.FederationManager - Current_time = 566.0 and step = 1.0 and requested_time = 567.0
17:26:29.017 [Thread-3] INFO  org.cpswt.hla.FederationManager - Current_time = 567.0 and step = 1.0 and requested_time = 568.0
17:26:29.067 [Thread-3] INFO  org.cpswt.hla.FederationManager - Current_time = 568.0 and step = 1.0 and requested_time = 569.0
17:26:29.123 [Thread-3] INFO  org.cpswt.hla.FederationManager - Current_time = 569.0 and step = 1.0 and requested_time = 570.0
17:26:29.171 [Thread-3] INFO  org.cpswt.hla.FederationManager - Federation manager current time = 570.0
17:26:29.171 [Thread-3] INFO  org.cpswt.hla.FederationManager - Current_time = 570.0 and step = 1.0 and requested_time = 571.0
17:26:29.223 [Thread-3] INFO  org.cpswt.hla.FederationManager - Current_time = 571.0 and step = 1.0 and requested_time = 572.0
17:26:29.273 [Thread-3] INFO  org.cpswt.hla.FederationManager - Current_time = 572.0 and step = 1.0 and requested_time = 573.0
17:26:29.325 [Thread-3] INFO  org.cpswt.hla.FederationManager - Current_time = 573.0 and step = 1.0 and requested_time = 574.0
17:26:29.372 [Thread-3] INFO  org.cpswt.hla.FederationManager - Current_time = 574.0 and step = 1.0 and requested_time = 575.0
17:26:29.422 [Thread-3] INFO  org.cpswt.hla.FederationManager - Current_time = 575.0 and step = 1.0 and requested_time = 576.0
17:26:29.467 [Thread-3] INFO  org.cpswt.hla.FederationManager - Current_time = 576.0 and step = 1.0 and requested_time = 577.0
WARN  [VERIFY_SUSPECT.TimerThread,FlatCase,vagrant-28447] portico.lrc.jgroups: Detected that federate [ATC-2f0e23fe-c883-44ed-b14c-7264c2a0a56a] may have crashed, investigating...
WARN  [Regular] portico.lrc.jgroups: Federate [ATC-2f0e23fe-c883-44ed-b14c-7264c2a0a56a] has crashed. Sending fake resignation because it was too rude to.
17:26:37.503 [Thread-3] INFO  org.cpswt.hla.FederationManager - Current_time = 577.0 and step = 1.0 and requested_time = 578.0
