WARNING: An illegal reflective access operation has occurred
WARNING: Illegal reflective access by com.google.inject.internal.cglib.core.$ReflectUtils$1 (file:/usr/share/maven/lib/guice.jar) to method java.lang.ClassLoader.defineClass(java.lang.String,byte[],int,int,java.security.ProtectionDomain)
WARNING: Please consider reporting this to the maintainers of com.google.inject.internal.cglib.core.$ReflectUtils$1
WARNING: Use --illegal-access=warn to enable warnings of further illegal reflective access operations
WARNING: All illegal access operations will be denied in a future release
[[1;34mINFO[m] Scanning for projects...
[[1;34mINFO[m] 
[[1;34mINFO[m] [1m-------------------< [0;36morg.webgme.guest:FlatCase_exec[0;1m >-------------------[m
[[1;34mINFO[m] [1mBuilding FlatCase_exec 0.1.0-SNAPSHOT[m
[[1;34mINFO[m] [1m--------------------------------[ jar ]---------------------------------[m
[[1;34mINFO[m] 
[[1;34mINFO[m] [1m--- [0;32mexec-maven-plugin:1.5.0:java[m [1m(default-cli)[m @ [36mFlatCase_exec[0;1m ---[m

-------------------------------------------------------------------
GMS: address=vagrant-44962, cluster=FlatCase, physical address=192.168.0.21:59002
-------------------------------------------------------------------
18:13:40.173 [org.webgme.guest.passengermanag2.PassengerManag2.main()] INFO  org.webgme.guest.passengermanag2.PassengerManag2 - waiting on readyToPopulate...
18:13:50.630 [org.webgme.guest.passengermanag2.PassengerManag2.main()] INFO  org.webgme.guest.passengermanag2.PassengerManag2 - ...synchronized on readyToPopulate
18:13:50.633 [org.webgme.guest.passengermanag2.PassengerManag2.main()] INFO  org.webgme.guest.passengermanag2.PassengerManag2 - waiting on readyToRun...
18:13:50.889 [org.webgme.guest.passengermanag2.PassengerManag2.main()] INFO  org.webgme.guest.passengermanag2.PassengerManag2 - ...synchronized on readyToRun
18:13:50.899 [org.webgme.guest.passengermanag2.PassengerManag2.main()] INFO  org.webgme.guest.passengermanag2.PassengerManag2 - started logical time progression
18:16:42.990 [org.webgme.guest.passengermanag2.PassengerManag2.main()] INFO  org.cpswt.hla.SynchronizedFederate - PassengerManag2-f626194c-cf35-46e6-ae3f-4d1b561ad12d: SimEnd interaction received, exiting...
18:16:42.990 [org.webgme.guest.passengermanag2.PassengerManag2.main()] INFO  org.cpswt.hla.SynchronizedFederate - Exiting gracefully ....
18:16:48.049 [org.webgme.guest.passengermanag2.PassengerManag2.main()] INFO  org.webgme.guest.passengermanag2.PassengerManag2 - Done.
