WARNING: An illegal reflective access operation has occurred
WARNING: Illegal reflective access by com.google.inject.internal.cglib.core.$ReflectUtils$1 (file:/usr/share/maven/lib/guice.jar) to method java.lang.ClassLoader.defineClass(java.lang.String,byte[],int,int,java.security.ProtectionDomain)
WARNING: Please consider reporting this to the maintainers of com.google.inject.internal.cglib.core.$ReflectUtils$1
WARNING: Use --illegal-access=warn to enable warnings of further illegal reflective access operations
WARNING: All illegal access operations will be denied in a future release
[[1;34mINFO[m] Scanning for projects...
[[1;34mINFO[m] 
[[1;34mINFO[m] [1m-------------------< [0;36morg.webgme.guest:FlatCase_exec[0;1m >-------------------[m
[[1;34mINFO[m] [1mBuilding FlatCase_exec 0.1.0-SNAPSHOT[m
[[1;34mINFO[m] [1m--------------------------------[ jar ]---------------------------------[m
[[1;34mINFO[m] 
[[1;34mINFO[m] [1m--- [0;32mexec-maven-plugin:1.5.0:java[m [1m(default-cli)[m @ [36mFlatCase_exec[0;1m ---[m

-------------------------------------------------------------------
GMS: address=vagrant-33586, cluster=FlatCase, physical address=192.168.0.21:40563
-------------------------------------------------------------------
12:19:09.003 [org.webgme.guest.passengermanag1.PassengerManag1.main()] INFO  org.webgme.guest.passengermanag1.PassengerManag1 - waiting on readyToPopulate...
12:19:40.694 [org.webgme.guest.passengermanag1.PassengerManag1.main()] INFO  org.webgme.guest.passengermanag1.PassengerManag1 - ...synchronized on readyToPopulate
12:19:40.695 [org.webgme.guest.passengermanag1.PassengerManag1.main()] INFO  org.webgme.guest.passengermanag1.PassengerManag1 - waiting on readyToRun...
12:19:40.946 [org.webgme.guest.passengermanag1.PassengerManag1.main()] INFO  org.webgme.guest.passengermanag1.PassengerManag1 - ...synchronized on readyToRun
12:19:40.953 [org.webgme.guest.passengermanag1.PassengerManag1.main()] INFO  org.webgme.guest.passengermanag1.PassengerManag1 - started logical time progression
