WARNING: An illegal reflective access operation has occurred
WARNING: Illegal reflective access by com.google.inject.internal.cglib.core.$ReflectUtils$1 (file:/usr/share/maven/lib/guice.jar) to method java.lang.ClassLoader.defineClass(java.lang.String,byte[],int,int,java.security.ProtectionDomain)
WARNING: Please consider reporting this to the maintainers of com.google.inject.internal.cglib.core.$ReflectUtils$1
WARNING: Use --illegal-access=warn to enable warnings of further illegal reflective access operations
WARNING: All illegal access operations will be denied in a future release
[[1;34mINFO[m] Scanning for projects...
[[1;34mINFO[m] 
[[1;34mINFO[m] [1m-------------------< [0;36morg.webgme.guest:FlatCase_exec[0;1m >-------------------[m
[[1;34mINFO[m] [1mBuilding FlatCase_exec 0.1.0-SNAPSHOT[m
[[1;34mINFO[m] [1m--------------------------------[ jar ]---------------------------------[m
[[1;34mINFO[m] 
[[1;34mINFO[m] [1m--- [0;32mexec-maven-plugin:1.5.0:java[m [1m(default-cli)[m @ [36mFlatCase_exec[0;1m ---[m

-------------------------------------------------------------------
GMS: address=vagrant-18576, cluster=FlatCase, physical address=192.168.0.21:35759
-------------------------------------------------------------------
15:11:03.441 [org.webgme.guest.peopleflow.PeopleFlow.main()] INFO  org.webgme.guest.peopleflow.PeopleFlow - waiting on readyToPopulate...
15:11:03.695 [org.webgme.guest.peopleflow.PeopleFlow.main()] INFO  org.webgme.guest.peopleflow.PeopleFlow - ...synchronized on readyToPopulate
15:11:03.696 [org.webgme.guest.peopleflow.PeopleFlow.main()] INFO  org.webgme.guest.peopleflow.PeopleFlow - waiting on readyToRun...
15:11:03.947 [org.webgme.guest.peopleflow.PeopleFlow.main()] INFO  org.webgme.guest.peopleflow.PeopleFlow - ...synchronized on readyToRun
15:11:03.974 [org.webgme.guest.peopleflow.PeopleFlow.main()] INFO  org.webgme.guest.peopleflow.PeopleFlow - started logical time progression
