#
# There is insufficient memory for the Java Runtime Environment to continue.
# Native memory allocation (mmap) failed to map 130023424 bytes for committing reserved memory.
# Possible reasons:
#   The system is out of physical RAM or swap space
#   The process is running with CompressedOops enabled, and the Java Heap may be blocking the growth of the native heap
# Possible solutions:
#   Reduce memory load on the system
#   Increase physical memory or swap space
#   Check if swap backing store is full
#   Decrease Java heap size (-Xmx/-Xms)
#   Decrease number of Java threads
#   Decrease Java thread stack sizes (-Xss)
#   Set larger code cache with -XX:ReservedCodeCacheSize=
#   JVM is running with Unscaled Compressed Oops mode in which the Java heap is
#     placed in the first 4GB address space. The Java Heap base address is the
#     maximum limit for the native heap growth. Please use -XX:HeapBaseMinAddress
#     to set the Java Heap base and to place the Java Heap above 4GB virtual address.
# This output file may be truncated or incomplete.
#
#  Out of Memory Error (os_linux.cpp:2845), pid=29413, tid=29442
#
# JRE version: OpenJDK Runtime Environment (13.0.4+8) (build 13.0.4+8-Ubuntu-118.04)
# Java VM: OpenJDK 64-Bit Server VM (13.0.4+8-Ubuntu-118.04, mixed mode, tiered, compressed oops, g1 gc, linux-amd64)
# Core dump will be written. Default location: Core dumps may be processed with "/usr/share/apport/apport -p%p -s%s -c%c -d%d -P%P -u%u -g%g -- %E" (or dumping to /home/vagrant/Projects/UCEFCommonFederate/deployment/core.29413)
#

---------------  S U M M A R Y ------------

Command Line: -Dclassworlds.conf=/usr/share/maven/bin/m2.conf -Dmaven.home=/usr/share/maven -Dlibrary.jansi.path=/usr/share/maven/lib/jansi-native -Dmaven.multiModuleProjectDirectory=/home/vagrant/Projects/UCEFCommonFederate/deployment org.codehaus.plexus.classworlds.launcher.Launcher exec:java -P ExecJava,PeopleFlow

Host: Intel(R) Core(TM) i7-9700 CPU @ 3.00GHz, 2 cores, 3G, Ubuntu 18.04.6 LTS
Time: Wed Jan 25 22:51:15 2023 UTC elapsed time: 4 seconds (0d 0h 0m 4s)

---------------  T H R E A D  ---------------

Current thread (0x00007fdf440ff800):  VMThread "VM Thread" [stack: 0x00007fdf1b37a000,0x00007fdf1b47a000] [id=29442]

Stack: [0x00007fdf1b37a000,0x00007fdf1b47a000],  sp=0x00007fdf1b477fb0,  free space=1015k
Native frames: (J=compiled Java code, A=aot compiled Java code, j=interpreted, Vv=VM code, C=native code)
V  [libjvm.so+0xf117fa]
V  [libjvm.so+0xf123db]
V  [libjvm.so+0x6479e5]
V  [libjvm.so+0xbd14b8]
V  [libjvm.so+0xbc890d]
V  [libjvm.so+0x7725ff]
V  [libjvm.so+0x7729d4]
V  [libjvm.so+0x77e6b6]
V  [libjvm.so+0x803cde]
V  [libjvm.so+0x8049d0]
V  [libjvm.so+0x804ef7]
V  [libjvm.so+0x72a550]
V  [libjvm.so+0x72f266]
V  [libjvm.so+0x79c764]
V  [libjvm.so+0xf13008]
V  [libjvm.so+0xf18c17]
V  [libjvm.so+0xf1939c]
V  [libjvm.so+0xf19667]
V  [libjvm.so+0xea7e4d]
V  [libjvm.so+0xbd5c67]

VM_Operation (0x00007fdf4c3a24a0): G1CollectForAllocation, mode: safepoint, requested by thread 0x00007fdf44019800


---------------  P R O C E S S  ---------------

Threads class SMR info:
_java_thread_list=0x00007fdf44205e70, length=9, elements={
0x00007fdf44019800, 0x00007fdf4410c000, 0x00007fdf4410f000, 0x00007fdf44134000,
0x00007fdf44136000, 0x00007fdf44138000, 0x00007fdf4413a000, 0x00007fdf441f4000,
0x00007fdf44202000
}

Java Threads: ( => current thread )
  0x00007fdf44019800 JavaThread "main" [_thread_blocked, id=29436, stack(0x00007fdf4c2a5000,0x00007fdf4c3a6000)]
  0x00007fdf4410c000 JavaThread "Reference Handler" daemon [_thread_blocked, id=29443, stack(0x00007fdf1b277000,0x00007fdf1b378000)]
  0x00007fdf4410f000 JavaThread "Finalizer" daemon [_thread_blocked, id=29444, stack(0x00007fdf1b176000,0x00007fdf1b277000)]
  0x00007fdf44134000 JavaThread "Signal Dispatcher" daemon [_thread_blocked, id=29445, stack(0x00007fdf1ad97000,0x00007fdf1ae98000)]
  0x00007fdf44136000 JavaThread "C2 CompilerThread0" daemon [_thread_blocked, id=29446, stack(0x00007fdf1ac96000,0x00007fdf1ad97000)]
  0x00007fdf44138000 JavaThread "C1 CompilerThread0" daemon [_thread_blocked, id=29447, stack(0x00007fdf1ab95000,0x00007fdf1ac96000)]
  0x00007fdf4413a000 JavaThread "Sweeper thread" daemon [_thread_blocked, id=29448, stack(0x00007fdf1aa94000,0x00007fdf1ab95000)]
  0x00007fdf441f4000 JavaThread "Service Thread" daemon [_thread_blocked, id=29449, stack(0x00007fdf1a993000,0x00007fdf1aa94000)]
  0x00007fdf44202000 JavaThread "Common-Cleaner" daemon [_thread_blocked, id=29451, stack(0x00007fdf1a790000,0x00007fdf1a891000)]

Other Threads:
=>0x00007fdf440ff800 VMThread "VM Thread" [stack: 0x00007fdf1b37a000,0x00007fdf1b47a000] [id=29442]
  0x00007fdf441f6800 WatcherThread [stack: 0x00007fdf1a893000,0x00007fdf1a993000] [id=29450]
  0x00007fdf44048000 GCTaskThread "GC Thread#0" [stack: 0x00007fdf2a3cf000,0x00007fdf2a4cf000] [id=29437]
  0x00007fdf10001000 GCTaskThread "GC Thread#1" [stack: 0x00007fdf1a268000,0x00007fdf1a368000] [id=29452]
  0x00007fdf44052000 ConcurrentGCThread "G1 Main Marker" [stack: 0x00007fdf2a2cd000,0x00007fdf2a3cd000] [id=29438]
  0x00007fdf44053800 ConcurrentGCThread "G1 Conc#0" [stack: 0x00007fdf2a1cb000,0x00007fdf2a2cb000] [id=29439]
  0x00007fdf4408f000 ConcurrentGCThread "G1 Refine#0" [stack: 0x00007fdf1bdff000,0x00007fdf1beff000] [id=29440]
  0x00007fdf14001000 ConcurrentGCThread "G1 Refine#1" [stack: 0x00007fdf1a166000,0x00007fdf1a266000] [id=29453]
  0x00007fdf44091000 ConcurrentGCThread "G1 Young RemSet Sampling" [stack: 0x00007fdf1bcfd000,0x00007fdf1bdfd000] [id=29441]

Threads with active compile tasks:
C2 CompilerThread0     4053  781       4       java.lang.CharacterDataLatin1::toLowerCase (39 bytes)

VM state:at safepoint (normal execution)

VM Mutex/Monitor currently owned by a thread:  ([mutex/lock_event])
[0x00007fdf44014810] Threads_lock - owner thread: 0x00007fdf440ff800
[0x00007fdf44015410] Heap_lock - owner thread: 0x00007fdf44019800

Heap address: 0x00000000c2400000, size: 988 MB, Compressed Oops mode: 32-bit
Narrow klass base: 0x0000000000000000, Narrow klass shift: 3
Compressed class space size: 1073741824 Address: 0x0000000100000000

Heap:
 garbage-first heap   total 190464K, used 3313K [0x00000000c2400000, 0x0000000100000000)
  region size 1024K, 1 young (1024K), 1 survivors (1024K)
 Metaspace       used 12257K, capacity 12416K, committed 12672K, reserved 1060864K
  class space    used 1224K, capacity 1309K, committed 1408K, reserved 1048576K
Heap Regions: E=young(eden), S=young(survivor), O=old, HS=humongous(starts), HC=humongous(continues), CS=collection set, F=free, A=archive, TAMS=top-at-mark-start (previous, next)
|   0|0x00000000c2400000, 0x00000000c2500000, 0x00000000c2500000|100%| O|  |TAMS 0x00000000c2400000, 0x00000000c2400000| Untracked 
|   1|0x00000000c2500000, 0x00000000c2600000, 0x00000000c2600000|100%| O|  |TAMS 0x00000000c2500000, 0x00000000c2500000| Untracked 
|   2|0x00000000c2600000, 0x00000000c26abc00, 0x00000000c2700000| 67%| O|  |TAMS 0x00000000c2600000, 0x00000000c2600000| Untracked 
|   3|0x00000000c2700000, 0x00000000c2700000, 0x00000000c2800000|  0%| F|  |TAMS 0x00000000c2700000, 0x00000000c2700000| Untracked 
|   4|0x00000000c2800000, 0x00000000c2800000, 0x00000000c2900000|  0%| F|  |TAMS 0x00000000c2800000, 0x00000000c2800000| Untracked 
|   5|0x00000000c2900000, 0x00000000c2900000, 0x00000000c2a00000|  0%| F|  |TAMS 0x00000000c2900000, 0x00000000c2900000| Untracked 
|   6|0x00000000c2a00000, 0x00000000c2a00000, 0x00000000c2b00000|  0%| F|  |TAMS 0x00000000c2a00000, 0x00000000c2a00000| Untracked 
|   7|0x00000000c2b00000, 0x00000000c2b00000, 0x00000000c2c00000|  0%| F|  |TAMS 0x00000000c2b00000, 0x00000000c2b00000| Untracked 
|   8|0x00000000c2c00000, 0x00000000c2c00000, 0x00000000c2d00000|  0%| F|  |TAMS 0x00000000c2c00000, 0x00000000c2c00000| Untracked 
|   9|0x00000000c2d00000, 0x00000000c2d00000, 0x00000000c2e00000|  0%| F|  |TAMS 0x00000000c2d00000, 0x00000000c2d00000| Untracked 
|  10|0x00000000c2e00000, 0x00000000c2e00000, 0x00000000c2f00000|  0%| F|  |TAMS 0x00000000c2e00000, 0x00000000c2e00000| Untracked 
|  11|0x00000000c2f00000, 0x00000000c2f00000, 0x00000000c3000000|  0%| F|  |TAMS 0x00000000c2f00000, 0x00000000c2f00000| Untracked 
|  12|0x00000000c3000000, 0x00000000c3000000, 0x00000000c3100000|  0%| F|  |TAMS 0x00000000c3000000, 0x00000000c3000000| Untracked 
|  13|0x00000000c3100000, 0x00000000c3100000, 0x00000000c3200000|  0%| F|  |TAMS 0x00000000c3100000, 0x00000000c3100000| Untracked 
|  14|0x00000000c3200000, 0x00000000c3200000, 0x00000000c3300000|  0%| F|  |TAMS 0x00000000c3200000, 0x00000000c3200000| Untracked 
|  15|0x00000000c3300000, 0x00000000c3300000, 0x00000000c3400000|  0%| F|  |TAMS 0x00000000c3300000, 0x00000000c3300000| Untracked 
|  16|0x00000000c3400000, 0x00000000c3400000, 0x00000000c3500000|  0%| F|  |TAMS 0x00000000c3400000, 0x00000000c3400000| Untracked 
|  17|0x00000000c3500000, 0x00000000c3500000, 0x00000000c3600000|  0%| F|  |TAMS 0x00000000c3500000, 0x00000000c3500000| Untracked 
|  18|0x00000000c3600000, 0x00000000c3600000, 0x00000000c3700000|  0%| F|  |TAMS 0x00000000c3600000, 0x00000000c3600000| Untracked 
|  19|0x00000000c3700000, 0x00000000c3700000, 0x00000000c3800000|  0%| F|  |TAMS 0x00000000c3700000, 0x00000000c3700000| Untracked 
|  20|0x00000000c3800000, 0x00000000c3800000, 0x00000000c3900000|  0%| F|  |TAMS 0x00000000c3800000, 0x00000000c3800000| Untracked 
|  21|0x00000000c3900000, 0x00000000c3900000, 0x00000000c3a00000|  0%| F|  |TAMS 0x00000000c3900000, 0x00000000c3900000| Untracked 
|  22|0x00000000c3a00000, 0x00000000c3a00000, 0x00000000c3b00000|  0%| F|  |TAMS 0x00000000c3a00000, 0x00000000c3a00000| Untracked 
|  23|0x00000000c3b00000, 0x00000000c3b00000, 0x00000000c3c00000|  0%| F|  |TAMS 0x00000000c3b00000, 0x00000000c3b00000| Untracked 
|  24|0x00000000c3c00000, 0x00000000c3c00000, 0x00000000c3d00000|  0%| F|  |TAMS 0x00000000c3c00000, 0x00000000c3c00000| Untracked 
|  25|0x00000000c3d00000, 0x00000000c3d00000, 0x00000000c3e00000|  0%| F|  |TAMS 0x00000000c3d00000, 0x00000000c3d00000| Untracked 
|  26|0x00000000c3e00000, 0x00000000c3e00000, 0x00000000c3f00000|  0%| F|  |TAMS 0x00000000c3e00000, 0x00000000c3e00000| Untracked 
|  27|0x00000000c3f00000, 0x00000000c3f00000, 0x00000000c4000000|  0%| F|  |TAMS 0x00000000c3f00000, 0x00000000c3f00000| Untracked 
|  28|0x00000000c4000000, 0x00000000c4000000, 0x00000000c4100000|  0%| F|  |TAMS 0x00000000c4000000, 0x00000000c4000000| Untracked 
|  29|0x00000000c4100000, 0x00000000c4100000, 0x00000000c4200000|  0%| F|  |TAMS 0x00000000c4100000, 0x00000000c4100000| Untracked 
|  30|0x00000000c4200000, 0x00000000c4200000, 0x00000000c4300000|  0%| F|  |TAMS 0x00000000c4200000, 0x00000000c4200000| Untracked 
|  31|0x00000000c4300000, 0x00000000c4300000, 0x00000000c4400000|  0%| F|  |TAMS 0x00000000c4300000, 0x00000000c4300000| Untracked 
|  32|0x00000000c4400000, 0x00000000c4400000, 0x00000000c4500000|  0%| F|  |TAMS 0x00000000c4400000, 0x00000000c4400000| Untracked 
|  33|0x00000000c4500000, 0x00000000c4500000, 0x00000000c4600000|  0%| F|  |TAMS 0x00000000c4500000, 0x00000000c4500000| Untracked 
|  34|0x00000000c4600000, 0x00000000c4600000, 0x00000000c4700000|  0%| F|  |TAMS 0x00000000c4600000, 0x00000000c4600000| Untracked 
|  35|0x00000000c4700000, 0x00000000c4700000, 0x00000000c4800000|  0%| F|  |TAMS 0x00000000c4700000, 0x00000000c4700000| Untracked 
|  36|0x00000000c4800000, 0x00000000c4800000, 0x00000000c4900000|  0%| F|  |TAMS 0x00000000c4800000, 0x00000000c4800000| Untracked 
|  37|0x00000000c4900000, 0x00000000c4900000, 0x00000000c4a00000|  0%| F|  |TAMS 0x00000000c4900000, 0x00000000c4900000| Untracked 
|  38|0x00000000c4a00000, 0x00000000c4a00000, 0x00000000c4b00000|  0%| F|  |TAMS 0x00000000c4a00000, 0x00000000c4a00000| Untracked 
|  39|0x00000000c4b00000, 0x00000000c4b00000, 0x00000000c4c00000|  0%| F|  |TAMS 0x00000000c4b00000, 0x00000000c4b00000| Untracked 
|  40|0x00000000c4c00000, 0x00000000c4c00000, 0x00000000c4d00000|  0%| F|  |TAMS 0x00000000c4c00000, 0x00000000c4c00000| Untracked 
|  41|0x00000000c4d00000, 0x00000000c4d00000, 0x00000000c4e00000|  0%| F|  |TAMS 0x00000000c4d00000, 0x00000000c4d00000| Untracked 
|  42|0x00000000c4e00000, 0x00000000c4e00000, 0x00000000c4f00000|  0%| F|  |TAMS 0x00000000c4e00000, 0x00000000c4e00000| Untracked 
|  43|0x00000000c4f00000, 0x00000000c4f00000, 0x00000000c5000000|  0%| F|  |TAMS 0x00000000c4f00000, 0x00000000c4f00000| Untracked 
|  44|0x00000000c5000000, 0x00000000c5000000, 0x00000000c5100000|  0%| F|  |TAMS 0x00000000c5000000, 0x00000000c5000000| Untracked 
|  45|0x00000000c5100000, 0x00000000c5100000, 0x00000000c5200000|  0%| F|  |TAMS 0x00000000c5100000, 0x00000000c5100000| Untracked 
|  46|0x00000000c5200000, 0x00000000c5200000, 0x00000000c5300000|  0%| F|  |TAMS 0x00000000c5200000, 0x00000000c5200000| Untracked 
|  47|0x00000000c5300000, 0x00000000c5300000, 0x00000000c5400000|  0%| F|  |TAMS 0x00000000c5300000, 0x00000000c5300000| Untracked 
|  48|0x00000000c5400000, 0x00000000c5400000, 0x00000000c5500000|  0%| F|  |TAMS 0x00000000c5400000, 0x00000000c5400000| Untracked 
|  49|0x00000000c5500000, 0x00000000c5500000, 0x00000000c5600000|  0%| F|  |TAMS 0x00000000c5500000, 0x00000000c5500000| Untracked 
|  50|0x00000000c5600000, 0x00000000c5600000, 0x00000000c5700000|  0%| F|  |TAMS 0x00000000c5600000, 0x00000000c5600000| Untracked 
|  51|0x00000000c5700000, 0x00000000c5700000, 0x00000000c5800000|  0%| F|  |TAMS 0x00000000c5700000, 0x00000000c5700000| Untracked 
|  52|0x00000000c5800000, 0x00000000c5800000, 0x00000000c5900000|  0%| F|  |TAMS 0x00000000c5800000, 0x00000000c5800000| Untracked 
|  53|0x00000000c5900000, 0x00000000c5900000, 0x00000000c5a00000|  0%| F|  |TAMS 0x00000000c5900000, 0x00000000c5900000| Untracked 
|  54|0x00000000c5a00000, 0x00000000c5a00000, 0x00000000c5b00000|  0%| F|  |TAMS 0x00000000c5a00000, 0x00000000c5a00000| Untracked 
|  55|0x00000000c5b00000, 0x00000000c5b00000, 0x00000000c5c00000|  0%| F|  |TAMS 0x00000000c5b00000, 0x00000000c5b00000| Untracked 
|  56|0x00000000c5c00000, 0x00000000c5c00000, 0x00000000c5d00000|  0%| F|  |TAMS 0x00000000c5c00000, 0x00000000c5c00000| Untracked 
|  57|0x00000000c5d00000, 0x00000000c5d00000, 0x00000000c5e00000|  0%| F|  |TAMS 0x00000000c5d00000, 0x00000000c5d00000| Untracked 
|  58|0x00000000c5e00000, 0x00000000c5e908f0, 0x00000000c5f00000| 56%| S|CS|TAMS 0x00000000c5e00000, 0x00000000c5e00000| Complete 
|  59|0x00000000c5f00000, 0x00000000c5f00000, 0x00000000c6000000|  0%| F|  |TAMS 0x00000000c5f00000, 0x00000000c5f00000| Untracked 
|  60|0x00000000c6000000, 0x00000000c6000000, 0x00000000c6100000|  0%| F|  |TAMS 0x00000000c6000000, 0x00000000c6000000| Untracked 
|  61|0x00000000c6100000, 0x00000000c6100000, 0x00000000c6200000|  0%| F|  |TAMS 0x00000000c6100000, 0x00000000c6100000| Untracked 

Card table byte_map: [0x00007fdf2c59d000,0x00007fdf2c78b000] _byte_map_base: 0x00007fdf2bf8b000

Marking Bits (Prev, Next): (CMBitMap*) 0x00007fdf440491e8, (CMBitMap*) 0x00007fdf44049228
 Prev Bits: [0x00007fdf2b43f000, 0x00007fdf2c3af000)
 Next Bits: [0x00007fdf2a4cf000, 0x00007fdf2b43f000)

Polling page: 0x00007fdf4c3b8000

Metaspace:

Usage:
  Non-class:     10.85 MB capacity,    10.77 MB (>99%) used,    62.76 KB ( <1%) free+waste,    11.12 KB ( <1%) overhead. 
      Class:      1.28 MB capacity,     1.20 MB ( 94%) used,    80.10 KB (  6%) free+waste,     4.75 KB ( <1%) overhead. 
       Both:     12.12 MB capacity,    11.97 MB ( 99%) used,   142.86 KB (  1%) free+waste,    15.88 KB ( <1%) overhead. 

Virtual space:
  Non-class space:       12.00 MB reserved,      11.00 MB ( 92%) committed 
      Class space:        1.00 GB reserved,       1.38 MB ( <1%) committed 
             Both:        1.01 GB reserved,      12.38 MB (  1%) committed 

Chunk freelists:
   Non-Class:  141.00 KB
       Class:  3.00 KB
        Both:  144.00 KB

MaxMetaspaceSize: unlimited
CompressedClassSpaceSize: 1.00 GB

CodeHeap 'non-profiled nmethods': size=120036Kb used=231Kb max_used=231Kb free=119804Kb
 bounds [0x00007fdf34252000, 0x00007fdf344c2000, 0x00007fdf3b78b000]
CodeHeap 'profiled nmethods': size=120032Kb used=1507Kb max_used=1507Kb free=118524Kb
 bounds [0x00007fdf2cd1a000, 0x00007fdf2cf8a000, 0x00007fdf34252000]
CodeHeap 'non-nmethods': size=5692Kb used=1128Kb max_used=1147Kb free=4563Kb
 bounds [0x00007fdf2c78b000, 0x00007fdf2c9fb000, 0x00007fdf2cd1a000]
 total_blobs=1160 nmethods=780 adapters=294
 compilation: enabled
              stopped_count=0, restarted_count=0
 full_count=0

Compilation events (20 events):
Event: 4.024 Thread 0x00007fdf44138000 nmethod 771 0x00007fdf2ce8de10 code [0x00007fdf2ce8dfe0, 0x00007fdf2ce8e2f0]
Event: 4.024 Thread 0x00007fdf44138000  772       3       jdk.internal.reflect.ReflectionFactory::copyMethod (10 bytes)
Event: 4.024 Thread 0x00007fdf44138000 nmethod 772 0x00007fdf2ce8e410 code [0x00007fdf2ce8e5e0, 0x00007fdf2ce8e8e0]
Event: 4.024 Thread 0x00007fdf44138000  773       3       java.lang.reflect.Method::<init> (68 bytes)
Event: 4.024 Thread 0x00007fdf44138000 nmethod 773 0x00007fdf2ce8ea90 code [0x00007fdf2ce8ec60, 0x00007fdf2ce8f1f0]
Event: 4.028 Thread 0x00007fdf44138000  774       3       java.util.ArrayList::iterator (9 bytes)
Event: 4.028 Thread 0x00007fdf44138000 nmethod 774 0x00007fdf2ce8f310 code [0x00007fdf2ce8f4c0, 0x00007fdf2ce8f730]
Event: 4.028 Thread 0x00007fdf44138000  775       3       sun.reflect.generics.parser.SignatureParser::skipIdentifier (67 bytes)
Event: 4.028 Thread 0x00007fdf44138000 nmethod 775 0x00007fdf2ce8f810 code [0x00007fdf2ce8fa20, 0x00007fdf2ce8ffa0]
Event: 4.029 Thread 0x00007fdf44138000  776       3       java.lang.Integer::numberOfLeadingZeros (79 bytes)
Event: 4.030 Thread 0x00007fdf44138000 nmethod 776 0x00007fdf2ce90190 code [0x00007fdf2ce90340, 0x00007fdf2ce905d0]
Event: 4.030 Thread 0x00007fdf44138000  777       3       java.util.ArrayList::<init> (61 bytes)
Event: 4.030 Thread 0x00007fdf44138000 nmethod 777 0x00007fdf2ce90690 code [0x00007fdf2ce90900, 0x00007fdf2ce91450]
Event: 4.031 Thread 0x00007fdf44138000  778   !   3       java.lang.reflect.Executable::declaredAnnotations (85 bytes)
Event: 4.031 Thread 0x00007fdf44138000 nmethod 778 0x00007fdf2ce91810 code [0x00007fdf2ce91a40, 0x00007fdf2ce923a0]
Event: 4.031 Thread 0x00007fdf44138000  779       1       sun.reflect.generics.visitor.Reifier::getFactory (5 bytes)
Event: 4.031 Thread 0x00007fdf44138000 nmethod 779 0x00007fdf3428ba90 code [0x00007fdf3428bc20, 0x00007fdf3428bcd0]
Event: 4.032 Thread 0x00007fdf44138000  780       3       com.google.common.base.Preconditions::checkNotNull (18 bytes)
Event: 4.032 Thread 0x00007fdf44138000 nmethod 780 0x00007fdf2ce92710 code [0x00007fdf2ce928e0, 0x00007fdf2ce92c30]
Event: 4.041 Thread 0x00007fdf44136000  781       4       java.lang.CharacterDataLatin1::toLowerCase (39 bytes)

GC Heap History (9 events):
Event: 0.562 GC heap before
{Heap before GC invocations=0 (full 0):
 garbage-first heap   total 63488K, used 7168K [0x00000000c2400000, 0x0000000100000000)
  region size 1024K, 7 young (7168K), 0 survivors (0K)
 Metaspace       used 8821K, capacity 8976K, committed 9088K, reserved 1056768K
  class space    used 771K, capacity 842K, committed 896K, reserved 1048576K
}
Event: 0.891 GC heap after
{Heap after GC invocations=1 (full 0):
 garbage-first heap   total 63488K, used 2651K [0x00000000c2400000, 0x0000000100000000)
  region size 1024K, 1 young (1024K), 1 survivors (1024K)
 Metaspace       used 8821K, capacity 8976K, committed 9088K, reserved 1056768K
  class space    used 771K, capacity 842K, committed 896K, reserved 1048576K
}
Event: 1.704 GC heap before
{Heap before GC invocations=1 (full 0):
 garbage-first heap   total 63488K, used 4699K [0x00000000c2400000, 0x0000000100000000)
  region size 1024K, 3 young (3072K), 1 survivors (1024K)
 Metaspace       used 9976K, capacity 10196K, committed 10496K, reserved 1058816K
  class space    used 920K, capacity 1017K, committed 1024K, reserved 1048576K
}
Event: 1.936 GC heap after
{Heap after GC invocations=2 (full 0):
 garbage-first heap   total 63488K, used 3030K [0x00000000c2400000, 0x0000000100000000)
  region size 1024K, 1 young (1024K), 1 survivors (1024K)
 Metaspace       used 9976K, capacity 10196K, committed 10496K, reserved 1058816K
  class space    used 920K, capacity 1017K, committed 1024K, reserved 1048576K
}
Event: 2.132 GC heap before
{Heap before GC invocations=2 (full 0):
 garbage-first heap   total 63488K, used 5078K [0x00000000c2400000, 0x0000000100000000)
  region size 1024K, 4 young (4096K), 1 survivors (1024K)
 Metaspace       used 10806K, capacity 10996K, committed 11136K, reserved 1058816K
  class space    used 1031K, capacity 1113K, committed 1152K, reserved 1048576K
}
Event: 2.729 GC heap after
{Heap after GC invocations=3 (full 0):
 garbage-first heap   total 63488K, used 3118K [0x00000000c2400000, 0x0000000100000000)
  region size 1024K, 1 young (1024K), 1 survivors (1024K)
 Metaspace       used 10806K, capacity 10996K, committed 11136K, reserved 1058816K
  class space    used 1031K, capacity 1113K, committed 1152K, reserved 1048576K
}
Event: 3.370 GC heap before
{Heap before GC invocations=3 (full 0):
 garbage-first heap   total 63488K, used 5166K [0x00000000c2400000, 0x0000000100000000)
  region size 1024K, 3 young (3072K), 1 survivors (1024K)
 Metaspace       used 11304K, capacity 11444K, committed 11776K, reserved 1060864K
  class space    used 1111K, capacity 1177K, committed 1280K, reserved 1048576K
}
Event: 3.394 GC heap after
{Heap after GC invocations=4 (full 0):
 garbage-first heap   total 63488K, used 3122K [0x00000000c2400000, 0x0000000100000000)
  region size 1024K, 1 young (1024K), 1 survivors (1024K)
 Metaspace       used 11304K, capacity 11444K, committed 11776K, reserved 1060864K
  class space    used 1111K, capacity 1177K, committed 1280K, reserved 1048576K
}
Event: 4.043 GC heap before
{Heap before GC invocations=4 (full 0):
 garbage-first heap   total 63488K, used 5170K [0x00000000c2400000, 0x0000000100000000)
  region size 1024K, 3 young (3072K), 1 survivors (1024K)
 Metaspace       used 12257K, capacity 12416K, committed 12672K, reserved 1060864K
  class space    used 1224K, capacity 1309K, committed 1408K, reserved 1048576K
}

Deoptimization events (20 events):
Event: 0.429 Thread 0x00007fdf44019800 DEOPT PACKING pc=0x00007fdf2cd60972 sp=0x00007fdf4c39fb30
Event: 0.429 Thread 0x00007fdf44019800 DEOPT UNPACKING pc=0x00007fdf2c7d433a sp=0x00007fdf4c39efb8 mode 0
Event: 0.435 Thread 0x00007fdf44019800 DEOPT PACKING pc=0x00007fdf2cd60972 sp=0x00007fdf4c3a30e0
Event: 0.435 Thread 0x00007fdf44019800 DEOPT UNPACKING pc=0x00007fdf2c7d433a sp=0x00007fdf4c3a2568 mode 0
Event: 0.454 Thread 0x00007fdf44019800 DEOPT PACKING pc=0x00007fdf2cd60972 sp=0x00007fdf4c39f930
Event: 0.454 Thread 0x00007fdf44019800 DEOPT UNPACKING pc=0x00007fdf2c7d433a sp=0x00007fdf4c39edb8 mode 0
Event: 0.459 Thread 0x00007fdf44019800 DEOPT PACKING pc=0x00007fdf2cd60972 sp=0x00007fdf4c39f860
Event: 0.459 Thread 0x00007fdf44019800 DEOPT UNPACKING pc=0x00007fdf2c7d433a sp=0x00007fdf4c39ece8 mode 0
Event: 0.461 Thread 0x00007fdf44019800 DEOPT PACKING pc=0x00007fdf2cd60972 sp=0x00007fdf4c3a3070
Event: 0.461 Thread 0x00007fdf44019800 DEOPT UNPACKING pc=0x00007fdf2c7d433a sp=0x00007fdf4c3a24f8 mode 0
Event: 0.942 Thread 0x00007fdf44019800 Uncommon trap: trap_request=0xffffff45 fr.pc=0x00007fdf34263f58 relative=0x0000000000000058
Event: 0.942 Thread 0x00007fdf44019800 Uncommon trap: reason=unstable_if action=reinterpret pc=0x00007fdf34263f58 method=java.lang.String.isLatin1()Z @ 10 c2
Event: 0.942 Thread 0x00007fdf44019800 DEOPT PACKING pc=0x00007fdf34263f58 sp=0x00007fdf4c3a33f0
Event: 0.942 Thread 0x00007fdf44019800 DEOPT UNPACKING pc=0x00007fdf2c7d3e25 sp=0x00007fdf4c3a33a0 mode 2
Event: 1.002 Thread 0x00007fdf44019800 DEOPT PACKING pc=0x00007fdf2cd60972 sp=0x00007fdf4c3a1970
Event: 1.002 Thread 0x00007fdf44019800 DEOPT UNPACKING pc=0x00007fdf2c7d433a sp=0x00007fdf4c3a0df8 mode 0
Event: 1.029 Thread 0x00007fdf44019800 DEOPT PACKING pc=0x00007fdf2cd60972 sp=0x00007fdf4c3a14e0
Event: 1.029 Thread 0x00007fdf44019800 DEOPT UNPACKING pc=0x00007fdf2c7d433a sp=0x00007fdf4c3a0968 mode 0
Event: 3.278 Thread 0x00007fdf44019800 DEOPT PACKING pc=0x00007fdf2cd57ce8 sp=0x00007fdf4c3a21a0
Event: 3.278 Thread 0x00007fdf44019800 DEOPT UNPACKING pc=0x00007fdf2c7d433a sp=0x00007fdf4c3a1610 mode 0

Classes unloaded (0 events):
No events

Classes redefined (0 events):
No events

Internal exceptions (5 events):
Event: 0.262 Thread 0x00007fdf44019800 Exception <a 'java/lang/NoSuchMethodError'{0x00000000c5fb7698}: 'int java.lang.invoke.DirectMethodHandle$Holder.invokeSpecialIFC(java.lang.Object, java.lang.Object, int)'> (0x00000000c5fb7698) 
thrown [src/hotspot/share/interpreter/linkResolver.cpp, line 767]
Event: 0.355 Thread 0x00007fdf44019800 Exception <a 'java/lang/NoClassDefFoundError'{0x00000000c5e1cf68}: org/fusesource/jansi/internal/CLibrary> (0x00000000c5e1cf68) 
thrown [src/hotspot/share/classfile/systemDictionary.cpp, line 221]
Event: 0.355 Thread 0x00007fdf44019800 Exception <a 'java/lang/NoClassDefFoundError'{0x00000000c5e1d4d0}: org/fusesource/jansi/internal/CLibrary> (0x00000000c5e1d4d0) 
thrown [src/hotspot/share/oops/constantPool.cpp, line 781]
Event: 0.355 Thread 0x00007fdf44019800 Exception <a 'java/lang/NoClassDefFoundError'{0x00000000c5e23970}: org/fusesource/jansi/internal/CLibrary> (0x00000000c5e23970) 
thrown [src/hotspot/share/oops/constantPool.cpp, line 781]
Event: 0.355 Thread 0x00007fdf44019800 Exception <a 'java/lang/NoClassDefFoundError'{0x00000000c5e23c90}: org/fusesource/jansi/internal/CLibrary> (0x00000000c5e23c90) 
thrown [src/hotspot/share/oops/constantPool.cpp, line 781]

Events (20 events):
Event: 4.030 loading class sun/reflect/generics/tree/ArrayTypeSignature done
Event: 4.030 loading class sun/reflect/generics/reflectiveObjects/GenericArrayTypeImpl
Event: 4.030 loading class sun/reflect/generics/reflectiveObjects/GenericArrayTypeImpl done
Event: 4.032 loading class org/eclipse/sisu/plexus/PlexusTypeBinder
Event: 4.032 loading class org/eclipse/sisu/plexus/PlexusTypeBinder done
Event: 4.034 loading class org/eclipse/sisu/space/QualifiedTypeBinder
Event: 4.034 loading class org/eclipse/sisu/space/QualifiedTypeBinder done
Event: 4.035 loading class java/lang/annotation/IncompleteAnnotationException
Event: 4.036 loading class java/lang/annotation/IncompleteAnnotationException done
Event: 4.036 loading class javax/enterprise/inject/Typed
Event: 4.036 loading class javax/enterprise/inject/Typed done
Event: 4.036 loading class sun/security/util/ManifestEntryVerifier
Event: 4.037 loading class sun/security/util/ManifestEntryVerifier done
Event: 4.038 loading class sun/security/util/SignatureFileVerifier
Event: 4.039 loading class sun/security/util/SignatureFileVerifier done
Event: 4.040 loading class org/eclipse/sisu/plexus/PlexusXmlScanner
Event: 4.040 loading class org/eclipse/sisu/plexus/PlexusXmlScanner done
Event: 4.041 loading class org/eclipse/sisu/plexus/PlexusTypeRegistry
Event: 4.041 loading class org/eclipse/sisu/plexus/PlexusTypeRegistry done
Event: 4.041 Executing VM operation: G1CollectForAllocation


Dynamic libraries:
c2400000-c6200000 rw-p 00000000 00:00 0 
cde00000-100000000 ---p 00000000 00:00 0 
100000000-100160000 rw-p 00000000 00:00 0 
100160000-140000000 ---p 00000000 00:00 0 
55b9dd8a8000-55b9dd8a9000 r-xp 00000000 fd:00 1976086                    /usr/lib/jvm/java-13-openjdk-amd64/bin/java
55b9ddaa9000-55b9ddaaa000 r--p 00001000 fd:00 1976086                    /usr/lib/jvm/java-13-openjdk-amd64/bin/java
55b9ddaaa000-55b9ddaab000 rw-p 00002000 fd:00 1976086                    /usr/lib/jvm/java-13-openjdk-amd64/bin/java
55b9deeee000-55b9def0f000 rw-p 00000000 00:00 0                          [heap]
7fdeec000000-7fdeec021000 rw-p 00000000 00:00 0 
7fdeec021000-7fdef0000000 ---p 00000000 00:00 0 
7fdef0000000-7fdef0021000 rw-p 00000000 00:00 0 
7fdef0021000-7fdef4000000 ---p 00000000 00:00 0 
7fdef4000000-7fdef45e1000 rw-p 00000000 00:00 0 
7fdef45e1000-7fdef8000000 ---p 00000000 00:00 0 
7fdef8000000-7fdef8021000 rw-p 00000000 00:00 0 
7fdef8021000-7fdefc000000 ---p 00000000 00:00 0 
7fdefc000000-7fdefc021000 rw-p 00000000 00:00 0 
7fdefc021000-7fdf00000000 ---p 00000000 00:00 0 
7fdf00000000-7fdf001a1000 rw-p 00000000 00:00 0 
7fdf001a1000-7fdf04000000 ---p 00000000 00:00 0 
7fdf04000000-7fdf04021000 rw-p 00000000 00:00 0 
7fdf04021000-7fdf08000000 ---p 00000000 00:00 0 
7fdf08000000-7fdf08021000 rw-p 00000000 00:00 0 
7fdf08021000-7fdf0c000000 ---p 00000000 00:00 0 
7fdf0c000000-7fdf0c021000 rw-p 00000000 00:00 0 
7fdf0c021000-7fdf10000000 ---p 00000000 00:00 0 
7fdf10000000-7fdf10021000 rw-p 00000000 00:00 0 
7fdf10021000-7fdf14000000 ---p 00000000 00:00 0 
7fdf14000000-7fdf14021000 rw-p 00000000 00:00 0 
7fdf14021000-7fdf18000000 ---p 00000000 00:00 0 
7fdf19d64000-7fdf19e64000 rw-p 00000000 00:00 0 
7fdf19e64000-7fdf19f64000 ---p 00000000 00:00 0 
7fdf19f64000-7fdf1a164000 rw-p 00000000 00:00 0 
7fdf1a164000-7fdf1a165000 ---p 00000000 00:00 0 
7fdf1a165000-7fdf1a266000 rw-p 00000000 00:00 0 
7fdf1a266000-7fdf1a267000 ---p 00000000 00:00 0 
7fdf1a267000-7fdf1a368000 rw-p 00000000 00:00 0 
7fdf1a368000-7fdf1a37d000 r-xp 00000000 fd:00 1979800                    /usr/lib/jvm/java-13-openjdk-amd64/lib/libnet.so
7fdf1a37d000-7fdf1a57c000 ---p 00015000 fd:00 1979800                    /usr/lib/jvm/java-13-openjdk-amd64/lib/libnet.so
7fdf1a57c000-7fdf1a57d000 r--p 00014000 fd:00 1979800                    /usr/lib/jvm/java-13-openjdk-amd64/lib/libnet.so
7fdf1a57d000-7fdf1a57e000 rw-p 00015000 fd:00 1979800                    /usr/lib/jvm/java-13-openjdk-amd64/lib/libnet.so
7fdf1a57e000-7fdf1a58f000 r-xp 00000000 fd:00 1979801                    /usr/lib/jvm/java-13-openjdk-amd64/lib/libnio.so
7fdf1a58f000-7fdf1a78e000 ---p 00011000 fd:00 1979801                    /usr/lib/jvm/java-13-openjdk-amd64/lib/libnio.so
7fdf1a78e000-7fdf1a78f000 r--p 00010000 fd:00 1979801                    /usr/lib/jvm/java-13-openjdk-amd64/lib/libnio.so
7fdf1a78f000-7fdf1a790000 rw-p 00011000 fd:00 1979801                    /usr/lib/jvm/java-13-openjdk-amd64/lib/libnio.so
7fdf1a790000-7fdf1a794000 ---p 00000000 00:00 0 
7fdf1a794000-7fdf1a891000 rw-p 00000000 00:00 0 
7fdf1a891000-7fdf1a892000 ---p 00000000 00:00 0 
7fdf1a892000-7fdf1a993000 rw-p 00000000 00:00 0 
7fdf1a993000-7fdf1a997000 ---p 00000000 00:00 0 
7fdf1a997000-7fdf1aa94000 rw-p 00000000 00:00 0 
7fdf1aa94000-7fdf1aa98000 ---p 00000000 00:00 0 
7fdf1aa98000-7fdf1ab95000 rw-p 00000000 00:00 0 
7fdf1ab95000-7fdf1ab99000 ---p 00000000 00:00 0 
7fdf1ab99000-7fdf1ac96000 rw-p 00000000 00:00 0 
7fdf1ac96000-7fdf1ac9a000 ---p 00000000 00:00 0 
7fdf1ac9a000-7fdf1ad97000 rw-p 00000000 00:00 0 
7fdf1ad97000-7fdf1ad9b000 ---p 00000000 00:00 0 
7fdf1ad9b000-7fdf1ae98000 rw-p 00000000 00:00 0 
7fdf1ae98000-7fdf1b176000 r--p 00000000 fd:00 1975642                    /usr/lib/locale/locale-archive
7fdf1b176000-7fdf1b17a000 ---p 00000000 00:00 0 
7fdf1b17a000-7fdf1b277000 rw-p 00000000 00:00 0 
7fdf1b277000-7fdf1b27b000 ---p 00000000 00:00 0 
7fdf1b27b000-7fdf1b378000 rw-p 00000000 00:00 0 
7fdf1b378000-7fdf1b379000 ---p 00000000 00:00 0 
7fdf1b379000-7fdf1bcfb000 rw-p 00000000 00:00 0 
7fdf1bcfb000-7fdf1bcfc000 ---p 00000000 00:00 0 
7fdf1bcfc000-7fdf1bdfd000 rw-p 00000000 00:00 0 
7fdf1bdfd000-7fdf1bdfe000 ---p 00000000 00:00 0 
7fdf1bdfe000-7fdf1c000000 rw-p 00000000 00:00 0 
7fdf1c000000-7fdf1c021000 rw-p 00000000 00:00 0 
7fdf1c021000-7fdf20000000 ---p 00000000 00:00 0 
7fdf20000000-7fdf20021000 rw-p 00000000 00:00 0 
7fdf20021000-7fdf24000000 ---p 00000000 00:00 0 
7fdf24000000-7fdf24021000 rw-p 00000000 00:00 0 
7fdf24021000-7fdf28000000 ---p 00000000 00:00 0 
7fdf2806d000-7fdf2a1c9000 rw-p 00000000 00:00 0 
7fdf2a1c9000-7fdf2a1ca000 ---p 00000000 00:00 0 
7fdf2a1ca000-7fdf2a2cb000 rw-p 00000000 00:00 0 
7fdf2a2cb000-7fdf2a2cc000 ---p 00000000 00:00 0 
7fdf2a2cc000-7fdf2a3cd000 rw-p 00000000 00:00 0 
7fdf2a3cd000-7fdf2a3ce000 ---p 00000000 00:00 0 
7fdf2a3ce000-7fdf2a5c7000 rw-p 00000000 00:00 0 
7fdf2a5c7000-7fdf2b43f000 ---p 00000000 00:00 0 
7fdf2b43f000-7fdf2b537000 rw-p 00000000 00:00 0 
7fdf2b537000-7fdf2c3af000 ---p 00000000 00:00 0 
7fdf2c3af000-7fdf2c3ce000 rw-p 00000000 00:00 0 
7fdf2c3ce000-7fdf2c59d000 ---p 00000000 00:00 0 
7fdf2c59d000-7fdf2c5bc000 rw-p 00000000 00:00 0 
7fdf2c5bc000-7fdf2c78b000 ---p 00000000 00:00 0 
7fdf2c78b000-7fdf2c9fb000 rwxp 00000000 00:00 0 
7fdf2c9fb000-7fdf2cd1a000 ---p 00000000 00:00 0 
7fdf2cd1a000-7fdf2cf8a000 rwxp 00000000 00:00 0 
7fdf2cf8a000-7fdf34252000 ---p 00000000 00:00 0 
7fdf34252000-7fdf344c2000 rwxp 00000000 00:00 0 
7fdf344c2000-7fdf3b78b000 ---p 00000000 00:00 0 
7fdf3b78b000-7fdf44000000 r--s 00000000 fd:00 1979810                    /usr/lib/jvm/java-13-openjdk-amd64/lib/modules
7fdf44000000-7fdf4468e000 rw-p 00000000 00:00 0 
7fdf4468e000-7fdf48000000 ---p 00000000 00:00 0 
7fdf48042000-7fdf48061000 rw-p 00000000 00:00 0 
7fdf48061000-7fdf48230000 ---p 00000000 00:00 0 
7fdf48230000-7fdf48437000 rw-p 00000000 00:00 0 
7fdf48437000-7fdf4851d000 ---p 00000000 00:00 0 
7fdf4851d000-7fdf48522000 rw-p 00000000 00:00 0 
7fdf48522000-7fdf48608000 ---p 00000000 00:00 0 
7fdf48608000-7fdf4860f000 r-xp 00000000 fd:00 1979809                    /usr/lib/jvm/java-13-openjdk-amd64/lib/libzip.so
7fdf4860f000-7fdf4880e000 ---p 00007000 fd:00 1979809                    /usr/lib/jvm/java-13-openjdk-amd64/lib/libzip.so
7fdf4880e000-7fdf4880f000 r--p 00006000 fd:00 1979809                    /usr/lib/jvm/java-13-openjdk-amd64/lib/libzip.so
7fdf4880f000-7fdf48810000 rw-p 00007000 fd:00 1979809                    /usr/lib/jvm/java-13-openjdk-amd64/lib/libzip.so
7fdf48810000-7fdf4881b000 r-xp 00000000 fd:00 269532                     /lib/x86_64-linux-gnu/libnss_files-2.27.so
7fdf4881b000-7fdf48a1a000 ---p 0000b000 fd:00 269532                     /lib/x86_64-linux-gnu/libnss_files-2.27.so
7fdf48a1a000-7fdf48a1b000 r--p 0000a000 fd:00 269532                     /lib/x86_64-linux-gnu/libnss_files-2.27.so
7fdf48a1b000-7fdf48a1c000 rw-p 0000b000 fd:00 269532                     /lib/x86_64-linux-gnu/libnss_files-2.27.so
7fdf48a1c000-7fdf48a22000 rw-p 00000000 00:00 0 
7fdf48a22000-7fdf48a39000 r-xp 00000000 fd:00 269529                     /lib/x86_64-linux-gnu/libnsl-2.27.so
7fdf48a39000-7fdf48c38000 ---p 00017000 fd:00 269529                     /lib/x86_64-linux-gnu/libnsl-2.27.so
7fdf48c38000-7fdf48c39000 r--p 00016000 fd:00 269529                     /lib/x86_64-linux-gnu/libnsl-2.27.so
7fdf48c39000-7fdf48c3a000 rw-p 00017000 fd:00 269529                     /lib/x86_64-linux-gnu/libnsl-2.27.so
7fdf48c3a000-7fdf48c3c000 rw-p 00000000 00:00 0 
7fdf48c3c000-7fdf48c47000 r-xp 00000000 fd:00 269534                     /lib/x86_64-linux-gnu/libnss_nis-2.27.so
7fdf48c47000-7fdf48e46000 ---p 0000b000 fd:00 269534                     /lib/x86_64-linux-gnu/libnss_nis-2.27.so
7fdf48e46000-7fdf48e47000 r--p 0000a000 fd:00 269534                     /lib/x86_64-linux-gnu/libnss_nis-2.27.so
7fdf48e47000-7fdf48e48000 rw-p 0000b000 fd:00 269534                     /lib/x86_64-linux-gnu/libnss_nis-2.27.so
7fdf48e48000-7fdf48e50000 r-xp 00000000 fd:00 269530                     /lib/x86_64-linux-gnu/libnss_compat-2.27.so
7fdf48e50000-7fdf49050000 ---p 00008000 fd:00 269530                     /lib/x86_64-linux-gnu/libnss_compat-2.27.so
7fdf49050000-7fdf49051000 r--p 00008000 fd:00 269530                     /lib/x86_64-linux-gnu/libnss_compat-2.27.so
7fdf49051000-7fdf49052000 rw-p 00009000 fd:00 269530                     /lib/x86_64-linux-gnu/libnss_compat-2.27.so
7fdf49052000-7fdf49057000 r-xp 00000000 fd:00 1979791                    /usr/lib/jvm/java-13-openjdk-amd64/lib/libjimage.so
7fdf49057000-7fdf49256000 ---p 00005000 fd:00 1979791                    /usr/lib/jvm/java-13-openjdk-amd64/lib/libjimage.so
7fdf49256000-7fdf49257000 r--p 00004000 fd:00 1979791                    /usr/lib/jvm/java-13-openjdk-amd64/lib/libjimage.so
7fdf49257000-7fdf49258000 rw-p 00005000 fd:00 1979791                    /usr/lib/jvm/java-13-openjdk-amd64/lib/libjimage.so
7fdf49258000-7fdf4927f000 r-xp 00000000 fd:00 1979787                    /usr/lib/jvm/java-13-openjdk-amd64/lib/libjava.so
7fdf4927f000-7fdf4947e000 ---p 00027000 fd:00 1979787                    /usr/lib/jvm/java-13-openjdk-amd64/lib/libjava.so
7fdf4947e000-7fdf4947f000 r--p 00026000 fd:00 1979787                    /usr/lib/jvm/java-13-openjdk-amd64/lib/libjava.so
7fdf4947f000-7fdf49481000 rw-p 00027000 fd:00 1979787                    /usr/lib/jvm/java-13-openjdk-amd64/lib/libjava.so
7fdf49481000-7fdf4948e000 r-xp 00000000 fd:00 1979808                    /usr/lib/jvm/java-13-openjdk-amd64/lib/libverify.so
7fdf4948e000-7fdf4968d000 ---p 0000d000 fd:00 1979808                    /usr/lib/jvm/java-13-openjdk-amd64/lib/libverify.so
7fdf4968d000-7fdf4968f000 r--p 0000c000 fd:00 1979808                    /usr/lib/jvm/java-13-openjdk-amd64/lib/libverify.so
7fdf4968f000-7fdf49690000 rw-p 0000e000 fd:00 1979808                    /usr/lib/jvm/java-13-openjdk-amd64/lib/libverify.so
7fdf49690000-7fdf496a7000 r-xp 00000000 fd:00 262090                     /lib/x86_64-linux-gnu/libgcc_s.so.1
7fdf496a7000-7fdf498a6000 ---p 00017000 fd:00 262090                     /lib/x86_64-linux-gnu/libgcc_s.so.1
7fdf498a6000-7fdf498a7000 r--p 00016000 fd:00 262090                     /lib/x86_64-linux-gnu/libgcc_s.so.1
7fdf498a7000-7fdf498a8000 rw-p 00017000 fd:00 262090                     /lib/x86_64-linux-gnu/libgcc_s.so.1
7fdf498a8000-7fdf49a45000 r-xp 00000000 fd:00 269526                     /lib/x86_64-linux-gnu/libm-2.27.so
7fdf49a45000-7fdf49c44000 ---p 0019d000 fd:00 269526                     /lib/x86_64-linux-gnu/libm-2.27.so
7fdf49c44000-7fdf49c45000 r--p 0019c000 fd:00 269526                     /lib/x86_64-linux-gnu/libm-2.27.so
7fdf49c45000-7fdf49c46000 rw-p 0019d000 fd:00 269526                     /lib/x86_64-linux-gnu/libm-2.27.so
7fdf49c46000-7fdf49dbf000 r-xp 00000000 fd:00 1964516                    /usr/lib/x86_64-linux-gnu/libstdc++.so.6.0.25
7fdf49dbf000-7fdf49fbf000 ---p 00179000 fd:00 1964516                    /usr/lib/x86_64-linux-gnu/libstdc++.so.6.0.25
7fdf49fbf000-7fdf49fc9000 r--p 00179000 fd:00 1964516                    /usr/lib/x86_64-linux-gnu/libstdc++.so.6.0.25
7fdf49fc9000-7fdf49fcb000 rw-p 00183000 fd:00 1964516                    /usr/lib/x86_64-linux-gnu/libstdc++.so.6.0.25
7fdf49fcb000-7fdf49fcf000 rw-p 00000000 00:00 0 
7fdf49fcf000-7fdf4b1cf000 r-xp 00000000 fd:00 2116831                    /usr/lib/jvm/java-13-openjdk-amd64/lib/server/libjvm.so
7fdf4b1cf000-7fdf4b3cf000 ---p 01200000 fd:00 2116831                    /usr/lib/jvm/java-13-openjdk-amd64/lib/server/libjvm.so
7fdf4b3cf000-7fdf4b494000 r--p 01200000 fd:00 2116831                    /usr/lib/jvm/java-13-openjdk-amd64/lib/server/libjvm.so
7fdf4b494000-7fdf4b4cf000 rw-p 012c5000 fd:00 2116831                    /usr/lib/jvm/java-13-openjdk-amd64/lib/server/libjvm.so
7fdf4b4cf000-7fdf4b553000 rw-p 00000000 00:00 0 
7fdf4b553000-7fdf4b56d000 r-xp 00000000 fd:00 269537                     /lib/x86_64-linux-gnu/libpthread-2.27.so
7fdf4b56d000-7fdf4b76c000 ---p 0001a000 fd:00 269537                     /lib/x86_64-linux-gnu/libpthread-2.27.so
7fdf4b76c000-7fdf4b76d000 r--p 00019000 fd:00 269537                     /lib/x86_64-linux-gnu/libpthread-2.27.so
7fdf4b76d000-7fdf4b76e000 rw-p 0001a000 fd:00 269537                     /lib/x86_64-linux-gnu/libpthread-2.27.so
7fdf4b76e000-7fdf4b772000 rw-p 00000000 00:00 0 
7fdf4b772000-7fdf4b775000 r-xp 00000000 fd:00 269525                     /lib/x86_64-linux-gnu/libdl-2.27.so
7fdf4b775000-7fdf4b974000 ---p 00003000 fd:00 269525                     /lib/x86_64-linux-gnu/libdl-2.27.so
7fdf4b974000-7fdf4b975000 r--p 00002000 fd:00 269525                     /lib/x86_64-linux-gnu/libdl-2.27.so
7fdf4b975000-7fdf4b976000 rw-p 00003000 fd:00 269525                     /lib/x86_64-linux-gnu/libdl-2.27.so
7fdf4b976000-7fdf4b992000 r-xp 00000000 fd:00 262038                     /lib/x86_64-linux-gnu/libz.so.1.2.11
7fdf4b992000-7fdf4bb91000 ---p 0001c000 fd:00 262038                     /lib/x86_64-linux-gnu/libz.so.1.2.11
7fdf4bb91000-7fdf4bb92000 r--p 0001b000 fd:00 262038                     /lib/x86_64-linux-gnu/libz.so.1.2.11
7fdf4bb92000-7fdf4bb93000 rw-p 0001c000 fd:00 262038                     /lib/x86_64-linux-gnu/libz.so.1.2.11
7fdf4bb93000-7fdf4bd7a000 r-xp 00000000 fd:00 268556                     /lib/x86_64-linux-gnu/libc-2.27.so
7fdf4bd7a000-7fdf4bf7a000 ---p 001e7000 fd:00 268556                     /lib/x86_64-linux-gnu/libc-2.27.so
7fdf4bf7a000-7fdf4bf7e000 r--p 001e7000 fd:00 268556                     /lib/x86_64-linux-gnu/libc-2.27.so
7fdf4bf7e000-7fdf4bf80000 rw-p 001eb000 fd:00 268556                     /lib/x86_64-linux-gnu/libc-2.27.so
7fdf4bf80000-7fdf4bf84000 rw-p 00000000 00:00 0 
7fdf4bf84000-7fdf4bf93000 r-xp 00000000 fd:00 1979792                    /usr/lib/jvm/java-13-openjdk-amd64/lib/libjli.so
7fdf4bf93000-7fdf4c192000 ---p 0000f000 fd:00 1979792                    /usr/lib/jvm/java-13-openjdk-amd64/lib/libjli.so
7fdf4c192000-7fdf4c193000 r--p 0000e000 fd:00 1979792                    /usr/lib/jvm/java-13-openjdk-amd64/lib/libjli.so
7fdf4c193000-7fdf4c194000 rw-p 0000f000 fd:00 1979792                    /usr/lib/jvm/java-13-openjdk-amd64/lib/libjli.so
7fdf4c194000-7fdf4c1bd000 r-xp 00000000 fd:00 268541                     /lib/x86_64-linux-gnu/ld-2.27.so
7fdf4c1c4000-7fdf4c29e000 rw-p 00000000 00:00 0 
7fdf4c29e000-7fdf4c2a5000 ---p 00000000 00:00 0 
7fdf4c2a5000-7fdf4c2a9000 ---p 00000000 00:00 0 
7fdf4c2a9000-7fdf4c3a8000 rw-p 00000000 00:00 0 
7fdf4c3ae000-7fdf4c3b0000 r--s 00007000 fd:00 663373                     /usr/share/java/java-atk-wrapper.jar
7fdf4c3b0000-7fdf4c3b8000 rw-s 00000000 fd:00 1974506                    /tmp/hsperfdata_vagrant/29413
7fdf4c3b8000-7fdf4c3b9000 ---p 00000000 00:00 0 
7fdf4c3b9000-7fdf4c3ba000 r--p 00000000 00:00 0 
7fdf4c3ba000-7fdf4c3bb000 ---p 00000000 00:00 0 
7fdf4c3bb000-7fdf4c3bd000 rw-p 00000000 00:00 0 
7fdf4c3bd000-7fdf4c3be000 r--p 00029000 fd:00 268541                     /lib/x86_64-linux-gnu/ld-2.27.so
7fdf4c3be000-7fdf4c3bf000 rw-p 0002a000 fd:00 268541                     /lib/x86_64-linux-gnu/ld-2.27.so
7fdf4c3bf000-7fdf4c3c0000 rw-p 00000000 00:00 0 
7ffd94a9a000-7ffd94abb000 rw-p 00000000 00:00 0                          [stack]
7ffd94b42000-7ffd94b45000 r--p 00000000 00:00 0                          [vvar]
7ffd94b45000-7ffd94b47000 r-xp 00000000 00:00 0                          [vdso]
ffffffffff600000-ffffffffff601000 r-xp 00000000 00:00 0                  [vsyscall]


VM Arguments:
jvm_args: -Dclassworlds.conf=/usr/share/maven/bin/m2.conf -Dmaven.home=/usr/share/maven -Dlibrary.jansi.path=/usr/share/maven/lib/jansi-native -Dmaven.multiModuleProjectDirectory=/home/vagrant/Projects/UCEFCommonFederate/deployment 
java_command: org.codehaus.plexus.classworlds.launcher.Launcher exec:java -P ExecJava,PeopleFlow
java_class_path (initial): /usr/share/maven/boot/plexus-classworlds-2.x.jar
Launcher Type: SUN_STANDARD

[Global flags]
     intx CICompilerCount                          = 2                                         {product} {ergonomic}
     uint ConcGCThreads                            = 1                                         {product} {ergonomic}
     uint G1ConcRefinementThreads                  = 2                                         {product} {ergonomic}
   size_t G1HeapRegionSize                         = 1048576                                   {product} {ergonomic}
    uintx GCDrainStackTargetSize                   = 64                                        {product} {ergonomic}
   size_t InitialHeapSize                          = 65011712                                  {product} {ergonomic}
   size_t MarkStackSize                            = 4194304                                   {product} {ergonomic}
   size_t MaxHeapSize                              = 1035993088                                {product} {ergonomic}
   size_t MaxNewSize                               = 620756992                                 {product} {ergonomic}
   size_t MinHeapDeltaBytes                        = 1048576                                   {product} {ergonomic}
   size_t MinHeapSize                              = 8388608                                   {product} {ergonomic}
    uintx NonNMethodCodeHeapSize                   = 5826188                                {pd product} {ergonomic}
    uintx NonProfiledCodeHeapSize                  = 122916026                              {pd product} {ergonomic}
    uintx ProfiledCodeHeapSize                     = 122916026                              {pd product} {ergonomic}
    uintx ReservedCodeCacheSize                    = 251658240                              {pd product} {ergonomic}
     bool SegmentedCodeCache                       = true                                      {product} {ergonomic}
   size_t SoftMaxHeapSize                          = 1035993088                             {manageable} {ergonomic}
     bool UseCompressedClassPointers               = true                                 {lp64_product} {ergonomic}
     bool UseCompressedOops                        = true                                 {lp64_product} {ergonomic}
     bool UseG1GC                                  = true                                      {product} {ergonomic}

Logging:
Log output configuration:
 #0: stdout all=warning uptime,level,tags
 #1: stderr all=off uptime,level,tags

Environment Variables:
JAVA_HOME=/usr/lib/jvm/java-13-openjdk-amd64
PATH=/home/vagrant/.nvm/versions/node/v12.16.1/bin:/usr/local/sbin:/usr/local/bin:/usr/sbin:/usr/bin:/sbin:/bin:/usr/games:/usr/local/games:/snap/bin
SHELL=/bin/bash
DISPLAY=:0.0

Signal Handlers:
SIGSEGV: [libjvm.so+0xf12430], sa_mask[0]=11111111011111111101111111111110, sa_flags=SA_RESTART|SA_SIGINFO
SIGBUS: [libjvm.so+0xf12430], sa_mask[0]=11111111011111111101111111111110, sa_flags=SA_RESTART|SA_SIGINFO
SIGFPE: [libjvm.so+0xf12430], sa_mask[0]=11111111011111111101111111111110, sa_flags=SA_RESTART|SA_SIGINFO
SIGPIPE: [libjvm.so+0xbcd1d0], sa_mask[0]=11111111011111111101111111111110, sa_flags=SA_RESTART|SA_SIGINFO
SIGXFSZ: [libjvm.so+0xbcd1d0], sa_mask[0]=11111111011111111101111111111110, sa_flags=SA_RESTART|SA_SIGINFO
SIGILL: [libjvm.so+0xf12430], sa_mask[0]=11111111011111111101111111111110, sa_flags=SA_RESTART|SA_SIGINFO
SIGUSR2: [libjvm.so+0xbcd060], sa_mask[0]=00000000000000000000000000000000, sa_flags=SA_RESTART|SA_SIGINFO
SIGHUP: [libjvm.so+0xbcd7b0], sa_mask[0]=11111111011111111101111111111110, sa_flags=SA_RESTART|SA_SIGINFO
SIGINT: [libjvm.so+0xbcd7b0], sa_mask[0]=11111111011111111101111111111110, sa_flags=SA_RESTART|SA_SIGINFO
SIGTERM: [libjvm.so+0xbcd7b0], sa_mask[0]=11111111011111111101111111111110, sa_flags=SA_RESTART|SA_SIGINFO
SIGQUIT: [libjvm.so+0xbcd7b0], sa_mask[0]=11111111011111111101111111111110, sa_flags=SA_RESTART|SA_SIGINFO


---------------  S Y S T E M  ---------------

OS:DISTRIB_ID=Ubuntu
DISTRIB_RELEASE=18.04
DISTRIB_CODENAME=bionic
DISTRIB_DESCRIPTION="Ubuntu 18.04.6 LTS"
uname:Linux 4.15.0-200-generic #211-Ubuntu SMP Thu Nov 24 18:16:04 UTC 2022 x86_64
OS uptime: 0 days 7:45 hours
libc:glibc 2.27 NPTL 2.27 
rlimit (soft/hard): STACK 8192k/infinity , CORE 0k/infinity , NPROC 15519/15519 , NOFILE 4096/4096 , AS infinity/infinity , CPU infinity/infinity , DATA infinity/infinity , FSIZE infinity/infinity , MEMLOCK 65536k/65536k
load average:1.54 1.07 0.71

/proc/meminfo:
MemTotal:        4039144 kB
MemFree:          111128 kB
MemAvailable:      50200 kB
Buffers:            5320 kB
Cached:           156896 kB
SwapCached:        15176 kB
Active:          2903724 kB
Inactive:         809396 kB
Active(anon):    2869888 kB
Inactive(anon):   762244 kB
Active(file):      33836 kB
Inactive(file):    47152 kB
Unevictable:          96 kB
Mlocked:              96 kB
SwapTotal:       1003516 kB
SwapFree:              0 kB
Dirty:               120 kB
Writeback:             0 kB
AnonPages:       3535924 kB
Mapped:           130232 kB
Shmem:             81160 kB
Slab:              95632 kB
SReclaimable:      33996 kB
SUnreclaim:        61636 kB
KernelStack:       20496 kB
PageTables:        62616 kB
NFS_Unstable:          0 kB
Bounce:                0 kB
WritebackTmp:          0 kB
CommitLimit:     3023088 kB
Committed_AS:    9311992 kB
VmallocTotal:   34359738367 kB
VmallocUsed:           0 kB
VmallocChunk:          0 kB
HardwareCorrupted:     0 kB
AnonHugePages:         0 kB
ShmemHugePages:        0 kB
ShmemPmdMapped:        0 kB
CmaTotal:              0 kB
CmaFree:               0 kB
HugePages_Total:       0
HugePages_Free:        0
HugePages_Rsvd:        0
HugePages_Surp:        0
Hugepagesize:       2048 kB
DirectMap4k:      165824 kB
DirectMap2M:     4028416 kB

/sys/kernel/mm/transparent_hugepage/enabled:
always [madvise] never

/sys/kernel/mm/transparent_hugepage/defrag (defrag/compaction efforts parameter):
always defer defer+madvise [madvise] never


/proc/sys/kernel/threads-max (system-wide limit on the number of threads):
31039


/proc/sys/vm/max_map_count (maximum number of memory map areas a process may have):
65530


/proc/sys/kernel/pid_max (system-wide limit on number of process identifiers):
32768



container (cgroup) information:
container_type: cgroupv1
cpu_cpuset_cpus: 0-1
cpu_memory_nodes: 0
active_processor_count: 2
cpu_quota: no quota
cpu_period: 100000
cpu_shares: no shares
memory_limit_in_bytes: unlimited
memory_and_swap_limit_in_bytes: not supported
memory_soft_limit_in_bytes: unlimited
memory_usage_in_bytes: 3635167232
memory_max_usage_in_bytes: 3655704576

KVM virtualization detected
Steal ticks since vm start: 0
Steal ticks percentage since vm start:  0.000

CPU:total 2 (initial active 2) (2 cores per cpu, 1 threads per core) family 6 model 158 stepping 13, cmov, cx8, fxsr, mmx, sse, sse2, sse3, ssse3, sse4.1, sse4.2, popcnt, avx, avx2, aes, clmul, 3dnowpref, lzcnt, tsc, tscinvbit
CPU Model and flags from /proc/cpuinfo:
model name	: Intel(R) Core(TM) i7-9700 CPU @ 3.00GHz
flags		: fpu vme de pse tsc msr pae mce cx8 apic sep mtrr pge mca cmov pat pse36 clflush mmx fxsr sse sse2 ht syscall nx rdtscp lm constant_tsc rep_good nopl xtopology nonstop_tsc cpuid tsc_known_freq pni pclmulqdq ssse3 cx16 pcid sse4_1 sse4_2 x2apic movbe popcnt aes xsave avx rdrand hypervisor lahf_lm abm 3dnowprefetch invpcid_single fsgsbase avx2 invpcid rdseed clflushopt md_clear flush_l1d arch_capabilities

Memory: 4k page, physical 4039144k(111128k free), swap 1003516k(0k free)

vm_info: OpenJDK 64-Bit Server VM (13.0.4+8-Ubuntu-118.04) for linux-amd64 JRE (13.0.4+8-Ubuntu-118.04), built on Jul 21 2020 11:36:52 by "unknown" with gcc 8.4.0

END.
