WARNING: An illegal reflective access operation has occurred
WARNING: Illegal reflective access by com.google.inject.internal.cglib.core.$ReflectUtils$1 (file:/usr/share/maven/lib/guice.jar) to method java.lang.ClassLoader.defineClass(java.lang.String,byte[],int,int,java.security.ProtectionDomain)
WARNING: Please consider reporting this to the maintainers of com.google.inject.internal.cglib.core.$ReflectUtils$1
WARNING: Use --illegal-access=warn to enable warnings of further illegal reflective access operations
WARNING: All illegal access operations will be denied in a future release
[[1;34mINFO[m] Scanning for projects...
[[1;34mINFO[m] 
[[1;34mINFO[m] [1m-------------------< [0;36morg.webgme.guest:FlatCase_exec[0;1m >-------------------[m
[[1;34mINFO[m] [1mBuilding FlatCase_exec 0.1.0-SNAPSHOT[m
[[1;34mINFO[m] [1m--------------------------------[ jar ]---------------------------------[m
Downloading from archiva.snapshots: http://cpswtng_archiva:8080/repository/snapshots/org/cpswt/fedmanager-host/0.6.0-SNAPSHOT/maven-metadata.xml
Downloading from archiva.internal: http://cpswtng_archiva:8080/repository/internal/org/cpswt/fedmanager-host/0.6.0-SNAPSHOT/maven-metadata.xml
[[1;33mWARNING[m] Could not transfer metadata org.cpswt:fedmanager-host:0.6.0-SNAPSHOT/maven-metadata.xml from/to archiva.internal (http://cpswtng_archiva:8080/repository/internal/): Connect to cpswtng_archiva:8080 [cpswtng_archiva/127.0.0.1] failed: Connection refused
[[1;33mWARNING[m] Could not transfer metadata org.cpswt:fedmanager-host:0.6.0-SNAPSHOT/maven-metadata.xml from/to archiva.snapshots (http://cpswtng_archiva:8080/repository/snapshots/): Connect to cpswtng_archiva:8080 [cpswtng_archiva/127.0.0.1] failed: Connection refused
[[1;33mWARNING[m] Failure to transfer org.cpswt:fedmanager-host:0.6.0-SNAPSHOT/maven-metadata.xml from http://cpswtng_archiva:8080/repository/internal/ was cached in the local repository, resolution will not be reattempted until the update interval of archiva.internal has elapsed or updates are forced. Original error: Could not transfer metadata org.cpswt:fedmanager-host:0.6.0-SNAPSHOT/maven-metadata.xml from/to archiva.internal (http://cpswtng_archiva:8080/repository/internal/): Connect to cpswtng_archiva:8080 [cpswtng_archiva/127.0.0.1] failed: Connection refused
[[1;33mWARNING[m] Failure to transfer org.cpswt:fedmanager-host:0.6.0-SNAPSHOT/maven-metadata.xml from http://cpswtng_archiva:8080/repository/snapshots/ was cached in the local repository, resolution will not be reattempted until the update interval of archiva.snapshots has elapsed or updates are forced. Original error: Could not transfer metadata org.cpswt:fedmanager-host:0.6.0-SNAPSHOT/maven-metadata.xml from/to archiva.snapshots (http://cpswtng_archiva:8080/repository/snapshots/): Connect to cpswtng_archiva:8080 [cpswtng_archiva/127.0.0.1] failed: Connection refused
Downloading from archiva.snapshots: http://cpswtng_archiva:8080/repository/snapshots/org/cpswt/cpswt-core/0.6.0-SNAPSHOT/maven-metadata.xml
Downloading from archiva.internal: http://cpswtng_archiva:8080/repository/internal/org/cpswt/cpswt-core/0.6.0-SNAPSHOT/maven-metadata.xml
[[1;33mWARNING[m] Could not transfer metadata org.cpswt:cpswt-core:0.6.0-SNAPSHOT/maven-metadata.xml from/to archiva.internal (http://cpswtng_archiva:8080/repository/internal/): Connect to cpswtng_archiva:8080 [cpswtng_archiva/127.0.0.1] failed: Connection refused
[[1;33mWARNING[m] Could not transfer metadata org.cpswt:cpswt-core:0.6.0-SNAPSHOT/maven-metadata.xml from/to archiva.snapshots (http://cpswtng_archiva:8080/repository/snapshots/): Connect to cpswtng_archiva:8080 [cpswtng_archiva/127.0.0.1] failed: Connection refused
[[1;34mINFO[m] 
[[1;34mINFO[m] [1m--- [0;32mexec-maven-plugin:1.5.0:java[m [1m(default-cli)[m @ [36mFlatCase_exec[0;1m ---[m
19:16:35.350 [org.cpswt.host.FederationManagerHostApp.main()] INFO  org.cpswt.hla.FederationManager - No COA definitions were provided!
19:16:35.352 [org.cpswt.host.FederationManagerHostApp.main()] INFO  org.cpswt.hla.FederationManager - No COA selections were provided!
19:16:35.352 [org.cpswt.host.FederationManagerHostApp.main()] INFO  org.cpswt.hla.FederationManager - No specific COA-selection was specified for execution!
19:16:35.353 [org.cpswt.host.FederationManagerHostApp.main()] INFO  org.cpswt.hla.FederationManager - No COAs are used in this experiment.

-------------------------------------------------------------------
GMS: address=vagrant-15176, cluster=FlatCase, physical address=192.168.0.21:41553
-------------------------------------------------------------------
19:16:44.477 [org.cpswt.host.FederationManagerHostApp.main()] INFO  org.cpswt.host.FederationManagerHostApp - Server online at 0.0.0.0:8083 ...
19:17:58.922 [Thread-3] INFO  org.cpswt.hla.FederationManager - Current_time = 0.0 and step = 1.0 and requested_time = 1.0
19:17:59.923 [Thread-3] INFO  org.cpswt.hla.FederationManager - Current_time = 1.0 and step = 1.0 and requested_time = 2.0
19:18:00.923 [Thread-3] INFO  org.cpswt.hla.FederationManager - Current_time = 2.0 and step = 1.0 and requested_time = 3.0
19:18:01.924 [Thread-3] INFO  org.cpswt.hla.FederationManager - Current_time = 3.0 and step = 1.0 and requested_time = 4.0
19:18:02.924 [Thread-3] INFO  org.cpswt.hla.FederationManager - Current_time = 4.0 and step = 1.0 and requested_time = 5.0
19:18:03.924 [Thread-3] INFO  org.cpswt.hla.FederationManager - Current_time = 5.0 and step = 1.0 and requested_time = 6.0
19:18:04.924 [Thread-3] INFO  org.cpswt.hla.FederationManager - Current_time = 6.0 and step = 1.0 and requested_time = 7.0
19:18:05.930 [Thread-3] INFO  org.cpswt.hla.FederationManager - Current_time = 7.0 and step = 1.0 and requested_time = 8.0
19:18:06.930 [Thread-3] INFO  org.cpswt.hla.FederationManager - Current_time = 8.0 and step = 1.0 and requested_time = 9.0
19:18:07.931 [Thread-3] INFO  org.cpswt.hla.FederationManager - Current_time = 9.0 and step = 1.0 and requested_time = 10.0
19:18:07.932 [Thread-3] INFO  org.cpswt.hla.FederationManager - Federation manager current time = 10.0
19:18:08.931 [Thread-3] INFO  org.cpswt.hla.FederationManager - Current_time = 10.0 and step = 1.0 and requested_time = 11.0
19:18:09.931 [Thread-3] INFO  org.cpswt.hla.FederationManager - Current_time = 11.0 and step = 1.0 and requested_time = 12.0
19:18:10.931 [Thread-3] INFO  org.cpswt.hla.FederationManager - Current_time = 12.0 and step = 1.0 and requested_time = 13.0
19:18:11.931 [Thread-3] INFO  org.cpswt.hla.FederationManager - Current_time = 13.0 and step = 1.0 and requested_time = 14.0
19:18:12.931 [Thread-3] INFO  org.cpswt.hla.FederationManager - Current_time = 14.0 and step = 1.0 and requested_time = 15.0
19:18:13.932 [Thread-3] INFO  org.cpswt.hla.FederationManager - Current_time = 15.0 and step = 1.0 and requested_time = 16.0
19:18:14.933 [Thread-3] INFO  org.cpswt.hla.FederationManager - Current_time = 16.0 and step = 1.0 and requested_time = 17.0
19:18:15.935 [Thread-3] INFO  org.cpswt.hla.FederationManager - Current_time = 17.0 and step = 1.0 and requested_time = 18.0
19:18:16.935 [Thread-3] INFO  org.cpswt.hla.FederationManager - Current_time = 18.0 and step = 1.0 and requested_time = 19.0
19:18:17.936 [Thread-3] INFO  org.cpswt.hla.FederationManager - Current_time = 19.0 and step = 1.0 and requested_time = 20.0
19:18:17.936 [Thread-3] INFO  org.cpswt.hla.FederationManager - Federation manager current time = 20.0
19:18:18.937 [Thread-3] INFO  org.cpswt.hla.FederationManager - Current_time = 20.0 and step = 1.0 and requested_time = 21.0
19:18:19.937 [Thread-3] INFO  org.cpswt.hla.FederationManager - Current_time = 21.0 and step = 1.0 and requested_time = 22.0
19:18:20.938 [Thread-3] INFO  org.cpswt.hla.FederationManager - Current_time = 22.0 and step = 1.0 and requested_time = 23.0
19:18:21.950 [Thread-3] INFO  org.cpswt.hla.FederationManager - Current_time = 23.0 and step = 1.0 and requested_time = 24.0
19:18:22.951 [Thread-3] INFO  org.cpswt.hla.FederationManager - Current_time = 24.0 and step = 1.0 and requested_time = 25.0
19:18:23.952 [Thread-3] INFO  org.cpswt.hla.FederationManager - Current_time = 25.0 and step = 1.0 and requested_time = 26.0
19:18:24.953 [Thread-3] INFO  org.cpswt.hla.FederationManager - Current_time = 26.0 and step = 1.0 and requested_time = 27.0
19:18:25.953 [Thread-3] INFO  org.cpswt.hla.FederationManager - Current_time = 27.0 and step = 1.0 and requested_time = 28.0
19:18:26.955 [Thread-3] INFO  org.cpswt.hla.FederationManager - Current_time = 28.0 and step = 1.0 and requested_time = 29.0
19:18:27.955 [Thread-3] INFO  org.cpswt.hla.FederationManager - Current_time = 29.0 and step = 1.0 and requested_time = 30.0
19:18:27.956 [Thread-3] INFO  org.cpswt.hla.FederationManager - Federation manager current time = 30.0
19:18:28.956 [Thread-3] INFO  org.cpswt.hla.FederationManager - Current_time = 30.0 and step = 1.0 and requested_time = 31.0
19:18:29.956 [Thread-3] INFO  org.cpswt.hla.FederationManager - Current_time = 31.0 and step = 1.0 and requested_time = 32.0
19:18:30.957 [Thread-3] INFO  org.cpswt.hla.FederationManager - Current_time = 32.0 and step = 1.0 and requested_time = 33.0
19:18:31.957 [Thread-3] INFO  org.cpswt.hla.FederationManager - Current_time = 33.0 and step = 1.0 and requested_time = 34.0
19:18:32.957 [Thread-3] INFO  org.cpswt.hla.FederationManager - Current_time = 34.0 and step = 1.0 and requested_time = 35.0
19:18:33.958 [Thread-3] INFO  org.cpswt.hla.FederationManager - Current_time = 35.0 and step = 1.0 and requested_time = 36.0
19:18:34.959 [Thread-3] INFO  org.cpswt.hla.FederationManager - Current_time = 36.0 and step = 1.0 and requested_time = 37.0
19:18:35.959 [Thread-3] INFO  org.cpswt.hla.FederationManager - Current_time = 37.0 and step = 1.0 and requested_time = 38.0
19:18:36.964 [Thread-3] INFO  org.cpswt.hla.FederationManager - Current_time = 38.0 and step = 1.0 and requested_time = 39.0
19:18:37.966 [Thread-3] INFO  org.cpswt.hla.FederationManager - Current_time = 39.0 and step = 1.0 and requested_time = 40.0
19:18:37.966 [Thread-3] INFO  org.cpswt.hla.FederationManager - Federation manager current time = 40.0
19:18:38.966 [Thread-3] INFO  org.cpswt.hla.FederationManager - Current_time = 40.0 and step = 1.0 and requested_time = 41.0
